ARM GAS  C:\Users\LUCASC~1\AppData\Local\Temp\ccYICG8r.s 			page 1


   1              		.syntax unified
   2              		.cpu cortex-m0
   3              		.fpu softvfp
   4              		.eabi_attribute 20, 1
   5              		.eabi_attribute 21, 1
   6              		.eabi_attribute 23, 3
   7              		.eabi_attribute 24, 1
   8              		.eabi_attribute 25, 1
   9              		.eabi_attribute 26, 1
  10              		.eabi_attribute 30, 1
  11              		.eabi_attribute 34, 0
  12              		.eabi_attribute 18, 4
  13              		.thumb
  14              		.syntax unified
  15              		.file	"cyfitter_cfg.c"
  16              		.text
  17              	.Ltext0:
  18              		.cfi_sections	.debug_frame
  19              		.section	.text.cfg_write_bytes32,"ax",%progbits
  20              		.align	2
  21              		.code	16
  22              		.thumb_func
  23              		.type	cfg_write_bytes32, %function
  24              	cfg_write_bytes32:
  25              	.LFB4:
  26              		.file 1 "Generated_Source\\PSoC4\\cyfitter_cfg.c"
   1:Generated_Source\PSoC4/cyfitter_cfg.c **** 
   2:Generated_Source\PSoC4/cyfitter_cfg.c **** /*******************************************************************************
   3:Generated_Source\PSoC4/cyfitter_cfg.c **** * File Name: cyfitter_cfg.c
   4:Generated_Source\PSoC4/cyfitter_cfg.c **** * 
   5:Generated_Source\PSoC4/cyfitter_cfg.c **** * PSoC Creator  4.2
   6:Generated_Source\PSoC4/cyfitter_cfg.c **** *
   7:Generated_Source\PSoC4/cyfitter_cfg.c **** * Description:
   8:Generated_Source\PSoC4/cyfitter_cfg.c **** * This file contains device initialization code.
   9:Generated_Source\PSoC4/cyfitter_cfg.c **** * Except for the user defined sections in CyClockStartupError(), this file should not be modified.
  10:Generated_Source\PSoC4/cyfitter_cfg.c **** * This file is automatically generated by PSoC Creator.
  11:Generated_Source\PSoC4/cyfitter_cfg.c **** *
  12:Generated_Source\PSoC4/cyfitter_cfg.c **** ********************************************************************************
  13:Generated_Source\PSoC4/cyfitter_cfg.c **** * Copyright (c) 2007-2018 Cypress Semiconductor.  All rights reserved.
  14:Generated_Source\PSoC4/cyfitter_cfg.c **** * You may use this file only in accordance with the license, terms, conditions, 
  15:Generated_Source\PSoC4/cyfitter_cfg.c **** * disclaimers, and limitations in the end user license agreement accompanying 
  16:Generated_Source\PSoC4/cyfitter_cfg.c **** * the software package with which this file was provided.
  17:Generated_Source\PSoC4/cyfitter_cfg.c **** ********************************************************************************/
  18:Generated_Source\PSoC4/cyfitter_cfg.c **** 
  19:Generated_Source\PSoC4/cyfitter_cfg.c **** #include <string.h>
  20:Generated_Source\PSoC4/cyfitter_cfg.c **** #include "cytypes.h"
  21:Generated_Source\PSoC4/cyfitter_cfg.c **** #include "cydevice_trm.h"
  22:Generated_Source\PSoC4/cyfitter_cfg.c **** #include "cyfitter.h"
  23:Generated_Source\PSoC4/cyfitter_cfg.c **** #include "CyLib.h"
  24:Generated_Source\PSoC4/cyfitter_cfg.c **** #include "CyLFClk.h"
  25:Generated_Source\PSoC4/cyfitter_cfg.c **** #include "cyfitter_cfg.h"
  26:Generated_Source\PSoC4/cyfitter_cfg.c **** #include "cyapicallbacks.h"
  27:Generated_Source\PSoC4/cyfitter_cfg.c **** 
  28:Generated_Source\PSoC4/cyfitter_cfg.c **** 
  29:Generated_Source\PSoC4/cyfitter_cfg.c **** #if defined(__GNUC__) || defined(__ARMCC_VERSION)
  30:Generated_Source\PSoC4/cyfitter_cfg.c ****     #define CYPACKED 
  31:Generated_Source\PSoC4/cyfitter_cfg.c ****     #define CYPACKED_ATTR __attribute__ ((packed))
ARM GAS  C:\Users\LUCASC~1\AppData\Local\Temp\ccYICG8r.s 			page 2


  32:Generated_Source\PSoC4/cyfitter_cfg.c ****     #define CYALIGNED __attribute__ ((aligned))
  33:Generated_Source\PSoC4/cyfitter_cfg.c ****     #define CY_CFG_UNUSED __attribute__ ((unused))
  34:Generated_Source\PSoC4/cyfitter_cfg.c ****     #ifndef CY_CFG_SECTION
  35:Generated_Source\PSoC4/cyfitter_cfg.c ****         #define CY_CFG_SECTION __attribute__ ((section(".psocinit")))
  36:Generated_Source\PSoC4/cyfitter_cfg.c ****     #endif
  37:Generated_Source\PSoC4/cyfitter_cfg.c ****     
  38:Generated_Source\PSoC4/cyfitter_cfg.c ****     #if defined(__ARMCC_VERSION)
  39:Generated_Source\PSoC4/cyfitter_cfg.c ****         #define CY_CFG_MEMORY_BARRIER() __memory_changed()
  40:Generated_Source\PSoC4/cyfitter_cfg.c ****     #else
  41:Generated_Source\PSoC4/cyfitter_cfg.c ****         #define CY_CFG_MEMORY_BARRIER() __sync_synchronize()
  42:Generated_Source\PSoC4/cyfitter_cfg.c ****     #endif
  43:Generated_Source\PSoC4/cyfitter_cfg.c ****     
  44:Generated_Source\PSoC4/cyfitter_cfg.c **** #elif defined(__ICCARM__)
  45:Generated_Source\PSoC4/cyfitter_cfg.c ****     #include <intrinsics.h>
  46:Generated_Source\PSoC4/cyfitter_cfg.c **** 
  47:Generated_Source\PSoC4/cyfitter_cfg.c ****     #define CYPACKED __packed
  48:Generated_Source\PSoC4/cyfitter_cfg.c ****     #define CYPACKED_ATTR 
  49:Generated_Source\PSoC4/cyfitter_cfg.c ****     #define CYALIGNED _Pragma("data_alignment=4")
  50:Generated_Source\PSoC4/cyfitter_cfg.c ****     #define CY_CFG_UNUSED _Pragma("diag_suppress=Pe177")
  51:Generated_Source\PSoC4/cyfitter_cfg.c ****     #define CY_CFG_SECTION _Pragma("location=\".psocinit\"")
  52:Generated_Source\PSoC4/cyfitter_cfg.c ****     
  53:Generated_Source\PSoC4/cyfitter_cfg.c ****     #define CY_CFG_MEMORY_BARRIER() __DMB()
  54:Generated_Source\PSoC4/cyfitter_cfg.c ****     
  55:Generated_Source\PSoC4/cyfitter_cfg.c **** #else
  56:Generated_Source\PSoC4/cyfitter_cfg.c ****     #error Unsupported toolchain
  57:Generated_Source\PSoC4/cyfitter_cfg.c **** #endif
  58:Generated_Source\PSoC4/cyfitter_cfg.c **** 
  59:Generated_Source\PSoC4/cyfitter_cfg.c **** #ifndef CYCODE
  60:Generated_Source\PSoC4/cyfitter_cfg.c ****     #define CYCODE
  61:Generated_Source\PSoC4/cyfitter_cfg.c **** #endif
  62:Generated_Source\PSoC4/cyfitter_cfg.c **** #ifndef CYDATA
  63:Generated_Source\PSoC4/cyfitter_cfg.c ****     #define CYDATA
  64:Generated_Source\PSoC4/cyfitter_cfg.c **** #endif
  65:Generated_Source\PSoC4/cyfitter_cfg.c **** #ifndef CYFAR
  66:Generated_Source\PSoC4/cyfitter_cfg.c ****     #define CYFAR
  67:Generated_Source\PSoC4/cyfitter_cfg.c **** #endif
  68:Generated_Source\PSoC4/cyfitter_cfg.c **** #ifndef CYXDATA
  69:Generated_Source\PSoC4/cyfitter_cfg.c ****     #define CYXDATA
  70:Generated_Source\PSoC4/cyfitter_cfg.c **** #endif
  71:Generated_Source\PSoC4/cyfitter_cfg.c **** 
  72:Generated_Source\PSoC4/cyfitter_cfg.c **** 
  73:Generated_Source\PSoC4/cyfitter_cfg.c **** CY_CFG_UNUSED
  74:Generated_Source\PSoC4/cyfitter_cfg.c **** static void CYMEMZERO(void *s, size_t n);
  75:Generated_Source\PSoC4/cyfitter_cfg.c **** CY_CFG_UNUSED
  76:Generated_Source\PSoC4/cyfitter_cfg.c **** static void CYMEMZERO(void *s, size_t n)
  77:Generated_Source\PSoC4/cyfitter_cfg.c **** {
  78:Generated_Source\PSoC4/cyfitter_cfg.c **** 	(void)memset(s, 0, n);
  79:Generated_Source\PSoC4/cyfitter_cfg.c **** }
  80:Generated_Source\PSoC4/cyfitter_cfg.c **** CY_CFG_UNUSED
  81:Generated_Source\PSoC4/cyfitter_cfg.c **** static void CYCONFIGCPY(void *dest, const void *src, size_t n);
  82:Generated_Source\PSoC4/cyfitter_cfg.c **** CY_CFG_UNUSED
  83:Generated_Source\PSoC4/cyfitter_cfg.c **** static void CYCONFIGCPY(void *dest, const void *src, size_t n)
  84:Generated_Source\PSoC4/cyfitter_cfg.c **** {
  85:Generated_Source\PSoC4/cyfitter_cfg.c **** 	(void)memcpy(dest, src, n);
  86:Generated_Source\PSoC4/cyfitter_cfg.c **** }
  87:Generated_Source\PSoC4/cyfitter_cfg.c **** CY_CFG_UNUSED
  88:Generated_Source\PSoC4/cyfitter_cfg.c **** static void CYCONFIGCPYCODE(void *dest, const void *src, size_t n);
ARM GAS  C:\Users\LUCASC~1\AppData\Local\Temp\ccYICG8r.s 			page 3


  89:Generated_Source\PSoC4/cyfitter_cfg.c **** CY_CFG_UNUSED
  90:Generated_Source\PSoC4/cyfitter_cfg.c **** static void CYCONFIGCPYCODE(void *dest, const void *src, size_t n)
  91:Generated_Source\PSoC4/cyfitter_cfg.c **** {
  92:Generated_Source\PSoC4/cyfitter_cfg.c **** 	(void)memcpy(dest, src, n);
  93:Generated_Source\PSoC4/cyfitter_cfg.c **** }
  94:Generated_Source\PSoC4/cyfitter_cfg.c **** 
  95:Generated_Source\PSoC4/cyfitter_cfg.c **** 
  96:Generated_Source\PSoC4/cyfitter_cfg.c **** 
  97:Generated_Source\PSoC4/cyfitter_cfg.c **** 
  98:Generated_Source\PSoC4/cyfitter_cfg.c **** /* Clock startup error codes                                                   */
  99:Generated_Source\PSoC4/cyfitter_cfg.c **** #define CYCLOCKSTART_NO_ERROR    0u
 100:Generated_Source\PSoC4/cyfitter_cfg.c **** #define CYCLOCKSTART_XTAL_ERROR  1u
 101:Generated_Source\PSoC4/cyfitter_cfg.c **** #define CYCLOCKSTART_32KHZ_ERROR 2u
 102:Generated_Source\PSoC4/cyfitter_cfg.c **** #define CYCLOCKSTART_PLL_ERROR   3u
 103:Generated_Source\PSoC4/cyfitter_cfg.c **** #define CYCLOCKSTART_FLL_ERROR   4u
 104:Generated_Source\PSoC4/cyfitter_cfg.c **** #define CYCLOCKSTART_WCO_ERROR   5u
 105:Generated_Source\PSoC4/cyfitter_cfg.c **** 
 106:Generated_Source\PSoC4/cyfitter_cfg.c **** 
 107:Generated_Source\PSoC4/cyfitter_cfg.c **** #ifdef CY_NEED_CYCLOCKSTARTUPERROR
 108:Generated_Source\PSoC4/cyfitter_cfg.c **** /*******************************************************************************
 109:Generated_Source\PSoC4/cyfitter_cfg.c **** * Function Name: CyClockStartupError
 110:Generated_Source\PSoC4/cyfitter_cfg.c **** ********************************************************************************
 111:Generated_Source\PSoC4/cyfitter_cfg.c **** * Summary:
 112:Generated_Source\PSoC4/cyfitter_cfg.c **** *  If an error is encountered during clock configuration (crystal startup error,
 113:Generated_Source\PSoC4/cyfitter_cfg.c **** *  PLL lock error, etc.), the system will end up here.  Unless reimplemented by
 114:Generated_Source\PSoC4/cyfitter_cfg.c **** *  the customer, this function will stop in an infinite loop.
 115:Generated_Source\PSoC4/cyfitter_cfg.c **** *
 116:Generated_Source\PSoC4/cyfitter_cfg.c **** * Parameters:
 117:Generated_Source\PSoC4/cyfitter_cfg.c **** *   void
 118:Generated_Source\PSoC4/cyfitter_cfg.c **** *
 119:Generated_Source\PSoC4/cyfitter_cfg.c **** * Return:
 120:Generated_Source\PSoC4/cyfitter_cfg.c **** *   void
 121:Generated_Source\PSoC4/cyfitter_cfg.c **** *
 122:Generated_Source\PSoC4/cyfitter_cfg.c **** *******************************************************************************/
 123:Generated_Source\PSoC4/cyfitter_cfg.c **** CY_CFG_UNUSED
 124:Generated_Source\PSoC4/cyfitter_cfg.c **** static void CyClockStartupError(uint8 errorCode);
 125:Generated_Source\PSoC4/cyfitter_cfg.c **** CY_CFG_UNUSED
 126:Generated_Source\PSoC4/cyfitter_cfg.c **** static void CyClockStartupError(uint8 errorCode)
 127:Generated_Source\PSoC4/cyfitter_cfg.c **** {
 128:Generated_Source\PSoC4/cyfitter_cfg.c ****     /* To remove the compiler warning if errorCode not used.                */
 129:Generated_Source\PSoC4/cyfitter_cfg.c ****     errorCode = errorCode;
 130:Generated_Source\PSoC4/cyfitter_cfg.c **** 
 131:Generated_Source\PSoC4/cyfitter_cfg.c ****     /* If we have a clock startup error (bad MHz crystal, PLL lock, etc.),  */
 132:Generated_Source\PSoC4/cyfitter_cfg.c ****     /* we will end up here to allow the customer to implement something to  */
 133:Generated_Source\PSoC4/cyfitter_cfg.c ****     /* deal with the clock condition.                                       */
 134:Generated_Source\PSoC4/cyfitter_cfg.c **** 
 135:Generated_Source\PSoC4/cyfitter_cfg.c **** #ifdef CY_CFG_CLOCK_STARTUP_ERROR_CALLBACK
 136:Generated_Source\PSoC4/cyfitter_cfg.c ****     CY_CFG_Clock_Startup_ErrorCallback();
 137:Generated_Source\PSoC4/cyfitter_cfg.c **** #else
 138:Generated_Source\PSoC4/cyfitter_cfg.c ****     /*  If not using CY_CFG_CLOCK_STARTUP_ERROR_CALLBACK, place your clock startup code here. */
 139:Generated_Source\PSoC4/cyfitter_cfg.c ****     /* `#START CyClockStartupError` */
 140:Generated_Source\PSoC4/cyfitter_cfg.c **** 
 141:Generated_Source\PSoC4/cyfitter_cfg.c **** 
 142:Generated_Source\PSoC4/cyfitter_cfg.c **** 
 143:Generated_Source\PSoC4/cyfitter_cfg.c ****     /* `#END` */
 144:Generated_Source\PSoC4/cyfitter_cfg.c **** 
 145:Generated_Source\PSoC4/cyfitter_cfg.c ****     while(1) {}
ARM GAS  C:\Users\LUCASC~1\AppData\Local\Temp\ccYICG8r.s 			page 4


 146:Generated_Source\PSoC4/cyfitter_cfg.c **** #endif /* CY_CFG_CLOCK_STARTUP_ERROR_CALLBACK */
 147:Generated_Source\PSoC4/cyfitter_cfg.c **** }
 148:Generated_Source\PSoC4/cyfitter_cfg.c **** #endif
 149:Generated_Source\PSoC4/cyfitter_cfg.c **** 
 150:Generated_Source\PSoC4/cyfitter_cfg.c **** #define CY_CFG_BASE_ADDR_COUNT 3u
 151:Generated_Source\PSoC4/cyfitter_cfg.c **** CYPACKED typedef struct
 152:Generated_Source\PSoC4/cyfitter_cfg.c **** {
 153:Generated_Source\PSoC4/cyfitter_cfg.c **** 	uint8 offset;
 154:Generated_Source\PSoC4/cyfitter_cfg.c **** 	uint8 value;
 155:Generated_Source\PSoC4/cyfitter_cfg.c **** } CYPACKED_ATTR cy_cfg_addrvalue_t;
 156:Generated_Source\PSoC4/cyfitter_cfg.c **** 
 157:Generated_Source\PSoC4/cyfitter_cfg.c **** 
 158:Generated_Source\PSoC4/cyfitter_cfg.c **** 
 159:Generated_Source\PSoC4/cyfitter_cfg.c **** /*******************************************************************************
 160:Generated_Source\PSoC4/cyfitter_cfg.c **** * Function Name: cfg_write_bytes32
 161:Generated_Source\PSoC4/cyfitter_cfg.c **** ********************************************************************************
 162:Generated_Source\PSoC4/cyfitter_cfg.c **** * Summary:
 163:Generated_Source\PSoC4/cyfitter_cfg.c **** *  This function is used for setting up the chip configuration areas that
 164:Generated_Source\PSoC4/cyfitter_cfg.c **** *  contain relatively sparse data.
 165:Generated_Source\PSoC4/cyfitter_cfg.c **** *
 166:Generated_Source\PSoC4/cyfitter_cfg.c **** * Parameters:
 167:Generated_Source\PSoC4/cyfitter_cfg.c **** *   void
 168:Generated_Source\PSoC4/cyfitter_cfg.c **** *
 169:Generated_Source\PSoC4/cyfitter_cfg.c **** * Return:
 170:Generated_Source\PSoC4/cyfitter_cfg.c **** *   void
 171:Generated_Source\PSoC4/cyfitter_cfg.c **** *
 172:Generated_Source\PSoC4/cyfitter_cfg.c **** *******************************************************************************/
 173:Generated_Source\PSoC4/cyfitter_cfg.c **** static void cfg_write_bytes32(const uint32 addr_table[], const cy_cfg_addrvalue_t data_table[]);
 174:Generated_Source\PSoC4/cyfitter_cfg.c **** static void cfg_write_bytes32(const uint32 addr_table[], const cy_cfg_addrvalue_t data_table[])
 175:Generated_Source\PSoC4/cyfitter_cfg.c **** {
  27              		.loc 1 175 0
  28              		.cfi_startproc
  29              		@ args = 0, pretend = 0, frame = 0
  30              		@ frame_needed = 0, uses_anonymous_args = 0
  31              	.LVL0:
  32 0000 F0B5     		push	{r4, r5, r6, r7, lr}
  33              		.cfi_def_cfa_offset 20
  34              		.cfi_offset 4, -20
  35              		.cfi_offset 5, -16
  36              		.cfi_offset 6, -12
  37              		.cfi_offset 7, -8
  38              		.cfi_offset 14, -4
  39              	.LVL1:
 176:Generated_Source\PSoC4/cyfitter_cfg.c **** 	/* For 32-bit little-endian architectures */
 177:Generated_Source\PSoC4/cyfitter_cfg.c **** 	uint32 i, j = 0u;
  40              		.loc 1 177 0
  41 0002 0025     		movs	r5, #0
 178:Generated_Source\PSoC4/cyfitter_cfg.c **** 	for (i = 0u; i < CY_CFG_BASE_ADDR_COUNT; i++)
  42              		.loc 1 178 0
  43 0004 0027     		movs	r7, #0
  44 0006 11E0     		b	.L2
  45              	.LVL2:
  46              	.L5:
  47              	.LBB2:
 179:Generated_Source\PSoC4/cyfitter_cfg.c **** 	{
 180:Generated_Source\PSoC4/cyfitter_cfg.c **** 		uint32 baseAddr = addr_table[i];
  48              		.loc 1 180 0
ARM GAS  C:\Users\LUCASC~1\AppData\Local\Temp\ccYICG8r.s 			page 5


  49 0008 BB00     		lsls	r3, r7, #2
  50 000a C658     		ldr	r6, [r0, r3]
  51              	.LVL3:
 181:Generated_Source\PSoC4/cyfitter_cfg.c **** 		uint8 count = (uint8)baseAddr;
  52              		.loc 1 181 0
  53 000c F3B2     		uxtb	r3, r6
  54              	.LVL4:
 182:Generated_Source\PSoC4/cyfitter_cfg.c **** 		baseAddr &= 0xFFFFFF00u;
  55              		.loc 1 182 0
  56 000e FF22     		movs	r2, #255
  57 0010 9643     		bics	r6, r2
  58              	.LVL5:
 183:Generated_Source\PSoC4/cyfitter_cfg.c **** 		while (count != 0u)
  59              		.loc 1 183 0
  60 0012 08E0     		b	.L3
  61              	.L4:
 184:Generated_Source\PSoC4/cyfitter_cfg.c **** 		{
 185:Generated_Source\PSoC4/cyfitter_cfg.c **** 			CY_SET_REG8((void *)(baseAddr + data_table[j].offset), data_table[j].value);
  62              		.loc 1 185 0
  63 0014 6A00     		lsls	r2, r5, #1
  64 0016 8A18     		adds	r2, r1, r2
  65 0018 1478     		ldrb	r4, [r2]
  66 001a A419     		adds	r4, r4, r6
  67 001c 5278     		ldrb	r2, [r2, #1]
  68 001e 2270     		strb	r2, [r4]
 186:Generated_Source\PSoC4/cyfitter_cfg.c **** 			j++;
  69              		.loc 1 186 0
  70 0020 0135     		adds	r5, r5, #1
  71              	.LVL6:
 187:Generated_Source\PSoC4/cyfitter_cfg.c **** 			count--;
  72              		.loc 1 187 0
  73 0022 013B     		subs	r3, r3, #1
  74              	.LVL7:
  75 0024 DBB2     		uxtb	r3, r3
  76              	.LVL8:
  77              	.L3:
 183:Generated_Source\PSoC4/cyfitter_cfg.c **** 		{
  78              		.loc 1 183 0
  79 0026 002B     		cmp	r3, #0
  80 0028 F4D1     		bne	.L4
  81              	.LBE2:
 178:Generated_Source\PSoC4/cyfitter_cfg.c **** 	{
  82              		.loc 1 178 0 discriminator 2
  83 002a 0137     		adds	r7, r7, #1
  84              	.LVL9:
  85              	.L2:
 178:Generated_Source\PSoC4/cyfitter_cfg.c **** 	{
  86              		.loc 1 178 0 is_stmt 0 discriminator 1
  87 002c 022F     		cmp	r7, #2
  88 002e EBD9     		bls	.L5
 188:Generated_Source\PSoC4/cyfitter_cfg.c **** 		}
 189:Generated_Source\PSoC4/cyfitter_cfg.c **** 	}
 190:Generated_Source\PSoC4/cyfitter_cfg.c **** }
  89              		.loc 1 190 0 is_stmt 1
  90              		@ sp needed
  91              	.LVL10:
  92              	.LVL11:
ARM GAS  C:\Users\LUCASC~1\AppData\Local\Temp\ccYICG8r.s 			page 6


  93 0030 F0BD     		pop	{r4, r5, r6, r7, pc}
  94              		.cfi_endproc
  95              	.LFE4:
  96              		.size	cfg_write_bytes32, .-cfg_write_bytes32
  97 0032 C046     		.section	.text.AnalogSetDefault,"ax",%progbits
  98              		.align	2
  99              		.code	16
 100              		.thumb_func
 101              		.type	AnalogSetDefault, %function
 102              	AnalogSetDefault:
 103              	.LFB6:
 191:Generated_Source\PSoC4/cyfitter_cfg.c **** 
 192:Generated_Source\PSoC4/cyfitter_cfg.c **** 
 193:Generated_Source\PSoC4/cyfitter_cfg.c **** /*******************************************************************************
 194:Generated_Source\PSoC4/cyfitter_cfg.c **** * Function Name: ClockSetup
 195:Generated_Source\PSoC4/cyfitter_cfg.c **** ********************************************************************************
 196:Generated_Source\PSoC4/cyfitter_cfg.c **** *
 197:Generated_Source\PSoC4/cyfitter_cfg.c **** * Summary:
 198:Generated_Source\PSoC4/cyfitter_cfg.c **** *   Performs the initialization of all of the clocks in the device based on the
 199:Generated_Source\PSoC4/cyfitter_cfg.c **** *   settings in the Clock tab of the DWR.  This includes enabling the requested
 200:Generated_Source\PSoC4/cyfitter_cfg.c **** *   clocks and setting the necessary dividers to produce the desired frequency. 
 201:Generated_Source\PSoC4/cyfitter_cfg.c **** *
 202:Generated_Source\PSoC4/cyfitter_cfg.c **** * Parameters:
 203:Generated_Source\PSoC4/cyfitter_cfg.c **** *   void
 204:Generated_Source\PSoC4/cyfitter_cfg.c **** *
 205:Generated_Source\PSoC4/cyfitter_cfg.c **** * Return:
 206:Generated_Source\PSoC4/cyfitter_cfg.c **** *   void
 207:Generated_Source\PSoC4/cyfitter_cfg.c **** *
 208:Generated_Source\PSoC4/cyfitter_cfg.c **** *******************************************************************************/
 209:Generated_Source\PSoC4/cyfitter_cfg.c **** static void ClockSetup(void);
 210:Generated_Source\PSoC4/cyfitter_cfg.c **** CY_CFG_SECTION
 211:Generated_Source\PSoC4/cyfitter_cfg.c **** static void ClockSetup(void)
 212:Generated_Source\PSoC4/cyfitter_cfg.c **** {
 213:Generated_Source\PSoC4/cyfitter_cfg.c **** 
 214:Generated_Source\PSoC4/cyfitter_cfg.c **** 	/* Set Flash Cycles based on max possible frequency in case a glitch occurs during ClockSetup(). *
 215:Generated_Source\PSoC4/cyfitter_cfg.c **** 	CY_SET_REG32((void CYXDATA *)(CYREG_CPUSS_FLASH_CTL), (0x0012u));
 216:Generated_Source\PSoC4/cyfitter_cfg.c **** 	/* Setup and trim IMO based on desired frequency. */
 217:Generated_Source\PSoC4/cyfitter_cfg.c **** 	CySysClkWriteImoFreq(48u);
 218:Generated_Source\PSoC4/cyfitter_cfg.c **** 	/* CYDEV_CLK_ILO_CONFIG Starting address: CYDEV_CLK_ILO_CONFIG */
 219:Generated_Source\PSoC4/cyfitter_cfg.c **** 	CY_SET_REG32((void *)(CYREG_CLK_ILO_CONFIG), 0x80000006u);
 220:Generated_Source\PSoC4/cyfitter_cfg.c **** 
 221:Generated_Source\PSoC4/cyfitter_cfg.c **** 
 222:Generated_Source\PSoC4/cyfitter_cfg.c **** 	/* Setup phase aligned clocks */
 223:Generated_Source\PSoC4/cyfitter_cfg.c **** 	CY_SET_REG32((void *)CYREG_PERI_DIV_16_CTL1, 0x00BB7F00u);
 224:Generated_Source\PSoC4/cyfitter_cfg.c **** 	CY_SET_REG32((void *)CYREG_PERI_DIV_CMD, 0x8000FF41u);
 225:Generated_Source\PSoC4/cyfitter_cfg.c **** 	CY_SET_REG32((void *)CYREG_PERI_DIV_16_CTL0, 0x00002F00u);
 226:Generated_Source\PSoC4/cyfitter_cfg.c **** 	CY_SET_REG32((void *)CYREG_PERI_DIV_CMD, 0x8000FF40u);
 227:Generated_Source\PSoC4/cyfitter_cfg.c **** 
 228:Generated_Source\PSoC4/cyfitter_cfg.c **** 	/* CYDEV_CLK_IMO_CONFIG Starting address: CYDEV_CLK_IMO_CONFIG */
 229:Generated_Source\PSoC4/cyfitter_cfg.c **** 	CY_SET_REG32((void *)(CYREG_CLK_IMO_CONFIG), 0x80000000u);
 230:Generated_Source\PSoC4/cyfitter_cfg.c **** 
 231:Generated_Source\PSoC4/cyfitter_cfg.c **** 	/* CYDEV_CLK_SELECT Starting address: CYDEV_CLK_SELECT */
 232:Generated_Source\PSoC4/cyfitter_cfg.c **** 	CY_SET_REG32((void *)(CYREG_CLK_SELECT), 0x00040000u);
 233:Generated_Source\PSoC4/cyfitter_cfg.c **** 
 234:Generated_Source\PSoC4/cyfitter_cfg.c **** 	/* CYDEV_PERI_PCLK_CTL12 Starting address: CYDEV_PERI_PCLK_CTL12 */
 235:Generated_Source\PSoC4/cyfitter_cfg.c **** 	CY_SET_REG32((void *)(CYREG_PERI_PCLK_CTL12), 0x00000041u);
 236:Generated_Source\PSoC4/cyfitter_cfg.c **** 
ARM GAS  C:\Users\LUCASC~1\AppData\Local\Temp\ccYICG8r.s 			page 7


 237:Generated_Source\PSoC4/cyfitter_cfg.c **** 	/* CYDEV_PERI_PCLK_CTL11 Starting address: CYDEV_PERI_PCLK_CTL11 */
 238:Generated_Source\PSoC4/cyfitter_cfg.c **** 	CY_SET_REG32((void *)(CYREG_PERI_PCLK_CTL11), 0x00000040u);
 239:Generated_Source\PSoC4/cyfitter_cfg.c **** 
 240:Generated_Source\PSoC4/cyfitter_cfg.c **** 	(void)CyIntSetVector(8u, &CySysWdtIsr);
 241:Generated_Source\PSoC4/cyfitter_cfg.c **** 	CyIntEnable(8u);
 242:Generated_Source\PSoC4/cyfitter_cfg.c **** 	CY_SET_REG32((void *)(CYREG_WDT_CONFIG), 0x00000000u);
 243:Generated_Source\PSoC4/cyfitter_cfg.c **** }
 244:Generated_Source\PSoC4/cyfitter_cfg.c **** 
 245:Generated_Source\PSoC4/cyfitter_cfg.c **** 
 246:Generated_Source\PSoC4/cyfitter_cfg.c **** /* Analog API Functions */
 247:Generated_Source\PSoC4/cyfitter_cfg.c **** 
 248:Generated_Source\PSoC4/cyfitter_cfg.c **** 
 249:Generated_Source\PSoC4/cyfitter_cfg.c **** /*******************************************************************************
 250:Generated_Source\PSoC4/cyfitter_cfg.c **** * Function Name: AnalogSetDefault
 251:Generated_Source\PSoC4/cyfitter_cfg.c **** ********************************************************************************
 252:Generated_Source\PSoC4/cyfitter_cfg.c **** *
 253:Generated_Source\PSoC4/cyfitter_cfg.c **** * Summary:
 254:Generated_Source\PSoC4/cyfitter_cfg.c **** *  Sets up the analog portions of the chip to default values based on chip
 255:Generated_Source\PSoC4/cyfitter_cfg.c **** *  configuration options from the project.
 256:Generated_Source\PSoC4/cyfitter_cfg.c **** *
 257:Generated_Source\PSoC4/cyfitter_cfg.c **** * Parameters:
 258:Generated_Source\PSoC4/cyfitter_cfg.c **** *  void
 259:Generated_Source\PSoC4/cyfitter_cfg.c **** *
 260:Generated_Source\PSoC4/cyfitter_cfg.c **** * Return:
 261:Generated_Source\PSoC4/cyfitter_cfg.c **** *  void
 262:Generated_Source\PSoC4/cyfitter_cfg.c **** *
 263:Generated_Source\PSoC4/cyfitter_cfg.c **** *******************************************************************************/
 264:Generated_Source\PSoC4/cyfitter_cfg.c **** static void AnalogSetDefault(void);
 265:Generated_Source\PSoC4/cyfitter_cfg.c **** static void AnalogSetDefault(void)
 266:Generated_Source\PSoC4/cyfitter_cfg.c **** {
 104              		.loc 1 266 0
 105              		.cfi_startproc
 106              		@ args = 0, pretend = 0, frame = 0
 107              		@ frame_needed = 0, uses_anonymous_args = 0
 108              		@ link register save eliminated.
 267:Generated_Source\PSoC4/cyfitter_cfg.c **** 	CY_SET_XTND_REG32((void CYFAR *)CYREG_CTBM0_DFT_CTRL, 0x00000003u);
 109              		.loc 1 267 0
 110 0000 0323     		movs	r3, #3
 111 0002 044A     		ldr	r2, .L7
 112 0004 1360     		str	r3, [r2]
 268:Generated_Source\PSoC4/cyfitter_cfg.c **** 	CY_SET_XTND_REG32((void CYFAR *)CYREG_CTBM1_DFT_CTRL, 0x00000003u);
 113              		.loc 1 268 0
 114 0006 044A     		ldr	r2, .L7+4
 115 0008 1360     		str	r3, [r2]
 269:Generated_Source\PSoC4/cyfitter_cfg.c **** 	CY_SET_XTND_REG32((void CYFAR *)CYREG_PASS_DSAB_DSAB_CTRL, 0x00000000u);
 116              		.loc 1 269 0
 117 000a 0022     		movs	r2, #0
 118 000c 034B     		ldr	r3, .L7+8
 119 000e 1A60     		str	r2, [r3]
 270:Generated_Source\PSoC4/cyfitter_cfg.c **** }
 120              		.loc 1 270 0
 121              		@ sp needed
 122 0010 7047     		bx	lr
 123              	.L8:
 124 0012 C046     		.align	2
 125              	.L7:
 126 0014 30003040 		.word	1076887600
ARM GAS  C:\Users\LUCASC~1\AppData\Local\Temp\ccYICG8r.s 			page 8


 127 0018 30003140 		.word	1076953136
 128 001c 000E3F40 		.word	1077874176
 129              		.cfi_endproc
 130              	.LFE6:
 131              		.size	AnalogSetDefault, .-AnalogSetDefault
 132              		.section	.text.CYMEMZERO,"ax",%progbits
 133              		.align	2
 134              		.code	16
 135              		.thumb_func
 136              		.type	CYMEMZERO, %function
 137              	CYMEMZERO:
 138              	.LFB1:
  77:Generated_Source\PSoC4/cyfitter_cfg.c **** 	(void)memset(s, 0, n);
 139              		.loc 1 77 0
 140              		.cfi_startproc
 141              		@ args = 0, pretend = 0, frame = 0
 142              		@ frame_needed = 0, uses_anonymous_args = 0
 143              	.LVL12:
 144 0000 10B5     		push	{r4, lr}
 145              		.cfi_def_cfa_offset 8
 146              		.cfi_offset 4, -8
 147              		.cfi_offset 14, -4
 148 0002 0A00     		movs	r2, r1
  78:Generated_Source\PSoC4/cyfitter_cfg.c **** }
 149              		.loc 1 78 0
 150 0004 0021     		movs	r1, #0
 151              	.LVL13:
 152 0006 FFF7FEFF 		bl	memset
 153              	.LVL14:
  79:Generated_Source\PSoC4/cyfitter_cfg.c **** CY_CFG_UNUSED
 154              		.loc 1 79 0
 155              		@ sp needed
 156 000a 10BD     		pop	{r4, pc}
 157              		.cfi_endproc
 158              	.LFE1:
 159              		.size	CYMEMZERO, .-CYMEMZERO
 160              		.section	.psocinit,"ax",%progbits
 161              		.align	2
 162              		.code	16
 163              		.thumb_func
 164              		.type	ClockSetup, %function
 165              	ClockSetup:
 166              	.LFB5:
 212:Generated_Source\PSoC4/cyfitter_cfg.c **** 
 167              		.loc 1 212 0
 168              		.cfi_startproc
 169              		@ args = 0, pretend = 0, frame = 0
 170              		@ frame_needed = 0, uses_anonymous_args = 0
 171 0000 10B5     		push	{r4, lr}
 172              		.cfi_def_cfa_offset 8
 173              		.cfi_offset 4, -8
 174              		.cfi_offset 14, -4
 215:Generated_Source\PSoC4/cyfitter_cfg.c **** 	/* Setup and trim IMO based on desired frequency. */
 175              		.loc 1 215 0
 176 0002 1222     		movs	r2, #18
 177 0004 164B     		ldr	r3, .L11
 178 0006 1A60     		str	r2, [r3]
ARM GAS  C:\Users\LUCASC~1\AppData\Local\Temp\ccYICG8r.s 			page 9


 217:Generated_Source\PSoC4/cyfitter_cfg.c **** 	/* CYDEV_CLK_ILO_CONFIG Starting address: CYDEV_CLK_ILO_CONFIG */
 179              		.loc 1 217 0
 180 0008 3020     		movs	r0, #48
 181 000a FFF7FEFF 		bl	CySysClkWriteImoFreq
 182              	.LVL15:
 219:Generated_Source\PSoC4/cyfitter_cfg.c **** 
 183              		.loc 1 219 0
 184 000e 154A     		ldr	r2, .L11+4
 185 0010 154B     		ldr	r3, .L11+8
 186 0012 1A60     		str	r2, [r3]
 223:Generated_Source\PSoC4/cyfitter_cfg.c **** 	CY_SET_REG32((void *)CYREG_PERI_DIV_CMD, 0x8000FF41u);
 187              		.loc 1 223 0
 188 0014 154A     		ldr	r2, .L11+12
 189 0016 164B     		ldr	r3, .L11+16
 190 0018 1A60     		str	r2, [r3]
 224:Generated_Source\PSoC4/cyfitter_cfg.c **** 	CY_SET_REG32((void *)CYREG_PERI_DIV_16_CTL0, 0x00002F00u);
 191              		.loc 1 224 0
 192 001a 164B     		ldr	r3, .L11+20
 193 001c 164A     		ldr	r2, .L11+24
 194 001e 1A60     		str	r2, [r3]
 225:Generated_Source\PSoC4/cyfitter_cfg.c **** 	CY_SET_REG32((void *)CYREG_PERI_DIV_CMD, 0x8000FF40u);
 195              		.loc 1 225 0
 196 0020 BC21     		movs	r1, #188
 197 0022 8901     		lsls	r1, r1, #6
 198 0024 154A     		ldr	r2, .L11+28
 199 0026 1160     		str	r1, [r2]
 226:Generated_Source\PSoC4/cyfitter_cfg.c **** 
 200              		.loc 1 226 0
 201 0028 154A     		ldr	r2, .L11+32
 202 002a 1A60     		str	r2, [r3]
 229:Generated_Source\PSoC4/cyfitter_cfg.c **** 
 203              		.loc 1 229 0
 204 002c 8022     		movs	r2, #128
 205 002e 1206     		lsls	r2, r2, #24
 206 0030 144B     		ldr	r3, .L11+36
 207 0032 1A60     		str	r2, [r3]
 232:Generated_Source\PSoC4/cyfitter_cfg.c **** 
 208              		.loc 1 232 0
 209 0034 8022     		movs	r2, #128
 210 0036 D202     		lsls	r2, r2, #11
 211 0038 134B     		ldr	r3, .L11+40
 212 003a 1A60     		str	r2, [r3]
 235:Generated_Source\PSoC4/cyfitter_cfg.c **** 
 213              		.loc 1 235 0
 214 003c 4122     		movs	r2, #65
 215 003e 134B     		ldr	r3, .L11+44
 216 0040 1A60     		str	r2, [r3]
 238:Generated_Source\PSoC4/cyfitter_cfg.c **** 
 217              		.loc 1 238 0
 218 0042 013A     		subs	r2, r2, #1
 219 0044 124B     		ldr	r3, .L11+48
 220 0046 1A60     		str	r2, [r3]
 240:Generated_Source\PSoC4/cyfitter_cfg.c **** 	CyIntEnable(8u);
 221              		.loc 1 240 0
 222 0048 1249     		ldr	r1, .L11+52
 223 004a 0820     		movs	r0, #8
 224 004c FFF7FEFF 		bl	CyIntSetVector
ARM GAS  C:\Users\LUCASC~1\AppData\Local\Temp\ccYICG8r.s 			page 10


 225              	.LVL16:
 241:Generated_Source\PSoC4/cyfitter_cfg.c **** 	CY_SET_REG32((void *)(CYREG_WDT_CONFIG), 0x00000000u);
 226              		.loc 1 241 0
 227 0050 0820     		movs	r0, #8
 228 0052 FFF7FEFF 		bl	CyIntEnable
 229              	.LVL17:
 242:Generated_Source\PSoC4/cyfitter_cfg.c **** }
 230              		.loc 1 242 0
 231 0056 0022     		movs	r2, #0
 232 0058 0F4B     		ldr	r3, .L11+56
 233 005a 1A60     		str	r2, [r3]
 243:Generated_Source\PSoC4/cyfitter_cfg.c **** 
 234              		.loc 1 243 0
 235              		@ sp needed
 236 005c 10BD     		pop	{r4, pc}
 237              	.L12:
 238 005e C046     		.align	2
 239              	.L11:
 240 0060 30001040 		.word	1074790448
 241 0064 06000080 		.word	-2147483642
 242 0068 04010B40 		.word	1074462980
 243 006c 007FBB00 		.word	12287744
 244 0070 04030140 		.word	1073808132
 245 0074 00000140 		.word	1073807360
 246 0078 41FF0080 		.word	-2147418303
 247 007c 00030140 		.word	1073808128
 248 0080 40FF0080 		.word	-2147418304
 249 0084 08010B40 		.word	1074462984
 250 0088 00010B40 		.word	1074462976
 251 008c 30010140 		.word	1073807664
 252 0090 2C010140 		.word	1073807660
 253 0094 00000000 		.word	CySysWdtIsr
 254 0098 0C020B40 		.word	1074463244
 255              		.cfi_endproc
 256              	.LFE5:
 257              		.size	ClockSetup, .-ClockSetup
 258              		.align	2
 259              		.global	cyfitter_cfg
 260              		.code	16
 261              		.thumb_func
 262              		.type	cyfitter_cfg, %function
 263              	cyfitter_cfg:
 264              	.LFB7:
 271:Generated_Source\PSoC4/cyfitter_cfg.c **** 
 272:Generated_Source\PSoC4/cyfitter_cfg.c **** 
 273:Generated_Source\PSoC4/cyfitter_cfg.c **** 
 274:Generated_Source\PSoC4/cyfitter_cfg.c **** 
 275:Generated_Source\PSoC4/cyfitter_cfg.c **** /*******************************************************************************
 276:Generated_Source\PSoC4/cyfitter_cfg.c **** * Function Name: cyfitter_cfg
 277:Generated_Source\PSoC4/cyfitter_cfg.c **** ********************************************************************************
 278:Generated_Source\PSoC4/cyfitter_cfg.c **** * Summary:
 279:Generated_Source\PSoC4/cyfitter_cfg.c **** *  This function is called by the start-up code for the selected device. It
 280:Generated_Source\PSoC4/cyfitter_cfg.c **** *  performs all of the necessary device configuration based on the design
 281:Generated_Source\PSoC4/cyfitter_cfg.c **** *  settings.  This includes settings from the Design Wide Resources (DWR) such
 282:Generated_Source\PSoC4/cyfitter_cfg.c **** *  as Clocks and Pins as well as any component configuration that is necessary.
 283:Generated_Source\PSoC4/cyfitter_cfg.c **** *
 284:Generated_Source\PSoC4/cyfitter_cfg.c **** * Parameters:
ARM GAS  C:\Users\LUCASC~1\AppData\Local\Temp\ccYICG8r.s 			page 11


 285:Generated_Source\PSoC4/cyfitter_cfg.c **** *   void
 286:Generated_Source\PSoC4/cyfitter_cfg.c **** *
 287:Generated_Source\PSoC4/cyfitter_cfg.c **** * Return:
 288:Generated_Source\PSoC4/cyfitter_cfg.c **** *   void
 289:Generated_Source\PSoC4/cyfitter_cfg.c **** *
 290:Generated_Source\PSoC4/cyfitter_cfg.c **** *******************************************************************************/
 291:Generated_Source\PSoC4/cyfitter_cfg.c **** CY_CFG_SECTION
 292:Generated_Source\PSoC4/cyfitter_cfg.c **** void cyfitter_cfg(void)
 293:Generated_Source\PSoC4/cyfitter_cfg.c **** {
 265              		.loc 1 293 0
 266              		.cfi_startproc
 267              		@ args = 0, pretend = 0, frame = 0
 268              		@ frame_needed = 0, uses_anonymous_args = 0
 269 009c 10B5     		push	{r4, lr}
 270              		.cfi_def_cfa_offset 8
 271              		.cfi_offset 4, -8
 272              		.cfi_offset 14, -4
 294:Generated_Source\PSoC4/cyfitter_cfg.c **** 	/* Disable interrupts by default. Let user enable if/when they want. */
 295:Generated_Source\PSoC4/cyfitter_cfg.c **** 	CyGlobalIntDisable;
 273              		.loc 1 295 0
 274              		.syntax divided
 275              	@ 295 "Generated_Source\PSoC4\cyfitter_cfg.c" 1
 276 009e 72B6     		CPSID   i
 277              	@ 0 "" 2
 278              	.LVL18:
 279              		.thumb
 280              		.syntax unified
 281              	.LBB3:
 296:Generated_Source\PSoC4/cyfitter_cfg.c **** 
 297:Generated_Source\PSoC4/cyfitter_cfg.c **** 	{
 298:Generated_Source\PSoC4/cyfitter_cfg.c **** 		static const uint32 CYCODE cy_cfg_addr_table[] = {
 299:Generated_Source\PSoC4/cyfitter_cfg.c **** 			0x400F4002u, /* Base address: 0x400F4000 Count: 2 */
 300:Generated_Source\PSoC4/cyfitter_cfg.c **** 			0x400F4101u, /* Base address: 0x400F4100 Count: 1 */
 301:Generated_Source\PSoC4/cyfitter_cfg.c **** 			0x400F4203u, /* Base address: 0x400F4200 Count: 3 */
 302:Generated_Source\PSoC4/cyfitter_cfg.c **** 		};
 303:Generated_Source\PSoC4/cyfitter_cfg.c **** 
 304:Generated_Source\PSoC4/cyfitter_cfg.c **** 		static const cy_cfg_addrvalue_t CYCODE cy_cfg_data_table[] = {
 305:Generated_Source\PSoC4/cyfitter_cfg.c **** 			{0x52u, 0x80u},
 306:Generated_Source\PSoC4/cyfitter_cfg.c **** 			{0xD4u, 0x20u},
 307:Generated_Source\PSoC4/cyfitter_cfg.c **** 			{0xA6u, 0x80u},
 308:Generated_Source\PSoC4/cyfitter_cfg.c **** 			{0x12u, 0x80u},
 309:Generated_Source\PSoC4/cyfitter_cfg.c **** 			{0xA6u, 0x80u},
 310:Generated_Source\PSoC4/cyfitter_cfg.c **** 			{0xC4u, 0x10u},
 311:Generated_Source\PSoC4/cyfitter_cfg.c **** 		};
 312:Generated_Source\PSoC4/cyfitter_cfg.c **** 
 313:Generated_Source\PSoC4/cyfitter_cfg.c **** 
 314:Generated_Source\PSoC4/cyfitter_cfg.c **** 
 315:Generated_Source\PSoC4/cyfitter_cfg.c **** 		CYPACKED typedef struct {
 316:Generated_Source\PSoC4/cyfitter_cfg.c **** 			void CYFAR *address;
 317:Generated_Source\PSoC4/cyfitter_cfg.c **** 			uint16 size;
 318:Generated_Source\PSoC4/cyfitter_cfg.c **** 		} CYPACKED_ATTR cfg_memset_t;
 319:Generated_Source\PSoC4/cyfitter_cfg.c **** 
 320:Generated_Source\PSoC4/cyfitter_cfg.c **** 		static const cfg_memset_t CYCODE cfg_memset_list[] = {
 321:Generated_Source\PSoC4/cyfitter_cfg.c **** 			/* address, size */
 322:Generated_Source\PSoC4/cyfitter_cfg.c **** 			{(void CYFAR *)(CYDEV_UDB_P0_U0_BASE), 2048u},
 323:Generated_Source\PSoC4/cyfitter_cfg.c **** 			{(void CYFAR *)(CYDEV_UDB_DSI0_BASE), 2048u},
 324:Generated_Source\PSoC4/cyfitter_cfg.c **** 		};
ARM GAS  C:\Users\LUCASC~1\AppData\Local\Temp\ccYICG8r.s 			page 12


 325:Generated_Source\PSoC4/cyfitter_cfg.c **** 
 326:Generated_Source\PSoC4/cyfitter_cfg.c **** 		uint8 CYDATA i;
 327:Generated_Source\PSoC4/cyfitter_cfg.c **** 
 328:Generated_Source\PSoC4/cyfitter_cfg.c **** 		/* Zero out critical memory blocks before beginning configuration */
 329:Generated_Source\PSoC4/cyfitter_cfg.c **** 		for (i = 0u; i < (sizeof(cfg_memset_list)/sizeof(cfg_memset_list[0])); i++)
 282              		.loc 1 329 0
 283 00a0 0024     		movs	r4, #0
 284 00a2 0FE0     		b	.L14
 285              	.LVL19:
 286              	.L15:
 287              	.LBB4:
 330:Generated_Source\PSoC4/cyfitter_cfg.c **** 		{
 331:Generated_Source\PSoC4/cyfitter_cfg.c **** 			const cfg_memset_t CYCODE * CYDATA ms = &cfg_memset_list[i];
 332:Generated_Source\PSoC4/cyfitter_cfg.c **** 			CYMEMZERO(ms->address, (size_t)(uint32)(ms->size));
 288              		.loc 1 332 0 discriminator 3
 289 00a4 2648     		ldr	r0, .L16
 290 00a6 6200     		lsls	r2, r4, #1
 291 00a8 1319     		adds	r3, r2, r4
 292 00aa 5900     		lsls	r1, r3, #1
 293 00ac 0B00     		movs	r3, r1
 294 00ae 4118     		adds	r1, r0, r1
 295 00b0 8988     		ldrh	r1, [r1, #4]
 296 00b2 1A5A     		ldrh	r2, [r3, r0]
 297 00b4 C318     		adds	r3, r0, r3
 298 00b6 5888     		ldrh	r0, [r3, #2]
 299 00b8 0004     		lsls	r0, r0, #16
 300 00ba 1043     		orrs	r0, r2
 301 00bc FFF7FEFF 		bl	CYMEMZERO
 302              	.LVL20:
 303              	.LBE4:
 329:Generated_Source\PSoC4/cyfitter_cfg.c **** 		{
 304              		.loc 1 329 0 discriminator 3
 305 00c0 0134     		adds	r4, r4, #1
 306              	.LVL21:
 307 00c2 E4B2     		uxtb	r4, r4
 308              	.LVL22:
 309              	.L14:
 329:Generated_Source\PSoC4/cyfitter_cfg.c **** 		{
 310              		.loc 1 329 0 is_stmt 0 discriminator 1
 311 00c4 012C     		cmp	r4, #1
 312 00c6 EDD9     		bls	.L15
 333:Generated_Source\PSoC4/cyfitter_cfg.c **** 		}
 334:Generated_Source\PSoC4/cyfitter_cfg.c **** 
 335:Generated_Source\PSoC4/cyfitter_cfg.c **** 		cfg_write_bytes32(cy_cfg_addr_table, cy_cfg_data_table);
 313              		.loc 1 335 0 is_stmt 1
 314 00c8 1D48     		ldr	r0, .L16
 315 00ca 0100     		movs	r1, r0
 316 00cc 0C31     		adds	r1, r1, #12
 317 00ce 1830     		adds	r0, r0, #24
 318 00d0 FFF7FEFF 		bl	cfg_write_bytes32
 319              	.LVL23:
 336:Generated_Source\PSoC4/cyfitter_cfg.c **** 
 337:Generated_Source\PSoC4/cyfitter_cfg.c **** 		/* HSIOM Starting address: CYDEV_HSIOM_BASE */
 338:Generated_Source\PSoC4/cyfitter_cfg.c **** 		CY_SET_REG32((void *)(CYREG_HSIOM_PORT_SEL2), 0x00080000u);
 320              		.loc 1 338 0
 321 00d4 8022     		movs	r2, #128
 322 00d6 1203     		lsls	r2, r2, #12
ARM GAS  C:\Users\LUCASC~1\AppData\Local\Temp\ccYICG8r.s 			page 13


 323 00d8 1A4B     		ldr	r3, .L16+4
 324 00da 1A60     		str	r2, [r3]
 339:Generated_Source\PSoC4/cyfitter_cfg.c **** 		CY_SET_REG32((void *)(CYREG_HSIOM_PORT_SEL3), 0x0000EE00u);
 325              		.loc 1 339 0
 326 00dc EE22     		movs	r2, #238
 327 00de 1202     		lsls	r2, r2, #8
 328 00e0 194B     		ldr	r3, .L16+8
 329 00e2 1A60     		str	r2, [r3]
 340:Generated_Source\PSoC4/cyfitter_cfg.c **** 		CY_SET_REG32((void *)(CYREG_HSIOM_PORT_SEL5), 0x00003000u);
 330              		.loc 1 340 0
 331 00e4 C022     		movs	r2, #192
 332 00e6 9201     		lsls	r2, r2, #6
 333 00e8 184B     		ldr	r3, .L16+12
 334 00ea 1A60     		str	r2, [r3]
 341:Generated_Source\PSoC4/cyfitter_cfg.c **** 
 342:Generated_Source\PSoC4/cyfitter_cfg.c **** 		/* UDB_PA_0 Starting address: CYDEV_UDB_PA0_BASE */
 343:Generated_Source\PSoC4/cyfitter_cfg.c **** 		CY_SET_REG32((void *)(CYDEV_UDB_PA0_BASE), 0x00990000u);
 335              		.loc 1 343 0
 336 00ec 9923     		movs	r3, #153
 337 00ee 1B04     		lsls	r3, r3, #16
 338 00f0 174A     		ldr	r2, .L16+16
 339 00f2 1360     		str	r3, [r2]
 344:Generated_Source\PSoC4/cyfitter_cfg.c **** 		CY_SET_REG32((void *)(CYREG_UDB_PA0_CFG8), 0x00150000u);
 340              		.loc 1 344 0
 341 00f4 A821     		movs	r1, #168
 342 00f6 4903     		lsls	r1, r1, #13
 343 00f8 164A     		ldr	r2, .L16+20
 344 00fa 1160     		str	r1, [r2]
 345:Generated_Source\PSoC4/cyfitter_cfg.c **** 
 346:Generated_Source\PSoC4/cyfitter_cfg.c **** 		/* UDB_PA_2 Starting address: CYDEV_UDB_PA2_BASE */
 347:Generated_Source\PSoC4/cyfitter_cfg.c **** 		CY_SET_REG32((void *)(CYDEV_UDB_PA2_BASE), 0x00990000u);
 345              		.loc 1 347 0
 346 00fc 164A     		ldr	r2, .L16+24
 347 00fe 1360     		str	r3, [r2]
 348:Generated_Source\PSoC4/cyfitter_cfg.c **** 
 349:Generated_Source\PSoC4/cyfitter_cfg.c **** 		/* UDB_PA_7 Starting address: CYDEV_UDB_PA7_BASE */
 350:Generated_Source\PSoC4/cyfitter_cfg.c **** 		CY_SET_REG32((void *)(CYDEV_UDB_PA7_BASE), 0x00990000u);
 348              		.loc 1 350 0
 349 0100 164A     		ldr	r2, .L16+28
 350 0102 1360     		str	r3, [r2]
 351:Generated_Source\PSoC4/cyfitter_cfg.c **** 
 352:Generated_Source\PSoC4/cyfitter_cfg.c **** 		/* Enable digital routing */
 353:Generated_Source\PSoC4/cyfitter_cfg.c **** 		CY_SET_XTND_REG8((void *)CYREG_UDB_UDB_BANK_CTL, (uint8)(CY_GET_XTND_REG8((void *)CYREG_UDB_UDB_B
 351              		.loc 1 353 0
 352 0104 164A     		ldr	r2, .L16+32
 353 0106 1178     		ldrb	r1, [r2]
 354 0108 0623     		movs	r3, #6
 355 010a 0B43     		orrs	r3, r1
 356 010c DBB2     		uxtb	r3, r3
 357 010e 1370     		strb	r3, [r2]
 358              	.LBE3:
 354:Generated_Source\PSoC4/cyfitter_cfg.c **** 	}
 355:Generated_Source\PSoC4/cyfitter_cfg.c **** 
 356:Generated_Source\PSoC4/cyfitter_cfg.c **** 	/* Perform second pass device configuration. These items must be configured in specific order afte
 357:Generated_Source\PSoC4/cyfitter_cfg.c **** 	/* IOPINS0_2 Starting address: CYDEV_GPIO_PRT2_BASE */
 358:Generated_Source\PSoC4/cyfitter_cfg.c **** 	CY_SET_REG32((void *)(CYDEV_GPIO_PRT2_BASE), 0x00000010u);
 359              		.loc 1 358 0
ARM GAS  C:\Users\LUCASC~1\AppData\Local\Temp\ccYICG8r.s 			page 14


 360 0110 1022     		movs	r2, #16
 361 0112 144B     		ldr	r3, .L16+36
 362 0114 1A60     		str	r2, [r3]
 359:Generated_Source\PSoC4/cyfitter_cfg.c **** 	CY_SET_REG32((void *)(CYREG_GPIO_PRT2_PC), 0x00006000u);
 363              		.loc 1 359 0
 364 0116 C022     		movs	r2, #192
 365 0118 D201     		lsls	r2, r2, #7
 366 011a 134B     		ldr	r3, .L16+40
 367 011c 1A60     		str	r2, [r3]
 360:Generated_Source\PSoC4/cyfitter_cfg.c **** 
 361:Generated_Source\PSoC4/cyfitter_cfg.c **** 	/* IOPINS0_3 Starting address: CYDEV_GPIO_PRT3_BASE */
 362:Generated_Source\PSoC4/cyfitter_cfg.c **** 	CY_SET_REG32((void *)(CYREG_GPIO_PRT3_PC), 0x00000D80u);
 368              		.loc 1 362 0
 369 011e D822     		movs	r2, #216
 370 0120 1201     		lsls	r2, r2, #4
 371 0122 124B     		ldr	r3, .L16+44
 372 0124 1A60     		str	r2, [r3]
 363:Generated_Source\PSoC4/cyfitter_cfg.c **** 
 364:Generated_Source\PSoC4/cyfitter_cfg.c **** 	/* IOPINS0_5 Starting address: CYDEV_GPIO_PRT5_BASE */
 365:Generated_Source\PSoC4/cyfitter_cfg.c **** 	CY_SET_REG32((void *)(CYDEV_GPIO_PRT5_BASE), 0x00000018u);
 373              		.loc 1 365 0
 374 0126 1822     		movs	r2, #24
 375 0128 114B     		ldr	r3, .L16+48
 376 012a 1A60     		str	r2, [r3]
 366:Generated_Source\PSoC4/cyfitter_cfg.c **** 	CY_SET_REG32((void *)(CYREG_GPIO_PRT5_PC), 0x00006C00u);
 377              		.loc 1 366 0
 378 012c D822     		movs	r2, #216
 379 012e D201     		lsls	r2, r2, #7
 380 0130 104B     		ldr	r3, .L16+52
 381 0132 1A60     		str	r2, [r3]
 367:Generated_Source\PSoC4/cyfitter_cfg.c **** 
 368:Generated_Source\PSoC4/cyfitter_cfg.c **** 
 369:Generated_Source\PSoC4/cyfitter_cfg.c **** 	/* Setup clocks based on selections from Clock DWR */
 370:Generated_Source\PSoC4/cyfitter_cfg.c **** 	ClockSetup();
 382              		.loc 1 370 0
 383 0134 FFF764FF 		bl	ClockSetup
 384              	.LVL24:
 371:Generated_Source\PSoC4/cyfitter_cfg.c **** 
 372:Generated_Source\PSoC4/cyfitter_cfg.c **** 	/* Perform basic analog initialization to defaults */
 373:Generated_Source\PSoC4/cyfitter_cfg.c **** 	AnalogSetDefault();
 385              		.loc 1 373 0
 386 0138 FFF7FEFF 		bl	AnalogSetDefault
 387              	.LVL25:
 374:Generated_Source\PSoC4/cyfitter_cfg.c **** 
 375:Generated_Source\PSoC4/cyfitter_cfg.c **** }
 388              		.loc 1 375 0
 389              		@ sp needed
 390              	.LVL26:
 391 013c 10BD     		pop	{r4, pc}
 392              	.L17:
 393 013e C046     		.align	2
 394              	.L16:
 395 0140 00000000 		.word	.LANCHOR0
 396 0144 00020240 		.word	1073873408
 397 0148 00030240 		.word	1073873664
 398 014c 00050240 		.word	1073874176
 399 0150 00500F40 		.word	1074745344
ARM GAS  C:\Users\LUCASC~1\AppData\Local\Temp\ccYICG8r.s 			page 15


 400 0154 08500F40 		.word	1074745352
 401 0158 20500F40 		.word	1074745376
 402 015c 70500F40 		.word	1074745456
 403 0160 00700F40 		.word	1074753536
 404 0164 00020440 		.word	1074004480
 405 0168 08020440 		.word	1074004488
 406 016c 08030440 		.word	1074004744
 407 0170 00050440 		.word	1074005248
 408 0174 08050440 		.word	1074005256
 409              		.cfi_endproc
 410              	.LFE7:
 411              		.size	cyfitter_cfg, .-cyfitter_cfg
 412              		.section	.rodata
 413              		.align	2
 414              		.set	.LANCHOR0,. + 0
 415              		.type	cfg_memset_list.4971, %object
 416              		.size	cfg_memset_list.4971, 12
 417              	cfg_memset_list.4971:
 418 0000 00300F40 		.word	1074737152
 419 0004 0008     		.short	2048
 420 0006 00400F40 		.4byte	1074741248
 421 000a 0008     		.short	2048
 422              		.type	cy_cfg_data_table.4966, %object
 423              		.size	cy_cfg_data_table.4966, 12
 424              	cy_cfg_data_table.4966:
 425 000c 52       		.byte	82
 426 000d 80       		.byte	-128
 427 000e D4       		.byte	-44
 428 000f 20       		.byte	32
 429 0010 A6       		.byte	-90
 430 0011 80       		.byte	-128
 431 0012 12       		.byte	18
 432 0013 80       		.byte	-128
 433 0014 A6       		.byte	-90
 434 0015 80       		.byte	-128
 435 0016 C4       		.byte	-60
 436 0017 10       		.byte	16
 437              		.type	cy_cfg_addr_table.4965, %object
 438              		.size	cy_cfg_addr_table.4965, 12
 439              	cy_cfg_addr_table.4965:
 440 0018 02400F40 		.word	1074741250
 441 001c 01410F40 		.word	1074741505
 442 0020 03420F40 		.word	1074741763
 443              		.text
 444              	.Letext0:
 445              		.file 2 "c:\\program files (x86)\\cypress\\psoc creator\\4.2\\psoc creator\\import\\gnu\\arm\\5.4.
 446              		.file 3 "Generated_Source\\PSoC4\\cytypes.h"
 447              		.file 4 "Generated_Source\\PSoC4\\CyLib.h"
 448              		.section	.debug_info,"",%progbits
 449              	.Ldebug_info0:
 450 0000 B8030000 		.4byte	0x3b8
 451 0004 0400     		.2byte	0x4
 452 0006 00000000 		.4byte	.Ldebug_abbrev0
 453 000a 04       		.byte	0x4
 454 000b 01       		.uleb128 0x1
 455 000c 41010000 		.4byte	.LASF39
 456 0010 0C       		.byte	0xc
ARM GAS  C:\Users\LUCASC~1\AppData\Local\Temp\ccYICG8r.s 			page 16


 457 0011 A3020000 		.4byte	.LASF40
 458 0015 4D020000 		.4byte	.LASF41
 459 0019 00000000 		.4byte	.Ldebug_ranges0+0
 460 001d 00000000 		.4byte	0
 461 0021 00000000 		.4byte	.Ldebug_line0
 462 0025 02       		.uleb128 0x2
 463 0026 04       		.byte	0x4
 464 0027 05       		.byte	0x5
 465 0028 696E7400 		.ascii	"int\000"
 466 002c 03       		.uleb128 0x3
 467 002d 06000000 		.4byte	.LASF12
 468 0031 02       		.byte	0x2
 469 0032 D8       		.byte	0xd8
 470 0033 37000000 		.4byte	0x37
 471 0037 04       		.uleb128 0x4
 472 0038 04       		.byte	0x4
 473 0039 07       		.byte	0x7
 474 003a 08010000 		.4byte	.LASF0
 475 003e 04       		.uleb128 0x4
 476 003f 08       		.byte	0x8
 477 0040 05       		.byte	0x5
 478 0041 01020000 		.4byte	.LASF1
 479 0045 04       		.uleb128 0x4
 480 0046 08       		.byte	0x8
 481 0047 04       		.byte	0x4
 482 0048 8B020000 		.4byte	.LASF2
 483 004c 04       		.uleb128 0x4
 484 004d 01       		.byte	0x1
 485 004e 06       		.byte	0x6
 486 004f 97020000 		.4byte	.LASF3
 487 0053 04       		.uleb128 0x4
 488 0054 01       		.byte	0x1
 489 0055 08       		.byte	0x8
 490 0056 AA000000 		.4byte	.LASF4
 491 005a 04       		.uleb128 0x4
 492 005b 02       		.byte	0x2
 493 005c 05       		.byte	0x5
 494 005d 2E020000 		.4byte	.LASF5
 495 0061 04       		.uleb128 0x4
 496 0062 02       		.byte	0x2
 497 0063 07       		.byte	0x7
 498 0064 EE010000 		.4byte	.LASF6
 499 0068 04       		.uleb128 0x4
 500 0069 04       		.byte	0x4
 501 006a 05       		.byte	0x5
 502 006b 82020000 		.4byte	.LASF7
 503 006f 04       		.uleb128 0x4
 504 0070 04       		.byte	0x4
 505 0071 07       		.byte	0x7
 506 0072 88000000 		.4byte	.LASF8
 507 0076 04       		.uleb128 0x4
 508 0077 08       		.byte	0x8
 509 0078 07       		.byte	0x7
 510 0079 2A010000 		.4byte	.LASF9
 511 007d 04       		.uleb128 0x4
 512 007e 04       		.byte	0x4
 513 007f 07       		.byte	0x7
ARM GAS  C:\Users\LUCASC~1\AppData\Local\Temp\ccYICG8r.s 			page 17


 514 0080 E5010000 		.4byte	.LASF10
 515 0084 05       		.uleb128 0x5
 516 0085 04       		.byte	0x4
 517 0086 04       		.uleb128 0x4
 518 0087 01       		.byte	0x1
 519 0088 08       		.byte	0x8
 520 0089 0F020000 		.4byte	.LASF11
 521 008d 06       		.uleb128 0x6
 522 008e 9A000000 		.4byte	.LASF13
 523 0092 03       		.byte	0x3
 524 0093 E401     		.2byte	0x1e4
 525 0095 53000000 		.4byte	0x53
 526 0099 06       		.uleb128 0x6
 527 009a EF000000 		.4byte	.LASF14
 528 009e 03       		.byte	0x3
 529 009f E501     		.2byte	0x1e5
 530 00a1 61000000 		.4byte	0x61
 531 00a5 06       		.uleb128 0x6
 532 00a6 01010000 		.4byte	.LASF15
 533 00aa 03       		.byte	0x3
 534 00ab E601     		.2byte	0x1e6
 535 00ad 6F000000 		.4byte	0x6f
 536 00b1 04       		.uleb128 0x4
 537 00b2 04       		.byte	0x4
 538 00b3 04       		.byte	0x4
 539 00b4 68000000 		.4byte	.LASF16
 540 00b8 04       		.uleb128 0x4
 541 00b9 08       		.byte	0x8
 542 00ba 04       		.byte	0x4
 543 00bb BF000000 		.4byte	.LASF17
 544 00bf 06       		.uleb128 0x6
 545 00c0 83000000 		.4byte	.LASF18
 546 00c4 03       		.byte	0x3
 547 00c5 8E02     		.2byte	0x28e
 548 00c7 CB000000 		.4byte	0xcb
 549 00cb 07       		.uleb128 0x7
 550 00cc 8D000000 		.4byte	0x8d
 551 00d0 06       		.uleb128 0x6
 552 00d1 00000000 		.4byte	.LASF19
 553 00d5 03       		.byte	0x3
 554 00d6 9002     		.2byte	0x290
 555 00d8 DC000000 		.4byte	0xdc
 556 00dc 07       		.uleb128 0x7
 557 00dd A5000000 		.4byte	0xa5
 558 00e1 08       		.uleb128 0x8
 559 00e2 02       		.byte	0x2
 560 00e3 01       		.byte	0x1
 561 00e4 97       		.byte	0x97
 562 00e5 02010000 		.4byte	0x102
 563 00e9 09       		.uleb128 0x9
 564 00ea 27020000 		.4byte	.LASF20
 565 00ee 01       		.byte	0x1
 566 00ef 99       		.byte	0x99
 567 00f0 8D000000 		.4byte	0x8d
 568 00f4 00       		.byte	0
 569 00f5 09       		.uleb128 0x9
 570 00f6 2D000000 		.4byte	.LASF21
ARM GAS  C:\Users\LUCASC~1\AppData\Local\Temp\ccYICG8r.s 			page 18


 571 00fa 01       		.byte	0x1
 572 00fb 9A       		.byte	0x9a
 573 00fc 8D000000 		.4byte	0x8d
 574 0100 01       		.byte	0x1
 575 0101 00       		.byte	0
 576 0102 03       		.uleb128 0x3
 577 0103 14020000 		.4byte	.LASF22
 578 0107 01       		.byte	0x1
 579 0108 9B       		.byte	0x9b
 580 0109 E1000000 		.4byte	0xe1
 581 010d 0A       		.uleb128 0xa
 582 010e C6000000 		.4byte	.LASF27
 583 0112 01       		.byte	0x1
 584 0113 AE       		.byte	0xae
 585 0114 00000000 		.4byte	.LFB4
 586 0118 32000000 		.4byte	.LFE4-.LFB4
 587 011c 01       		.uleb128 0x1
 588 011d 9C       		.byte	0x9c
 589 011e 7F010000 		.4byte	0x17f
 590 0122 0B       		.uleb128 0xb
 591 0123 E4000000 		.4byte	.LASF23
 592 0127 01       		.byte	0x1
 593 0128 AE       		.byte	0xae
 594 0129 7F010000 		.4byte	0x17f
 595 012d 01       		.uleb128 0x1
 596 012e 50       		.byte	0x50
 597 012f 0B       		.uleb128 0xb
 598 0130 F6000000 		.4byte	.LASF24
 599 0134 01       		.byte	0x1
 600 0135 AE       		.byte	0xae
 601 0136 8A010000 		.4byte	0x18a
 602 013a 01       		.uleb128 0x1
 603 013b 51       		.byte	0x51
 604 013c 0C       		.uleb128 0xc
 605 013d 6900     		.ascii	"i\000"
 606 013f 01       		.byte	0x1
 607 0140 B1       		.byte	0xb1
 608 0141 A5000000 		.4byte	0xa5
 609 0145 00000000 		.4byte	.LLST0
 610 0149 0C       		.uleb128 0xc
 611 014a 6A00     		.ascii	"j\000"
 612 014c 01       		.byte	0x1
 613 014d B1       		.byte	0xb1
 614 014e A5000000 		.4byte	0xa5
 615 0152 1F000000 		.4byte	.LLST1
 616 0156 0D       		.uleb128 0xd
 617 0157 08000000 		.4byte	.LBB2
 618 015b 22000000 		.4byte	.LBE2-.LBB2
 619 015f 0E       		.uleb128 0xe
 620 0160 DC010000 		.4byte	.LASF25
 621 0164 01       		.byte	0x1
 622 0165 B4       		.byte	0xb4
 623 0166 A5000000 		.4byte	0xa5
 624 016a 3E000000 		.4byte	.LLST2
 625 016e 0E       		.uleb128 0xe
 626 016f 33000000 		.4byte	.LASF26
 627 0173 01       		.byte	0x1
ARM GAS  C:\Users\LUCASC~1\AppData\Local\Temp\ccYICG8r.s 			page 19


 628 0174 B5       		.byte	0xb5
 629 0175 8D000000 		.4byte	0x8d
 630 0179 51000000 		.4byte	.LLST3
 631 017d 00       		.byte	0
 632 017e 00       		.byte	0
 633 017f 0F       		.uleb128 0xf
 634 0180 04       		.byte	0x4
 635 0181 85010000 		.4byte	0x185
 636 0185 10       		.uleb128 0x10
 637 0186 A5000000 		.4byte	0xa5
 638 018a 0F       		.uleb128 0xf
 639 018b 04       		.byte	0x4
 640 018c 90010000 		.4byte	0x190
 641 0190 10       		.uleb128 0x10
 642 0191 02010000 		.4byte	0x102
 643 0195 11       		.uleb128 0x11
 644 0196 0D000000 		.4byte	.LASF42
 645 019a 01       		.byte	0x1
 646 019b 0901     		.2byte	0x109
 647 019d 00000000 		.4byte	.LFB6
 648 01a1 20000000 		.4byte	.LFE6-.LFB6
 649 01a5 01       		.uleb128 0x1
 650 01a6 9C       		.byte	0x9c
 651 01a7 0A       		.uleb128 0xa
 652 01a8 A0000000 		.4byte	.LASF28
 653 01ac 01       		.byte	0x1
 654 01ad 4C       		.byte	0x4c
 655 01ae 00000000 		.4byte	.LFB1
 656 01b2 0C000000 		.4byte	.LFE1-.LFB1
 657 01b6 01       		.uleb128 0x1
 658 01b7 9C       		.byte	0x9c
 659 01b8 F4010000 		.4byte	0x1f4
 660 01bc 12       		.uleb128 0x12
 661 01bd 7300     		.ascii	"s\000"
 662 01bf 01       		.byte	0x1
 663 01c0 4C       		.byte	0x4c
 664 01c1 84000000 		.4byte	0x84
 665 01c5 6F000000 		.4byte	.LLST4
 666 01c9 12       		.uleb128 0x12
 667 01ca 6E00     		.ascii	"n\000"
 668 01cc 01       		.byte	0x1
 669 01cd 4C       		.byte	0x4c
 670 01ce 2C000000 		.4byte	0x2c
 671 01d2 90000000 		.4byte	.LLST5
 672 01d6 13       		.uleb128 0x13
 673 01d7 0A000000 		.4byte	.LVL14
 674 01db 91030000 		.4byte	0x391
 675 01df 14       		.uleb128 0x14
 676 01e0 01       		.uleb128 0x1
 677 01e1 50       		.byte	0x50
 678 01e2 03       		.uleb128 0x3
 679 01e3 F3       		.byte	0xf3
 680 01e4 01       		.uleb128 0x1
 681 01e5 50       		.byte	0x50
 682 01e6 14       		.uleb128 0x14
 683 01e7 01       		.uleb128 0x1
 684 01e8 51       		.byte	0x51
ARM GAS  C:\Users\LUCASC~1\AppData\Local\Temp\ccYICG8r.s 			page 20


 685 01e9 01       		.uleb128 0x1
 686 01ea 30       		.byte	0x30
 687 01eb 14       		.uleb128 0x14
 688 01ec 01       		.uleb128 0x1
 689 01ed 52       		.byte	0x52
 690 01ee 03       		.uleb128 0x3
 691 01ef F3       		.byte	0xf3
 692 01f0 01       		.uleb128 0x1
 693 01f1 51       		.byte	0x51
 694 01f2 00       		.byte	0
 695 01f3 00       		.byte	0
 696 01f4 0A       		.uleb128 0xa
 697 01f5 39000000 		.4byte	.LASF29
 698 01f9 01       		.byte	0x1
 699 01fa D3       		.byte	0xd3
 700 01fb 00000000 		.4byte	.LFB5
 701 01ff 9C000000 		.4byte	.LFE5-.LFB5
 702 0203 01       		.uleb128 0x1
 703 0204 9C       		.byte	0x9c
 704 0205 40020000 		.4byte	0x240
 705 0209 15       		.uleb128 0x15
 706 020a 0E000000 		.4byte	.LVL15
 707 020e 9A030000 		.4byte	0x39a
 708 0212 1D020000 		.4byte	0x21d
 709 0216 14       		.uleb128 0x14
 710 0217 01       		.uleb128 0x1
 711 0218 50       		.byte	0x50
 712 0219 02       		.uleb128 0x2
 713 021a 08       		.byte	0x8
 714 021b 30       		.byte	0x30
 715 021c 00       		.byte	0
 716 021d 15       		.uleb128 0x15
 717 021e 50000000 		.4byte	.LVL16
 718 0222 A5030000 		.4byte	0x3a5
 719 0226 30020000 		.4byte	0x230
 720 022a 14       		.uleb128 0x14
 721 022b 01       		.uleb128 0x1
 722 022c 50       		.byte	0x50
 723 022d 01       		.uleb128 0x1
 724 022e 38       		.byte	0x38
 725 022f 00       		.byte	0
 726 0230 13       		.uleb128 0x13
 727 0231 56000000 		.4byte	.LVL17
 728 0235 B0030000 		.4byte	0x3b0
 729 0239 14       		.uleb128 0x14
 730 023a 01       		.uleb128 0x1
 731 023b 50       		.byte	0x50
 732 023c 01       		.uleb128 0x1
 733 023d 38       		.byte	0x38
 734 023e 00       		.byte	0
 735 023f 00       		.byte	0
 736 0240 16       		.uleb128 0x16
 737 0241 15010000 		.4byte	.LASF43
 738 0245 01       		.byte	0x1
 739 0246 2401     		.2byte	0x124
 740 0248 9C000000 		.4byte	.LFB7
 741 024c DC000000 		.4byte	.LFE7-.LFB7
ARM GAS  C:\Users\LUCASC~1\AppData\Local\Temp\ccYICG8r.s 			page 21


 742 0250 01       		.uleb128 0x1
 743 0251 9C       		.byte	0x9c
 744 0252 67030000 		.4byte	0x367
 745 0256 17       		.uleb128 0x17
 746 0257 A0000000 		.4byte	.LBB3
 747 025b 70000000 		.4byte	.LBE3-.LBB3
 748 025f 54030000 		.4byte	0x354
 749 0263 18       		.uleb128 0x18
 750 0264 44000000 		.4byte	.LASF30
 751 0268 01       		.byte	0x1
 752 0269 2A01     		.2byte	0x12a
 753 026b 77030000 		.4byte	0x377
 754 026f 05       		.uleb128 0x5
 755 0270 03       		.byte	0x3
 756 0271 18000000 		.4byte	cy_cfg_addr_table.4965
 757 0275 18       		.uleb128 0x18
 758 0276 56000000 		.4byte	.LASF31
 759 027a 01       		.byte	0x1
 760 027b 3001     		.2byte	0x130
 761 027d 8C030000 		.4byte	0x38c
 762 0281 05       		.uleb128 0x5
 763 0282 03       		.byte	0x3
 764 0283 0C000000 		.4byte	cy_cfg_data_table.4966
 765 0287 19       		.uleb128 0x19
 766 0288 06       		.byte	0x6
 767 0289 01       		.byte	0x1
 768 028a 3B01     		.2byte	0x13b
 769 028c AB020000 		.4byte	0x2ab
 770 0290 1A       		.uleb128 0x1a
 771 0291 22010000 		.4byte	.LASF32
 772 0295 01       		.byte	0x1
 773 0296 3C01     		.2byte	0x13c
 774 0298 84000000 		.4byte	0x84
 775 029c 00       		.byte	0
 776 029d 1A       		.uleb128 0x1a
 777 029e 7E000000 		.4byte	.LASF33
 778 02a2 01       		.byte	0x1
 779 02a3 3D01     		.2byte	0x13d
 780 02a5 99000000 		.4byte	0x99
 781 02a9 04       		.byte	0x4
 782 02aa 00       		.byte	0
 783 02ab 06       		.uleb128 0x6
 784 02ac CF010000 		.4byte	.LASF34
 785 02b0 01       		.byte	0x1
 786 02b1 3E01     		.2byte	0x13e
 787 02b3 87020000 		.4byte	0x287
 788 02b7 1B       		.uleb128 0x1b
 789 02b8 C7020000 		.4byte	0x2c7
 790 02bc C7020000 		.4byte	0x2c7
 791 02c0 1C       		.uleb128 0x1c
 792 02c1 7D000000 		.4byte	0x7d
 793 02c5 01       		.byte	0x1
 794 02c6 00       		.byte	0
 795 02c7 10       		.uleb128 0x10
 796 02c8 AB020000 		.4byte	0x2ab
 797 02cc 18       		.uleb128 0x18
 798 02cd 6E000000 		.4byte	.LASF35
ARM GAS  C:\Users\LUCASC~1\AppData\Local\Temp\ccYICG8r.s 			page 22


 799 02d1 01       		.byte	0x1
 800 02d2 4001     		.2byte	0x140
 801 02d4 DE020000 		.4byte	0x2de
 802 02d8 05       		.uleb128 0x5
 803 02d9 03       		.byte	0x3
 804 02da 00000000 		.4byte	cfg_memset_list.4971
 805 02de 10       		.uleb128 0x10
 806 02df B7020000 		.4byte	0x2b7
 807 02e3 1D       		.uleb128 0x1d
 808 02e4 6900     		.ascii	"i\000"
 809 02e6 01       		.byte	0x1
 810 02e7 4601     		.2byte	0x146
 811 02e9 8D000000 		.4byte	0x8d
 812 02ed BC000000 		.4byte	.LLST6
 813 02f1 17       		.uleb128 0x17
 814 02f2 A4000000 		.4byte	.LBB4
 815 02f6 1C000000 		.4byte	.LBE4-.LBB4
 816 02fa 37030000 		.4byte	0x337
 817 02fe 1D       		.uleb128 0x1d
 818 02ff 6D7300   		.ascii	"ms\000"
 819 0302 01       		.byte	0x1
 820 0303 4B01     		.2byte	0x14b
 821 0305 0D030000 		.4byte	0x30d
 822 0309 E6000000 		.4byte	.LLST7
 823 030d 0F       		.uleb128 0xf
 824 030e 04       		.byte	0x4
 825 030f C7020000 		.4byte	0x2c7
 826 0313 13       		.uleb128 0x13
 827 0314 C0000000 		.4byte	.LVL20
 828 0318 A7010000 		.4byte	0x1a7
 829 031c 14       		.uleb128 0x14
 830 031d 01       		.uleb128 0x1
 831 031e 51       		.byte	0x51
 832 031f 15       		.uleb128 0x15
 833 0320 74       		.byte	0x74
 834 0321 00       		.sleb128 0
 835 0322 31       		.byte	0x31
 836 0323 24       		.byte	0x24
 837 0324 74       		.byte	0x74
 838 0325 00       		.sleb128 0
 839 0326 22       		.byte	0x22
 840 0327 31       		.byte	0x31
 841 0328 24       		.byte	0x24
 842 0329 03       		.byte	0x3
 843 032a 04000000 		.4byte	.LANCHOR0+4
 844 032e 22       		.byte	0x22
 845 032f 94       		.byte	0x94
 846 0330 02       		.byte	0x2
 847 0331 0A       		.byte	0xa
 848 0332 FFFF     		.2byte	0xffff
 849 0334 1A       		.byte	0x1a
 850 0335 00       		.byte	0
 851 0336 00       		.byte	0
 852 0337 13       		.uleb128 0x13
 853 0338 D4000000 		.4byte	.LVL23
 854 033c 0D010000 		.4byte	0x10d
 855 0340 14       		.uleb128 0x14
ARM GAS  C:\Users\LUCASC~1\AppData\Local\Temp\ccYICG8r.s 			page 23


 856 0341 01       		.uleb128 0x1
 857 0342 50       		.byte	0x50
 858 0343 05       		.uleb128 0x5
 859 0344 03       		.byte	0x3
 860 0345 18000000 		.4byte	.LANCHOR0+24
 861 0349 14       		.uleb128 0x14
 862 034a 01       		.uleb128 0x1
 863 034b 51       		.byte	0x51
 864 034c 05       		.uleb128 0x5
 865 034d 03       		.byte	0x3
 866 034e 0C000000 		.4byte	.LANCHOR0+12
 867 0352 00       		.byte	0
 868 0353 00       		.byte	0
 869 0354 1E       		.uleb128 0x1e
 870 0355 38010000 		.4byte	.LVL24
 871 0359 F4010000 		.4byte	0x1f4
 872 035d 1E       		.uleb128 0x1e
 873 035e 3C010000 		.4byte	.LVL25
 874 0362 95010000 		.4byte	0x195
 875 0366 00       		.byte	0
 876 0367 1B       		.uleb128 0x1b
 877 0368 85010000 		.4byte	0x185
 878 036c 77030000 		.4byte	0x377
 879 0370 1C       		.uleb128 0x1c
 880 0371 7D000000 		.4byte	0x7d
 881 0375 02       		.byte	0x2
 882 0376 00       		.byte	0
 883 0377 10       		.uleb128 0x10
 884 0378 67030000 		.4byte	0x367
 885 037c 1B       		.uleb128 0x1b
 886 037d 90010000 		.4byte	0x190
 887 0381 8C030000 		.4byte	0x38c
 888 0385 1C       		.uleb128 0x1c
 889 0386 7D000000 		.4byte	0x7d
 890 038a 05       		.byte	0x5
 891 038b 00       		.byte	0
 892 038c 10       		.uleb128 0x10
 893 038d 7C030000 		.4byte	0x37c
 894 0391 1F       		.uleb128 0x1f
 895 0392 B8000000 		.4byte	.LASF44
 896 0396 B8000000 		.4byte	.LASF44
 897 039a 20       		.uleb128 0x20
 898 039b 38020000 		.4byte	.LASF36
 899 039f 38020000 		.4byte	.LASF36
 900 03a3 04       		.byte	0x4
 901 03a4 6C       		.byte	0x6c
 902 03a5 20       		.uleb128 0x20
 903 03a6 1E000000 		.4byte	.LASF37
 904 03aa 1E000000 		.4byte	.LASF37
 905 03ae 04       		.byte	0x4
 906 03af BD       		.byte	0xbd
 907 03b0 20       		.uleb128 0x20
 908 03b1 D8000000 		.4byte	.LASF38
 909 03b5 D8000000 		.4byte	.LASF38
 910 03b9 04       		.byte	0x4
 911 03ba C3       		.byte	0xc3
 912 03bb 00       		.byte	0
ARM GAS  C:\Users\LUCASC~1\AppData\Local\Temp\ccYICG8r.s 			page 24


 913              		.section	.debug_abbrev,"",%progbits
 914              	.Ldebug_abbrev0:
 915 0000 01       		.uleb128 0x1
 916 0001 11       		.uleb128 0x11
 917 0002 01       		.byte	0x1
 918 0003 25       		.uleb128 0x25
 919 0004 0E       		.uleb128 0xe
 920 0005 13       		.uleb128 0x13
 921 0006 0B       		.uleb128 0xb
 922 0007 03       		.uleb128 0x3
 923 0008 0E       		.uleb128 0xe
 924 0009 1B       		.uleb128 0x1b
 925 000a 0E       		.uleb128 0xe
 926 000b 55       		.uleb128 0x55
 927 000c 17       		.uleb128 0x17
 928 000d 11       		.uleb128 0x11
 929 000e 01       		.uleb128 0x1
 930 000f 10       		.uleb128 0x10
 931 0010 17       		.uleb128 0x17
 932 0011 00       		.byte	0
 933 0012 00       		.byte	0
 934 0013 02       		.uleb128 0x2
 935 0014 24       		.uleb128 0x24
 936 0015 00       		.byte	0
 937 0016 0B       		.uleb128 0xb
 938 0017 0B       		.uleb128 0xb
 939 0018 3E       		.uleb128 0x3e
 940 0019 0B       		.uleb128 0xb
 941 001a 03       		.uleb128 0x3
 942 001b 08       		.uleb128 0x8
 943 001c 00       		.byte	0
 944 001d 00       		.byte	0
 945 001e 03       		.uleb128 0x3
 946 001f 16       		.uleb128 0x16
 947 0020 00       		.byte	0
 948 0021 03       		.uleb128 0x3
 949 0022 0E       		.uleb128 0xe
 950 0023 3A       		.uleb128 0x3a
 951 0024 0B       		.uleb128 0xb
 952 0025 3B       		.uleb128 0x3b
 953 0026 0B       		.uleb128 0xb
 954 0027 49       		.uleb128 0x49
 955 0028 13       		.uleb128 0x13
 956 0029 00       		.byte	0
 957 002a 00       		.byte	0
 958 002b 04       		.uleb128 0x4
 959 002c 24       		.uleb128 0x24
 960 002d 00       		.byte	0
 961 002e 0B       		.uleb128 0xb
 962 002f 0B       		.uleb128 0xb
 963 0030 3E       		.uleb128 0x3e
 964 0031 0B       		.uleb128 0xb
 965 0032 03       		.uleb128 0x3
 966 0033 0E       		.uleb128 0xe
 967 0034 00       		.byte	0
 968 0035 00       		.byte	0
 969 0036 05       		.uleb128 0x5
ARM GAS  C:\Users\LUCASC~1\AppData\Local\Temp\ccYICG8r.s 			page 25


 970 0037 0F       		.uleb128 0xf
 971 0038 00       		.byte	0
 972 0039 0B       		.uleb128 0xb
 973 003a 0B       		.uleb128 0xb
 974 003b 00       		.byte	0
 975 003c 00       		.byte	0
 976 003d 06       		.uleb128 0x6
 977 003e 16       		.uleb128 0x16
 978 003f 00       		.byte	0
 979 0040 03       		.uleb128 0x3
 980 0041 0E       		.uleb128 0xe
 981 0042 3A       		.uleb128 0x3a
 982 0043 0B       		.uleb128 0xb
 983 0044 3B       		.uleb128 0x3b
 984 0045 05       		.uleb128 0x5
 985 0046 49       		.uleb128 0x49
 986 0047 13       		.uleb128 0x13
 987 0048 00       		.byte	0
 988 0049 00       		.byte	0
 989 004a 07       		.uleb128 0x7
 990 004b 35       		.uleb128 0x35
 991 004c 00       		.byte	0
 992 004d 49       		.uleb128 0x49
 993 004e 13       		.uleb128 0x13
 994 004f 00       		.byte	0
 995 0050 00       		.byte	0
 996 0051 08       		.uleb128 0x8
 997 0052 13       		.uleb128 0x13
 998 0053 01       		.byte	0x1
 999 0054 0B       		.uleb128 0xb
 1000 0055 0B       		.uleb128 0xb
 1001 0056 3A       		.uleb128 0x3a
 1002 0057 0B       		.uleb128 0xb
 1003 0058 3B       		.uleb128 0x3b
 1004 0059 0B       		.uleb128 0xb
 1005 005a 01       		.uleb128 0x1
 1006 005b 13       		.uleb128 0x13
 1007 005c 00       		.byte	0
 1008 005d 00       		.byte	0
 1009 005e 09       		.uleb128 0x9
 1010 005f 0D       		.uleb128 0xd
 1011 0060 00       		.byte	0
 1012 0061 03       		.uleb128 0x3
 1013 0062 0E       		.uleb128 0xe
 1014 0063 3A       		.uleb128 0x3a
 1015 0064 0B       		.uleb128 0xb
 1016 0065 3B       		.uleb128 0x3b
 1017 0066 0B       		.uleb128 0xb
 1018 0067 49       		.uleb128 0x49
 1019 0068 13       		.uleb128 0x13
 1020 0069 38       		.uleb128 0x38
 1021 006a 0B       		.uleb128 0xb
 1022 006b 00       		.byte	0
 1023 006c 00       		.byte	0
 1024 006d 0A       		.uleb128 0xa
 1025 006e 2E       		.uleb128 0x2e
 1026 006f 01       		.byte	0x1
ARM GAS  C:\Users\LUCASC~1\AppData\Local\Temp\ccYICG8r.s 			page 26


 1027 0070 03       		.uleb128 0x3
 1028 0071 0E       		.uleb128 0xe
 1029 0072 3A       		.uleb128 0x3a
 1030 0073 0B       		.uleb128 0xb
 1031 0074 3B       		.uleb128 0x3b
 1032 0075 0B       		.uleb128 0xb
 1033 0076 27       		.uleb128 0x27
 1034 0077 19       		.uleb128 0x19
 1035 0078 11       		.uleb128 0x11
 1036 0079 01       		.uleb128 0x1
 1037 007a 12       		.uleb128 0x12
 1038 007b 06       		.uleb128 0x6
 1039 007c 40       		.uleb128 0x40
 1040 007d 18       		.uleb128 0x18
 1041 007e 9742     		.uleb128 0x2117
 1042 0080 19       		.uleb128 0x19
 1043 0081 01       		.uleb128 0x1
 1044 0082 13       		.uleb128 0x13
 1045 0083 00       		.byte	0
 1046 0084 00       		.byte	0
 1047 0085 0B       		.uleb128 0xb
 1048 0086 05       		.uleb128 0x5
 1049 0087 00       		.byte	0
 1050 0088 03       		.uleb128 0x3
 1051 0089 0E       		.uleb128 0xe
 1052 008a 3A       		.uleb128 0x3a
 1053 008b 0B       		.uleb128 0xb
 1054 008c 3B       		.uleb128 0x3b
 1055 008d 0B       		.uleb128 0xb
 1056 008e 49       		.uleb128 0x49
 1057 008f 13       		.uleb128 0x13
 1058 0090 02       		.uleb128 0x2
 1059 0091 18       		.uleb128 0x18
 1060 0092 00       		.byte	0
 1061 0093 00       		.byte	0
 1062 0094 0C       		.uleb128 0xc
 1063 0095 34       		.uleb128 0x34
 1064 0096 00       		.byte	0
 1065 0097 03       		.uleb128 0x3
 1066 0098 08       		.uleb128 0x8
 1067 0099 3A       		.uleb128 0x3a
 1068 009a 0B       		.uleb128 0xb
 1069 009b 3B       		.uleb128 0x3b
 1070 009c 0B       		.uleb128 0xb
 1071 009d 49       		.uleb128 0x49
 1072 009e 13       		.uleb128 0x13
 1073 009f 02       		.uleb128 0x2
 1074 00a0 17       		.uleb128 0x17
 1075 00a1 00       		.byte	0
 1076 00a2 00       		.byte	0
 1077 00a3 0D       		.uleb128 0xd
 1078 00a4 0B       		.uleb128 0xb
 1079 00a5 01       		.byte	0x1
 1080 00a6 11       		.uleb128 0x11
 1081 00a7 01       		.uleb128 0x1
 1082 00a8 12       		.uleb128 0x12
 1083 00a9 06       		.uleb128 0x6
ARM GAS  C:\Users\LUCASC~1\AppData\Local\Temp\ccYICG8r.s 			page 27


 1084 00aa 00       		.byte	0
 1085 00ab 00       		.byte	0
 1086 00ac 0E       		.uleb128 0xe
 1087 00ad 34       		.uleb128 0x34
 1088 00ae 00       		.byte	0
 1089 00af 03       		.uleb128 0x3
 1090 00b0 0E       		.uleb128 0xe
 1091 00b1 3A       		.uleb128 0x3a
 1092 00b2 0B       		.uleb128 0xb
 1093 00b3 3B       		.uleb128 0x3b
 1094 00b4 0B       		.uleb128 0xb
 1095 00b5 49       		.uleb128 0x49
 1096 00b6 13       		.uleb128 0x13
 1097 00b7 02       		.uleb128 0x2
 1098 00b8 17       		.uleb128 0x17
 1099 00b9 00       		.byte	0
 1100 00ba 00       		.byte	0
 1101 00bb 0F       		.uleb128 0xf
 1102 00bc 0F       		.uleb128 0xf
 1103 00bd 00       		.byte	0
 1104 00be 0B       		.uleb128 0xb
 1105 00bf 0B       		.uleb128 0xb
 1106 00c0 49       		.uleb128 0x49
 1107 00c1 13       		.uleb128 0x13
 1108 00c2 00       		.byte	0
 1109 00c3 00       		.byte	0
 1110 00c4 10       		.uleb128 0x10
 1111 00c5 26       		.uleb128 0x26
 1112 00c6 00       		.byte	0
 1113 00c7 49       		.uleb128 0x49
 1114 00c8 13       		.uleb128 0x13
 1115 00c9 00       		.byte	0
 1116 00ca 00       		.byte	0
 1117 00cb 11       		.uleb128 0x11
 1118 00cc 2E       		.uleb128 0x2e
 1119 00cd 00       		.byte	0
 1120 00ce 03       		.uleb128 0x3
 1121 00cf 0E       		.uleb128 0xe
 1122 00d0 3A       		.uleb128 0x3a
 1123 00d1 0B       		.uleb128 0xb
 1124 00d2 3B       		.uleb128 0x3b
 1125 00d3 05       		.uleb128 0x5
 1126 00d4 27       		.uleb128 0x27
 1127 00d5 19       		.uleb128 0x19
 1128 00d6 11       		.uleb128 0x11
 1129 00d7 01       		.uleb128 0x1
 1130 00d8 12       		.uleb128 0x12
 1131 00d9 06       		.uleb128 0x6
 1132 00da 40       		.uleb128 0x40
 1133 00db 18       		.uleb128 0x18
 1134 00dc 9742     		.uleb128 0x2117
 1135 00de 19       		.uleb128 0x19
 1136 00df 00       		.byte	0
 1137 00e0 00       		.byte	0
 1138 00e1 12       		.uleb128 0x12
 1139 00e2 05       		.uleb128 0x5
 1140 00e3 00       		.byte	0
ARM GAS  C:\Users\LUCASC~1\AppData\Local\Temp\ccYICG8r.s 			page 28


 1141 00e4 03       		.uleb128 0x3
 1142 00e5 08       		.uleb128 0x8
 1143 00e6 3A       		.uleb128 0x3a
 1144 00e7 0B       		.uleb128 0xb
 1145 00e8 3B       		.uleb128 0x3b
 1146 00e9 0B       		.uleb128 0xb
 1147 00ea 49       		.uleb128 0x49
 1148 00eb 13       		.uleb128 0x13
 1149 00ec 02       		.uleb128 0x2
 1150 00ed 17       		.uleb128 0x17
 1151 00ee 00       		.byte	0
 1152 00ef 00       		.byte	0
 1153 00f0 13       		.uleb128 0x13
 1154 00f1 898201   		.uleb128 0x4109
 1155 00f4 01       		.byte	0x1
 1156 00f5 11       		.uleb128 0x11
 1157 00f6 01       		.uleb128 0x1
 1158 00f7 31       		.uleb128 0x31
 1159 00f8 13       		.uleb128 0x13
 1160 00f9 00       		.byte	0
 1161 00fa 00       		.byte	0
 1162 00fb 14       		.uleb128 0x14
 1163 00fc 8A8201   		.uleb128 0x410a
 1164 00ff 00       		.byte	0
 1165 0100 02       		.uleb128 0x2
 1166 0101 18       		.uleb128 0x18
 1167 0102 9142     		.uleb128 0x2111
 1168 0104 18       		.uleb128 0x18
 1169 0105 00       		.byte	0
 1170 0106 00       		.byte	0
 1171 0107 15       		.uleb128 0x15
 1172 0108 898201   		.uleb128 0x4109
 1173 010b 01       		.byte	0x1
 1174 010c 11       		.uleb128 0x11
 1175 010d 01       		.uleb128 0x1
 1176 010e 31       		.uleb128 0x31
 1177 010f 13       		.uleb128 0x13
 1178 0110 01       		.uleb128 0x1
 1179 0111 13       		.uleb128 0x13
 1180 0112 00       		.byte	0
 1181 0113 00       		.byte	0
 1182 0114 16       		.uleb128 0x16
 1183 0115 2E       		.uleb128 0x2e
 1184 0116 01       		.byte	0x1
 1185 0117 3F       		.uleb128 0x3f
 1186 0118 19       		.uleb128 0x19
 1187 0119 03       		.uleb128 0x3
 1188 011a 0E       		.uleb128 0xe
 1189 011b 3A       		.uleb128 0x3a
 1190 011c 0B       		.uleb128 0xb
 1191 011d 3B       		.uleb128 0x3b
 1192 011e 05       		.uleb128 0x5
 1193 011f 27       		.uleb128 0x27
 1194 0120 19       		.uleb128 0x19
 1195 0121 11       		.uleb128 0x11
 1196 0122 01       		.uleb128 0x1
 1197 0123 12       		.uleb128 0x12
ARM GAS  C:\Users\LUCASC~1\AppData\Local\Temp\ccYICG8r.s 			page 29


 1198 0124 06       		.uleb128 0x6
 1199 0125 40       		.uleb128 0x40
 1200 0126 18       		.uleb128 0x18
 1201 0127 9742     		.uleb128 0x2117
 1202 0129 19       		.uleb128 0x19
 1203 012a 01       		.uleb128 0x1
 1204 012b 13       		.uleb128 0x13
 1205 012c 00       		.byte	0
 1206 012d 00       		.byte	0
 1207 012e 17       		.uleb128 0x17
 1208 012f 0B       		.uleb128 0xb
 1209 0130 01       		.byte	0x1
 1210 0131 11       		.uleb128 0x11
 1211 0132 01       		.uleb128 0x1
 1212 0133 12       		.uleb128 0x12
 1213 0134 06       		.uleb128 0x6
 1214 0135 01       		.uleb128 0x1
 1215 0136 13       		.uleb128 0x13
 1216 0137 00       		.byte	0
 1217 0138 00       		.byte	0
 1218 0139 18       		.uleb128 0x18
 1219 013a 34       		.uleb128 0x34
 1220 013b 00       		.byte	0
 1221 013c 03       		.uleb128 0x3
 1222 013d 0E       		.uleb128 0xe
 1223 013e 3A       		.uleb128 0x3a
 1224 013f 0B       		.uleb128 0xb
 1225 0140 3B       		.uleb128 0x3b
 1226 0141 05       		.uleb128 0x5
 1227 0142 49       		.uleb128 0x49
 1228 0143 13       		.uleb128 0x13
 1229 0144 02       		.uleb128 0x2
 1230 0145 18       		.uleb128 0x18
 1231 0146 00       		.byte	0
 1232 0147 00       		.byte	0
 1233 0148 19       		.uleb128 0x19
 1234 0149 13       		.uleb128 0x13
 1235 014a 01       		.byte	0x1
 1236 014b 0B       		.uleb128 0xb
 1237 014c 0B       		.uleb128 0xb
 1238 014d 3A       		.uleb128 0x3a
 1239 014e 0B       		.uleb128 0xb
 1240 014f 3B       		.uleb128 0x3b
 1241 0150 05       		.uleb128 0x5
 1242 0151 01       		.uleb128 0x1
 1243 0152 13       		.uleb128 0x13
 1244 0153 00       		.byte	0
 1245 0154 00       		.byte	0
 1246 0155 1A       		.uleb128 0x1a
 1247 0156 0D       		.uleb128 0xd
 1248 0157 00       		.byte	0
 1249 0158 03       		.uleb128 0x3
 1250 0159 0E       		.uleb128 0xe
 1251 015a 3A       		.uleb128 0x3a
 1252 015b 0B       		.uleb128 0xb
 1253 015c 3B       		.uleb128 0x3b
 1254 015d 05       		.uleb128 0x5
ARM GAS  C:\Users\LUCASC~1\AppData\Local\Temp\ccYICG8r.s 			page 30


 1255 015e 49       		.uleb128 0x49
 1256 015f 13       		.uleb128 0x13
 1257 0160 38       		.uleb128 0x38
 1258 0161 0B       		.uleb128 0xb
 1259 0162 00       		.byte	0
 1260 0163 00       		.byte	0
 1261 0164 1B       		.uleb128 0x1b
 1262 0165 01       		.uleb128 0x1
 1263 0166 01       		.byte	0x1
 1264 0167 49       		.uleb128 0x49
 1265 0168 13       		.uleb128 0x13
 1266 0169 01       		.uleb128 0x1
 1267 016a 13       		.uleb128 0x13
 1268 016b 00       		.byte	0
 1269 016c 00       		.byte	0
 1270 016d 1C       		.uleb128 0x1c
 1271 016e 21       		.uleb128 0x21
 1272 016f 00       		.byte	0
 1273 0170 49       		.uleb128 0x49
 1274 0171 13       		.uleb128 0x13
 1275 0172 2F       		.uleb128 0x2f
 1276 0173 0B       		.uleb128 0xb
 1277 0174 00       		.byte	0
 1278 0175 00       		.byte	0
 1279 0176 1D       		.uleb128 0x1d
 1280 0177 34       		.uleb128 0x34
 1281 0178 00       		.byte	0
 1282 0179 03       		.uleb128 0x3
 1283 017a 08       		.uleb128 0x8
 1284 017b 3A       		.uleb128 0x3a
 1285 017c 0B       		.uleb128 0xb
 1286 017d 3B       		.uleb128 0x3b
 1287 017e 05       		.uleb128 0x5
 1288 017f 49       		.uleb128 0x49
 1289 0180 13       		.uleb128 0x13
 1290 0181 02       		.uleb128 0x2
 1291 0182 17       		.uleb128 0x17
 1292 0183 00       		.byte	0
 1293 0184 00       		.byte	0
 1294 0185 1E       		.uleb128 0x1e
 1295 0186 898201   		.uleb128 0x4109
 1296 0189 00       		.byte	0
 1297 018a 11       		.uleb128 0x11
 1298 018b 01       		.uleb128 0x1
 1299 018c 31       		.uleb128 0x31
 1300 018d 13       		.uleb128 0x13
 1301 018e 00       		.byte	0
 1302 018f 00       		.byte	0
 1303 0190 1F       		.uleb128 0x1f
 1304 0191 2E       		.uleb128 0x2e
 1305 0192 00       		.byte	0
 1306 0193 3F       		.uleb128 0x3f
 1307 0194 19       		.uleb128 0x19
 1308 0195 3C       		.uleb128 0x3c
 1309 0196 19       		.uleb128 0x19
 1310 0197 6E       		.uleb128 0x6e
 1311 0198 0E       		.uleb128 0xe
ARM GAS  C:\Users\LUCASC~1\AppData\Local\Temp\ccYICG8r.s 			page 31


 1312 0199 03       		.uleb128 0x3
 1313 019a 0E       		.uleb128 0xe
 1314 019b 00       		.byte	0
 1315 019c 00       		.byte	0
 1316 019d 20       		.uleb128 0x20
 1317 019e 2E       		.uleb128 0x2e
 1318 019f 00       		.byte	0
 1319 01a0 3F       		.uleb128 0x3f
 1320 01a1 19       		.uleb128 0x19
 1321 01a2 3C       		.uleb128 0x3c
 1322 01a3 19       		.uleb128 0x19
 1323 01a4 6E       		.uleb128 0x6e
 1324 01a5 0E       		.uleb128 0xe
 1325 01a6 03       		.uleb128 0x3
 1326 01a7 0E       		.uleb128 0xe
 1327 01a8 3A       		.uleb128 0x3a
 1328 01a9 0B       		.uleb128 0xb
 1329 01aa 3B       		.uleb128 0x3b
 1330 01ab 0B       		.uleb128 0xb
 1331 01ac 00       		.byte	0
 1332 01ad 00       		.byte	0
 1333 01ae 00       		.byte	0
 1334              		.section	.debug_loc,"",%progbits
 1335              	.Ldebug_loc0:
 1336              	.LLST0:
 1337 0000 02000000 		.4byte	.LVL1
 1338 0004 08000000 		.4byte	.LVL2
 1339 0008 0200     		.2byte	0x2
 1340 000a 30       		.byte	0x30
 1341 000b 9F       		.byte	0x9f
 1342 000c 08000000 		.4byte	.LVL2
 1343 0010 30000000 		.4byte	.LVL11
 1344 0014 0100     		.2byte	0x1
 1345 0016 57       		.byte	0x57
 1346 0017 00000000 		.4byte	0
 1347 001b 00000000 		.4byte	0
 1348              	.LLST1:
 1349 001f 02000000 		.4byte	.LVL1
 1350 0023 08000000 		.4byte	.LVL2
 1351 0027 0200     		.2byte	0x2
 1352 0029 30       		.byte	0x30
 1353 002a 9F       		.byte	0x9f
 1354 002b 08000000 		.4byte	.LVL2
 1355 002f 30000000 		.4byte	.LVL10
 1356 0033 0100     		.2byte	0x1
 1357 0035 55       		.byte	0x55
 1358 0036 00000000 		.4byte	0
 1359 003a 00000000 		.4byte	0
 1360              	.LLST2:
 1361 003e 0C000000 		.4byte	.LVL3
 1362 0042 2C000000 		.4byte	.LVL9
 1363 0046 0100     		.2byte	0x1
 1364 0048 56       		.byte	0x56
 1365 0049 00000000 		.4byte	0
 1366 004d 00000000 		.4byte	0
 1367              	.LLST3:
 1368 0051 0E000000 		.4byte	.LVL4
ARM GAS  C:\Users\LUCASC~1\AppData\Local\Temp\ccYICG8r.s 			page 32


 1369 0055 24000000 		.4byte	.LVL7
 1370 0059 0100     		.2byte	0x1
 1371 005b 53       		.byte	0x53
 1372 005c 26000000 		.4byte	.LVL8
 1373 0060 2C000000 		.4byte	.LVL9
 1374 0064 0100     		.2byte	0x1
 1375 0066 53       		.byte	0x53
 1376 0067 00000000 		.4byte	0
 1377 006b 00000000 		.4byte	0
 1378              	.LLST4:
 1379 006f 00000000 		.4byte	.LVL12
 1380 0073 09000000 		.4byte	.LVL14-1
 1381 0077 0100     		.2byte	0x1
 1382 0079 50       		.byte	0x50
 1383 007a 09000000 		.4byte	.LVL14-1
 1384 007e 0C000000 		.4byte	.LFE1
 1385 0082 0400     		.2byte	0x4
 1386 0084 F3       		.byte	0xf3
 1387 0085 01       		.uleb128 0x1
 1388 0086 50       		.byte	0x50
 1389 0087 9F       		.byte	0x9f
 1390 0088 00000000 		.4byte	0
 1391 008c 00000000 		.4byte	0
 1392              	.LLST5:
 1393 0090 00000000 		.4byte	.LVL12
 1394 0094 06000000 		.4byte	.LVL13
 1395 0098 0100     		.2byte	0x1
 1396 009a 51       		.byte	0x51
 1397 009b 06000000 		.4byte	.LVL13
 1398 009f 09000000 		.4byte	.LVL14-1
 1399 00a3 0100     		.2byte	0x1
 1400 00a5 52       		.byte	0x52
 1401 00a6 09000000 		.4byte	.LVL14-1
 1402 00aa 0C000000 		.4byte	.LFE1
 1403 00ae 0400     		.2byte	0x4
 1404 00b0 F3       		.byte	0xf3
 1405 00b1 01       		.uleb128 0x1
 1406 00b2 51       		.byte	0x51
 1407 00b3 9F       		.byte	0x9f
 1408 00b4 00000000 		.4byte	0
 1409 00b8 00000000 		.4byte	0
 1410              	.LLST6:
 1411 00bc A0000000 		.4byte	.LVL18
 1412 00c0 A4000000 		.4byte	.LVL19
 1413 00c4 0200     		.2byte	0x2
 1414 00c6 30       		.byte	0x30
 1415 00c7 9F       		.byte	0x9f
 1416 00c8 A4000000 		.4byte	.LVL19
 1417 00cc C2000000 		.4byte	.LVL21
 1418 00d0 0100     		.2byte	0x1
 1419 00d2 54       		.byte	0x54
 1420 00d3 C4000000 		.4byte	.LVL22
 1421 00d7 3C010000 		.4byte	.LVL26
 1422 00db 0100     		.2byte	0x1
 1423 00dd 54       		.byte	0x54
 1424 00de 00000000 		.4byte	0
 1425 00e2 00000000 		.4byte	0
ARM GAS  C:\Users\LUCASC~1\AppData\Local\Temp\ccYICG8r.s 			page 33


 1426              	.LLST7:
 1427 00e6 A4000000 		.4byte	.LVL19
 1428 00ea C2000000 		.4byte	.LVL21
 1429 00ee 0B00     		.2byte	0xb
 1430 00f0 74       		.byte	0x74
 1431 00f1 00       		.sleb128 0
 1432 00f2 36       		.byte	0x36
 1433 00f3 1E       		.byte	0x1e
 1434 00f4 03       		.byte	0x3
 1435 00f5 00000000 		.4byte	cfg_memset_list.4971
 1436 00f9 22       		.byte	0x22
 1437 00fa 9F       		.byte	0x9f
 1438 00fb C2000000 		.4byte	.LVL21
 1439 00ff C4000000 		.4byte	.LVL22
 1440 0103 0B00     		.2byte	0xb
 1441 0105 74       		.byte	0x74
 1442 0106 7F       		.sleb128 -1
 1443 0107 36       		.byte	0x36
 1444 0108 1E       		.byte	0x1e
 1445 0109 03       		.byte	0x3
 1446 010a 00000000 		.4byte	cfg_memset_list.4971
 1447 010e 22       		.byte	0x22
 1448 010f 9F       		.byte	0x9f
 1449 0110 00000000 		.4byte	0
 1450 0114 00000000 		.4byte	0
 1451              		.section	.debug_aranges,"",%progbits
 1452 0000 3C000000 		.4byte	0x3c
 1453 0004 0200     		.2byte	0x2
 1454 0006 00000000 		.4byte	.Ldebug_info0
 1455 000a 04       		.byte	0x4
 1456 000b 00       		.byte	0
 1457 000c 0000     		.2byte	0
 1458 000e 0000     		.2byte	0
 1459 0010 00000000 		.4byte	.LFB4
 1460 0014 32000000 		.4byte	.LFE4-.LFB4
 1461 0018 00000000 		.4byte	.LFB6
 1462 001c 20000000 		.4byte	.LFE6-.LFB6
 1463 0020 00000000 		.4byte	.LFB1
 1464 0024 0C000000 		.4byte	.LFE1-.LFB1
 1465 0028 00000000 		.4byte	.LFB5
 1466 002c 9C000000 		.4byte	.LFE5-.LFB5
 1467 0030 9C000000 		.4byte	.LFB7
 1468 0034 DC000000 		.4byte	.LFE7-.LFB7
 1469 0038 00000000 		.4byte	0
 1470 003c 00000000 		.4byte	0
 1471              		.section	.debug_ranges,"",%progbits
 1472              	.Ldebug_ranges0:
 1473 0000 00000000 		.4byte	.LFB4
 1474 0004 32000000 		.4byte	.LFE4
 1475 0008 00000000 		.4byte	.LFB6
 1476 000c 20000000 		.4byte	.LFE6
 1477 0010 00000000 		.4byte	.LFB1
 1478 0014 0C000000 		.4byte	.LFE1
 1479 0018 00000000 		.4byte	.LFB5
 1480 001c 9C000000 		.4byte	.LFE5
 1481 0020 9C000000 		.4byte	.LFB7
 1482 0024 78010000 		.4byte	.LFE7
ARM GAS  C:\Users\LUCASC~1\AppData\Local\Temp\ccYICG8r.s 			page 34


 1483 0028 00000000 		.4byte	0
 1484 002c 00000000 		.4byte	0
 1485              		.section	.debug_line,"",%progbits
 1486              	.Ldebug_line0:
 1487 0000 74010000 		.section	.debug_str,"MS",%progbits,1
 1487      0200D600 
 1487      00000201 
 1487      FB0E0D00 
 1487      01010101 
 1488              	.LASF19:
 1489 0000 72656733 		.ascii	"reg32\000"
 1489      3200
 1490              	.LASF12:
 1491 0006 73697A65 		.ascii	"size_t\000"
 1491      5F7400
 1492              	.LASF42:
 1493 000d 416E616C 		.ascii	"AnalogSetDefault\000"
 1493      6F675365 
 1493      74446566 
 1493      61756C74 
 1493      00
 1494              	.LASF37:
 1495 001e 4379496E 		.ascii	"CyIntSetVector\000"
 1495      74536574 
 1495      56656374 
 1495      6F7200
 1496              	.LASF21:
 1497 002d 76616C75 		.ascii	"value\000"
 1497      6500
 1498              	.LASF26:
 1499 0033 636F756E 		.ascii	"count\000"
 1499      7400
 1500              	.LASF29:
 1501 0039 436C6F63 		.ascii	"ClockSetup\000"
 1501      6B536574 
 1501      757000
 1502              	.LASF30:
 1503 0044 63795F63 		.ascii	"cy_cfg_addr_table\000"
 1503      66675F61 
 1503      6464725F 
 1503      7461626C 
 1503      6500
 1504              	.LASF31:
 1505 0056 63795F63 		.ascii	"cy_cfg_data_table\000"
 1505      66675F64 
 1505      6174615F 
 1505      7461626C 
 1505      6500
 1506              	.LASF16:
 1507 0068 666C6F61 		.ascii	"float\000"
 1507      7400
 1508              	.LASF35:
 1509 006e 6366675F 		.ascii	"cfg_memset_list\000"
 1509      6D656D73 
 1509      65745F6C 
 1509      69737400 
 1510              	.LASF33:
ARM GAS  C:\Users\LUCASC~1\AppData\Local\Temp\ccYICG8r.s 			page 35


 1511 007e 73697A65 		.ascii	"size\000"
 1511      00
 1512              	.LASF18:
 1513 0083 72656738 		.ascii	"reg8\000"
 1513      00
 1514              	.LASF8:
 1515 0088 6C6F6E67 		.ascii	"long unsigned int\000"
 1515      20756E73 
 1515      69676E65 
 1515      6420696E 
 1515      7400
 1516              	.LASF13:
 1517 009a 75696E74 		.ascii	"uint8\000"
 1517      3800
 1518              	.LASF28:
 1519 00a0 43594D45 		.ascii	"CYMEMZERO\000"
 1519      4D5A4552 
 1519      4F00
 1520              	.LASF4:
 1521 00aa 756E7369 		.ascii	"unsigned char\000"
 1521      676E6564 
 1521      20636861 
 1521      7200
 1522              	.LASF44:
 1523 00b8 6D656D73 		.ascii	"memset\000"
 1523      657400
 1524              	.LASF17:
 1525 00bf 646F7562 		.ascii	"double\000"
 1525      6C6500
 1526              	.LASF27:
 1527 00c6 6366675F 		.ascii	"cfg_write_bytes32\000"
 1527      77726974 
 1527      655F6279 
 1527      74657333 
 1527      3200
 1528              	.LASF38:
 1529 00d8 4379496E 		.ascii	"CyIntEnable\000"
 1529      74456E61 
 1529      626C6500 
 1530              	.LASF23:
 1531 00e4 61646472 		.ascii	"addr_table\000"
 1531      5F746162 
 1531      6C6500
 1532              	.LASF14:
 1533 00ef 75696E74 		.ascii	"uint16\000"
 1533      313600
 1534              	.LASF24:
 1535 00f6 64617461 		.ascii	"data_table\000"
 1535      5F746162 
 1535      6C6500
 1536              	.LASF15:
 1537 0101 75696E74 		.ascii	"uint32\000"
 1537      333200
 1538              	.LASF0:
 1539 0108 756E7369 		.ascii	"unsigned int\000"
 1539      676E6564 
 1539      20696E74 
ARM GAS  C:\Users\LUCASC~1\AppData\Local\Temp\ccYICG8r.s 			page 36


 1539      00
 1540              	.LASF43:
 1541 0115 63796669 		.ascii	"cyfitter_cfg\000"
 1541      74746572 
 1541      5F636667 
 1541      00
 1542              	.LASF32:
 1543 0122 61646472 		.ascii	"address\000"
 1543      65737300 
 1544              	.LASF9:
 1545 012a 6C6F6E67 		.ascii	"long long unsigned int\000"
 1545      206C6F6E 
 1545      6720756E 
 1545      7369676E 
 1545      65642069 
 1546              	.LASF39:
 1547 0141 474E5520 		.ascii	"GNU C11 5.4.1 20160609 (release) [ARM/embedded-5-br"
 1547      43313120 
 1547      352E342E 
 1547      31203230 
 1547      31363036 
 1548 0174 616E6368 		.ascii	"anch revision 237715] -mcpu=cortex-m0 -mthumb -g -O"
 1548      20726576 
 1548      6973696F 
 1548      6E203233 
 1548      37373135 
 1549 01a7 67202D66 		.ascii	"g -ffunction-sections -ffat-lto-objects\000"
 1549      66756E63 
 1549      74696F6E 
 1549      2D736563 
 1549      74696F6E 
 1550              	.LASF34:
 1551 01cf 6366675F 		.ascii	"cfg_memset_t\000"
 1551      6D656D73 
 1551      65745F74 
 1551      00
 1552              	.LASF25:
 1553 01dc 62617365 		.ascii	"baseAddr\000"
 1553      41646472 
 1553      00
 1554              	.LASF10:
 1555 01e5 73697A65 		.ascii	"sizetype\000"
 1555      74797065 
 1555      00
 1556              	.LASF6:
 1557 01ee 73686F72 		.ascii	"short unsigned int\000"
 1557      7420756E 
 1557      7369676E 
 1557      65642069 
 1557      6E7400
 1558              	.LASF1:
 1559 0201 6C6F6E67 		.ascii	"long long int\000"
 1559      206C6F6E 
 1559      6720696E 
 1559      7400
 1560              	.LASF11:
 1561 020f 63686172 		.ascii	"char\000"
ARM GAS  C:\Users\LUCASC~1\AppData\Local\Temp\ccYICG8r.s 			page 37


 1561      00
 1562              	.LASF22:
 1563 0214 63795F63 		.ascii	"cy_cfg_addrvalue_t\000"
 1563      66675F61 
 1563      64647276 
 1563      616C7565 
 1563      5F7400
 1564              	.LASF20:
 1565 0227 6F666673 		.ascii	"offset\000"
 1565      657400
 1566              	.LASF5:
 1567 022e 73686F72 		.ascii	"short int\000"
 1567      7420696E 
 1567      7400
 1568              	.LASF36:
 1569 0238 43795379 		.ascii	"CySysClkWriteImoFreq\000"
 1569      73436C6B 
 1569      57726974 
 1569      65496D6F 
 1569      46726571 
 1570              	.LASF41:
 1571 024d 443A5C6A 		.ascii	"D:\\job\\MCU\\Others\\PSoC_train\\Workspace01\\Time"
 1571      6F625C4D 
 1571      43555C4F 
 1571      74686572 
 1571      735C5053 
 1572 027a 722E6379 		.ascii	"r.cydsn\000"
 1572      64736E00 
 1573              	.LASF7:
 1574 0282 6C6F6E67 		.ascii	"long int\000"
 1574      20696E74 
 1574      00
 1575              	.LASF2:
 1576 028b 6C6F6E67 		.ascii	"long double\000"
 1576      20646F75 
 1576      626C6500 
 1577              	.LASF3:
 1578 0297 7369676E 		.ascii	"signed char\000"
 1578      65642063 
 1578      68617200 
 1579              	.LASF40:
 1580 02a3 47656E65 		.ascii	"Generated_Source\\PSoC4\\cyfitter_cfg.c\000"
 1580      72617465 
 1580      645F536F 
 1580      75726365 
 1580      5C50536F 
 1581              		.ident	"GCC: (GNU Tools for ARM Embedded Processors) 5.4.1 20160609 (release) [ARM/embedded-5-bran
