ARM GAS  C:\Users\LUCASC~1\AppData\Local\Temp\cc3ZHWc6.s 			page 1


   1              		.syntax unified
   2              		.cpu cortex-m0
   3              		.fpu softvfp
   4              		.eabi_attribute 20, 1
   5              		.eabi_attribute 21, 1
   6              		.eabi_attribute 23, 3
   7              		.eabi_attribute 24, 1
   8              		.eabi_attribute 25, 1
   9              		.eabi_attribute 26, 1
  10              		.eabi_attribute 30, 1
  11              		.eabi_attribute 34, 0
  12              		.eabi_attribute 18, 4
  13              		.thumb
  14              		.syntax unified
  15              		.file	"main.c"
  16              		.text
  17              	.Ltext0:
  18              		.cfi_sections	.debug_frame
  19              		.section	.text.ISR_Function,"ax",%progbits
  20              		.align	2
  21              		.global	ISR_Function
  22              		.code	16
  23              		.thumb_func
  24              		.type	ISR_Function, %function
  25              	ISR_Function:
  26              	.LFB35:
  27              		.file 1 "main.c"
   1:main.c        **** /* ========================================
   2:main.c        ****  *
   3:main.c        ****  * Copyright YOUR COMPANY, THE YEAR
   4:main.c        ****  * All Rights Reserved
   5:main.c        ****  * UNPUBLISHED, LICENSED SOFTWARE.
   6:main.c        ****  *
   7:main.c        ****  * CONFIDENTIAL AND PROPRIETARY INFORMATION
   8:main.c        ****  * WHICH IS THE PROPERTY OF your company.
   9:main.c        ****  *
  10:main.c        ****  * ========================================
  11:main.c        **** */
  12:main.c        **** #include "project.h"
  13:main.c        **** 
  14:main.c        **** #define LED_OFF  1
  15:main.c        **** #define LED_ON   0
  16:main.c        **** 
  17:main.c        **** CY_ISR_PROTO(ISR_Function);
  18:main.c        **** 
  19:main.c        **** uint8 ISR_Flag =0;
  20:main.c        **** uint16 compare_value;
  21:main.c        **** uint8 Up =1;
  22:main.c        **** 
  23:main.c        **** int main(void)
  24:main.c        **** {
  25:main.c        ****     CyGlobalIntEnable; /* Enable global interrupts. */
  26:main.c        ****     Timer_1_Start();
  27:main.c        ****     Timer1_ISR_StartEx(ISR_Function);
  28:main.c        ****     PWM_1_Start();
  29:main.c        ****     /* Place your initialization/startup code here (e.g. MyInst_Start()) */
  30:main.c        **** 
ARM GAS  C:\Users\LUCASC~1\AppData\Local\Temp\cc3ZHWc6.s 			page 2


  31:main.c        ****     for(;;)
  32:main.c        ****     {
  33:main.c        ****         /* Place your application code here. */
  34:main.c        ****         if(ISR_Flag==1){
  35:main.c        ****             ISR_Flag=0;
  36:main.c        **** 
  37:main.c        ****             PWM_1_WriteCompare(compare_value);
  38:main.c        ****             
  39:main.c        ****             if(Up==1)
  40:main.c        ****             {
  41:main.c        ****                 compare_value+=10;
  42:main.c        ****                 if(compare_value==1000)
  43:main.c        ****                     Up=0;
  44:main.c        ****             }else{
  45:main.c        ****                 compare_value-=10;
  46:main.c        ****                 if(compare_value==0)
  47:main.c        ****                     Up=1;
  48:main.c        ****             }
  49:main.c        ****             
  50:main.c        ****           
  51:main.c        ****             
  52:main.c        ****             //LED_B_Write(~LED_B_Read());
  53:main.c        ****         }        
  54:main.c        ****     }
  55:main.c        **** }
  56:main.c        **** 
  57:main.c        **** CY_ISR(ISR_Function)
  58:main.c        **** {
  28              		.loc 1 58 0
  29              		.cfi_startproc
  30              		@ args = 0, pretend = 0, frame = 0
  31              		@ frame_needed = 0, uses_anonymous_args = 0
  32 0000 10B5     		push	{r4, lr}
  33              		.cfi_def_cfa_offset 8
  34              		.cfi_offset 4, -8
  35              		.cfi_offset 14, -4
  59:main.c        ****     ISR_Flag=1;
  36              		.loc 1 59 0
  37 0002 0122     		movs	r2, #1
  38 0004 024B     		ldr	r3, .L2
  39 0006 1A70     		strb	r2, [r3]
  60:main.c        ****     Timer_1_ClearInterrupt(Timer_1_INTR_MASK_TC);
  40              		.loc 1 60 0
  41 0008 0120     		movs	r0, #1
  42 000a FFF7FEFF 		bl	Timer_1_ClearInterrupt
  43              	.LVL0:
  61:main.c        **** }
  44              		.loc 1 61 0
  45              		@ sp needed
  46 000e 10BD     		pop	{r4, pc}
  47              	.L3:
  48              		.align	2
  49              	.L2:
  50 0010 00000000 		.word	.LANCHOR0
  51              		.cfi_endproc
  52              	.LFE35:
  53              		.size	ISR_Function, .-ISR_Function
ARM GAS  C:\Users\LUCASC~1\AppData\Local\Temp\cc3ZHWc6.s 			page 3


  54              		.section	.text.main,"ax",%progbits
  55              		.align	2
  56              		.global	main
  57              		.code	16
  58              		.thumb_func
  59              		.type	main, %function
  60              	main:
  61              	.LFB34:
  24:main.c        ****     CyGlobalIntEnable; /* Enable global interrupts. */
  62              		.loc 1 24 0
  63              		.cfi_startproc
  64              		@ Volatile: function does not return.
  65              		@ args = 0, pretend = 0, frame = 0
  66              		@ frame_needed = 0, uses_anonymous_args = 0
  67 0000 10B5     		push	{r4, lr}
  68              		.cfi_def_cfa_offset 8
  69              		.cfi_offset 4, -8
  70              		.cfi_offset 14, -4
  25:main.c        ****     Timer_1_Start();
  71              		.loc 1 25 0
  72              		.syntax divided
  73              	@ 25 "main.c" 1
  74 0002 62B6     		CPSIE   i
  75              	@ 0 "" 2
  26:main.c        ****     Timer1_ISR_StartEx(ISR_Function);
  76              		.loc 1 26 0
  77              		.thumb
  78              		.syntax unified
  79 0004 FFF7FEFF 		bl	Timer_1_Start
  80              	.LVL1:
  27:main.c        ****     PWM_1_Start();
  81              		.loc 1 27 0
  82 0008 1548     		ldr	r0, .L9
  83 000a FFF7FEFF 		bl	Timer1_ISR_StartEx
  84              	.LVL2:
  28:main.c        ****     /* Place your initialization/startup code here (e.g. MyInst_Start()) */
  85              		.loc 1 28 0
  86 000e FFF7FEFF 		bl	PWM_1_Start
  87              	.LVL3:
  88              	.L6:
  34:main.c        ****             ISR_Flag=0;
  89              		.loc 1 34 0
  90 0012 144B     		ldr	r3, .L9+4
  91 0014 1B78     		ldrb	r3, [r3]
  92 0016 012B     		cmp	r3, #1
  93 0018 FBD1     		bne	.L6
  35:main.c        **** 
  94              		.loc 1 35 0
  95 001a 0022     		movs	r2, #0
  96 001c 114B     		ldr	r3, .L9+4
  97 001e 1A70     		strb	r2, [r3]
  37:main.c        ****             
  98              		.loc 1 37 0
  99 0020 114B     		ldr	r3, .L9+8
 100 0022 1888     		ldrh	r0, [r3]
 101 0024 FFF7FEFF 		bl	PWM_1_WriteCompare
 102              	.LVL4:
ARM GAS  C:\Users\LUCASC~1\AppData\Local\Temp\cc3ZHWc6.s 			page 4


  39:main.c        ****             {
 103              		.loc 1 39 0
 104 0028 104B     		ldr	r3, .L9+12
 105 002a 1B78     		ldrb	r3, [r3]
 106 002c 012B     		cmp	r3, #1
 107 002e 0CD1     		bne	.L7
  41:main.c        ****                 if(compare_value==1000)
 108              		.loc 1 41 0
 109 0030 0D4A     		ldr	r2, .L9+8
 110 0032 1388     		ldrh	r3, [r2]
 111 0034 0A33     		adds	r3, r3, #10
 112 0036 9BB2     		uxth	r3, r3
 113 0038 1380     		strh	r3, [r2]
  42:main.c        ****                     Up=0;
 114              		.loc 1 42 0
 115 003a FA22     		movs	r2, #250
 116 003c 9200     		lsls	r2, r2, #2
 117 003e 9342     		cmp	r3, r2
 118 0040 E7D1     		bne	.L6
  43:main.c        ****             }else{
 119              		.loc 1 43 0
 120 0042 0022     		movs	r2, #0
 121 0044 094B     		ldr	r3, .L9+12
 122 0046 1A70     		strb	r2, [r3]
 123 0048 E3E7     		b	.L6
 124              	.L7:
  45:main.c        ****                 if(compare_value==0)
 125              		.loc 1 45 0
 126 004a 074A     		ldr	r2, .L9+8
 127 004c 1388     		ldrh	r3, [r2]
 128 004e 0A3B     		subs	r3, r3, #10
 129 0050 9BB2     		uxth	r3, r3
 130 0052 1380     		strh	r3, [r2]
  46:main.c        ****                     Up=1;
 131              		.loc 1 46 0
 132 0054 002B     		cmp	r3, #0
 133 0056 DCD1     		bne	.L6
  47:main.c        ****             }
 134              		.loc 1 47 0
 135 0058 0122     		movs	r2, #1
 136 005a 044B     		ldr	r3, .L9+12
 137 005c 1A70     		strb	r2, [r3]
 138 005e D8E7     		b	.L6
 139              	.L10:
 140              		.align	2
 141              	.L9:
 142 0060 00000000 		.word	ISR_Function
 143 0064 00000000 		.word	.LANCHOR0
 144 0068 00000000 		.word	compare_value
 145 006c 00000000 		.word	.LANCHOR1
 146              		.cfi_endproc
 147              	.LFE34:
 148              		.size	main, .-main
 149              		.global	Up
 150              		.comm	compare_value,2,2
 151              		.global	ISR_Flag
 152              		.data
ARM GAS  C:\Users\LUCASC~1\AppData\Local\Temp\cc3ZHWc6.s 			page 5


 153              		.set	.LANCHOR1,. + 0
 154              		.type	Up, %object
 155              		.size	Up, 1
 156              	Up:
 157 0000 01       		.byte	1
 158              		.bss
 159              		.set	.LANCHOR0,. + 0
 160              		.type	ISR_Flag, %object
 161              		.size	ISR_Flag, 1
 162              	ISR_Flag:
 163 0000 00       		.space	1
 164              		.text
 165              	.Letext0:
 166              		.file 2 "Generated_Source\\PSoC4/cytypes.h"
 167              		.file 3 "Generated_Source\\PSoC4/Timer_1.h"
 168              		.file 4 "Generated_Source\\PSoC4/Timer1_ISR.h"
 169              		.file 5 "Generated_Source\\PSoC4/PWM_1.h"
 170              		.section	.debug_info,"",%progbits
 171              	.Ldebug_info0:
 172 0000 8D010000 		.4byte	0x18d
 173 0004 0400     		.2byte	0x4
 174 0006 00000000 		.4byte	.Ldebug_abbrev0
 175 000a 04       		.byte	0x4
 176 000b 01       		.uleb128 0x1
 177 000c B9000000 		.4byte	.LASF24
 178 0010 0C       		.byte	0xc
 179 0011 71010000 		.4byte	.LASF25
 180 0015 94010000 		.4byte	.LASF26
 181 0019 00000000 		.4byte	.Ldebug_ranges0+0
 182 001d 00000000 		.4byte	0
 183 0021 00000000 		.4byte	.Ldebug_line0
 184 0025 02       		.uleb128 0x2
 185 0026 01       		.byte	0x1
 186 0027 06       		.byte	0x6
 187 0028 F1010000 		.4byte	.LASF0
 188 002c 02       		.uleb128 0x2
 189 002d 01       		.byte	0x1
 190 002e 08       		.byte	0x8
 191 002f 4B000000 		.4byte	.LASF1
 192 0033 02       		.uleb128 0x2
 193 0034 02       		.byte	0x2
 194 0035 05       		.byte	0x5
 195 0036 8A010000 		.4byte	.LASF2
 196 003a 02       		.uleb128 0x2
 197 003b 02       		.byte	0x2
 198 003c 07       		.byte	0x7
 199 003d 0E000000 		.4byte	.LASF3
 200 0041 02       		.uleb128 0x2
 201 0042 04       		.byte	0x4
 202 0043 05       		.byte	0x5
 203 0044 C9010000 		.4byte	.LASF4
 204 0048 02       		.uleb128 0x2
 205 0049 04       		.byte	0x4
 206 004a 07       		.byte	0x7
 207 004b 59000000 		.4byte	.LASF5
 208 004f 02       		.uleb128 0x2
 209 0050 08       		.byte	0x8
ARM GAS  C:\Users\LUCASC~1\AppData\Local\Temp\cc3ZHWc6.s 			page 6


 210 0051 05       		.byte	0x5
 211 0052 63010000 		.4byte	.LASF6
 212 0056 02       		.uleb128 0x2
 213 0057 08       		.byte	0x8
 214 0058 07       		.byte	0x7
 215 0059 A2000000 		.4byte	.LASF7
 216 005d 03       		.uleb128 0x3
 217 005e 04       		.byte	0x4
 218 005f 05       		.byte	0x5
 219 0060 696E7400 		.ascii	"int\000"
 220 0064 02       		.uleb128 0x2
 221 0065 04       		.byte	0x4
 222 0066 07       		.byte	0x7
 223 0067 21000000 		.4byte	.LASF8
 224 006b 04       		.uleb128 0x4
 225 006c 6B000000 		.4byte	.LASF9
 226 0070 02       		.byte	0x2
 227 0071 E401     		.2byte	0x1e4
 228 0073 2C000000 		.4byte	0x2c
 229 0077 04       		.uleb128 0x4
 230 0078 86000000 		.4byte	.LASF10
 231 007c 02       		.byte	0x2
 232 007d E501     		.2byte	0x1e5
 233 007f 3A000000 		.4byte	0x3a
 234 0083 04       		.uleb128 0x4
 235 0084 8D000000 		.4byte	.LASF11
 236 0088 02       		.byte	0x2
 237 0089 E601     		.2byte	0x1e6
 238 008b 48000000 		.4byte	0x48
 239 008f 02       		.uleb128 0x2
 240 0090 04       		.byte	0x4
 241 0091 04       		.byte	0x4
 242 0092 45000000 		.4byte	.LASF12
 243 0096 02       		.uleb128 0x2
 244 0097 08       		.byte	0x8
 245 0098 04       		.byte	0x4
 246 0099 71000000 		.4byte	.LASF13
 247 009d 02       		.uleb128 0x2
 248 009e 01       		.byte	0x1
 249 009f 08       		.byte	0x8
 250 00a0 78010000 		.4byte	.LASF14
 251 00a4 02       		.uleb128 0x2
 252 00a5 08       		.byte	0x8
 253 00a6 04       		.byte	0x4
 254 00a7 E5010000 		.4byte	.LASF15
 255 00ab 02       		.uleb128 0x2
 256 00ac 04       		.byte	0x4
 257 00ad 07       		.byte	0x7
 258 00ae 47010000 		.4byte	.LASF16
 259 00b2 05       		.uleb128 0x5
 260 00b3 7D010000 		.4byte	.LASF27
 261 00b7 01       		.byte	0x1
 262 00b8 39       		.byte	0x39
 263 00b9 00000000 		.4byte	.LFB35
 264 00bd 14000000 		.4byte	.LFE35-.LFB35
 265 00c1 01       		.uleb128 0x1
 266 00c2 9C       		.byte	0x9c
ARM GAS  C:\Users\LUCASC~1\AppData\Local\Temp\cc3ZHWc6.s 			page 7


 267 00c3 D7000000 		.4byte	0xd7
 268 00c7 06       		.uleb128 0x6
 269 00c8 0E000000 		.4byte	.LVL0
 270 00cc 55010000 		.4byte	0x155
 271 00d0 07       		.uleb128 0x7
 272 00d1 01       		.uleb128 0x1
 273 00d2 50       		.byte	0x50
 274 00d3 01       		.uleb128 0x1
 275 00d4 31       		.byte	0x31
 276 00d5 00       		.byte	0
 277 00d6 00       		.byte	0
 278 00d7 08       		.uleb128 0x8
 279 00d8 81000000 		.4byte	.LASF28
 280 00dc 01       		.byte	0x1
 281 00dd 17       		.byte	0x17
 282 00de 5D000000 		.4byte	0x5d
 283 00e2 00000000 		.4byte	.LFB34
 284 00e6 70000000 		.4byte	.LFE34-.LFB34
 285 00ea 01       		.uleb128 0x1
 286 00eb 9C       		.byte	0x9c
 287 00ec 23010000 		.4byte	0x123
 288 00f0 09       		.uleb128 0x9
 289 00f1 08000000 		.4byte	.LVL1
 290 00f5 61010000 		.4byte	0x161
 291 00f9 0A       		.uleb128 0xa
 292 00fa 0E000000 		.4byte	.LVL2
 293 00fe 6D010000 		.4byte	0x16d
 294 0102 10010000 		.4byte	0x110
 295 0106 07       		.uleb128 0x7
 296 0107 01       		.uleb128 0x1
 297 0108 50       		.byte	0x50
 298 0109 05       		.uleb128 0x5
 299 010a 03       		.byte	0x3
 300 010b 00000000 		.4byte	ISR_Function
 301 010f 00       		.byte	0
 302 0110 09       		.uleb128 0x9
 303 0111 12000000 		.4byte	.LVL3
 304 0115 78010000 		.4byte	0x178
 305 0119 09       		.uleb128 0x9
 306 011a 28000000 		.4byte	.LVL4
 307 011e 84010000 		.4byte	0x184
 308 0122 00       		.byte	0
 309 0123 0B       		.uleb128 0xb
 310 0124 78000000 		.4byte	.LASF17
 311 0128 01       		.byte	0x1
 312 0129 13       		.byte	0x13
 313 012a 6B000000 		.4byte	0x6b
 314 012e 05       		.uleb128 0x5
 315 012f 03       		.byte	0x3
 316 0130 00000000 		.4byte	ISR_Flag
 317 0134 0B       		.uleb128 0xb
 318 0135 00000000 		.4byte	.LASF18
 319 0139 01       		.byte	0x1
 320 013a 14       		.byte	0x14
 321 013b 77000000 		.4byte	0x77
 322 013f 05       		.uleb128 0x5
 323 0140 03       		.byte	0x3
ARM GAS  C:\Users\LUCASC~1\AppData\Local\Temp\cc3ZHWc6.s 			page 8


 324 0141 00000000 		.4byte	compare_value
 325 0145 0C       		.uleb128 0xc
 326 0146 557000   		.ascii	"Up\000"
 327 0149 01       		.byte	0x1
 328 014a 15       		.byte	0x15
 329 014b 6B000000 		.4byte	0x6b
 330 014f 05       		.uleb128 0x5
 331 0150 03       		.byte	0x3
 332 0151 00000000 		.4byte	Up
 333 0155 0D       		.uleb128 0xd
 334 0156 2E000000 		.4byte	.LASF19
 335 015a 2E000000 		.4byte	.LASF19
 336 015e 03       		.byte	0x3
 337 015f 4701     		.2byte	0x147
 338 0161 0D       		.uleb128 0xd
 339 0162 94000000 		.4byte	.LASF20
 340 0166 94000000 		.4byte	.LASF20
 341 016a 03       		.byte	0x3
 342 016b 3201     		.2byte	0x132
 343 016d 0E       		.uleb128 0xe
 344 016e D2010000 		.4byte	.LASF21
 345 0172 D2010000 		.4byte	.LASF21
 346 0176 04       		.byte	0x4
 347 0177 18       		.byte	0x18
 348 0178 0D       		.uleb128 0xd
 349 0179 FD010000 		.4byte	.LASF22
 350 017d FD010000 		.4byte	.LASF22
 351 0181 05       		.byte	0x5
 352 0182 3201     		.2byte	0x132
 353 0184 0D       		.uleb128 0xd
 354 0185 50010000 		.4byte	.LASF23
 355 0189 50010000 		.4byte	.LASF23
 356 018d 05       		.byte	0x5
 357 018e 5501     		.2byte	0x155
 358 0190 00       		.byte	0
 359              		.section	.debug_abbrev,"",%progbits
 360              	.Ldebug_abbrev0:
 361 0000 01       		.uleb128 0x1
 362 0001 11       		.uleb128 0x11
 363 0002 01       		.byte	0x1
 364 0003 25       		.uleb128 0x25
 365 0004 0E       		.uleb128 0xe
 366 0005 13       		.uleb128 0x13
 367 0006 0B       		.uleb128 0xb
 368 0007 03       		.uleb128 0x3
 369 0008 0E       		.uleb128 0xe
 370 0009 1B       		.uleb128 0x1b
 371 000a 0E       		.uleb128 0xe
 372 000b 55       		.uleb128 0x55
 373 000c 17       		.uleb128 0x17
 374 000d 11       		.uleb128 0x11
 375 000e 01       		.uleb128 0x1
 376 000f 10       		.uleb128 0x10
 377 0010 17       		.uleb128 0x17
 378 0011 00       		.byte	0
 379 0012 00       		.byte	0
 380 0013 02       		.uleb128 0x2
ARM GAS  C:\Users\LUCASC~1\AppData\Local\Temp\cc3ZHWc6.s 			page 9


 381 0014 24       		.uleb128 0x24
 382 0015 00       		.byte	0
 383 0016 0B       		.uleb128 0xb
 384 0017 0B       		.uleb128 0xb
 385 0018 3E       		.uleb128 0x3e
 386 0019 0B       		.uleb128 0xb
 387 001a 03       		.uleb128 0x3
 388 001b 0E       		.uleb128 0xe
 389 001c 00       		.byte	0
 390 001d 00       		.byte	0
 391 001e 03       		.uleb128 0x3
 392 001f 24       		.uleb128 0x24
 393 0020 00       		.byte	0
 394 0021 0B       		.uleb128 0xb
 395 0022 0B       		.uleb128 0xb
 396 0023 3E       		.uleb128 0x3e
 397 0024 0B       		.uleb128 0xb
 398 0025 03       		.uleb128 0x3
 399 0026 08       		.uleb128 0x8
 400 0027 00       		.byte	0
 401 0028 00       		.byte	0
 402 0029 04       		.uleb128 0x4
 403 002a 16       		.uleb128 0x16
 404 002b 00       		.byte	0
 405 002c 03       		.uleb128 0x3
 406 002d 0E       		.uleb128 0xe
 407 002e 3A       		.uleb128 0x3a
 408 002f 0B       		.uleb128 0xb
 409 0030 3B       		.uleb128 0x3b
 410 0031 05       		.uleb128 0x5
 411 0032 49       		.uleb128 0x49
 412 0033 13       		.uleb128 0x13
 413 0034 00       		.byte	0
 414 0035 00       		.byte	0
 415 0036 05       		.uleb128 0x5
 416 0037 2E       		.uleb128 0x2e
 417 0038 01       		.byte	0x1
 418 0039 3F       		.uleb128 0x3f
 419 003a 19       		.uleb128 0x19
 420 003b 03       		.uleb128 0x3
 421 003c 0E       		.uleb128 0xe
 422 003d 3A       		.uleb128 0x3a
 423 003e 0B       		.uleb128 0xb
 424 003f 3B       		.uleb128 0x3b
 425 0040 0B       		.uleb128 0xb
 426 0041 27       		.uleb128 0x27
 427 0042 19       		.uleb128 0x19
 428 0043 11       		.uleb128 0x11
 429 0044 01       		.uleb128 0x1
 430 0045 12       		.uleb128 0x12
 431 0046 06       		.uleb128 0x6
 432 0047 40       		.uleb128 0x40
 433 0048 18       		.uleb128 0x18
 434 0049 9742     		.uleb128 0x2117
 435 004b 19       		.uleb128 0x19
 436 004c 01       		.uleb128 0x1
 437 004d 13       		.uleb128 0x13
ARM GAS  C:\Users\LUCASC~1\AppData\Local\Temp\cc3ZHWc6.s 			page 10


 438 004e 00       		.byte	0
 439 004f 00       		.byte	0
 440 0050 06       		.uleb128 0x6
 441 0051 898201   		.uleb128 0x4109
 442 0054 01       		.byte	0x1
 443 0055 11       		.uleb128 0x11
 444 0056 01       		.uleb128 0x1
 445 0057 31       		.uleb128 0x31
 446 0058 13       		.uleb128 0x13
 447 0059 00       		.byte	0
 448 005a 00       		.byte	0
 449 005b 07       		.uleb128 0x7
 450 005c 8A8201   		.uleb128 0x410a
 451 005f 00       		.byte	0
 452 0060 02       		.uleb128 0x2
 453 0061 18       		.uleb128 0x18
 454 0062 9142     		.uleb128 0x2111
 455 0064 18       		.uleb128 0x18
 456 0065 00       		.byte	0
 457 0066 00       		.byte	0
 458 0067 08       		.uleb128 0x8
 459 0068 2E       		.uleb128 0x2e
 460 0069 01       		.byte	0x1
 461 006a 3F       		.uleb128 0x3f
 462 006b 19       		.uleb128 0x19
 463 006c 03       		.uleb128 0x3
 464 006d 0E       		.uleb128 0xe
 465 006e 3A       		.uleb128 0x3a
 466 006f 0B       		.uleb128 0xb
 467 0070 3B       		.uleb128 0x3b
 468 0071 0B       		.uleb128 0xb
 469 0072 27       		.uleb128 0x27
 470 0073 19       		.uleb128 0x19
 471 0074 49       		.uleb128 0x49
 472 0075 13       		.uleb128 0x13
 473 0076 8701     		.uleb128 0x87
 474 0078 19       		.uleb128 0x19
 475 0079 11       		.uleb128 0x11
 476 007a 01       		.uleb128 0x1
 477 007b 12       		.uleb128 0x12
 478 007c 06       		.uleb128 0x6
 479 007d 40       		.uleb128 0x40
 480 007e 18       		.uleb128 0x18
 481 007f 9742     		.uleb128 0x2117
 482 0081 19       		.uleb128 0x19
 483 0082 01       		.uleb128 0x1
 484 0083 13       		.uleb128 0x13
 485 0084 00       		.byte	0
 486 0085 00       		.byte	0
 487 0086 09       		.uleb128 0x9
 488 0087 898201   		.uleb128 0x4109
 489 008a 00       		.byte	0
 490 008b 11       		.uleb128 0x11
 491 008c 01       		.uleb128 0x1
 492 008d 31       		.uleb128 0x31
 493 008e 13       		.uleb128 0x13
 494 008f 00       		.byte	0
ARM GAS  C:\Users\LUCASC~1\AppData\Local\Temp\cc3ZHWc6.s 			page 11


 495 0090 00       		.byte	0
 496 0091 0A       		.uleb128 0xa
 497 0092 898201   		.uleb128 0x4109
 498 0095 01       		.byte	0x1
 499 0096 11       		.uleb128 0x11
 500 0097 01       		.uleb128 0x1
 501 0098 31       		.uleb128 0x31
 502 0099 13       		.uleb128 0x13
 503 009a 01       		.uleb128 0x1
 504 009b 13       		.uleb128 0x13
 505 009c 00       		.byte	0
 506 009d 00       		.byte	0
 507 009e 0B       		.uleb128 0xb
 508 009f 34       		.uleb128 0x34
 509 00a0 00       		.byte	0
 510 00a1 03       		.uleb128 0x3
 511 00a2 0E       		.uleb128 0xe
 512 00a3 3A       		.uleb128 0x3a
 513 00a4 0B       		.uleb128 0xb
 514 00a5 3B       		.uleb128 0x3b
 515 00a6 0B       		.uleb128 0xb
 516 00a7 49       		.uleb128 0x49
 517 00a8 13       		.uleb128 0x13
 518 00a9 3F       		.uleb128 0x3f
 519 00aa 19       		.uleb128 0x19
 520 00ab 02       		.uleb128 0x2
 521 00ac 18       		.uleb128 0x18
 522 00ad 00       		.byte	0
 523 00ae 00       		.byte	0
 524 00af 0C       		.uleb128 0xc
 525 00b0 34       		.uleb128 0x34
 526 00b1 00       		.byte	0
 527 00b2 03       		.uleb128 0x3
 528 00b3 08       		.uleb128 0x8
 529 00b4 3A       		.uleb128 0x3a
 530 00b5 0B       		.uleb128 0xb
 531 00b6 3B       		.uleb128 0x3b
 532 00b7 0B       		.uleb128 0xb
 533 00b8 49       		.uleb128 0x49
 534 00b9 13       		.uleb128 0x13
 535 00ba 3F       		.uleb128 0x3f
 536 00bb 19       		.uleb128 0x19
 537 00bc 02       		.uleb128 0x2
 538 00bd 18       		.uleb128 0x18
 539 00be 00       		.byte	0
 540 00bf 00       		.byte	0
 541 00c0 0D       		.uleb128 0xd
 542 00c1 2E       		.uleb128 0x2e
 543 00c2 00       		.byte	0
 544 00c3 3F       		.uleb128 0x3f
 545 00c4 19       		.uleb128 0x19
 546 00c5 3C       		.uleb128 0x3c
 547 00c6 19       		.uleb128 0x19
 548 00c7 6E       		.uleb128 0x6e
 549 00c8 0E       		.uleb128 0xe
 550 00c9 03       		.uleb128 0x3
 551 00ca 0E       		.uleb128 0xe
ARM GAS  C:\Users\LUCASC~1\AppData\Local\Temp\cc3ZHWc6.s 			page 12


 552 00cb 3A       		.uleb128 0x3a
 553 00cc 0B       		.uleb128 0xb
 554 00cd 3B       		.uleb128 0x3b
 555 00ce 05       		.uleb128 0x5
 556 00cf 00       		.byte	0
 557 00d0 00       		.byte	0
 558 00d1 0E       		.uleb128 0xe
 559 00d2 2E       		.uleb128 0x2e
 560 00d3 00       		.byte	0
 561 00d4 3F       		.uleb128 0x3f
 562 00d5 19       		.uleb128 0x19
 563 00d6 3C       		.uleb128 0x3c
 564 00d7 19       		.uleb128 0x19
 565 00d8 6E       		.uleb128 0x6e
 566 00d9 0E       		.uleb128 0xe
 567 00da 03       		.uleb128 0x3
 568 00db 0E       		.uleb128 0xe
 569 00dc 3A       		.uleb128 0x3a
 570 00dd 0B       		.uleb128 0xb
 571 00de 3B       		.uleb128 0x3b
 572 00df 0B       		.uleb128 0xb
 573 00e0 00       		.byte	0
 574 00e1 00       		.byte	0
 575 00e2 00       		.byte	0
 576              		.section	.debug_aranges,"",%progbits
 577 0000 24000000 		.4byte	0x24
 578 0004 0200     		.2byte	0x2
 579 0006 00000000 		.4byte	.Ldebug_info0
 580 000a 04       		.byte	0x4
 581 000b 00       		.byte	0
 582 000c 0000     		.2byte	0
 583 000e 0000     		.2byte	0
 584 0010 00000000 		.4byte	.LFB35
 585 0014 14000000 		.4byte	.LFE35-.LFB35
 586 0018 00000000 		.4byte	.LFB34
 587 001c 70000000 		.4byte	.LFE34-.LFB34
 588 0020 00000000 		.4byte	0
 589 0024 00000000 		.4byte	0
 590              		.section	.debug_ranges,"",%progbits
 591              	.Ldebug_ranges0:
 592 0000 00000000 		.4byte	.LFB35
 593 0004 14000000 		.4byte	.LFE35
 594 0008 00000000 		.4byte	.LFB34
 595 000c 70000000 		.4byte	.LFE34
 596 0010 00000000 		.4byte	0
 597 0014 00000000 		.4byte	0
 598              		.section	.debug_line,"",%progbits
 599              	.Ldebug_line0:
 600 0000 9E000000 		.section	.debug_str,"MS",%progbits,1
 600      02006900 
 600      00000201 
 600      FB0E0D00 
 600      01010101 
 601              	.LASF18:
 602 0000 636F6D70 		.ascii	"compare_value\000"
 602      6172655F 
 602      76616C75 
ARM GAS  C:\Users\LUCASC~1\AppData\Local\Temp\cc3ZHWc6.s 			page 13


 602      6500
 603              	.LASF3:
 604 000e 73686F72 		.ascii	"short unsigned int\000"
 604      7420756E 
 604      7369676E 
 604      65642069 
 604      6E7400
 605              	.LASF8:
 606 0021 756E7369 		.ascii	"unsigned int\000"
 606      676E6564 
 606      20696E74 
 606      00
 607              	.LASF19:
 608 002e 54696D65 		.ascii	"Timer_1_ClearInterrupt\000"
 608      725F315F 
 608      436C6561 
 608      72496E74 
 608      65727275 
 609              	.LASF12:
 610 0045 666C6F61 		.ascii	"float\000"
 610      7400
 611              	.LASF1:
 612 004b 756E7369 		.ascii	"unsigned char\000"
 612      676E6564 
 612      20636861 
 612      7200
 613              	.LASF5:
 614 0059 6C6F6E67 		.ascii	"long unsigned int\000"
 614      20756E73 
 614      69676E65 
 614      6420696E 
 614      7400
 615              	.LASF9:
 616 006b 75696E74 		.ascii	"uint8\000"
 616      3800
 617              	.LASF13:
 618 0071 646F7562 		.ascii	"double\000"
 618      6C6500
 619              	.LASF17:
 620 0078 4953525F 		.ascii	"ISR_Flag\000"
 620      466C6167 
 620      00
 621              	.LASF28:
 622 0081 6D61696E 		.ascii	"main\000"
 622      00
 623              	.LASF10:
 624 0086 75696E74 		.ascii	"uint16\000"
 624      313600
 625              	.LASF11:
 626 008d 75696E74 		.ascii	"uint32\000"
 626      333200
 627              	.LASF20:
 628 0094 54696D65 		.ascii	"Timer_1_Start\000"
 628      725F315F 
 628      53746172 
 628      7400
 629              	.LASF7:
ARM GAS  C:\Users\LUCASC~1\AppData\Local\Temp\cc3ZHWc6.s 			page 14


 630 00a2 6C6F6E67 		.ascii	"long long unsigned int\000"
 630      206C6F6E 
 630      6720756E 
 630      7369676E 
 630      65642069 
 631              	.LASF24:
 632 00b9 474E5520 		.ascii	"GNU C11 5.4.1 20160609 (release) [ARM/embedded-5-br"
 632      43313120 
 632      352E342E 
 632      31203230 
 632      31363036 
 633 00ec 616E6368 		.ascii	"anch revision 237715] -mcpu=cortex-m0 -mthumb -g -O"
 633      20726576 
 633      6973696F 
 633      6E203233 
 633      37373135 
 634 011f 67202D66 		.ascii	"g -ffunction-sections -ffat-lto-objects\000"
 634      66756E63 
 634      74696F6E 
 634      2D736563 
 634      74696F6E 
 635              	.LASF16:
 636 0147 73697A65 		.ascii	"sizetype\000"
 636      74797065 
 636      00
 637              	.LASF23:
 638 0150 50574D5F 		.ascii	"PWM_1_WriteCompare\000"
 638      315F5772 
 638      69746543 
 638      6F6D7061 
 638      726500
 639              	.LASF6:
 640 0163 6C6F6E67 		.ascii	"long long int\000"
 640      206C6F6E 
 640      6720696E 
 640      7400
 641              	.LASF25:
 642 0171 6D61696E 		.ascii	"main.c\000"
 642      2E6300
 643              	.LASF14:
 644 0178 63686172 		.ascii	"char\000"
 644      00
 645              	.LASF27:
 646 017d 4953525F 		.ascii	"ISR_Function\000"
 646      46756E63 
 646      74696F6E 
 646      00
 647              	.LASF2:
 648 018a 73686F72 		.ascii	"short int\000"
 648      7420696E 
 648      7400
 649              	.LASF26:
 650 0194 443A5C6A 		.ascii	"D:\\job\\MCU\\Others\\PSoC_train\\Workspace01\\Time"
 650      6F625C4D 
 650      43555C4F 
 650      74686572 
 650      735C5053 
ARM GAS  C:\Users\LUCASC~1\AppData\Local\Temp\cc3ZHWc6.s 			page 15


 651 01c1 722E6379 		.ascii	"r.cydsn\000"
 651      64736E00 
 652              	.LASF4:
 653 01c9 6C6F6E67 		.ascii	"long int\000"
 653      20696E74 
 653      00
 654              	.LASF21:
 655 01d2 54696D65 		.ascii	"Timer1_ISR_StartEx\000"
 655      72315F49 
 655      53525F53 
 655      74617274 
 655      457800
 656              	.LASF15:
 657 01e5 6C6F6E67 		.ascii	"long double\000"
 657      20646F75 
 657      626C6500 
 658              	.LASF0:
 659 01f1 7369676E 		.ascii	"signed char\000"
 659      65642063 
 659      68617200 
 660              	.LASF22:
 661 01fd 50574D5F 		.ascii	"PWM_1_Start\000"
 661      315F5374 
 661      61727400 
 662              		.ident	"GCC: (GNU Tools for ARM Embedded Processors) 5.4.1 20160609 (release) [ARM/embedded-5-bran
