ARM GAS  C:\Users\User\AppData\Local\Temp\ccQ4UCso.s 			page 1


   1              		.syntax unified
   2              		.cpu cortex-m0
   3              		.fpu softvfp
   4              		.eabi_attribute 20, 1
   5              		.eabi_attribute 21, 1
   6              		.eabi_attribute 23, 3
   7              		.eabi_attribute 24, 1
   8              		.eabi_attribute 25, 1
   9              		.eabi_attribute 26, 1
  10              		.eabi_attribute 30, 1
  11              		.eabi_attribute 34, 0
  12              		.eabi_attribute 18, 4
  13              		.thumb
  14              		.syntax unified
  15              		.file	"cyfitter_cfg.c"
  16              		.text
  17              	.Ltext0:
  18              		.cfi_sections	.debug_frame
  19              		.section	.text.AnalogSetDefault,"ax",%progbits
  20              		.align	2
  21              		.code	16
  22              		.thumb_func
  23              		.type	AnalogSetDefault, %function
  24              	AnalogSetDefault:
  25              	.LFB5:
  26              		.file 1 "Generated_Source\\PSoC4\\cyfitter_cfg.c"
   1:Generated_Source\PSoC4/cyfitter_cfg.c **** 
   2:Generated_Source\PSoC4/cyfitter_cfg.c **** /*******************************************************************************
   3:Generated_Source\PSoC4/cyfitter_cfg.c **** * File Name: cyfitter_cfg.c
   4:Generated_Source\PSoC4/cyfitter_cfg.c **** * 
   5:Generated_Source\PSoC4/cyfitter_cfg.c **** * PSoC Creator  4.2
   6:Generated_Source\PSoC4/cyfitter_cfg.c **** *
   7:Generated_Source\PSoC4/cyfitter_cfg.c **** * Description:
   8:Generated_Source\PSoC4/cyfitter_cfg.c **** * This file contains device initialization code.
   9:Generated_Source\PSoC4/cyfitter_cfg.c **** * Except for the user defined sections in CyClockStartupError(), this file should not be modified.
  10:Generated_Source\PSoC4/cyfitter_cfg.c **** * This file is automatically generated by PSoC Creator.
  11:Generated_Source\PSoC4/cyfitter_cfg.c **** *
  12:Generated_Source\PSoC4/cyfitter_cfg.c **** ********************************************************************************
  13:Generated_Source\PSoC4/cyfitter_cfg.c **** * Copyright (c) 2007-2018 Cypress Semiconductor.  All rights reserved.
  14:Generated_Source\PSoC4/cyfitter_cfg.c **** * You may use this file only in accordance with the license, terms, conditions, 
  15:Generated_Source\PSoC4/cyfitter_cfg.c **** * disclaimers, and limitations in the end user license agreement accompanying 
  16:Generated_Source\PSoC4/cyfitter_cfg.c **** * the software package with which this file was provided.
  17:Generated_Source\PSoC4/cyfitter_cfg.c **** ********************************************************************************/
  18:Generated_Source\PSoC4/cyfitter_cfg.c **** 
  19:Generated_Source\PSoC4/cyfitter_cfg.c **** #include <string.h>
  20:Generated_Source\PSoC4/cyfitter_cfg.c **** #include "cytypes.h"
  21:Generated_Source\PSoC4/cyfitter_cfg.c **** #include "cydevice_trm.h"
  22:Generated_Source\PSoC4/cyfitter_cfg.c **** #include "cyfitter.h"
  23:Generated_Source\PSoC4/cyfitter_cfg.c **** #include "CyLib.h"
  24:Generated_Source\PSoC4/cyfitter_cfg.c **** #include "CyLFClk.h"
  25:Generated_Source\PSoC4/cyfitter_cfg.c **** #include "cyfitter_cfg.h"
  26:Generated_Source\PSoC4/cyfitter_cfg.c **** #include "cyapicallbacks.h"
  27:Generated_Source\PSoC4/cyfitter_cfg.c **** 
  28:Generated_Source\PSoC4/cyfitter_cfg.c **** 
  29:Generated_Source\PSoC4/cyfitter_cfg.c **** #if defined(__GNUC__) || defined(__ARMCC_VERSION)
  30:Generated_Source\PSoC4/cyfitter_cfg.c ****     #define CYPACKED 
  31:Generated_Source\PSoC4/cyfitter_cfg.c ****     #define CYPACKED_ATTR __attribute__ ((packed))
ARM GAS  C:\Users\User\AppData\Local\Temp\ccQ4UCso.s 			page 2


  32:Generated_Source\PSoC4/cyfitter_cfg.c ****     #define CYALIGNED __attribute__ ((aligned))
  33:Generated_Source\PSoC4/cyfitter_cfg.c ****     #define CY_CFG_UNUSED __attribute__ ((unused))
  34:Generated_Source\PSoC4/cyfitter_cfg.c ****     #ifndef CY_CFG_SECTION
  35:Generated_Source\PSoC4/cyfitter_cfg.c ****         #define CY_CFG_SECTION __attribute__ ((section(".psocinit")))
  36:Generated_Source\PSoC4/cyfitter_cfg.c ****     #endif
  37:Generated_Source\PSoC4/cyfitter_cfg.c ****     
  38:Generated_Source\PSoC4/cyfitter_cfg.c ****     #if defined(__ARMCC_VERSION)
  39:Generated_Source\PSoC4/cyfitter_cfg.c ****         #define CY_CFG_MEMORY_BARRIER() __memory_changed()
  40:Generated_Source\PSoC4/cyfitter_cfg.c ****     #else
  41:Generated_Source\PSoC4/cyfitter_cfg.c ****         #define CY_CFG_MEMORY_BARRIER() __sync_synchronize()
  42:Generated_Source\PSoC4/cyfitter_cfg.c ****     #endif
  43:Generated_Source\PSoC4/cyfitter_cfg.c ****     
  44:Generated_Source\PSoC4/cyfitter_cfg.c **** #elif defined(__ICCARM__)
  45:Generated_Source\PSoC4/cyfitter_cfg.c ****     #include <intrinsics.h>
  46:Generated_Source\PSoC4/cyfitter_cfg.c **** 
  47:Generated_Source\PSoC4/cyfitter_cfg.c ****     #define CYPACKED __packed
  48:Generated_Source\PSoC4/cyfitter_cfg.c ****     #define CYPACKED_ATTR 
  49:Generated_Source\PSoC4/cyfitter_cfg.c ****     #define CYALIGNED _Pragma("data_alignment=4")
  50:Generated_Source\PSoC4/cyfitter_cfg.c ****     #define CY_CFG_UNUSED _Pragma("diag_suppress=Pe177")
  51:Generated_Source\PSoC4/cyfitter_cfg.c ****     #define CY_CFG_SECTION _Pragma("location=\".psocinit\"")
  52:Generated_Source\PSoC4/cyfitter_cfg.c ****     
  53:Generated_Source\PSoC4/cyfitter_cfg.c ****     #define CY_CFG_MEMORY_BARRIER() __DMB()
  54:Generated_Source\PSoC4/cyfitter_cfg.c ****     
  55:Generated_Source\PSoC4/cyfitter_cfg.c **** #else
  56:Generated_Source\PSoC4/cyfitter_cfg.c ****     #error Unsupported toolchain
  57:Generated_Source\PSoC4/cyfitter_cfg.c **** #endif
  58:Generated_Source\PSoC4/cyfitter_cfg.c **** 
  59:Generated_Source\PSoC4/cyfitter_cfg.c **** #ifndef CYCODE
  60:Generated_Source\PSoC4/cyfitter_cfg.c ****     #define CYCODE
  61:Generated_Source\PSoC4/cyfitter_cfg.c **** #endif
  62:Generated_Source\PSoC4/cyfitter_cfg.c **** #ifndef CYDATA
  63:Generated_Source\PSoC4/cyfitter_cfg.c ****     #define CYDATA
  64:Generated_Source\PSoC4/cyfitter_cfg.c **** #endif
  65:Generated_Source\PSoC4/cyfitter_cfg.c **** #ifndef CYFAR
  66:Generated_Source\PSoC4/cyfitter_cfg.c ****     #define CYFAR
  67:Generated_Source\PSoC4/cyfitter_cfg.c **** #endif
  68:Generated_Source\PSoC4/cyfitter_cfg.c **** #ifndef CYXDATA
  69:Generated_Source\PSoC4/cyfitter_cfg.c ****     #define CYXDATA
  70:Generated_Source\PSoC4/cyfitter_cfg.c **** #endif
  71:Generated_Source\PSoC4/cyfitter_cfg.c **** 
  72:Generated_Source\PSoC4/cyfitter_cfg.c **** 
  73:Generated_Source\PSoC4/cyfitter_cfg.c **** CY_CFG_UNUSED
  74:Generated_Source\PSoC4/cyfitter_cfg.c **** static void CYMEMZERO(void *s, size_t n);
  75:Generated_Source\PSoC4/cyfitter_cfg.c **** CY_CFG_UNUSED
  76:Generated_Source\PSoC4/cyfitter_cfg.c **** static void CYMEMZERO(void *s, size_t n)
  77:Generated_Source\PSoC4/cyfitter_cfg.c **** {
  78:Generated_Source\PSoC4/cyfitter_cfg.c **** 	(void)memset(s, 0, n);
  79:Generated_Source\PSoC4/cyfitter_cfg.c **** }
  80:Generated_Source\PSoC4/cyfitter_cfg.c **** CY_CFG_UNUSED
  81:Generated_Source\PSoC4/cyfitter_cfg.c **** static void CYCONFIGCPY(void *dest, const void *src, size_t n);
  82:Generated_Source\PSoC4/cyfitter_cfg.c **** CY_CFG_UNUSED
  83:Generated_Source\PSoC4/cyfitter_cfg.c **** static void CYCONFIGCPY(void *dest, const void *src, size_t n)
  84:Generated_Source\PSoC4/cyfitter_cfg.c **** {
  85:Generated_Source\PSoC4/cyfitter_cfg.c **** 	(void)memcpy(dest, src, n);
  86:Generated_Source\PSoC4/cyfitter_cfg.c **** }
  87:Generated_Source\PSoC4/cyfitter_cfg.c **** CY_CFG_UNUSED
  88:Generated_Source\PSoC4/cyfitter_cfg.c **** static void CYCONFIGCPYCODE(void *dest, const void *src, size_t n);
ARM GAS  C:\Users\User\AppData\Local\Temp\ccQ4UCso.s 			page 3


  89:Generated_Source\PSoC4/cyfitter_cfg.c **** CY_CFG_UNUSED
  90:Generated_Source\PSoC4/cyfitter_cfg.c **** static void CYCONFIGCPYCODE(void *dest, const void *src, size_t n)
  91:Generated_Source\PSoC4/cyfitter_cfg.c **** {
  92:Generated_Source\PSoC4/cyfitter_cfg.c **** 	(void)memcpy(dest, src, n);
  93:Generated_Source\PSoC4/cyfitter_cfg.c **** }
  94:Generated_Source\PSoC4/cyfitter_cfg.c **** 
  95:Generated_Source\PSoC4/cyfitter_cfg.c **** 
  96:Generated_Source\PSoC4/cyfitter_cfg.c **** 
  97:Generated_Source\PSoC4/cyfitter_cfg.c **** 
  98:Generated_Source\PSoC4/cyfitter_cfg.c **** /* Clock startup error codes                                                   */
  99:Generated_Source\PSoC4/cyfitter_cfg.c **** #define CYCLOCKSTART_NO_ERROR    0u
 100:Generated_Source\PSoC4/cyfitter_cfg.c **** #define CYCLOCKSTART_XTAL_ERROR  1u
 101:Generated_Source\PSoC4/cyfitter_cfg.c **** #define CYCLOCKSTART_32KHZ_ERROR 2u
 102:Generated_Source\PSoC4/cyfitter_cfg.c **** #define CYCLOCKSTART_PLL_ERROR   3u
 103:Generated_Source\PSoC4/cyfitter_cfg.c **** #define CYCLOCKSTART_FLL_ERROR   4u
 104:Generated_Source\PSoC4/cyfitter_cfg.c **** #define CYCLOCKSTART_WCO_ERROR   5u
 105:Generated_Source\PSoC4/cyfitter_cfg.c **** 
 106:Generated_Source\PSoC4/cyfitter_cfg.c **** 
 107:Generated_Source\PSoC4/cyfitter_cfg.c **** #ifdef CY_NEED_CYCLOCKSTARTUPERROR
 108:Generated_Source\PSoC4/cyfitter_cfg.c **** /*******************************************************************************
 109:Generated_Source\PSoC4/cyfitter_cfg.c **** * Function Name: CyClockStartupError
 110:Generated_Source\PSoC4/cyfitter_cfg.c **** ********************************************************************************
 111:Generated_Source\PSoC4/cyfitter_cfg.c **** * Summary:
 112:Generated_Source\PSoC4/cyfitter_cfg.c **** *  If an error is encountered during clock configuration (crystal startup error,
 113:Generated_Source\PSoC4/cyfitter_cfg.c **** *  PLL lock error, etc.), the system will end up here.  Unless reimplemented by
 114:Generated_Source\PSoC4/cyfitter_cfg.c **** *  the customer, this function will stop in an infinite loop.
 115:Generated_Source\PSoC4/cyfitter_cfg.c **** *
 116:Generated_Source\PSoC4/cyfitter_cfg.c **** * Parameters:
 117:Generated_Source\PSoC4/cyfitter_cfg.c **** *   void
 118:Generated_Source\PSoC4/cyfitter_cfg.c **** *
 119:Generated_Source\PSoC4/cyfitter_cfg.c **** * Return:
 120:Generated_Source\PSoC4/cyfitter_cfg.c **** *   void
 121:Generated_Source\PSoC4/cyfitter_cfg.c **** *
 122:Generated_Source\PSoC4/cyfitter_cfg.c **** *******************************************************************************/
 123:Generated_Source\PSoC4/cyfitter_cfg.c **** CY_CFG_UNUSED
 124:Generated_Source\PSoC4/cyfitter_cfg.c **** static void CyClockStartupError(uint8 errorCode);
 125:Generated_Source\PSoC4/cyfitter_cfg.c **** CY_CFG_UNUSED
 126:Generated_Source\PSoC4/cyfitter_cfg.c **** static void CyClockStartupError(uint8 errorCode)
 127:Generated_Source\PSoC4/cyfitter_cfg.c **** {
 128:Generated_Source\PSoC4/cyfitter_cfg.c ****     /* To remove the compiler warning if errorCode not used.                */
 129:Generated_Source\PSoC4/cyfitter_cfg.c ****     errorCode = errorCode;
 130:Generated_Source\PSoC4/cyfitter_cfg.c **** 
 131:Generated_Source\PSoC4/cyfitter_cfg.c ****     /* If we have a clock startup error (bad MHz crystal, PLL lock, etc.),  */
 132:Generated_Source\PSoC4/cyfitter_cfg.c ****     /* we will end up here to allow the customer to implement something to  */
 133:Generated_Source\PSoC4/cyfitter_cfg.c ****     /* deal with the clock condition.                                       */
 134:Generated_Source\PSoC4/cyfitter_cfg.c **** 
 135:Generated_Source\PSoC4/cyfitter_cfg.c **** #ifdef CY_CFG_CLOCK_STARTUP_ERROR_CALLBACK
 136:Generated_Source\PSoC4/cyfitter_cfg.c ****     CY_CFG_Clock_Startup_ErrorCallback();
 137:Generated_Source\PSoC4/cyfitter_cfg.c **** #else
 138:Generated_Source\PSoC4/cyfitter_cfg.c ****     /*  If not using CY_CFG_CLOCK_STARTUP_ERROR_CALLBACK, place your clock startup code here. */
 139:Generated_Source\PSoC4/cyfitter_cfg.c ****     /* `#START CyClockStartupError` */
 140:Generated_Source\PSoC4/cyfitter_cfg.c **** 
 141:Generated_Source\PSoC4/cyfitter_cfg.c **** 
 142:Generated_Source\PSoC4/cyfitter_cfg.c **** 
 143:Generated_Source\PSoC4/cyfitter_cfg.c ****     /* `#END` */
 144:Generated_Source\PSoC4/cyfitter_cfg.c **** 
 145:Generated_Source\PSoC4/cyfitter_cfg.c ****     while(1) {}
ARM GAS  C:\Users\User\AppData\Local\Temp\ccQ4UCso.s 			page 4


 146:Generated_Source\PSoC4/cyfitter_cfg.c **** #endif /* CY_CFG_CLOCK_STARTUP_ERROR_CALLBACK */
 147:Generated_Source\PSoC4/cyfitter_cfg.c **** }
 148:Generated_Source\PSoC4/cyfitter_cfg.c **** #endif
 149:Generated_Source\PSoC4/cyfitter_cfg.c **** 
 150:Generated_Source\PSoC4/cyfitter_cfg.c **** 
 151:Generated_Source\PSoC4/cyfitter_cfg.c **** 
 152:Generated_Source\PSoC4/cyfitter_cfg.c **** /*******************************************************************************
 153:Generated_Source\PSoC4/cyfitter_cfg.c **** * Function Name: ClockSetup
 154:Generated_Source\PSoC4/cyfitter_cfg.c **** ********************************************************************************
 155:Generated_Source\PSoC4/cyfitter_cfg.c **** *
 156:Generated_Source\PSoC4/cyfitter_cfg.c **** * Summary:
 157:Generated_Source\PSoC4/cyfitter_cfg.c **** *   Performs the initialization of all of the clocks in the device based on the
 158:Generated_Source\PSoC4/cyfitter_cfg.c **** *   settings in the Clock tab of the DWR.  This includes enabling the requested
 159:Generated_Source\PSoC4/cyfitter_cfg.c **** *   clocks and setting the necessary dividers to produce the desired frequency. 
 160:Generated_Source\PSoC4/cyfitter_cfg.c **** *
 161:Generated_Source\PSoC4/cyfitter_cfg.c **** * Parameters:
 162:Generated_Source\PSoC4/cyfitter_cfg.c **** *   void
 163:Generated_Source\PSoC4/cyfitter_cfg.c **** *
 164:Generated_Source\PSoC4/cyfitter_cfg.c **** * Return:
 165:Generated_Source\PSoC4/cyfitter_cfg.c **** *   void
 166:Generated_Source\PSoC4/cyfitter_cfg.c **** *
 167:Generated_Source\PSoC4/cyfitter_cfg.c **** *******************************************************************************/
 168:Generated_Source\PSoC4/cyfitter_cfg.c **** static void ClockSetup(void);
 169:Generated_Source\PSoC4/cyfitter_cfg.c **** CY_CFG_SECTION
 170:Generated_Source\PSoC4/cyfitter_cfg.c **** static void ClockSetup(void)
 171:Generated_Source\PSoC4/cyfitter_cfg.c **** {
 172:Generated_Source\PSoC4/cyfitter_cfg.c **** 
 173:Generated_Source\PSoC4/cyfitter_cfg.c **** 	/* Set Flash Cycles based on max possible frequency in case a glitch occurs during ClockSetup(). *
 174:Generated_Source\PSoC4/cyfitter_cfg.c **** 	CY_SET_REG32((void CYXDATA *)(CYREG_CPUSS_FLASH_CTL), (0x0012u));
 175:Generated_Source\PSoC4/cyfitter_cfg.c **** 	/* Setup and trim IMO based on desired frequency. */
 176:Generated_Source\PSoC4/cyfitter_cfg.c **** 	CySysClkWriteImoFreq(48u);
 177:Generated_Source\PSoC4/cyfitter_cfg.c **** 	/* CYDEV_CLK_ILO_CONFIG Starting address: CYDEV_CLK_ILO_CONFIG */
 178:Generated_Source\PSoC4/cyfitter_cfg.c **** 	CY_SET_REG32((void *)(CYREG_CLK_ILO_CONFIG), 0x80000006u);
 179:Generated_Source\PSoC4/cyfitter_cfg.c **** 
 180:Generated_Source\PSoC4/cyfitter_cfg.c **** 
 181:Generated_Source\PSoC4/cyfitter_cfg.c **** 	/* Setup phase aligned clocks */
 182:Generated_Source\PSoC4/cyfitter_cfg.c **** 
 183:Generated_Source\PSoC4/cyfitter_cfg.c **** 	/* CYDEV_CLK_IMO_CONFIG Starting address: CYDEV_CLK_IMO_CONFIG */
 184:Generated_Source\PSoC4/cyfitter_cfg.c **** 	CY_SET_REG32((void *)(CYREG_CLK_IMO_CONFIG), 0x80000000u);
 185:Generated_Source\PSoC4/cyfitter_cfg.c **** 
 186:Generated_Source\PSoC4/cyfitter_cfg.c **** 	/* CYDEV_CLK_SELECT Starting address: CYDEV_CLK_SELECT */
 187:Generated_Source\PSoC4/cyfitter_cfg.c **** 	CY_SET_REG32((void *)(CYREG_CLK_SELECT), 0x00040000u);
 188:Generated_Source\PSoC4/cyfitter_cfg.c **** 
 189:Generated_Source\PSoC4/cyfitter_cfg.c **** 	(void)CyIntSetVector(8u, &CySysWdtIsr);
 190:Generated_Source\PSoC4/cyfitter_cfg.c **** 	CyIntEnable(8u);
 191:Generated_Source\PSoC4/cyfitter_cfg.c **** 	CY_SET_REG32((void *)(CYREG_WDT_CONFIG), 0x00000000u);
 192:Generated_Source\PSoC4/cyfitter_cfg.c **** }
 193:Generated_Source\PSoC4/cyfitter_cfg.c **** 
 194:Generated_Source\PSoC4/cyfitter_cfg.c **** 
 195:Generated_Source\PSoC4/cyfitter_cfg.c **** /* Analog API Functions */
 196:Generated_Source\PSoC4/cyfitter_cfg.c **** 
 197:Generated_Source\PSoC4/cyfitter_cfg.c **** 
 198:Generated_Source\PSoC4/cyfitter_cfg.c **** /*******************************************************************************
 199:Generated_Source\PSoC4/cyfitter_cfg.c **** * Function Name: AnalogSetDefault
 200:Generated_Source\PSoC4/cyfitter_cfg.c **** ********************************************************************************
 201:Generated_Source\PSoC4/cyfitter_cfg.c **** *
 202:Generated_Source\PSoC4/cyfitter_cfg.c **** * Summary:
ARM GAS  C:\Users\User\AppData\Local\Temp\ccQ4UCso.s 			page 5


 203:Generated_Source\PSoC4/cyfitter_cfg.c **** *  Sets up the analog portions of the chip to default values based on chip
 204:Generated_Source\PSoC4/cyfitter_cfg.c **** *  configuration options from the project.
 205:Generated_Source\PSoC4/cyfitter_cfg.c **** *
 206:Generated_Source\PSoC4/cyfitter_cfg.c **** * Parameters:
 207:Generated_Source\PSoC4/cyfitter_cfg.c **** *  void
 208:Generated_Source\PSoC4/cyfitter_cfg.c **** *
 209:Generated_Source\PSoC4/cyfitter_cfg.c **** * Return:
 210:Generated_Source\PSoC4/cyfitter_cfg.c **** *  void
 211:Generated_Source\PSoC4/cyfitter_cfg.c **** *
 212:Generated_Source\PSoC4/cyfitter_cfg.c **** *******************************************************************************/
 213:Generated_Source\PSoC4/cyfitter_cfg.c **** static void AnalogSetDefault(void);
 214:Generated_Source\PSoC4/cyfitter_cfg.c **** static void AnalogSetDefault(void)
 215:Generated_Source\PSoC4/cyfitter_cfg.c **** {
  27              		.loc 1 215 0
  28              		.cfi_startproc
  29              		@ args = 0, pretend = 0, frame = 0
  30              		@ frame_needed = 0, uses_anonymous_args = 0
  31              		@ link register save eliminated.
 216:Generated_Source\PSoC4/cyfitter_cfg.c **** 	CY_SET_XTND_REG32((void CYFAR *)CYREG_CTBM0_DFT_CTRL, 0x00000003u);
  32              		.loc 1 216 0
  33 0000 0323     		movs	r3, #3
  34 0002 044A     		ldr	r2, .L2
  35 0004 1360     		str	r3, [r2]
 217:Generated_Source\PSoC4/cyfitter_cfg.c **** 	CY_SET_XTND_REG32((void CYFAR *)CYREG_CTBM1_DFT_CTRL, 0x00000003u);
  36              		.loc 1 217 0
  37 0006 044A     		ldr	r2, .L2+4
  38 0008 1360     		str	r3, [r2]
 218:Generated_Source\PSoC4/cyfitter_cfg.c **** 	CY_SET_XTND_REG32((void CYFAR *)CYREG_PASS_DSAB_DSAB_CTRL, 0x00000000u);
  39              		.loc 1 218 0
  40 000a 0022     		movs	r2, #0
  41 000c 034B     		ldr	r3, .L2+8
  42 000e 1A60     		str	r2, [r3]
 219:Generated_Source\PSoC4/cyfitter_cfg.c **** }
  43              		.loc 1 219 0
  44              		@ sp needed
  45 0010 7047     		bx	lr
  46              	.L3:
  47 0012 C046     		.align	2
  48              	.L2:
  49 0014 30003040 		.word	1076887600
  50 0018 30003140 		.word	1076953136
  51 001c 000E3F40 		.word	1077874176
  52              		.cfi_endproc
  53              	.LFE5:
  54              		.size	AnalogSetDefault, .-AnalogSetDefault
  55              		.section	.text.CYMEMZERO,"ax",%progbits
  56              		.align	2
  57              		.code	16
  58              		.thumb_func
  59              		.type	CYMEMZERO, %function
  60              	CYMEMZERO:
  61              	.LFB1:
  77:Generated_Source\PSoC4/cyfitter_cfg.c **** 	(void)memset(s, 0, n);
  62              		.loc 1 77 0
  63              		.cfi_startproc
  64              		@ args = 0, pretend = 0, frame = 0
  65              		@ frame_needed = 0, uses_anonymous_args = 0
ARM GAS  C:\Users\User\AppData\Local\Temp\ccQ4UCso.s 			page 6


  66              	.LVL0:
  67 0000 10B5     		push	{r4, lr}
  68              		.cfi_def_cfa_offset 8
  69              		.cfi_offset 4, -8
  70              		.cfi_offset 14, -4
  71 0002 0A00     		movs	r2, r1
  78:Generated_Source\PSoC4/cyfitter_cfg.c **** }
  72              		.loc 1 78 0
  73 0004 0021     		movs	r1, #0
  74              	.LVL1:
  75 0006 FFF7FEFF 		bl	memset
  76              	.LVL2:
  79:Generated_Source\PSoC4/cyfitter_cfg.c **** CY_CFG_UNUSED
  77              		.loc 1 79 0
  78              		@ sp needed
  79 000a 10BD     		pop	{r4, pc}
  80              		.cfi_endproc
  81              	.LFE1:
  82              		.size	CYMEMZERO, .-CYMEMZERO
  83              		.section	.psocinit,"ax",%progbits
  84              		.align	2
  85              		.code	16
  86              		.thumb_func
  87              		.type	ClockSetup, %function
  88              	ClockSetup:
  89              	.LFB4:
 171:Generated_Source\PSoC4/cyfitter_cfg.c **** 
  90              		.loc 1 171 0
  91              		.cfi_startproc
  92              		@ args = 0, pretend = 0, frame = 0
  93              		@ frame_needed = 0, uses_anonymous_args = 0
  94 0000 10B5     		push	{r4, lr}
  95              		.cfi_def_cfa_offset 8
  96              		.cfi_offset 4, -8
  97              		.cfi_offset 14, -4
 174:Generated_Source\PSoC4/cyfitter_cfg.c **** 	/* Setup and trim IMO based on desired frequency. */
  98              		.loc 1 174 0
  99 0002 1222     		movs	r2, #18
 100 0004 0C4B     		ldr	r3, .L6
 101 0006 1A60     		str	r2, [r3]
 176:Generated_Source\PSoC4/cyfitter_cfg.c **** 	/* CYDEV_CLK_ILO_CONFIG Starting address: CYDEV_CLK_ILO_CONFIG */
 102              		.loc 1 176 0
 103 0008 3020     		movs	r0, #48
 104 000a FFF7FEFF 		bl	CySysClkWriteImoFreq
 105              	.LVL3:
 178:Generated_Source\PSoC4/cyfitter_cfg.c **** 
 106              		.loc 1 178 0
 107 000e 0B4A     		ldr	r2, .L6+4
 108 0010 0B4B     		ldr	r3, .L6+8
 109 0012 1A60     		str	r2, [r3]
 184:Generated_Source\PSoC4/cyfitter_cfg.c **** 
 110              		.loc 1 184 0
 111 0014 063A     		subs	r2, r2, #6
 112 0016 0B4B     		ldr	r3, .L6+12
 113 0018 1A60     		str	r2, [r3]
 187:Generated_Source\PSoC4/cyfitter_cfg.c **** 
 114              		.loc 1 187 0
ARM GAS  C:\Users\User\AppData\Local\Temp\ccQ4UCso.s 			page 7


 115 001a 8022     		movs	r2, #128
 116 001c D202     		lsls	r2, r2, #11
 117 001e 0A4B     		ldr	r3, .L6+16
 118 0020 1A60     		str	r2, [r3]
 189:Generated_Source\PSoC4/cyfitter_cfg.c **** 	CyIntEnable(8u);
 119              		.loc 1 189 0
 120 0022 0A49     		ldr	r1, .L6+20
 121 0024 0820     		movs	r0, #8
 122 0026 FFF7FEFF 		bl	CyIntSetVector
 123              	.LVL4:
 190:Generated_Source\PSoC4/cyfitter_cfg.c **** 	CY_SET_REG32((void *)(CYREG_WDT_CONFIG), 0x00000000u);
 124              		.loc 1 190 0
 125 002a 0820     		movs	r0, #8
 126 002c FFF7FEFF 		bl	CyIntEnable
 127              	.LVL5:
 191:Generated_Source\PSoC4/cyfitter_cfg.c **** }
 128              		.loc 1 191 0
 129 0030 0022     		movs	r2, #0
 130 0032 074B     		ldr	r3, .L6+24
 131 0034 1A60     		str	r2, [r3]
 192:Generated_Source\PSoC4/cyfitter_cfg.c **** 
 132              		.loc 1 192 0
 133              		@ sp needed
 134 0036 10BD     		pop	{r4, pc}
 135              	.L7:
 136              		.align	2
 137              	.L6:
 138 0038 30001040 		.word	1074790448
 139 003c 06000080 		.word	-2147483642
 140 0040 04010B40 		.word	1074462980
 141 0044 08010B40 		.word	1074462984
 142 0048 00010B40 		.word	1074462976
 143 004c 00000000 		.word	CySysWdtIsr
 144 0050 0C020B40 		.word	1074463244
 145              		.cfi_endproc
 146              	.LFE4:
 147              		.size	ClockSetup, .-ClockSetup
 148              		.align	2
 149              		.global	cyfitter_cfg
 150              		.code	16
 151              		.thumb_func
 152              		.type	cyfitter_cfg, %function
 153              	cyfitter_cfg:
 154              	.LFB6:
 220:Generated_Source\PSoC4/cyfitter_cfg.c **** 
 221:Generated_Source\PSoC4/cyfitter_cfg.c **** 
 222:Generated_Source\PSoC4/cyfitter_cfg.c **** 
 223:Generated_Source\PSoC4/cyfitter_cfg.c **** 
 224:Generated_Source\PSoC4/cyfitter_cfg.c **** /*******************************************************************************
 225:Generated_Source\PSoC4/cyfitter_cfg.c **** * Function Name: cyfitter_cfg
 226:Generated_Source\PSoC4/cyfitter_cfg.c **** ********************************************************************************
 227:Generated_Source\PSoC4/cyfitter_cfg.c **** * Summary:
 228:Generated_Source\PSoC4/cyfitter_cfg.c **** *  This function is called by the start-up code for the selected device. It
 229:Generated_Source\PSoC4/cyfitter_cfg.c **** *  performs all of the necessary device configuration based on the design
 230:Generated_Source\PSoC4/cyfitter_cfg.c **** *  settings.  This includes settings from the Design Wide Resources (DWR) such
 231:Generated_Source\PSoC4/cyfitter_cfg.c **** *  as Clocks and Pins as well as any component configuration that is necessary.
 232:Generated_Source\PSoC4/cyfitter_cfg.c **** *
ARM GAS  C:\Users\User\AppData\Local\Temp\ccQ4UCso.s 			page 8


 233:Generated_Source\PSoC4/cyfitter_cfg.c **** * Parameters:
 234:Generated_Source\PSoC4/cyfitter_cfg.c **** *   void
 235:Generated_Source\PSoC4/cyfitter_cfg.c **** *
 236:Generated_Source\PSoC4/cyfitter_cfg.c **** * Return:
 237:Generated_Source\PSoC4/cyfitter_cfg.c **** *   void
 238:Generated_Source\PSoC4/cyfitter_cfg.c **** *
 239:Generated_Source\PSoC4/cyfitter_cfg.c **** *******************************************************************************/
 240:Generated_Source\PSoC4/cyfitter_cfg.c **** CY_CFG_SECTION
 241:Generated_Source\PSoC4/cyfitter_cfg.c **** void cyfitter_cfg(void)
 242:Generated_Source\PSoC4/cyfitter_cfg.c **** {
 155              		.loc 1 242 0
 156              		.cfi_startproc
 157              		@ args = 0, pretend = 0, frame = 0
 158              		@ frame_needed = 0, uses_anonymous_args = 0
 159 0054 10B5     		push	{r4, lr}
 160              		.cfi_def_cfa_offset 8
 161              		.cfi_offset 4, -8
 162              		.cfi_offset 14, -4
 243:Generated_Source\PSoC4/cyfitter_cfg.c **** 	/* Disable interrupts by default. Let user enable if/when they want. */
 244:Generated_Source\PSoC4/cyfitter_cfg.c **** 	CyGlobalIntDisable;
 163              		.loc 1 244 0
 164              		.syntax divided
 165              	@ 244 "Generated_Source\PSoC4\cyfitter_cfg.c" 1
 166 0056 72B6     		CPSID   i
 167              	@ 0 "" 2
 168              	.LVL6:
 169              		.thumb
 170              		.syntax unified
 171              	.LBB2:
 245:Generated_Source\PSoC4/cyfitter_cfg.c **** 
 246:Generated_Source\PSoC4/cyfitter_cfg.c **** 	{
 247:Generated_Source\PSoC4/cyfitter_cfg.c **** 
 248:Generated_Source\PSoC4/cyfitter_cfg.c **** 		CYPACKED typedef struct {
 249:Generated_Source\PSoC4/cyfitter_cfg.c **** 			void CYFAR *address;
 250:Generated_Source\PSoC4/cyfitter_cfg.c **** 			uint16 size;
 251:Generated_Source\PSoC4/cyfitter_cfg.c **** 		} CYPACKED_ATTR cfg_memset_t;
 252:Generated_Source\PSoC4/cyfitter_cfg.c **** 
 253:Generated_Source\PSoC4/cyfitter_cfg.c **** 		static const cfg_memset_t CYCODE cfg_memset_list[] = {
 254:Generated_Source\PSoC4/cyfitter_cfg.c **** 			/* address, size */
 255:Generated_Source\PSoC4/cyfitter_cfg.c **** 			{(void CYFAR *)(CYDEV_UDB_P0_U0_BASE), 2048u},
 256:Generated_Source\PSoC4/cyfitter_cfg.c **** 			{(void CYFAR *)(CYDEV_UDB_DSI0_BASE), 2048u},
 257:Generated_Source\PSoC4/cyfitter_cfg.c **** 		};
 258:Generated_Source\PSoC4/cyfitter_cfg.c **** 
 259:Generated_Source\PSoC4/cyfitter_cfg.c **** 		uint8 CYDATA i;
 260:Generated_Source\PSoC4/cyfitter_cfg.c **** 
 261:Generated_Source\PSoC4/cyfitter_cfg.c **** 		/* Zero out critical memory blocks before beginning configuration */
 262:Generated_Source\PSoC4/cyfitter_cfg.c **** 		for (i = 0u; i < (sizeof(cfg_memset_list)/sizeof(cfg_memset_list[0])); i++)
 172              		.loc 1 262 0
 173 0058 0024     		movs	r4, #0
 174 005a 0FE0     		b	.L9
 175              	.LVL7:
 176              	.L10:
 177              	.LBB3:
 263:Generated_Source\PSoC4/cyfitter_cfg.c **** 		{
 264:Generated_Source\PSoC4/cyfitter_cfg.c **** 			const cfg_memset_t CYCODE * CYDATA ms = &cfg_memset_list[i];
 265:Generated_Source\PSoC4/cyfitter_cfg.c **** 			CYMEMZERO(ms->address, (size_t)(uint32)(ms->size));
 178              		.loc 1 265 0 discriminator 3
ARM GAS  C:\Users\User\AppData\Local\Temp\ccQ4UCso.s 			page 9


 179 005c 1848     		ldr	r0, .L11
 180 005e 6200     		lsls	r2, r4, #1
 181 0060 1319     		adds	r3, r2, r4
 182 0062 5900     		lsls	r1, r3, #1
 183 0064 0B00     		movs	r3, r1
 184 0066 4118     		adds	r1, r0, r1
 185 0068 8988     		ldrh	r1, [r1, #4]
 186 006a 1A5A     		ldrh	r2, [r3, r0]
 187 006c C318     		adds	r3, r0, r3
 188 006e 5888     		ldrh	r0, [r3, #2]
 189 0070 0004     		lsls	r0, r0, #16
 190 0072 1043     		orrs	r0, r2
 191 0074 FFF7FEFF 		bl	CYMEMZERO
 192              	.LVL8:
 193              	.LBE3:
 262:Generated_Source\PSoC4/cyfitter_cfg.c **** 		{
 194              		.loc 1 262 0 discriminator 3
 195 0078 0134     		adds	r4, r4, #1
 196              	.LVL9:
 197 007a E4B2     		uxtb	r4, r4
 198              	.LVL10:
 199              	.L9:
 262:Generated_Source\PSoC4/cyfitter_cfg.c **** 		{
 200              		.loc 1 262 0 is_stmt 0 discriminator 1
 201 007c 012C     		cmp	r4, #1
 202 007e EDD9     		bls	.L10
 266:Generated_Source\PSoC4/cyfitter_cfg.c **** 		}
 267:Generated_Source\PSoC4/cyfitter_cfg.c **** 
 268:Generated_Source\PSoC4/cyfitter_cfg.c **** 		/* HSIOM Starting address: CYDEV_HSIOM_BASE */
 269:Generated_Source\PSoC4/cyfitter_cfg.c **** 		CY_SET_REG32((void *)(CYREG_HSIOM_PORT_SEL3), 0x0000EE00u);
 203              		.loc 1 269 0 is_stmt 1
 204 0080 EE22     		movs	r2, #238
 205 0082 1202     		lsls	r2, r2, #8
 206 0084 0F4B     		ldr	r3, .L11+4
 207 0086 1A60     		str	r2, [r3]
 270:Generated_Source\PSoC4/cyfitter_cfg.c **** 
 271:Generated_Source\PSoC4/cyfitter_cfg.c **** 		/* UDB_PA_0 Starting address: CYDEV_UDB_PA0_BASE */
 272:Generated_Source\PSoC4/cyfitter_cfg.c **** 		CY_SET_REG32((void *)(CYDEV_UDB_PA0_BASE), 0x00990000u);
 208              		.loc 1 272 0
 209 0088 9923     		movs	r3, #153
 210 008a 1B04     		lsls	r3, r3, #16
 211 008c 0E4A     		ldr	r2, .L11+8
 212 008e 1360     		str	r3, [r2]
 273:Generated_Source\PSoC4/cyfitter_cfg.c **** 
 274:Generated_Source\PSoC4/cyfitter_cfg.c **** 		/* UDB_PA_7 Starting address: CYDEV_UDB_PA7_BASE */
 275:Generated_Source\PSoC4/cyfitter_cfg.c **** 		CY_SET_REG32((void *)(CYDEV_UDB_PA7_BASE), 0x00990000u);
 213              		.loc 1 275 0
 214 0090 0E4A     		ldr	r2, .L11+12
 215 0092 1360     		str	r3, [r2]
 276:Generated_Source\PSoC4/cyfitter_cfg.c **** 
 277:Generated_Source\PSoC4/cyfitter_cfg.c **** 		/* Enable digital routing */
 278:Generated_Source\PSoC4/cyfitter_cfg.c **** 		CY_SET_XTND_REG8((void *)CYREG_UDB_UDB_BANK_CTL, (uint8)(CY_GET_XTND_REG8((void *)CYREG_UDB_UDB_B
 216              		.loc 1 278 0
 217 0094 0E4A     		ldr	r2, .L11+16
 218 0096 1178     		ldrb	r1, [r2]
 219 0098 0623     		movs	r3, #6
 220 009a 0B43     		orrs	r3, r1
ARM GAS  C:\Users\User\AppData\Local\Temp\ccQ4UCso.s 			page 10


 221 009c DBB2     		uxtb	r3, r3
 222 009e 1370     		strb	r3, [r2]
 223              	.LBE2:
 279:Generated_Source\PSoC4/cyfitter_cfg.c **** 	}
 280:Generated_Source\PSoC4/cyfitter_cfg.c **** 
 281:Generated_Source\PSoC4/cyfitter_cfg.c **** 	/* Perform second pass device configuration. These items must be configured in specific order afte
 282:Generated_Source\PSoC4/cyfitter_cfg.c **** 	/* IOPINS0_3 Starting address: CYDEV_GPIO_PRT3_BASE */
 283:Generated_Source\PSoC4/cyfitter_cfg.c **** 	CY_SET_REG32((void *)(CYREG_GPIO_PRT3_PC), 0x00000D80u);
 224              		.loc 1 283 0
 225 00a0 D822     		movs	r2, #216
 226 00a2 1201     		lsls	r2, r2, #4
 227 00a4 0B4B     		ldr	r3, .L11+20
 228 00a6 1A60     		str	r2, [r3]
 284:Generated_Source\PSoC4/cyfitter_cfg.c **** 
 285:Generated_Source\PSoC4/cyfitter_cfg.c **** 	/* IOPINS0_5 Starting address: CYDEV_GPIO_PRT5_BASE */
 286:Generated_Source\PSoC4/cyfitter_cfg.c **** 	CY_SET_REG32((void *)(CYDEV_GPIO_PRT5_BASE), 0x00000004u);
 229              		.loc 1 286 0
 230 00a8 0422     		movs	r2, #4
 231 00aa 0B4B     		ldr	r3, .L11+24
 232 00ac 1A60     		str	r2, [r3]
 287:Generated_Source\PSoC4/cyfitter_cfg.c **** 	CY_SET_REG32((void *)(CYREG_GPIO_PRT5_PC), 0x00000180u);
 233              		.loc 1 287 0
 234 00ae 7D32     		adds	r2, r2, #125
 235 00b0 FF32     		adds	r2, r2, #255
 236 00b2 0A4B     		ldr	r3, .L11+28
 237 00b4 1A60     		str	r2, [r3]
 288:Generated_Source\PSoC4/cyfitter_cfg.c **** 
 289:Generated_Source\PSoC4/cyfitter_cfg.c **** 
 290:Generated_Source\PSoC4/cyfitter_cfg.c **** 	/* Setup clocks based on selections from Clock DWR */
 291:Generated_Source\PSoC4/cyfitter_cfg.c **** 	ClockSetup();
 238              		.loc 1 291 0
 239 00b6 FFF7A3FF 		bl	ClockSetup
 240              	.LVL11:
 292:Generated_Source\PSoC4/cyfitter_cfg.c **** 
 293:Generated_Source\PSoC4/cyfitter_cfg.c **** 	/* Perform basic analog initialization to defaults */
 294:Generated_Source\PSoC4/cyfitter_cfg.c **** 	AnalogSetDefault();
 241              		.loc 1 294 0
 242 00ba FFF7FEFF 		bl	AnalogSetDefault
 243              	.LVL12:
 295:Generated_Source\PSoC4/cyfitter_cfg.c **** 
 296:Generated_Source\PSoC4/cyfitter_cfg.c **** }
 244              		.loc 1 296 0
 245              		@ sp needed
 246              	.LVL13:
 247 00be 10BD     		pop	{r4, pc}
 248              	.L12:
 249              		.align	2
 250              	.L11:
 251 00c0 00000000 		.word	.LANCHOR0
 252 00c4 00030240 		.word	1073873664
 253 00c8 00500F40 		.word	1074745344
 254 00cc 70500F40 		.word	1074745456
 255 00d0 00700F40 		.word	1074753536
 256 00d4 08030440 		.word	1074004744
 257 00d8 00050440 		.word	1074005248
 258 00dc 08050440 		.word	1074005256
 259              		.cfi_endproc
ARM GAS  C:\Users\User\AppData\Local\Temp\ccQ4UCso.s 			page 11


 260              	.LFE6:
 261              		.size	cyfitter_cfg, .-cyfitter_cfg
 262              		.section	.rodata
 263              		.align	2
 264              		.set	.LANCHOR0,. + 0
 265              		.type	cfg_memset_list.4948, %object
 266              		.size	cfg_memset_list.4948, 12
 267              	cfg_memset_list.4948:
 268 0000 00300F40 		.word	1074737152
 269 0004 0008     		.short	2048
 270 0006 00400F40 		.4byte	1074741248
 271 000a 0008     		.short	2048
 272              		.text
 273              	.Letext0:
 274              		.file 2 "c:\\program files (x86)\\cypress\\psoc creator\\4.2\\psoc creator\\import\\gnu\\arm\\5.4.
 275              		.file 3 "Generated_Source\\PSoC4\\cytypes.h"
 276              		.file 4 "Generated_Source\\PSoC4\\CyLib.h"
 277              		.section	.debug_info,"",%progbits
 278              	.Ldebug_info0:
 279 0000 8F020000 		.4byte	0x28f
 280 0004 0400     		.2byte	0x4
 281 0006 00000000 		.4byte	.Ldebug_abbrev0
 282 000a 04       		.byte	0x4
 283 000b 01       		.uleb128 0x1
 284 000c 05010000 		.4byte	.LASF29
 285 0010 0C       		.byte	0xc
 286 0011 1B020000 		.4byte	.LASF30
 287 0015 DB010000 		.4byte	.LASF31
 288 0019 00000000 		.4byte	.Ldebug_ranges0+0
 289 001d 00000000 		.4byte	0
 290 0021 00000000 		.4byte	.Ldebug_line0
 291 0025 02       		.uleb128 0x2
 292 0026 04       		.byte	0x4
 293 0027 05       		.byte	0x5
 294 0028 696E7400 		.ascii	"int\000"
 295 002c 03       		.uleb128 0x3
 296 002d 06000000 		.4byte	.LASF12
 297 0031 02       		.byte	0x2
 298 0032 D8       		.byte	0xd8
 299 0033 37000000 		.4byte	0x37
 300 0037 04       		.uleb128 0x4
 301 0038 04       		.byte	0x4
 302 0039 07       		.byte	0x7
 303 003a CC000000 		.4byte	.LASF0
 304 003e 04       		.uleb128 0x4
 305 003f 08       		.byte	0x8
 306 0040 05       		.byte	0x5
 307 0041 A9010000 		.4byte	.LASF1
 308 0045 04       		.uleb128 0x4
 309 0046 08       		.byte	0x8
 310 0047 04       		.byte	0x4
 311 0048 03020000 		.4byte	.LASF2
 312 004c 04       		.uleb128 0x4
 313 004d 01       		.byte	0x1
 314 004e 06       		.byte	0x6
 315 004f 0F020000 		.4byte	.LASF3
 316 0053 04       		.uleb128 0x4
ARM GAS  C:\Users\User\AppData\Local\Temp\ccQ4UCso.s 			page 12


 317 0054 01       		.byte	0x1
 318 0055 08       		.byte	0x8
 319 0056 96000000 		.4byte	.LASF4
 320 005a 04       		.uleb128 0x4
 321 005b 02       		.byte	0x2
 322 005c 05       		.byte	0x5
 323 005d BC010000 		.4byte	.LASF5
 324 0061 04       		.uleb128 0x4
 325 0062 02       		.byte	0x2
 326 0063 07       		.byte	0x7
 327 0064 51000000 		.4byte	.LASF6
 328 0068 04       		.uleb128 0x4
 329 0069 04       		.byte	0x4
 330 006a 05       		.byte	0x5
 331 006b 48000000 		.4byte	.LASF7
 332 006f 04       		.uleb128 0x4
 333 0070 04       		.byte	0x4
 334 0071 07       		.byte	0x7
 335 0072 74000000 		.4byte	.LASF8
 336 0076 04       		.uleb128 0x4
 337 0077 08       		.byte	0x8
 338 0078 07       		.byte	0x7
 339 0079 EE000000 		.4byte	.LASF9
 340 007d 04       		.uleb128 0x4
 341 007e 04       		.byte	0x4
 342 007f 07       		.byte	0x7
 343 0080 A0010000 		.4byte	.LASF10
 344 0084 05       		.uleb128 0x5
 345 0085 04       		.byte	0x4
 346 0086 04       		.uleb128 0x4
 347 0087 01       		.byte	0x1
 348 0088 08       		.byte	0x8
 349 0089 B7010000 		.4byte	.LASF11
 350 008d 06       		.uleb128 0x6
 351 008e 86000000 		.4byte	.LASF13
 352 0092 03       		.byte	0x3
 353 0093 E401     		.2byte	0x1e4
 354 0095 53000000 		.4byte	0x53
 355 0099 06       		.uleb128 0x6
 356 009a BE000000 		.4byte	.LASF14
 357 009e 03       		.byte	0x3
 358 009f E501     		.2byte	0x1e5
 359 00a1 61000000 		.4byte	0x61
 360 00a5 06       		.uleb128 0x6
 361 00a6 C5000000 		.4byte	.LASF15
 362 00aa 03       		.byte	0x3
 363 00ab E601     		.2byte	0x1e6
 364 00ad 6F000000 		.4byte	0x6f
 365 00b1 04       		.uleb128 0x4
 366 00b2 04       		.byte	0x4
 367 00b3 04       		.byte	0x4
 368 00b4 64000000 		.4byte	.LASF16
 369 00b8 04       		.uleb128 0x4
 370 00b9 08       		.byte	0x8
 371 00ba 04       		.byte	0x4
 372 00bb AB000000 		.4byte	.LASF17
 373 00bf 06       		.uleb128 0x6
ARM GAS  C:\Users\User\AppData\Local\Temp\ccQ4UCso.s 			page 13


 374 00c0 6F000000 		.4byte	.LASF18
 375 00c4 03       		.byte	0x3
 376 00c5 8E02     		.2byte	0x28e
 377 00c7 CB000000 		.4byte	0xcb
 378 00cb 07       		.uleb128 0x7
 379 00cc 8D000000 		.4byte	0x8d
 380 00d0 06       		.uleb128 0x6
 381 00d1 00000000 		.4byte	.LASF19
 382 00d5 03       		.byte	0x3
 383 00d6 9002     		.2byte	0x290
 384 00d8 DC000000 		.4byte	0xdc
 385 00dc 07       		.uleb128 0x7
 386 00dd A5000000 		.4byte	0xa5
 387 00e1 08       		.uleb128 0x8
 388 00e2 0D000000 		.4byte	.LASF32
 389 00e6 01       		.byte	0x1
 390 00e7 D6       		.byte	0xd6
 391 00e8 00000000 		.4byte	.LFB5
 392 00ec 20000000 		.4byte	.LFE5-.LFB5
 393 00f0 01       		.uleb128 0x1
 394 00f1 9C       		.byte	0x9c
 395 00f2 09       		.uleb128 0x9
 396 00f3 8C000000 		.4byte	.LASF20
 397 00f7 01       		.byte	0x1
 398 00f8 4C       		.byte	0x4c
 399 00f9 00000000 		.4byte	.LFB1
 400 00fd 0C000000 		.4byte	.LFE1-.LFB1
 401 0101 01       		.uleb128 0x1
 402 0102 9C       		.byte	0x9c
 403 0103 3F010000 		.4byte	0x13f
 404 0107 0A       		.uleb128 0xa
 405 0108 7300     		.ascii	"s\000"
 406 010a 01       		.byte	0x1
 407 010b 4C       		.byte	0x4c
 408 010c 84000000 		.4byte	0x84
 409 0110 00000000 		.4byte	.LLST0
 410 0114 0A       		.uleb128 0xa
 411 0115 6E00     		.ascii	"n\000"
 412 0117 01       		.byte	0x1
 413 0118 4C       		.byte	0x4c
 414 0119 2C000000 		.4byte	0x2c
 415 011d 21000000 		.4byte	.LLST1
 416 0121 0B       		.uleb128 0xb
 417 0122 0A000000 		.4byte	.LVL2
 418 0126 68020000 		.4byte	0x268
 419 012a 0C       		.uleb128 0xc
 420 012b 01       		.uleb128 0x1
 421 012c 50       		.byte	0x50
 422 012d 03       		.uleb128 0x3
 423 012e F3       		.byte	0xf3
 424 012f 01       		.uleb128 0x1
 425 0130 50       		.byte	0x50
 426 0131 0C       		.uleb128 0xc
 427 0132 01       		.uleb128 0x1
 428 0133 51       		.byte	0x51
 429 0134 01       		.uleb128 0x1
 430 0135 30       		.byte	0x30
ARM GAS  C:\Users\User\AppData\Local\Temp\ccQ4UCso.s 			page 14


 431 0136 0C       		.uleb128 0xc
 432 0137 01       		.uleb128 0x1
 433 0138 52       		.byte	0x52
 434 0139 03       		.uleb128 0x3
 435 013a F3       		.byte	0xf3
 436 013b 01       		.uleb128 0x1
 437 013c 51       		.byte	0x51
 438 013d 00       		.byte	0
 439 013e 00       		.byte	0
 440 013f 09       		.uleb128 0x9
 441 0140 3D000000 		.4byte	.LASF21
 442 0144 01       		.byte	0x1
 443 0145 AA       		.byte	0xaa
 444 0146 00000000 		.4byte	.LFB4
 445 014a 54000000 		.4byte	.LFE4-.LFB4
 446 014e 01       		.uleb128 0x1
 447 014f 9C       		.byte	0x9c
 448 0150 8B010000 		.4byte	0x18b
 449 0154 0D       		.uleb128 0xd
 450 0155 0E000000 		.4byte	.LVL3
 451 0159 71020000 		.4byte	0x271
 452 015d 68010000 		.4byte	0x168
 453 0161 0C       		.uleb128 0xc
 454 0162 01       		.uleb128 0x1
 455 0163 50       		.byte	0x50
 456 0164 02       		.uleb128 0x2
 457 0165 08       		.byte	0x8
 458 0166 30       		.byte	0x30
 459 0167 00       		.byte	0
 460 0168 0D       		.uleb128 0xd
 461 0169 2A000000 		.4byte	.LVL4
 462 016d 7C020000 		.4byte	0x27c
 463 0171 7B010000 		.4byte	0x17b
 464 0175 0C       		.uleb128 0xc
 465 0176 01       		.uleb128 0x1
 466 0177 50       		.byte	0x50
 467 0178 01       		.uleb128 0x1
 468 0179 38       		.byte	0x38
 469 017a 00       		.byte	0
 470 017b 0B       		.uleb128 0xb
 471 017c 30000000 		.4byte	.LVL5
 472 0180 87020000 		.4byte	0x287
 473 0184 0C       		.uleb128 0xc
 474 0185 01       		.uleb128 0x1
 475 0186 50       		.byte	0x50
 476 0187 01       		.uleb128 0x1
 477 0188 38       		.byte	0x38
 478 0189 00       		.byte	0
 479 018a 00       		.byte	0
 480 018b 0E       		.uleb128 0xe
 481 018c D9000000 		.4byte	.LASF33
 482 0190 01       		.byte	0x1
 483 0191 F1       		.byte	0xf1
 484 0192 54000000 		.4byte	.LFB6
 485 0196 8C000000 		.4byte	.LFE6-.LFB6
 486 019a 01       		.uleb128 0x1
 487 019b 9C       		.byte	0x9c
ARM GAS  C:\Users\User\AppData\Local\Temp\ccQ4UCso.s 			page 15


 488 019c 68020000 		.4byte	0x268
 489 01a0 0F       		.uleb128 0xf
 490 01a1 58000000 		.4byte	.LBB2
 491 01a5 48000000 		.4byte	.LBE2-.LBB2
 492 01a9 55020000 		.4byte	0x255
 493 01ad 10       		.uleb128 0x10
 494 01ae 06       		.byte	0x6
 495 01af 01       		.byte	0x1
 496 01b0 F8       		.byte	0xf8
 497 01b1 CE010000 		.4byte	0x1ce
 498 01b5 11       		.uleb128 0x11
 499 01b6 E6000000 		.4byte	.LASF22
 500 01ba 01       		.byte	0x1
 501 01bb F9       		.byte	0xf9
 502 01bc 84000000 		.4byte	0x84
 503 01c0 00       		.byte	0
 504 01c1 11       		.uleb128 0x11
 505 01c2 6A000000 		.4byte	.LASF23
 506 01c6 01       		.byte	0x1
 507 01c7 FA       		.byte	0xfa
 508 01c8 99000000 		.4byte	0x99
 509 01cc 04       		.byte	0x4
 510 01cd 00       		.byte	0
 511 01ce 03       		.uleb128 0x3
 512 01cf 93010000 		.4byte	.LASF24
 513 01d3 01       		.byte	0x1
 514 01d4 FB       		.byte	0xfb
 515 01d5 AD010000 		.4byte	0x1ad
 516 01d9 12       		.uleb128 0x12
 517 01da E9010000 		.4byte	0x1e9
 518 01de E9010000 		.4byte	0x1e9
 519 01e2 13       		.uleb128 0x13
 520 01e3 7D000000 		.4byte	0x7d
 521 01e7 01       		.byte	0x1
 522 01e8 00       		.byte	0
 523 01e9 14       		.uleb128 0x14
 524 01ea CE010000 		.4byte	0x1ce
 525 01ee 15       		.uleb128 0x15
 526 01ef 2D000000 		.4byte	.LASF25
 527 01f3 01       		.byte	0x1
 528 01f4 FD       		.byte	0xfd
 529 01f5 FF010000 		.4byte	0x1ff
 530 01f9 05       		.uleb128 0x5
 531 01fa 03       		.byte	0x3
 532 01fb 00000000 		.4byte	cfg_memset_list.4948
 533 01ff 14       		.uleb128 0x14
 534 0200 D9010000 		.4byte	0x1d9
 535 0204 16       		.uleb128 0x16
 536 0205 6900     		.ascii	"i\000"
 537 0207 01       		.byte	0x1
 538 0208 0301     		.2byte	0x103
 539 020a 8D000000 		.4byte	0x8d
 540 020e 4D000000 		.4byte	.LLST2
 541 0212 17       		.uleb128 0x17
 542 0213 5C000000 		.4byte	.LBB3
 543 0217 1C000000 		.4byte	.LBE3-.LBB3
 544 021b 16       		.uleb128 0x16
ARM GAS  C:\Users\User\AppData\Local\Temp\ccQ4UCso.s 			page 16


 545 021c 6D7300   		.ascii	"ms\000"
 546 021f 01       		.byte	0x1
 547 0220 0801     		.2byte	0x108
 548 0222 2A020000 		.4byte	0x22a
 549 0226 77000000 		.4byte	.LLST3
 550 022a 18       		.uleb128 0x18
 551 022b 04       		.byte	0x4
 552 022c E9010000 		.4byte	0x1e9
 553 0230 0B       		.uleb128 0xb
 554 0231 78000000 		.4byte	.LVL8
 555 0235 F2000000 		.4byte	0xf2
 556 0239 0C       		.uleb128 0xc
 557 023a 01       		.uleb128 0x1
 558 023b 51       		.byte	0x51
 559 023c 15       		.uleb128 0x15
 560 023d 74       		.byte	0x74
 561 023e 00       		.sleb128 0
 562 023f 31       		.byte	0x31
 563 0240 24       		.byte	0x24
 564 0241 74       		.byte	0x74
 565 0242 00       		.sleb128 0
 566 0243 22       		.byte	0x22
 567 0244 31       		.byte	0x31
 568 0245 24       		.byte	0x24
 569 0246 03       		.byte	0x3
 570 0247 04000000 		.4byte	.LANCHOR0+4
 571 024b 22       		.byte	0x22
 572 024c 94       		.byte	0x94
 573 024d 02       		.byte	0x2
 574 024e 0A       		.byte	0xa
 575 024f FFFF     		.2byte	0xffff
 576 0251 1A       		.byte	0x1a
 577 0252 00       		.byte	0
 578 0253 00       		.byte	0
 579 0254 00       		.byte	0
 580 0255 19       		.uleb128 0x19
 581 0256 BA000000 		.4byte	.LVL11
 582 025a 3F010000 		.4byte	0x13f
 583 025e 19       		.uleb128 0x19
 584 025f BE000000 		.4byte	.LVL12
 585 0263 E1000000 		.4byte	0xe1
 586 0267 00       		.byte	0
 587 0268 1A       		.uleb128 0x1a
 588 0269 A4000000 		.4byte	.LASF34
 589 026d A4000000 		.4byte	.LASF34
 590 0271 1B       		.uleb128 0x1b
 591 0272 C6010000 		.4byte	.LASF26
 592 0276 C6010000 		.4byte	.LASF26
 593 027a 04       		.byte	0x4
 594 027b 6C       		.byte	0x6c
 595 027c 1B       		.uleb128 0x1b
 596 027d 1E000000 		.4byte	.LASF27
 597 0281 1E000000 		.4byte	.LASF27
 598 0285 04       		.byte	0x4
 599 0286 BD       		.byte	0xbd
 600 0287 1B       		.uleb128 0x1b
 601 0288 B2000000 		.4byte	.LASF28
ARM GAS  C:\Users\User\AppData\Local\Temp\ccQ4UCso.s 			page 17


 602 028c B2000000 		.4byte	.LASF28
 603 0290 04       		.byte	0x4
 604 0291 C3       		.byte	0xc3
 605 0292 00       		.byte	0
 606              		.section	.debug_abbrev,"",%progbits
 607              	.Ldebug_abbrev0:
 608 0000 01       		.uleb128 0x1
 609 0001 11       		.uleb128 0x11
 610 0002 01       		.byte	0x1
 611 0003 25       		.uleb128 0x25
 612 0004 0E       		.uleb128 0xe
 613 0005 13       		.uleb128 0x13
 614 0006 0B       		.uleb128 0xb
 615 0007 03       		.uleb128 0x3
 616 0008 0E       		.uleb128 0xe
 617 0009 1B       		.uleb128 0x1b
 618 000a 0E       		.uleb128 0xe
 619 000b 55       		.uleb128 0x55
 620 000c 17       		.uleb128 0x17
 621 000d 11       		.uleb128 0x11
 622 000e 01       		.uleb128 0x1
 623 000f 10       		.uleb128 0x10
 624 0010 17       		.uleb128 0x17
 625 0011 00       		.byte	0
 626 0012 00       		.byte	0
 627 0013 02       		.uleb128 0x2
 628 0014 24       		.uleb128 0x24
 629 0015 00       		.byte	0
 630 0016 0B       		.uleb128 0xb
 631 0017 0B       		.uleb128 0xb
 632 0018 3E       		.uleb128 0x3e
 633 0019 0B       		.uleb128 0xb
 634 001a 03       		.uleb128 0x3
 635 001b 08       		.uleb128 0x8
 636 001c 00       		.byte	0
 637 001d 00       		.byte	0
 638 001e 03       		.uleb128 0x3
 639 001f 16       		.uleb128 0x16
 640 0020 00       		.byte	0
 641 0021 03       		.uleb128 0x3
 642 0022 0E       		.uleb128 0xe
 643 0023 3A       		.uleb128 0x3a
 644 0024 0B       		.uleb128 0xb
 645 0025 3B       		.uleb128 0x3b
 646 0026 0B       		.uleb128 0xb
 647 0027 49       		.uleb128 0x49
 648 0028 13       		.uleb128 0x13
 649 0029 00       		.byte	0
 650 002a 00       		.byte	0
 651 002b 04       		.uleb128 0x4
 652 002c 24       		.uleb128 0x24
 653 002d 00       		.byte	0
 654 002e 0B       		.uleb128 0xb
 655 002f 0B       		.uleb128 0xb
 656 0030 3E       		.uleb128 0x3e
 657 0031 0B       		.uleb128 0xb
 658 0032 03       		.uleb128 0x3
ARM GAS  C:\Users\User\AppData\Local\Temp\ccQ4UCso.s 			page 18


 659 0033 0E       		.uleb128 0xe
 660 0034 00       		.byte	0
 661 0035 00       		.byte	0
 662 0036 05       		.uleb128 0x5
 663 0037 0F       		.uleb128 0xf
 664 0038 00       		.byte	0
 665 0039 0B       		.uleb128 0xb
 666 003a 0B       		.uleb128 0xb
 667 003b 00       		.byte	0
 668 003c 00       		.byte	0
 669 003d 06       		.uleb128 0x6
 670 003e 16       		.uleb128 0x16
 671 003f 00       		.byte	0
 672 0040 03       		.uleb128 0x3
 673 0041 0E       		.uleb128 0xe
 674 0042 3A       		.uleb128 0x3a
 675 0043 0B       		.uleb128 0xb
 676 0044 3B       		.uleb128 0x3b
 677 0045 05       		.uleb128 0x5
 678 0046 49       		.uleb128 0x49
 679 0047 13       		.uleb128 0x13
 680 0048 00       		.byte	0
 681 0049 00       		.byte	0
 682 004a 07       		.uleb128 0x7
 683 004b 35       		.uleb128 0x35
 684 004c 00       		.byte	0
 685 004d 49       		.uleb128 0x49
 686 004e 13       		.uleb128 0x13
 687 004f 00       		.byte	0
 688 0050 00       		.byte	0
 689 0051 08       		.uleb128 0x8
 690 0052 2E       		.uleb128 0x2e
 691 0053 00       		.byte	0
 692 0054 03       		.uleb128 0x3
 693 0055 0E       		.uleb128 0xe
 694 0056 3A       		.uleb128 0x3a
 695 0057 0B       		.uleb128 0xb
 696 0058 3B       		.uleb128 0x3b
 697 0059 0B       		.uleb128 0xb
 698 005a 27       		.uleb128 0x27
 699 005b 19       		.uleb128 0x19
 700 005c 11       		.uleb128 0x11
 701 005d 01       		.uleb128 0x1
 702 005e 12       		.uleb128 0x12
 703 005f 06       		.uleb128 0x6
 704 0060 40       		.uleb128 0x40
 705 0061 18       		.uleb128 0x18
 706 0062 9742     		.uleb128 0x2117
 707 0064 19       		.uleb128 0x19
 708 0065 00       		.byte	0
 709 0066 00       		.byte	0
 710 0067 09       		.uleb128 0x9
 711 0068 2E       		.uleb128 0x2e
 712 0069 01       		.byte	0x1
 713 006a 03       		.uleb128 0x3
 714 006b 0E       		.uleb128 0xe
 715 006c 3A       		.uleb128 0x3a
ARM GAS  C:\Users\User\AppData\Local\Temp\ccQ4UCso.s 			page 19


 716 006d 0B       		.uleb128 0xb
 717 006e 3B       		.uleb128 0x3b
 718 006f 0B       		.uleb128 0xb
 719 0070 27       		.uleb128 0x27
 720 0071 19       		.uleb128 0x19
 721 0072 11       		.uleb128 0x11
 722 0073 01       		.uleb128 0x1
 723 0074 12       		.uleb128 0x12
 724 0075 06       		.uleb128 0x6
 725 0076 40       		.uleb128 0x40
 726 0077 18       		.uleb128 0x18
 727 0078 9742     		.uleb128 0x2117
 728 007a 19       		.uleb128 0x19
 729 007b 01       		.uleb128 0x1
 730 007c 13       		.uleb128 0x13
 731 007d 00       		.byte	0
 732 007e 00       		.byte	0
 733 007f 0A       		.uleb128 0xa
 734 0080 05       		.uleb128 0x5
 735 0081 00       		.byte	0
 736 0082 03       		.uleb128 0x3
 737 0083 08       		.uleb128 0x8
 738 0084 3A       		.uleb128 0x3a
 739 0085 0B       		.uleb128 0xb
 740 0086 3B       		.uleb128 0x3b
 741 0087 0B       		.uleb128 0xb
 742 0088 49       		.uleb128 0x49
 743 0089 13       		.uleb128 0x13
 744 008a 02       		.uleb128 0x2
 745 008b 17       		.uleb128 0x17
 746 008c 00       		.byte	0
 747 008d 00       		.byte	0
 748 008e 0B       		.uleb128 0xb
 749 008f 898201   		.uleb128 0x4109
 750 0092 01       		.byte	0x1
 751 0093 11       		.uleb128 0x11
 752 0094 01       		.uleb128 0x1
 753 0095 31       		.uleb128 0x31
 754 0096 13       		.uleb128 0x13
 755 0097 00       		.byte	0
 756 0098 00       		.byte	0
 757 0099 0C       		.uleb128 0xc
 758 009a 8A8201   		.uleb128 0x410a
 759 009d 00       		.byte	0
 760 009e 02       		.uleb128 0x2
 761 009f 18       		.uleb128 0x18
 762 00a0 9142     		.uleb128 0x2111
 763 00a2 18       		.uleb128 0x18
 764 00a3 00       		.byte	0
 765 00a4 00       		.byte	0
 766 00a5 0D       		.uleb128 0xd
 767 00a6 898201   		.uleb128 0x4109
 768 00a9 01       		.byte	0x1
 769 00aa 11       		.uleb128 0x11
 770 00ab 01       		.uleb128 0x1
 771 00ac 31       		.uleb128 0x31
 772 00ad 13       		.uleb128 0x13
ARM GAS  C:\Users\User\AppData\Local\Temp\ccQ4UCso.s 			page 20


 773 00ae 01       		.uleb128 0x1
 774 00af 13       		.uleb128 0x13
 775 00b0 00       		.byte	0
 776 00b1 00       		.byte	0
 777 00b2 0E       		.uleb128 0xe
 778 00b3 2E       		.uleb128 0x2e
 779 00b4 01       		.byte	0x1
 780 00b5 3F       		.uleb128 0x3f
 781 00b6 19       		.uleb128 0x19
 782 00b7 03       		.uleb128 0x3
 783 00b8 0E       		.uleb128 0xe
 784 00b9 3A       		.uleb128 0x3a
 785 00ba 0B       		.uleb128 0xb
 786 00bb 3B       		.uleb128 0x3b
 787 00bc 0B       		.uleb128 0xb
 788 00bd 27       		.uleb128 0x27
 789 00be 19       		.uleb128 0x19
 790 00bf 11       		.uleb128 0x11
 791 00c0 01       		.uleb128 0x1
 792 00c1 12       		.uleb128 0x12
 793 00c2 06       		.uleb128 0x6
 794 00c3 40       		.uleb128 0x40
 795 00c4 18       		.uleb128 0x18
 796 00c5 9742     		.uleb128 0x2117
 797 00c7 19       		.uleb128 0x19
 798 00c8 01       		.uleb128 0x1
 799 00c9 13       		.uleb128 0x13
 800 00ca 00       		.byte	0
 801 00cb 00       		.byte	0
 802 00cc 0F       		.uleb128 0xf
 803 00cd 0B       		.uleb128 0xb
 804 00ce 01       		.byte	0x1
 805 00cf 11       		.uleb128 0x11
 806 00d0 01       		.uleb128 0x1
 807 00d1 12       		.uleb128 0x12
 808 00d2 06       		.uleb128 0x6
 809 00d3 01       		.uleb128 0x1
 810 00d4 13       		.uleb128 0x13
 811 00d5 00       		.byte	0
 812 00d6 00       		.byte	0
 813 00d7 10       		.uleb128 0x10
 814 00d8 13       		.uleb128 0x13
 815 00d9 01       		.byte	0x1
 816 00da 0B       		.uleb128 0xb
 817 00db 0B       		.uleb128 0xb
 818 00dc 3A       		.uleb128 0x3a
 819 00dd 0B       		.uleb128 0xb
 820 00de 3B       		.uleb128 0x3b
 821 00df 0B       		.uleb128 0xb
 822 00e0 01       		.uleb128 0x1
 823 00e1 13       		.uleb128 0x13
 824 00e2 00       		.byte	0
 825 00e3 00       		.byte	0
 826 00e4 11       		.uleb128 0x11
 827 00e5 0D       		.uleb128 0xd
 828 00e6 00       		.byte	0
 829 00e7 03       		.uleb128 0x3
ARM GAS  C:\Users\User\AppData\Local\Temp\ccQ4UCso.s 			page 21


 830 00e8 0E       		.uleb128 0xe
 831 00e9 3A       		.uleb128 0x3a
 832 00ea 0B       		.uleb128 0xb
 833 00eb 3B       		.uleb128 0x3b
 834 00ec 0B       		.uleb128 0xb
 835 00ed 49       		.uleb128 0x49
 836 00ee 13       		.uleb128 0x13
 837 00ef 38       		.uleb128 0x38
 838 00f0 0B       		.uleb128 0xb
 839 00f1 00       		.byte	0
 840 00f2 00       		.byte	0
 841 00f3 12       		.uleb128 0x12
 842 00f4 01       		.uleb128 0x1
 843 00f5 01       		.byte	0x1
 844 00f6 49       		.uleb128 0x49
 845 00f7 13       		.uleb128 0x13
 846 00f8 01       		.uleb128 0x1
 847 00f9 13       		.uleb128 0x13
 848 00fa 00       		.byte	0
 849 00fb 00       		.byte	0
 850 00fc 13       		.uleb128 0x13
 851 00fd 21       		.uleb128 0x21
 852 00fe 00       		.byte	0
 853 00ff 49       		.uleb128 0x49
 854 0100 13       		.uleb128 0x13
 855 0101 2F       		.uleb128 0x2f
 856 0102 0B       		.uleb128 0xb
 857 0103 00       		.byte	0
 858 0104 00       		.byte	0
 859 0105 14       		.uleb128 0x14
 860 0106 26       		.uleb128 0x26
 861 0107 00       		.byte	0
 862 0108 49       		.uleb128 0x49
 863 0109 13       		.uleb128 0x13
 864 010a 00       		.byte	0
 865 010b 00       		.byte	0
 866 010c 15       		.uleb128 0x15
 867 010d 34       		.uleb128 0x34
 868 010e 00       		.byte	0
 869 010f 03       		.uleb128 0x3
 870 0110 0E       		.uleb128 0xe
 871 0111 3A       		.uleb128 0x3a
 872 0112 0B       		.uleb128 0xb
 873 0113 3B       		.uleb128 0x3b
 874 0114 0B       		.uleb128 0xb
 875 0115 49       		.uleb128 0x49
 876 0116 13       		.uleb128 0x13
 877 0117 02       		.uleb128 0x2
 878 0118 18       		.uleb128 0x18
 879 0119 00       		.byte	0
 880 011a 00       		.byte	0
 881 011b 16       		.uleb128 0x16
 882 011c 34       		.uleb128 0x34
 883 011d 00       		.byte	0
 884 011e 03       		.uleb128 0x3
 885 011f 08       		.uleb128 0x8
 886 0120 3A       		.uleb128 0x3a
ARM GAS  C:\Users\User\AppData\Local\Temp\ccQ4UCso.s 			page 22


 887 0121 0B       		.uleb128 0xb
 888 0122 3B       		.uleb128 0x3b
 889 0123 05       		.uleb128 0x5
 890 0124 49       		.uleb128 0x49
 891 0125 13       		.uleb128 0x13
 892 0126 02       		.uleb128 0x2
 893 0127 17       		.uleb128 0x17
 894 0128 00       		.byte	0
 895 0129 00       		.byte	0
 896 012a 17       		.uleb128 0x17
 897 012b 0B       		.uleb128 0xb
 898 012c 01       		.byte	0x1
 899 012d 11       		.uleb128 0x11
 900 012e 01       		.uleb128 0x1
 901 012f 12       		.uleb128 0x12
 902 0130 06       		.uleb128 0x6
 903 0131 00       		.byte	0
 904 0132 00       		.byte	0
 905 0133 18       		.uleb128 0x18
 906 0134 0F       		.uleb128 0xf
 907 0135 00       		.byte	0
 908 0136 0B       		.uleb128 0xb
 909 0137 0B       		.uleb128 0xb
 910 0138 49       		.uleb128 0x49
 911 0139 13       		.uleb128 0x13
 912 013a 00       		.byte	0
 913 013b 00       		.byte	0
 914 013c 19       		.uleb128 0x19
 915 013d 898201   		.uleb128 0x4109
 916 0140 00       		.byte	0
 917 0141 11       		.uleb128 0x11
 918 0142 01       		.uleb128 0x1
 919 0143 31       		.uleb128 0x31
 920 0144 13       		.uleb128 0x13
 921 0145 00       		.byte	0
 922 0146 00       		.byte	0
 923 0147 1A       		.uleb128 0x1a
 924 0148 2E       		.uleb128 0x2e
 925 0149 00       		.byte	0
 926 014a 3F       		.uleb128 0x3f
 927 014b 19       		.uleb128 0x19
 928 014c 3C       		.uleb128 0x3c
 929 014d 19       		.uleb128 0x19
 930 014e 6E       		.uleb128 0x6e
 931 014f 0E       		.uleb128 0xe
 932 0150 03       		.uleb128 0x3
 933 0151 0E       		.uleb128 0xe
 934 0152 00       		.byte	0
 935 0153 00       		.byte	0
 936 0154 1B       		.uleb128 0x1b
 937 0155 2E       		.uleb128 0x2e
 938 0156 00       		.byte	0
 939 0157 3F       		.uleb128 0x3f
 940 0158 19       		.uleb128 0x19
 941 0159 3C       		.uleb128 0x3c
 942 015a 19       		.uleb128 0x19
 943 015b 6E       		.uleb128 0x6e
ARM GAS  C:\Users\User\AppData\Local\Temp\ccQ4UCso.s 			page 23


 944 015c 0E       		.uleb128 0xe
 945 015d 03       		.uleb128 0x3
 946 015e 0E       		.uleb128 0xe
 947 015f 3A       		.uleb128 0x3a
 948 0160 0B       		.uleb128 0xb
 949 0161 3B       		.uleb128 0x3b
 950 0162 0B       		.uleb128 0xb
 951 0163 00       		.byte	0
 952 0164 00       		.byte	0
 953 0165 00       		.byte	0
 954              		.section	.debug_loc,"",%progbits
 955              	.Ldebug_loc0:
 956              	.LLST0:
 957 0000 00000000 		.4byte	.LVL0
 958 0004 09000000 		.4byte	.LVL2-1
 959 0008 0100     		.2byte	0x1
 960 000a 50       		.byte	0x50
 961 000b 09000000 		.4byte	.LVL2-1
 962 000f 0C000000 		.4byte	.LFE1
 963 0013 0400     		.2byte	0x4
 964 0015 F3       		.byte	0xf3
 965 0016 01       		.uleb128 0x1
 966 0017 50       		.byte	0x50
 967 0018 9F       		.byte	0x9f
 968 0019 00000000 		.4byte	0
 969 001d 00000000 		.4byte	0
 970              	.LLST1:
 971 0021 00000000 		.4byte	.LVL0
 972 0025 06000000 		.4byte	.LVL1
 973 0029 0100     		.2byte	0x1
 974 002b 51       		.byte	0x51
 975 002c 06000000 		.4byte	.LVL1
 976 0030 09000000 		.4byte	.LVL2-1
 977 0034 0100     		.2byte	0x1
 978 0036 52       		.byte	0x52
 979 0037 09000000 		.4byte	.LVL2-1
 980 003b 0C000000 		.4byte	.LFE1
 981 003f 0400     		.2byte	0x4
 982 0041 F3       		.byte	0xf3
 983 0042 01       		.uleb128 0x1
 984 0043 51       		.byte	0x51
 985 0044 9F       		.byte	0x9f
 986 0045 00000000 		.4byte	0
 987 0049 00000000 		.4byte	0
 988              	.LLST2:
 989 004d 58000000 		.4byte	.LVL6
 990 0051 5C000000 		.4byte	.LVL7
 991 0055 0200     		.2byte	0x2
 992 0057 30       		.byte	0x30
 993 0058 9F       		.byte	0x9f
 994 0059 5C000000 		.4byte	.LVL7
 995 005d 7A000000 		.4byte	.LVL9
 996 0061 0100     		.2byte	0x1
 997 0063 54       		.byte	0x54
 998 0064 7C000000 		.4byte	.LVL10
 999 0068 BE000000 		.4byte	.LVL13
 1000 006c 0100     		.2byte	0x1
ARM GAS  C:\Users\User\AppData\Local\Temp\ccQ4UCso.s 			page 24


 1001 006e 54       		.byte	0x54
 1002 006f 00000000 		.4byte	0
 1003 0073 00000000 		.4byte	0
 1004              	.LLST3:
 1005 0077 5C000000 		.4byte	.LVL7
 1006 007b 7A000000 		.4byte	.LVL9
 1007 007f 0B00     		.2byte	0xb
 1008 0081 74       		.byte	0x74
 1009 0082 00       		.sleb128 0
 1010 0083 36       		.byte	0x36
 1011 0084 1E       		.byte	0x1e
 1012 0085 03       		.byte	0x3
 1013 0086 00000000 		.4byte	cfg_memset_list.4948
 1014 008a 22       		.byte	0x22
 1015 008b 9F       		.byte	0x9f
 1016 008c 7A000000 		.4byte	.LVL9
 1017 0090 7C000000 		.4byte	.LVL10
 1018 0094 0B00     		.2byte	0xb
 1019 0096 74       		.byte	0x74
 1020 0097 7F       		.sleb128 -1
 1021 0098 36       		.byte	0x36
 1022 0099 1E       		.byte	0x1e
 1023 009a 03       		.byte	0x3
 1024 009b 00000000 		.4byte	cfg_memset_list.4948
 1025 009f 22       		.byte	0x22
 1026 00a0 9F       		.byte	0x9f
 1027 00a1 00000000 		.4byte	0
 1028 00a5 00000000 		.4byte	0
 1029              		.section	.debug_aranges,"",%progbits
 1030 0000 34000000 		.4byte	0x34
 1031 0004 0200     		.2byte	0x2
 1032 0006 00000000 		.4byte	.Ldebug_info0
 1033 000a 04       		.byte	0x4
 1034 000b 00       		.byte	0
 1035 000c 0000     		.2byte	0
 1036 000e 0000     		.2byte	0
 1037 0010 00000000 		.4byte	.LFB5
 1038 0014 20000000 		.4byte	.LFE5-.LFB5
 1039 0018 00000000 		.4byte	.LFB1
 1040 001c 0C000000 		.4byte	.LFE1-.LFB1
 1041 0020 00000000 		.4byte	.LFB4
 1042 0024 54000000 		.4byte	.LFE4-.LFB4
 1043 0028 54000000 		.4byte	.LFB6
 1044 002c 8C000000 		.4byte	.LFE6-.LFB6
 1045 0030 00000000 		.4byte	0
 1046 0034 00000000 		.4byte	0
 1047              		.section	.debug_ranges,"",%progbits
 1048              	.Ldebug_ranges0:
 1049 0000 00000000 		.4byte	.LFB5
 1050 0004 20000000 		.4byte	.LFE5
 1051 0008 00000000 		.4byte	.LFB1
 1052 000c 0C000000 		.4byte	.LFE1
 1053 0010 00000000 		.4byte	.LFB4
 1054 0014 54000000 		.4byte	.LFE4
 1055 0018 54000000 		.4byte	.LFB6
 1056 001c E0000000 		.4byte	.LFE6
 1057 0020 00000000 		.4byte	0
ARM GAS  C:\Users\User\AppData\Local\Temp\ccQ4UCso.s 			page 25


 1058 0024 00000000 		.4byte	0
 1059              		.section	.debug_line,"",%progbits
 1060              	.Ldebug_line0:
 1061 0000 3C010000 		.section	.debug_str,"MS",%progbits,1
 1061      0200D600 
 1061      00000201 
 1061      FB0E0D00 
 1061      01010101 
 1062              	.LASF19:
 1063 0000 72656733 		.ascii	"reg32\000"
 1063      3200
 1064              	.LASF12:
 1065 0006 73697A65 		.ascii	"size_t\000"
 1065      5F7400
 1066              	.LASF32:
 1067 000d 416E616C 		.ascii	"AnalogSetDefault\000"
 1067      6F675365 
 1067      74446566 
 1067      61756C74 
 1067      00
 1068              	.LASF27:
 1069 001e 4379496E 		.ascii	"CyIntSetVector\000"
 1069      74536574 
 1069      56656374 
 1069      6F7200
 1070              	.LASF25:
 1071 002d 6366675F 		.ascii	"cfg_memset_list\000"
 1071      6D656D73 
 1071      65745F6C 
 1071      69737400 
 1072              	.LASF21:
 1073 003d 436C6F63 		.ascii	"ClockSetup\000"
 1073      6B536574 
 1073      757000
 1074              	.LASF7:
 1075 0048 6C6F6E67 		.ascii	"long int\000"
 1075      20696E74 
 1075      00
 1076              	.LASF6:
 1077 0051 73686F72 		.ascii	"short unsigned int\000"
 1077      7420756E 
 1077      7369676E 
 1077      65642069 
 1077      6E7400
 1078              	.LASF16:
 1079 0064 666C6F61 		.ascii	"float\000"
 1079      7400
 1080              	.LASF23:
 1081 006a 73697A65 		.ascii	"size\000"
 1081      00
 1082              	.LASF18:
 1083 006f 72656738 		.ascii	"reg8\000"
 1083      00
 1084              	.LASF8:
 1085 0074 6C6F6E67 		.ascii	"long unsigned int\000"
 1085      20756E73 
 1085      69676E65 
ARM GAS  C:\Users\User\AppData\Local\Temp\ccQ4UCso.s 			page 26


 1085      6420696E 
 1085      7400
 1086              	.LASF13:
 1087 0086 75696E74 		.ascii	"uint8\000"
 1087      3800
 1088              	.LASF20:
 1089 008c 43594D45 		.ascii	"CYMEMZERO\000"
 1089      4D5A4552 
 1089      4F00
 1090              	.LASF4:
 1091 0096 756E7369 		.ascii	"unsigned char\000"
 1091      676E6564 
 1091      20636861 
 1091      7200
 1092              	.LASF34:
 1093 00a4 6D656D73 		.ascii	"memset\000"
 1093      657400
 1094              	.LASF17:
 1095 00ab 646F7562 		.ascii	"double\000"
 1095      6C6500
 1096              	.LASF28:
 1097 00b2 4379496E 		.ascii	"CyIntEnable\000"
 1097      74456E61 
 1097      626C6500 
 1098              	.LASF14:
 1099 00be 75696E74 		.ascii	"uint16\000"
 1099      313600
 1100              	.LASF15:
 1101 00c5 75696E74 		.ascii	"uint32\000"
 1101      333200
 1102              	.LASF0:
 1103 00cc 756E7369 		.ascii	"unsigned int\000"
 1103      676E6564 
 1103      20696E74 
 1103      00
 1104              	.LASF33:
 1105 00d9 63796669 		.ascii	"cyfitter_cfg\000"
 1105      74746572 
 1105      5F636667 
 1105      00
 1106              	.LASF22:
 1107 00e6 61646472 		.ascii	"address\000"
 1107      65737300 
 1108              	.LASF9:
 1109 00ee 6C6F6E67 		.ascii	"long long unsigned int\000"
 1109      206C6F6E 
 1109      6720756E 
 1109      7369676E 
 1109      65642069 
 1110              	.LASF29:
 1111 0105 474E5520 		.ascii	"GNU C11 5.4.1 20160609 (release) [ARM/embedded-5-br"
 1111      43313120 
 1111      352E342E 
 1111      31203230 
 1111      31363036 
 1112 0138 616E6368 		.ascii	"anch revision 237715] -mcpu=cortex-m0 -mthumb -g -O"
 1112      20726576 
ARM GAS  C:\Users\User\AppData\Local\Temp\ccQ4UCso.s 			page 27


 1112      6973696F 
 1112      6E203233 
 1112      37373135 
 1113 016b 67202D66 		.ascii	"g -ffunction-sections -ffat-lto-objects\000"
 1113      66756E63 
 1113      74696F6E 
 1113      2D736563 
 1113      74696F6E 
 1114              	.LASF24:
 1115 0193 6366675F 		.ascii	"cfg_memset_t\000"
 1115      6D656D73 
 1115      65745F74 
 1115      00
 1116              	.LASF10:
 1117 01a0 73697A65 		.ascii	"sizetype\000"
 1117      74797065 
 1117      00
 1118              	.LASF1:
 1119 01a9 6C6F6E67 		.ascii	"long long int\000"
 1119      206C6F6E 
 1119      6720696E 
 1119      7400
 1120              	.LASF11:
 1121 01b7 63686172 		.ascii	"char\000"
 1121      00
 1122              	.LASF5:
 1123 01bc 73686F72 		.ascii	"short int\000"
 1123      7420696E 
 1123      7400
 1124              	.LASF26:
 1125 01c6 43795379 		.ascii	"CySysClkWriteImoFreq\000"
 1125      73436C6B 
 1125      57726974 
 1125      65496D6F 
 1125      46726571 
 1126              	.LASF31:
 1127 01db 443A5C50 		.ascii	"D:\\Projects\\PSoC\\Workspace01\\GPIO.cydsn\000"
 1127      726F6A65 
 1127      6374735C 
 1127      50536F43 
 1127      5C576F72 
 1128              	.LASF2:
 1129 0203 6C6F6E67 		.ascii	"long double\000"
 1129      20646F75 
 1129      626C6500 
 1130              	.LASF3:
 1131 020f 7369676E 		.ascii	"signed char\000"
 1131      65642063 
 1131      68617200 
 1132              	.LASF30:
 1133 021b 47656E65 		.ascii	"Generated_Source\\PSoC4\\cyfitter_cfg.c\000"
 1133      72617465 
 1133      645F536F 
 1133      75726365 
 1133      5C50536F 
 1134              		.ident	"GCC: (GNU Tools for ARM Embedded Processors) 5.4.1 20160609 (release) [ARM/embedded-5-bran
