ARM GAS  C:\Users\User\AppData\Local\Temp\ccbKXfnX.s 			page 1


   1              		.syntax unified
   2              		.cpu cortex-m0
   3              		.fpu softvfp
   4              		.eabi_attribute 20, 1
   5              		.eabi_attribute 21, 1
   6              		.eabi_attribute 23, 3
   7              		.eabi_attribute 24, 1
   8              		.eabi_attribute 25, 1
   9              		.eabi_attribute 26, 1
  10              		.eabi_attribute 30, 1
  11              		.eabi_attribute 34, 0
  12              		.eabi_attribute 18, 4
  13              		.thumb
  14              		.syntax unified
  15              		.file	"main.c"
  16              		.text
  17              	.Ltext0:
  18              		.cfi_sections	.debug_frame
  19              		.section	.text.main,"ax",%progbits
  20              		.align	2
  21              		.global	main
  22              		.code	16
  23              		.thumb_func
  24              		.type	main, %function
  25              	main:
  26              	.LFB34:
  27              		.file 1 "main.c"
   1:main.c        **** /* ========================================
   2:main.c        ****  *
   3:main.c        ****  * Copyright YOUR COMPANY, THE YEAR
   4:main.c        ****  * All Rights Reserved
   5:main.c        ****  * UNPUBLISHED, LICENSED SOFTWARE.
   6:main.c        ****  *
   7:main.c        ****  * CONFIDENTIAL AND PROPRIETARY INFORMATION
   8:main.c        ****  * WHICH IS THE PROPERTY OF your company.
   9:main.c        ****  *
  10:main.c        ****  * ========================================
  11:main.c        **** */
  12:main.c        **** #include "project.h"
  13:main.c        **** 
  14:main.c        **** int main(void)
  15:main.c        **** {
  28              		.loc 1 15 0
  29              		.cfi_startproc
  30              		@ Volatile: function does not return.
  31              		@ args = 0, pretend = 0, frame = 0
  32              		@ frame_needed = 0, uses_anonymous_args = 0
  33 0000 10B5     		push	{r4, lr}
  34              		.cfi_def_cfa_offset 8
  35              		.cfi_offset 4, -8
  36              		.cfi_offset 14, -4
  16:main.c        ****     CyGlobalIntEnable; /* Enable global interrupts. */
  37              		.loc 1 16 0
  38              		.syntax divided
  39              	@ 16 "main.c" 1
  40 0002 62B6     		CPSIE   i
  41              	@ 0 "" 2
ARM GAS  C:\Users\User\AppData\Local\Temp\ccbKXfnX.s 			page 2


  17:main.c        ****     
  18:main.c        ****     /* Start USBFS operation with 5-V operation. */
  19:main.c        ****     USBFS_Start(0, USBFS_5V_OPERATION);
  42              		.loc 1 19 0
  43              		.thumb
  44              		.syntax unified
  45 0004 0121     		movs	r1, #1
  46 0006 0020     		movs	r0, #0
  47 0008 FFF7FEFF 		bl	USBFS_Start
  48              	.LVL0:
  49              	.L2:
  20:main.c        **** 
  21:main.c        ****     /* Wait for device to enumerate */
  22:main.c        ****     while (0u == USBFS_GetConfiguration())
  50              		.loc 1 22 0 discriminator 1
  51 000c FFF7FEFF 		bl	USBFS_GetConfiguration
  52              	.LVL1:
  53 0010 0028     		cmp	r0, #0
  54 0012 FBD0     		beq	.L2
  55              	.L3:
  56 0014 FEE7     		b	.L3
  57              		.cfi_endproc
  58              	.LFE34:
  59              		.size	main, .-main
  60 0016 C046     		.text
  61              	.Letext0:
  62              		.file 2 "Generated_Source\\PSoC4/USBFS.h"
  63              		.section	.debug_info,"",%progbits
  64              	.Ldebug_info0:
  65 0000 DE000000 		.4byte	0xde
  66 0004 0400     		.2byte	0x4
  67 0006 00000000 		.4byte	.Ldebug_abbrev0
  68 000a 04       		.byte	0x4
  69 000b 01       		.uleb128 0x1
  70 000c C1000000 		.4byte	.LASF16
  71 0010 0C       		.byte	0xc
  72 0011 1B000000 		.4byte	.LASF17
  73 0015 27000000 		.4byte	.LASF18
  74 0019 00000000 		.4byte	.Ldebug_ranges0+0
  75 001d 00000000 		.4byte	0
  76 0021 00000000 		.4byte	.Ldebug_line0
  77 0025 02       		.uleb128 0x2
  78 0026 01       		.byte	0x1
  79 0027 06       		.byte	0x6
  80 0028 62010000 		.4byte	.LASF0
  81 002c 02       		.uleb128 0x2
  82 002d 01       		.byte	0x1
  83 002e 08       		.byte	0x8
  84 002f 8C000000 		.4byte	.LASF1
  85 0033 02       		.uleb128 0x2
  86 0034 02       		.byte	0x2
  87 0035 05       		.byte	0x5
  88 0036 80010000 		.4byte	.LASF2
  89 003a 02       		.uleb128 0x2
  90 003b 02       		.byte	0x2
  91 003c 07       		.byte	0x7
  92 003d 4F010000 		.4byte	.LASF3
ARM GAS  C:\Users\User\AppData\Local\Temp\ccbKXfnX.s 			page 3


  93 0041 02       		.uleb128 0x2
  94 0042 04       		.byte	0x4
  95 0043 05       		.byte	0x5
  96 0044 9F000000 		.4byte	.LASF4
  97 0048 02       		.uleb128 0x2
  98 0049 04       		.byte	0x4
  99 004a 07       		.byte	0x7
 100 004b A8000000 		.4byte	.LASF5
 101 004f 02       		.uleb128 0x2
 102 0050 08       		.byte	0x8
 103 0051 05       		.byte	0x5
 104 0052 00000000 		.4byte	.LASF6
 105 0056 02       		.uleb128 0x2
 106 0057 08       		.byte	0x8
 107 0058 07       		.byte	0x7
 108 0059 69000000 		.4byte	.LASF7
 109 005d 03       		.uleb128 0x3
 110 005e 04       		.byte	0x4
 111 005f 05       		.byte	0x5
 112 0060 696E7400 		.ascii	"int\000"
 113 0064 02       		.uleb128 0x2
 114 0065 04       		.byte	0x4
 115 0066 07       		.byte	0x7
 116 0067 0E000000 		.4byte	.LASF8
 117 006b 02       		.uleb128 0x2
 118 006c 04       		.byte	0x4
 119 006d 04       		.byte	0x4
 120 006e 7A010000 		.4byte	.LASF9
 121 0072 02       		.uleb128 0x2
 122 0073 08       		.byte	0x8
 123 0074 04       		.byte	0x4
 124 0075 BA000000 		.4byte	.LASF10
 125 0079 02       		.uleb128 0x2
 126 007a 01       		.byte	0x1
 127 007b 08       		.byte	0x8
 128 007c 9A000000 		.4byte	.LASF11
 129 0080 02       		.uleb128 0x2
 130 0081 08       		.byte	0x8
 131 0082 04       		.byte	0x4
 132 0083 6E010000 		.4byte	.LASF12
 133 0087 02       		.uleb128 0x2
 134 0088 04       		.byte	0x4
 135 0089 07       		.byte	0x7
 136 008a 8A010000 		.4byte	.LASF13
 137 008e 04       		.uleb128 0x4
 138 008f 22000000 		.4byte	.LASF19
 139 0093 01       		.byte	0x1
 140 0094 0E       		.byte	0xe
 141 0095 5D000000 		.4byte	0x5d
 142 0099 00000000 		.4byte	.LFB34
 143 009d 16000000 		.4byte	.LFE34-.LFB34
 144 00a1 01       		.uleb128 0x1
 145 00a2 9C       		.byte	0x9c
 146 00a3 C9000000 		.4byte	0xc9
 147 00a7 05       		.uleb128 0x5
 148 00a8 0C000000 		.4byte	.LVL0
 149 00ac C9000000 		.4byte	0xc9
ARM GAS  C:\Users\User\AppData\Local\Temp\ccbKXfnX.s 			page 4


 150 00b0 BF000000 		.4byte	0xbf
 151 00b4 06       		.uleb128 0x6
 152 00b5 01       		.uleb128 0x1
 153 00b6 50       		.byte	0x50
 154 00b7 01       		.uleb128 0x1
 155 00b8 30       		.byte	0x30
 156 00b9 06       		.uleb128 0x6
 157 00ba 01       		.uleb128 0x1
 158 00bb 51       		.byte	0x51
 159 00bc 01       		.uleb128 0x1
 160 00bd 31       		.byte	0x31
 161 00be 00       		.byte	0
 162 00bf 07       		.uleb128 0x7
 163 00c0 10000000 		.4byte	.LVL1
 164 00c4 D5000000 		.4byte	0xd5
 165 00c8 00       		.byte	0
 166 00c9 08       		.uleb128 0x8
 167 00ca 80000000 		.4byte	.LASF14
 168 00ce 80000000 		.4byte	.LASF14
 169 00d2 02       		.byte	0x2
 170 00d3 3001     		.2byte	0x130
 171 00d5 08       		.uleb128 0x8
 172 00d6 52000000 		.4byte	.LASF15
 173 00da 52000000 		.4byte	.LASF15
 174 00de 02       		.byte	0x2
 175 00df 3301     		.2byte	0x133
 176 00e1 00       		.byte	0
 177              		.section	.debug_abbrev,"",%progbits
 178              	.Ldebug_abbrev0:
 179 0000 01       		.uleb128 0x1
 180 0001 11       		.uleb128 0x11
 181 0002 01       		.byte	0x1
 182 0003 25       		.uleb128 0x25
 183 0004 0E       		.uleb128 0xe
 184 0005 13       		.uleb128 0x13
 185 0006 0B       		.uleb128 0xb
 186 0007 03       		.uleb128 0x3
 187 0008 0E       		.uleb128 0xe
 188 0009 1B       		.uleb128 0x1b
 189 000a 0E       		.uleb128 0xe
 190 000b 55       		.uleb128 0x55
 191 000c 17       		.uleb128 0x17
 192 000d 11       		.uleb128 0x11
 193 000e 01       		.uleb128 0x1
 194 000f 10       		.uleb128 0x10
 195 0010 17       		.uleb128 0x17
 196 0011 00       		.byte	0
 197 0012 00       		.byte	0
 198 0013 02       		.uleb128 0x2
 199 0014 24       		.uleb128 0x24
 200 0015 00       		.byte	0
 201 0016 0B       		.uleb128 0xb
 202 0017 0B       		.uleb128 0xb
 203 0018 3E       		.uleb128 0x3e
 204 0019 0B       		.uleb128 0xb
 205 001a 03       		.uleb128 0x3
 206 001b 0E       		.uleb128 0xe
ARM GAS  C:\Users\User\AppData\Local\Temp\ccbKXfnX.s 			page 5


 207 001c 00       		.byte	0
 208 001d 00       		.byte	0
 209 001e 03       		.uleb128 0x3
 210 001f 24       		.uleb128 0x24
 211 0020 00       		.byte	0
 212 0021 0B       		.uleb128 0xb
 213 0022 0B       		.uleb128 0xb
 214 0023 3E       		.uleb128 0x3e
 215 0024 0B       		.uleb128 0xb
 216 0025 03       		.uleb128 0x3
 217 0026 08       		.uleb128 0x8
 218 0027 00       		.byte	0
 219 0028 00       		.byte	0
 220 0029 04       		.uleb128 0x4
 221 002a 2E       		.uleb128 0x2e
 222 002b 01       		.byte	0x1
 223 002c 3F       		.uleb128 0x3f
 224 002d 19       		.uleb128 0x19
 225 002e 03       		.uleb128 0x3
 226 002f 0E       		.uleb128 0xe
 227 0030 3A       		.uleb128 0x3a
 228 0031 0B       		.uleb128 0xb
 229 0032 3B       		.uleb128 0x3b
 230 0033 0B       		.uleb128 0xb
 231 0034 27       		.uleb128 0x27
 232 0035 19       		.uleb128 0x19
 233 0036 49       		.uleb128 0x49
 234 0037 13       		.uleb128 0x13
 235 0038 8701     		.uleb128 0x87
 236 003a 19       		.uleb128 0x19
 237 003b 11       		.uleb128 0x11
 238 003c 01       		.uleb128 0x1
 239 003d 12       		.uleb128 0x12
 240 003e 06       		.uleb128 0x6
 241 003f 40       		.uleb128 0x40
 242 0040 18       		.uleb128 0x18
 243 0041 9742     		.uleb128 0x2117
 244 0043 19       		.uleb128 0x19
 245 0044 01       		.uleb128 0x1
 246 0045 13       		.uleb128 0x13
 247 0046 00       		.byte	0
 248 0047 00       		.byte	0
 249 0048 05       		.uleb128 0x5
 250 0049 898201   		.uleb128 0x4109
 251 004c 01       		.byte	0x1
 252 004d 11       		.uleb128 0x11
 253 004e 01       		.uleb128 0x1
 254 004f 31       		.uleb128 0x31
 255 0050 13       		.uleb128 0x13
 256 0051 01       		.uleb128 0x1
 257 0052 13       		.uleb128 0x13
 258 0053 00       		.byte	0
 259 0054 00       		.byte	0
 260 0055 06       		.uleb128 0x6
 261 0056 8A8201   		.uleb128 0x410a
 262 0059 00       		.byte	0
 263 005a 02       		.uleb128 0x2
ARM GAS  C:\Users\User\AppData\Local\Temp\ccbKXfnX.s 			page 6


 264 005b 18       		.uleb128 0x18
 265 005c 9142     		.uleb128 0x2111
 266 005e 18       		.uleb128 0x18
 267 005f 00       		.byte	0
 268 0060 00       		.byte	0
 269 0061 07       		.uleb128 0x7
 270 0062 898201   		.uleb128 0x4109
 271 0065 00       		.byte	0
 272 0066 11       		.uleb128 0x11
 273 0067 01       		.uleb128 0x1
 274 0068 31       		.uleb128 0x31
 275 0069 13       		.uleb128 0x13
 276 006a 00       		.byte	0
 277 006b 00       		.byte	0
 278 006c 08       		.uleb128 0x8
 279 006d 2E       		.uleb128 0x2e
 280 006e 00       		.byte	0
 281 006f 3F       		.uleb128 0x3f
 282 0070 19       		.uleb128 0x19
 283 0071 3C       		.uleb128 0x3c
 284 0072 19       		.uleb128 0x19
 285 0073 6E       		.uleb128 0x6e
 286 0074 0E       		.uleb128 0xe
 287 0075 03       		.uleb128 0x3
 288 0076 0E       		.uleb128 0xe
 289 0077 3A       		.uleb128 0x3a
 290 0078 0B       		.uleb128 0xb
 291 0079 3B       		.uleb128 0x3b
 292 007a 05       		.uleb128 0x5
 293 007b 00       		.byte	0
 294 007c 00       		.byte	0
 295 007d 00       		.byte	0
 296              		.section	.debug_aranges,"",%progbits
 297 0000 1C000000 		.4byte	0x1c
 298 0004 0200     		.2byte	0x2
 299 0006 00000000 		.4byte	.Ldebug_info0
 300 000a 04       		.byte	0x4
 301 000b 00       		.byte	0
 302 000c 0000     		.2byte	0
 303 000e 0000     		.2byte	0
 304 0010 00000000 		.4byte	.LFB34
 305 0014 16000000 		.4byte	.LFE34-.LFB34
 306 0018 00000000 		.4byte	0
 307 001c 00000000 		.4byte	0
 308              		.section	.debug_ranges,"",%progbits
 309              	.Ldebug_ranges0:
 310 0000 00000000 		.4byte	.LFB34
 311 0004 16000000 		.4byte	.LFE34
 312 0008 00000000 		.4byte	0
 313 000c 00000000 		.4byte	0
 314              		.section	.debug_line,"",%progbits
 315              	.Ldebug_line0:
 316 0000 5B000000 		.section	.debug_str,"MS",%progbits,1
 316      02003F00 
 316      00000201 
 316      FB0E0D00 
 316      01010101 
ARM GAS  C:\Users\User\AppData\Local\Temp\ccbKXfnX.s 			page 7


 317              	.LASF6:
 318 0000 6C6F6E67 		.ascii	"long long int\000"
 318      206C6F6E 
 318      6720696E 
 318      7400
 319              	.LASF8:
 320 000e 756E7369 		.ascii	"unsigned int\000"
 320      676E6564 
 320      20696E74 
 320      00
 321              	.LASF17:
 322 001b 6D61696E 		.ascii	"main.c\000"
 322      2E6300
 323              	.LASF19:
 324 0022 6D61696E 		.ascii	"main\000"
 324      00
 325              	.LASF18:
 326 0027 443A5C50 		.ascii	"D:\\Projects\\PSoC\\Workspace02\\USB_HID.cydsn\000"
 326      726F6A65 
 326      6374735C 
 326      50536F43 
 326      5C576F72 
 327              	.LASF15:
 328 0052 55534246 		.ascii	"USBFS_GetConfiguration\000"
 328      535F4765 
 328      74436F6E 
 328      66696775 
 328      72617469 
 329              	.LASF7:
 330 0069 6C6F6E67 		.ascii	"long long unsigned int\000"
 330      206C6F6E 
 330      6720756E 
 330      7369676E 
 330      65642069 
 331              	.LASF14:
 332 0080 55534246 		.ascii	"USBFS_Start\000"
 332      535F5374 
 332      61727400 
 333              	.LASF1:
 334 008c 756E7369 		.ascii	"unsigned char\000"
 334      676E6564 
 334      20636861 
 334      7200
 335              	.LASF11:
 336 009a 63686172 		.ascii	"char\000"
 336      00
 337              	.LASF4:
 338 009f 6C6F6E67 		.ascii	"long int\000"
 338      20696E74 
 338      00
 339              	.LASF5:
 340 00a8 6C6F6E67 		.ascii	"long unsigned int\000"
 340      20756E73 
 340      69676E65 
 340      6420696E 
 340      7400
 341              	.LASF10:
ARM GAS  C:\Users\User\AppData\Local\Temp\ccbKXfnX.s 			page 8


 342 00ba 646F7562 		.ascii	"double\000"
 342      6C6500
 343              	.LASF16:
 344 00c1 474E5520 		.ascii	"GNU C11 5.4.1 20160609 (release) [ARM/embedded-5-br"
 344      43313120 
 344      352E342E 
 344      31203230 
 344      31363036 
 345 00f4 616E6368 		.ascii	"anch revision 237715] -mcpu=cortex-m0 -mthumb -g -O"
 345      20726576 
 345      6973696F 
 345      6E203233 
 345      37373135 
 346 0127 67202D66 		.ascii	"g -ffunction-sections -ffat-lto-objects\000"
 346      66756E63 
 346      74696F6E 
 346      2D736563 
 346      74696F6E 
 347              	.LASF3:
 348 014f 73686F72 		.ascii	"short unsigned int\000"
 348      7420756E 
 348      7369676E 
 348      65642069 
 348      6E7400
 349              	.LASF0:
 350 0162 7369676E 		.ascii	"signed char\000"
 350      65642063 
 350      68617200 
 351              	.LASF12:
 352 016e 6C6F6E67 		.ascii	"long double\000"
 352      20646F75 
 352      626C6500 
 353              	.LASF9:
 354 017a 666C6F61 		.ascii	"float\000"
 354      7400
 355              	.LASF2:
 356 0180 73686F72 		.ascii	"short int\000"
 356      7420696E 
 356      7400
 357              	.LASF13:
 358 018a 73697A65 		.ascii	"sizetype\000"
 358      74797065 
 358      00
 359              		.ident	"GCC: (GNU Tools for ARM Embedded Processors) 5.4.1 20160609 (release) [ARM/embedded-5-bran
