ARM GAS  C:\Users\User\AppData\Local\Temp\ccsIbxOj.s 			page 1


   1              		.syntax unified
   2              		.cpu cortex-m0
   3              		.fpu softvfp
   4              		.eabi_attribute 20, 1
   5              		.eabi_attribute 21, 1
   6              		.eabi_attribute 23, 3
   7              		.eabi_attribute 24, 1
   8              		.eabi_attribute 25, 1
   9              		.eabi_attribute 26, 1
  10              		.eabi_attribute 30, 1
  11              		.eabi_attribute 34, 0
  12              		.eabi_attribute 18, 4
  13              		.thumb
  14              		.syntax unified
  15              		.file	"USBFS_descr.c"
  16              		.text
  17              	.Ltext0:
  18              		.cfi_sections	.debug_frame
  19              		.global	USBFS_TABLE
  20              		.global	USBFS_DEVICE0_TABLE
  21              		.global	USBFS_DEVICE0_CONFIGURATION0_TABLE
  22              		.global	USBFS_DEVICE0_CONFIGURATION0_INTERFACE_CLASS
  23              		.global	USBFS_DEVICE0_CONFIGURATION0_EP_SETTINGS_TABLE
  24              		.global	USBFS_DEVICE0_CONFIGURATION0_INTERFACE0_TABLE
  25              		.global	USBFS_DEVICE0_CONFIGURATION0_INTERFACE0_ALTERNATE0_HID_TABLE
  26              		.global	USBFS_DEVICE0_CONFIGURATION0_INTERFACE0_ALTERNATE0_HID_OUT_RPT_TABLE
  27              		.comm	USBFS_DEVICE0_CONFIGURATION0_INTERFACE0_ALTERNATE0_HID_OUT_BUF,9,4
  28              		.comm	USBFS_DEVICE0_CONFIGURATION0_INTERFACE0_ALTERNATE0_HID_OUT_RPT_SCB,4,4
  29              		.global	USBFS_DEVICE0_CONFIGURATION0_INTERFACE0_ALTERNATE0_HID_IN_RPT_TABLE
  30              		.comm	USBFS_DEVICE0_CONFIGURATION0_INTERFACE0_ALTERNATE0_HID_IN_BUF,9,4
  31              		.comm	USBFS_DEVICE0_CONFIGURATION0_INTERFACE0_ALTERNATE0_HID_IN_RPT_SCB,4,4
  32              		.global	USBFS_HIDREPORT_DESCRIPTOR1
  33              		.global	USBFS_STRING_DESCRIPTORS
  34              		.global	USBFS_DEVICE0_CONFIGURATION0_DESCR
  35              		.global	USBFS_DEVICE0_DESCR
  36              		.section	.rodata
  37              		.align	2
  38              		.type	USBFS_TABLE, %object
  39              		.size	USBFS_TABLE, 8
  40              	USBFS_TABLE:
  41 0000 01       		.byte	1
  42 0001 000000   		.space	3
  43 0004 00000000 		.word	USBFS_DEVICE0_TABLE
  44              		.type	USBFS_DEVICE0_TABLE, %object
  45              		.size	USBFS_DEVICE0_TABLE, 24
  46              	USBFS_DEVICE0_TABLE:
  47 0008 01       		.byte	1
  48 0009 000000   		.space	3
  49 000c 00000000 		.word	USBFS_DEVICE0_DESCR
  50 0010 00       		.byte	0
  51 0011 000000   		.space	3
  52 0014 00000000 		.word	0
  53 0018 01       		.byte	1
  54 0019 000000   		.space	3
  55 001c 00000000 		.word	USBFS_DEVICE0_CONFIGURATION0_TABLE
  56              		.type	USBFS_DEVICE0_CONFIGURATION0_TABLE, %object
  57              		.size	USBFS_DEVICE0_CONFIGURATION0_TABLE, 32
ARM GAS  C:\Users\User\AppData\Local\Temp\ccsIbxOj.s 			page 2


  58              	USBFS_DEVICE0_CONFIGURATION0_TABLE:
  59 0020 01       		.byte	1
  60 0021 000000   		.space	3
  61 0024 00000000 		.word	USBFS_DEVICE0_CONFIGURATION0_DESCR
  62 0028 01       		.byte	1
  63 0029 000000   		.space	3
  64 002c 00000000 		.word	USBFS_DEVICE0_CONFIGURATION0_EP_SETTINGS_TABLE
  65 0030 01       		.byte	1
  66 0031 000000   		.space	3
  67 0034 00000000 		.word	USBFS_DEVICE0_CONFIGURATION0_INTERFACE0_TABLE
  68 0038 00       		.byte	0
  69 0039 000000   		.space	3
  70 003c 00000000 		.word	USBFS_DEVICE0_CONFIGURATION0_INTERFACE_CLASS
  71              		.type	USBFS_DEVICE0_CONFIGURATION0_INTERFACE_CLASS, %object
  72              		.size	USBFS_DEVICE0_CONFIGURATION0_INTERFACE_CLASS, 1
  73              	USBFS_DEVICE0_CONFIGURATION0_INTERFACE_CLASS:
  74 0040 03       		.byte	3
  75 0041 000000   		.space	3
  76              		.type	USBFS_DEVICE0_CONFIGURATION0_EP_SETTINGS_TABLE, %object
  77              		.size	USBFS_DEVICE0_CONFIGURATION0_EP_SETTINGS_TABLE, 8
  78              	USBFS_DEVICE0_CONFIGURATION0_EP_SETTINGS_TABLE:
  79 0044 00       		.byte	0
  80 0045 00       		.byte	0
  81 0046 81       		.byte	-127
  82 0047 03       		.byte	3
  83 0048 0800     		.short	8
  84 004a 03       		.byte	3
  85 004b 00       		.space	1
  86              		.type	USBFS_DEVICE0_CONFIGURATION0_INTERFACE0_TABLE, %object
  87              		.size	USBFS_DEVICE0_CONFIGURATION0_INTERFACE0_TABLE, 8
  88              	USBFS_DEVICE0_CONFIGURATION0_INTERFACE0_TABLE:
  89 004c 01       		.byte	1
  90 004d 000000   		.space	3
  91 0050 00000000 		.word	USBFS_DEVICE0_CONFIGURATION0_INTERFACE0_ALTERNATE0_HID_TABLE
  92              		.type	USBFS_DEVICE0_CONFIGURATION0_INTERFACE0_ALTERNATE0_HID_TABLE, %object
  93              		.size	USBFS_DEVICE0_CONFIGURATION0_INTERFACE0_ALTERNATE0_HID_TABLE, 40
  94              	USBFS_DEVICE0_CONFIGURATION0_INTERFACE0_ALTERNATE0_HID_TABLE:
  95 0054 00       		.byte	0
  96 0055 000000   		.space	3
  97 0058 00000000 		.word	USBFS_DEVICE0_CONFIGURATION0_INTERFACE0_ALTERNATE0_HID_IN_RPT_TABLE
  98 005c 00       		.byte	0
  99 005d 000000   		.space	3
 100 0060 00000000 		.word	USBFS_DEVICE0_CONFIGURATION0_INTERFACE0_ALTERNATE0_HID_OUT_RPT_TABLE
 101 0064 00       		.byte	0
 102 0065 000000   		.space	3
 103 0068 00000000 		.word	0
 104 006c 01       		.byte	1
 105 006d 000000   		.space	3
 106 0070 00000000 		.word	USBFS_HIDREPORT_DESCRIPTOR1
 107 0074 01       		.byte	1
 108 0075 000000   		.space	3
 109 0078 12000000 		.word	USBFS_DEVICE0_CONFIGURATION0_DESCR+18
 110              		.type	USBFS_DEVICE0_CONFIGURATION0_INTERFACE0_ALTERNATE0_HID_OUT_RPT_TABLE, %object
 111              		.size	USBFS_DEVICE0_CONFIGURATION0_INTERFACE0_ALTERNATE0_HID_OUT_RPT_TABLE, 12
 112              	USBFS_DEVICE0_CONFIGURATION0_INTERFACE0_ALTERNATE0_HID_OUT_RPT_TABLE:
 113 007c 0900     		.short	9
 114 007e 0000     		.space	2
ARM GAS  C:\Users\User\AppData\Local\Temp\ccsIbxOj.s 			page 3


 115 0080 00000000 		.word	USBFS_DEVICE0_CONFIGURATION0_INTERFACE0_ALTERNATE0_HID_OUT_BUF
 116 0084 00000000 		.word	USBFS_DEVICE0_CONFIGURATION0_INTERFACE0_ALTERNATE0_HID_OUT_RPT_SCB
 117              		.type	USBFS_DEVICE0_CONFIGURATION0_INTERFACE0_ALTERNATE0_HID_IN_RPT_TABLE, %object
 118              		.size	USBFS_DEVICE0_CONFIGURATION0_INTERFACE0_ALTERNATE0_HID_IN_RPT_TABLE, 12
 119              	USBFS_DEVICE0_CONFIGURATION0_INTERFACE0_ALTERNATE0_HID_IN_RPT_TABLE:
 120 0088 0900     		.short	9
 121 008a 0000     		.space	2
 122 008c 00000000 		.word	USBFS_DEVICE0_CONFIGURATION0_INTERFACE0_ALTERNATE0_HID_IN_BUF
 123 0090 00000000 		.word	USBFS_DEVICE0_CONFIGURATION0_INTERFACE0_ALTERNATE0_HID_IN_RPT_SCB
 124              		.type	USBFS_HIDREPORT_DESCRIPTOR1, %object
 125              		.size	USBFS_HIDREPORT_DESCRIPTOR1, 42
 126              	USBFS_HIDREPORT_DESCRIPTOR1:
 127 0094 26       		.byte	38
 128 0095 00       		.byte	0
 129 0096 06       		.byte	6
 130 0097 00       		.byte	0
 131 0098 FF       		.byte	-1
 132 0099 09       		.byte	9
 133 009a 01       		.byte	1
 134 009b A1       		.byte	-95
 135 009c 01       		.byte	1
 136 009d 19       		.byte	25
 137 009e 00       		.byte	0
 138 009f 29       		.byte	41
 139 00a0 08       		.byte	8
 140 00a1 15       		.byte	21
 141 00a2 00       		.byte	0
 142 00a3 26       		.byte	38
 143 00a4 FF       		.byte	-1
 144 00a5 00       		.byte	0
 145 00a6 75       		.byte	117
 146 00a7 08       		.byte	8
 147 00a8 95       		.byte	-107
 148 00a9 08       		.byte	8
 149 00aa 91       		.byte	-111
 150 00ab 00       		.byte	0
 151 00ac 19       		.byte	25
 152 00ad 00       		.byte	0
 153 00ae 29       		.byte	41
 154 00af 08       		.byte	8
 155 00b0 15       		.byte	21
 156 00b1 00       		.byte	0
 157 00b2 26       		.byte	38
 158 00b3 FF       		.byte	-1
 159 00b4 00       		.byte	0
 160 00b5 75       		.byte	117
 161 00b6 08       		.byte	8
 162 00b7 95       		.byte	-107
 163 00b8 08       		.byte	8
 164 00b9 81       		.byte	-127
 165 00ba 00       		.byte	0
 166 00bb C0       		.byte	-64
 167 00bc 00       		.byte	0
 168 00bd 00       		.byte	0
 169 00be 0000     		.space	2
 170              		.type	USBFS_STRING_DESCRIPTORS, %object
 171              		.size	USBFS_STRING_DESCRIPTORS, 29
ARM GAS  C:\Users\User\AppData\Local\Temp\ccsIbxOj.s 			page 4


 172              	USBFS_STRING_DESCRIPTORS:
 173 00c0 04       		.byte	4
 174 00c1 03       		.byte	3
 175 00c2 09       		.byte	9
 176 00c3 04       		.byte	4
 177 00c4 18       		.byte	24
 178 00c5 03       		.byte	3
 179 00c6 55       		.byte	85
 180 00c7 00       		.byte	0
 181 00c8 53       		.byte	83
 182 00c9 00       		.byte	0
 183 00ca 42       		.byte	66
 184 00cb 00       		.byte	0
 185 00cc 20       		.byte	32
 186 00cd 00       		.byte	0
 187 00ce 45       		.byte	69
 188 00cf 00       		.byte	0
 189 00d0 78       		.byte	120
 190 00d1 00       		.byte	0
 191 00d2 61       		.byte	97
 192 00d3 00       		.byte	0
 193 00d4 6D       		.byte	109
 194 00d5 00       		.byte	0
 195 00d6 70       		.byte	112
 196 00d7 00       		.byte	0
 197 00d8 6C       		.byte	108
 198 00d9 00       		.byte	0
 199 00da 65       		.byte	101
 200 00db 00       		.byte	0
 201 00dc 00       		.byte	0
 202 00dd 000000   		.space	3
 203              		.type	USBFS_DEVICE0_CONFIGURATION0_DESCR, %object
 204              		.size	USBFS_DEVICE0_CONFIGURATION0_DESCR, 34
 205              	USBFS_DEVICE0_CONFIGURATION0_DESCR:
 206 00e0 09       		.byte	9
 207 00e1 02       		.byte	2
 208 00e2 22       		.byte	34
 209 00e3 00       		.byte	0
 210 00e4 01       		.byte	1
 211 00e5 01       		.byte	1
 212 00e6 01       		.byte	1
 213 00e7 80       		.byte	-128
 214 00e8 19       		.byte	25
 215 00e9 09       		.byte	9
 216 00ea 04       		.byte	4
 217 00eb 00       		.byte	0
 218 00ec 00       		.byte	0
 219 00ed 01       		.byte	1
 220 00ee 03       		.byte	3
 221 00ef 00       		.byte	0
 222 00f0 00       		.byte	0
 223 00f1 00       		.byte	0
 224 00f2 09       		.byte	9
 225 00f3 21       		.byte	33
 226 00f4 11       		.byte	17
 227 00f5 01       		.byte	1
 228 00f6 00       		.byte	0
ARM GAS  C:\Users\User\AppData\Local\Temp\ccsIbxOj.s 			page 5


 229 00f7 01       		.byte	1
 230 00f8 22       		.byte	34
 231 00f9 26       		.byte	38
 232 00fa 00       		.byte	0
 233 00fb 07       		.byte	7
 234 00fc 05       		.byte	5
 235 00fd 81       		.byte	-127
 236 00fe 03       		.byte	3
 237 00ff 08       		.byte	8
 238 0100 00       		.byte	0
 239 0101 0A       		.byte	10
 240 0102 0000     		.space	2
 241              		.type	USBFS_DEVICE0_DESCR, %object
 242              		.size	USBFS_DEVICE0_DESCR, 18
 243              	USBFS_DEVICE0_DESCR:
 244 0104 12       		.byte	18
 245 0105 01       		.byte	1
 246 0106 00       		.byte	0
 247 0107 02       		.byte	2
 248 0108 00       		.byte	0
 249 0109 00       		.byte	0
 250 010a 00       		.byte	0
 251 010b 08       		.byte	8
 252 010c B4       		.byte	-76
 253 010d 04       		.byte	4
 254 010e 51       		.byte	81
 255 010f 80       		.byte	-128
 256 0110 00       		.byte	0
 257 0111 00       		.byte	0
 258 0112 00       		.byte	0
 259 0113 00       		.byte	0
 260 0114 00       		.byte	0
 261 0115 01       		.byte	1
 262              		.text
 263              	.Letext0:
 264              		.file 1 "Generated_Source\\PSoC4\\cytypes.h"
 265              		.file 2 "Generated_Source\\PSoC4\\USBFS.h"
 266              		.file 3 "Generated_Source\\PSoC4\\USBFS_descr.c"
 267              		.section	.debug_info,"",%progbits
 268              	.Ldebug_info0:
 269 0000 D3030000 		.4byte	0x3d3
 270 0004 0400     		.2byte	0x4
 271 0006 00000000 		.4byte	.Ldebug_abbrev0
 272 000a 04       		.byte	0x4
 273 000b 01       		.uleb128 0x1
 274 000c CA030000 		.4byte	.LASF49
 275 0010 0C       		.byte	0xc
 276 0011 9D000000 		.4byte	.LASF50
 277 0015 F9010000 		.4byte	.LASF51
 278 0019 00000000 		.4byte	.Ldebug_line0
 279 001d 02       		.uleb128 0x2
 280 001e 01       		.byte	0x1
 281 001f 06       		.byte	0x6
 282 0020 2D050000 		.4byte	.LASF0
 283 0024 02       		.uleb128 0x2
 284 0025 01       		.byte	0x1
 285 0026 08       		.byte	0x8
ARM GAS  C:\Users\User\AppData\Local\Temp\ccsIbxOj.s 			page 6


 286 0027 58040000 		.4byte	.LASF1
 287 002b 02       		.uleb128 0x2
 288 002c 02       		.byte	0x2
 289 002d 05       		.byte	0x5
 290 002e 99040000 		.4byte	.LASF2
 291 0032 02       		.uleb128 0x2
 292 0033 02       		.byte	0x2
 293 0034 07       		.byte	0x7
 294 0035 02010000 		.4byte	.LASF3
 295 0039 02       		.uleb128 0x2
 296 003a 04       		.byte	0x4
 297 003b 05       		.byte	0x5
 298 003c 11050000 		.4byte	.LASF4
 299 0040 02       		.uleb128 0x2
 300 0041 04       		.byte	0x4
 301 0042 07       		.byte	0x7
 302 0043 73030000 		.4byte	.LASF5
 303 0047 02       		.uleb128 0x2
 304 0048 08       		.byte	0x8
 305 0049 05       		.byte	0x5
 306 004a 6F040000 		.4byte	.LASF6
 307 004e 02       		.uleb128 0x2
 308 004f 08       		.byte	0x8
 309 0050 07       		.byte	0x7
 310 0051 92030000 		.4byte	.LASF7
 311 0055 03       		.uleb128 0x3
 312 0056 04       		.byte	0x4
 313 0057 05       		.byte	0x5
 314 0058 696E7400 		.ascii	"int\000"
 315 005c 02       		.uleb128 0x2
 316 005d 04       		.byte	0x4
 317 005e 07       		.byte	0x7
 318 005f 85030000 		.4byte	.LASF8
 319 0063 04       		.uleb128 0x4
 320 0064 01050000 		.4byte	.LASF9
 321 0068 01       		.byte	0x1
 322 0069 E401     		.2byte	0x1e4
 323 006b 24000000 		.4byte	0x24
 324 006f 04       		.uleb128 0x4
 325 0070 1A030000 		.4byte	.LASF10
 326 0074 01       		.byte	0x1
 327 0075 E501     		.2byte	0x1e5
 328 0077 32000000 		.4byte	0x32
 329 007b 02       		.uleb128 0x2
 330 007c 04       		.byte	0x4
 331 007d 04       		.byte	0x4
 332 007e 6F010000 		.4byte	.LASF11
 333 0082 02       		.uleb128 0x2
 334 0083 08       		.byte	0x8
 335 0084 04       		.byte	0x4
 336 0085 13030000 		.4byte	.LASF12
 337 0089 02       		.uleb128 0x2
 338 008a 01       		.byte	0x1
 339 008b 08       		.byte	0x8
 340 008c 89040000 		.4byte	.LASF13
 341 0090 05       		.uleb128 0x5
 342 0091 63000000 		.4byte	0x63
ARM GAS  C:\Users\User\AppData\Local\Temp\ccsIbxOj.s 			page 7


 343 0095 02       		.uleb128 0x2
 344 0096 08       		.byte	0x8
 345 0097 04       		.byte	0x4
 346 0098 21050000 		.4byte	.LASF14
 347 009c 02       		.uleb128 0x2
 348 009d 04       		.byte	0x4
 349 009e 07       		.byte	0x7
 350 009f 66040000 		.4byte	.LASF15
 351 00a3 06       		.uleb128 0x6
 352 00a4 08       		.byte	0x8
 353 00a5 02       		.byte	0x2
 354 00a6 A0       		.byte	0xa0
 355 00a7 F4000000 		.4byte	0xf4
 356 00ab 07       		.uleb128 0x7
 357 00ac 07050000 		.4byte	.LASF16
 358 00b0 02       		.byte	0x2
 359 00b1 A2       		.byte	0xa2
 360 00b2 63000000 		.4byte	0x63
 361 00b6 00       		.byte	0
 362 00b7 07       		.uleb128 0x7
 363 00b8 59010000 		.4byte	.LASF17
 364 00bc 02       		.byte	0x2
 365 00bd A3       		.byte	0xa3
 366 00be 63000000 		.4byte	0x63
 367 00c2 01       		.byte	0x1
 368 00c3 07       		.uleb128 0x7
 369 00c4 7A020000 		.4byte	.LASF18
 370 00c8 02       		.byte	0x2
 371 00c9 A4       		.byte	0xa4
 372 00ca 63000000 		.4byte	0x63
 373 00ce 02       		.byte	0x2
 374 00cf 07       		.uleb128 0x7
 375 00d0 4E000000 		.4byte	.LASF19
 376 00d4 02       		.byte	0x2
 377 00d5 A5       		.byte	0xa5
 378 00d6 63000000 		.4byte	0x63
 379 00da 03       		.byte	0x3
 380 00db 07       		.uleb128 0x7
 381 00dc 8E040000 		.4byte	.LASF20
 382 00e0 02       		.byte	0x2
 383 00e1 A6       		.byte	0xa6
 384 00e2 6F000000 		.4byte	0x6f
 385 00e6 04       		.byte	0x4
 386 00e7 07       		.uleb128 0x7
 387 00e8 40050000 		.4byte	.LASF21
 388 00ec 02       		.byte	0x2
 389 00ed A7       		.byte	0xa7
 390 00ee 63000000 		.4byte	0x63
 391 00f2 06       		.byte	0x6
 392 00f3 00       		.byte	0
 393 00f4 08       		.uleb128 0x8
 394 00f5 B0030000 		.4byte	.LASF22
 395 00f9 02       		.byte	0x2
 396 00fa A8       		.byte	0xa8
 397 00fb A3000000 		.4byte	0xa3
 398 00ff 06       		.uleb128 0x6
 399 0100 04       		.byte	0x4
ARM GAS  C:\Users\User\AppData\Local\Temp\ccsIbxOj.s 			page 8


 400 0101 02       		.byte	0x2
 401 0102 AA       		.byte	0xaa
 402 0103 20010000 		.4byte	0x120
 403 0107 07       		.uleb128 0x7
 404 0108 1A050000 		.4byte	.LASF23
 405 010c 02       		.byte	0x2
 406 010d AC       		.byte	0xac
 407 010e 63000000 		.4byte	0x63
 408 0112 00       		.byte	0
 409 0113 07       		.uleb128 0x7
 410 0114 39050000 		.4byte	.LASF24
 411 0118 02       		.byte	0x2
 412 0119 AD       		.byte	0xad
 413 011a 6F000000 		.4byte	0x6f
 414 011e 02       		.byte	0x2
 415 011f 00       		.byte	0
 416 0120 08       		.uleb128 0x8
 417 0121 3D020000 		.4byte	.LASF25
 418 0125 02       		.byte	0x2
 419 0126 AE       		.byte	0xae
 420 0127 FF000000 		.4byte	0xff
 421 012b 06       		.uleb128 0x6
 422 012c 0C       		.byte	0xc
 423 012d 02       		.byte	0x2
 424 012e B0       		.byte	0xb0
 425 012f 58010000 		.4byte	0x158
 426 0133 07       		.uleb128 0x7
 427 0134 CE000000 		.4byte	.LASF26
 428 0138 02       		.byte	0x2
 429 0139 B2       		.byte	0xb2
 430 013a 6F000000 		.4byte	0x6f
 431 013e 00       		.byte	0
 432 013f 07       		.uleb128 0x7
 433 0140 53010000 		.4byte	.LASF27
 434 0144 02       		.byte	0x2
 435 0145 B3       		.byte	0xb3
 436 0146 58010000 		.4byte	0x158
 437 014a 04       		.byte	0x4
 438 014b 07       		.uleb128 0x7
 439 014c 14000000 		.4byte	.LASF28
 440 0150 02       		.byte	0x2
 441 0151 B4       		.byte	0xb4
 442 0152 5E010000 		.4byte	0x15e
 443 0156 08       		.byte	0x8
 444 0157 00       		.byte	0
 445 0158 09       		.uleb128 0x9
 446 0159 04       		.byte	0x4
 447 015a 90000000 		.4byte	0x90
 448 015e 09       		.uleb128 0x9
 449 015f 04       		.byte	0x4
 450 0160 20010000 		.4byte	0x120
 451 0164 08       		.uleb128 0x8
 452 0165 64010000 		.4byte	.LASF29
 453 0169 02       		.byte	0x2
 454 016a B5       		.byte	0xb5
 455 016b 2B010000 		.4byte	0x12b
 456 016f 06       		.uleb128 0x6
ARM GAS  C:\Users\User\AppData\Local\Temp\ccsIbxOj.s 			page 9


 457 0170 08       		.byte	0x8
 458 0171 02       		.byte	0x2
 459 0172 B7       		.byte	0xb7
 460 0173 8E010000 		.4byte	0x18e
 461 0177 0A       		.uleb128 0xa
 462 0178 6300     		.ascii	"c\000"
 463 017a 02       		.byte	0x2
 464 017b B9       		.byte	0xb9
 465 017c 63000000 		.4byte	0x63
 466 0180 00       		.byte	0
 467 0181 07       		.uleb128 0x7
 468 0182 A9030000 		.4byte	.LASF30
 469 0186 02       		.byte	0x2
 470 0187 BA       		.byte	0xba
 471 0188 8E010000 		.4byte	0x18e
 472 018c 04       		.byte	0x4
 473 018d 00       		.byte	0
 474 018e 09       		.uleb128 0x9
 475 018f 04       		.byte	0x4
 476 0190 94010000 		.4byte	0x194
 477 0194 0B       		.uleb128 0xb
 478 0195 08       		.uleb128 0x8
 479 0196 7D040000 		.4byte	.LASF31
 480 019a 02       		.byte	0x2
 481 019b BB       		.byte	0xbb
 482 019c 6F010000 		.4byte	0x16f
 483 01a0 0C       		.uleb128 0xc
 484 01a1 B0010000 		.4byte	0x1b0
 485 01a5 B0010000 		.4byte	0x1b0
 486 01a9 0D       		.uleb128 0xd
 487 01aa 9C000000 		.4byte	0x9c
 488 01ae 11       		.byte	0x11
 489 01af 00       		.byte	0
 490 01b0 0E       		.uleb128 0xe
 491 01b1 63000000 		.4byte	0x63
 492 01b5 0F       		.uleb128 0xf
 493 01b6 00000000 		.4byte	.LASF32
 494 01ba 03       		.byte	0x3
 495 01bb 24       		.byte	0x24
 496 01bc C6010000 		.4byte	0x1c6
 497 01c0 05       		.uleb128 0x5
 498 01c1 03       		.byte	0x3
 499 01c2 00000000 		.4byte	USBFS_DEVICE0_DESCR
 500 01c6 0E       		.uleb128 0xe
 501 01c7 A0010000 		.4byte	0x1a0
 502 01cb 0C       		.uleb128 0xc
 503 01cc B0010000 		.4byte	0x1b0
 504 01d0 DB010000 		.4byte	0x1db
 505 01d4 0D       		.uleb128 0xd
 506 01d5 9C000000 		.4byte	0x9c
 507 01d9 21       		.byte	0x21
 508 01da 00       		.byte	0
 509 01db 0F       		.uleb128 0xf
 510 01dc 50030000 		.4byte	.LASF33
 511 01e0 03       		.byte	0x3
 512 01e1 37       		.byte	0x37
 513 01e2 EC010000 		.4byte	0x1ec
ARM GAS  C:\Users\User\AppData\Local\Temp\ccsIbxOj.s 			page 10


 514 01e6 05       		.uleb128 0x5
 515 01e7 03       		.byte	0x3
 516 01e8 00000000 		.4byte	USBFS_DEVICE0_CONFIGURATION0_DESCR
 517 01ec 0E       		.uleb128 0xe
 518 01ed CB010000 		.4byte	0x1cb
 519 01f1 0C       		.uleb128 0xc
 520 01f2 01020000 		.4byte	0x201
 521 01f6 01020000 		.4byte	0x201
 522 01fa 0D       		.uleb128 0xd
 523 01fb 9C000000 		.4byte	0x9c
 524 01ff 00       		.byte	0
 525 0200 00       		.byte	0
 526 0201 0E       		.uleb128 0xe
 527 0202 95010000 		.4byte	0x195
 528 0206 0F       		.uleb128 0xf
 529 0207 D4000000 		.4byte	.LASF34
 530 020b 03       		.byte	0x3
 531 020c C8       		.byte	0xc8
 532 020d 17020000 		.4byte	0x217
 533 0211 05       		.uleb128 0x5
 534 0212 03       		.byte	0x3
 535 0213 00000000 		.4byte	USBFS_DEVICE0_CONFIGURATION0_INTERFACE0_TABLE
 536 0217 0E       		.uleb128 0xe
 537 0218 F1010000 		.4byte	0x1f1
 538 021c 0C       		.uleb128 0xc
 539 021d 2C020000 		.4byte	0x22c
 540 0221 2C020000 		.4byte	0x22c
 541 0225 0D       		.uleb128 0xd
 542 0226 9C000000 		.4byte	0x9c
 543 022a 00       		.byte	0
 544 022b 00       		.byte	0
 545 022c 0E       		.uleb128 0xe
 546 022d F4000000 		.4byte	0xf4
 547 0231 0F       		.uleb128 0xf
 548 0232 21030000 		.4byte	.LASF35
 549 0236 03       		.byte	0x3
 550 0237 D3       		.byte	0xd3
 551 0238 42020000 		.4byte	0x242
 552 023c 05       		.uleb128 0x5
 553 023d 03       		.byte	0x3
 554 023e 00000000 		.4byte	USBFS_DEVICE0_CONFIGURATION0_EP_SETTINGS_TABLE
 555 0242 0E       		.uleb128 0xe
 556 0243 1C020000 		.4byte	0x21c
 557 0247 0C       		.uleb128 0xc
 558 0248 B0010000 		.4byte	0x1b0
 559 024c 57020000 		.4byte	0x257
 560 0250 0D       		.uleb128 0xd
 561 0251 9C000000 		.4byte	0x9c
 562 0255 00       		.byte	0
 563 0256 00       		.byte	0
 564 0257 0F       		.uleb128 0xf
 565 0258 21000000 		.4byte	.LASF36
 566 025c 03       		.byte	0x3
 567 025d D7       		.byte	0xd7
 568 025e 68020000 		.4byte	0x268
 569 0262 05       		.uleb128 0x5
 570 0263 03       		.byte	0x3
ARM GAS  C:\Users\User\AppData\Local\Temp\ccsIbxOj.s 			page 11


 571 0264 00000000 		.4byte	USBFS_DEVICE0_CONFIGURATION0_INTERFACE_CLASS
 572 0268 0E       		.uleb128 0xe
 573 0269 47020000 		.4byte	0x247
 574 026d 0C       		.uleb128 0xc
 575 026e 01020000 		.4byte	0x201
 576 0272 7D020000 		.4byte	0x27d
 577 0276 0D       		.uleb128 0xd
 578 0277 9C000000 		.4byte	0x9c
 579 027b 03       		.byte	0x3
 580 027c 00       		.byte	0
 581 027d 0F       		.uleb128 0xf
 582 027e 57020000 		.4byte	.LASF37
 583 0282 03       		.byte	0x3
 584 0283 DF       		.byte	0xdf
 585 0284 8E020000 		.4byte	0x28e
 586 0288 05       		.uleb128 0x5
 587 0289 03       		.byte	0x3
 588 028a 00000000 		.4byte	USBFS_DEVICE0_CONFIGURATION0_TABLE
 589 028e 0E       		.uleb128 0xe
 590 028f 6D020000 		.4byte	0x26d
 591 0293 0C       		.uleb128 0xc
 592 0294 01020000 		.4byte	0x201
 593 0298 A3020000 		.4byte	0x2a3
 594 029c 0D       		.uleb128 0xd
 595 029d 9C000000 		.4byte	0x9c
 596 02a1 02       		.byte	0x2
 597 02a2 00       		.byte	0
 598 02a3 0F       		.uleb128 0xf
 599 02a4 7F020000 		.4byte	.LASF38
 600 02a8 03       		.byte	0x3
 601 02a9 E9       		.byte	0xe9
 602 02aa B4020000 		.4byte	0x2b4
 603 02ae 05       		.uleb128 0x5
 604 02af 03       		.byte	0x3
 605 02b0 00000000 		.4byte	USBFS_DEVICE0_TABLE
 606 02b4 0E       		.uleb128 0xe
 607 02b5 93020000 		.4byte	0x293
 608 02b9 0F       		.uleb128 0xf
 609 02ba C2000000 		.4byte	.LASF39
 610 02be 03       		.byte	0x3
 611 02bf F1       		.byte	0xf1
 612 02c0 CA020000 		.4byte	0x2ca
 613 02c4 05       		.uleb128 0x5
 614 02c5 03       		.byte	0x3
 615 02c6 00000000 		.4byte	USBFS_TABLE
 616 02ca 0E       		.uleb128 0xe
 617 02cb F1010000 		.4byte	0x1f1
 618 02cf 0C       		.uleb128 0xc
 619 02d0 B0010000 		.4byte	0x1b0
 620 02d4 DF020000 		.4byte	0x2df
 621 02d8 0D       		.uleb128 0xd
 622 02d9 9C000000 		.4byte	0x9c
 623 02dd 1C       		.byte	0x1c
 624 02de 00       		.byte	0
 625 02df 0F       		.uleb128 0xf
 626 02e0 24020000 		.4byte	.LASF40
 627 02e4 03       		.byte	0x3
ARM GAS  C:\Users\User\AppData\Local\Temp\ccsIbxOj.s 			page 12


 628 02e5 65       		.byte	0x65
 629 02e6 F0020000 		.4byte	0x2f0
 630 02ea 05       		.uleb128 0x5
 631 02eb 03       		.byte	0x3
 632 02ec 00000000 		.4byte	USBFS_STRING_DESCRIPTORS
 633 02f0 0E       		.uleb128 0xe
 634 02f1 CF020000 		.4byte	0x2cf
 635 02f5 0F       		.uleb128 0xf
 636 02f6 BF040000 		.4byte	.LASF41
 637 02fa 03       		.byte	0x3
 638 02fb 99       		.byte	0x99
 639 02fc 20010000 		.4byte	0x120
 640 0300 05       		.uleb128 0x5
 641 0301 03       		.byte	0x3
 642 0302 00000000 		.4byte	USBFS_DEVICE0_CONFIGURATION0_INTERFACE0_ALTERNATE0_HID_IN_RPT_SCB
 643 0306 0C       		.uleb128 0xc
 644 0307 63000000 		.4byte	0x63
 645 030b 16030000 		.4byte	0x316
 646 030f 0D       		.uleb128 0xd
 647 0310 9C000000 		.4byte	0x9c
 648 0314 08       		.byte	0x8
 649 0315 00       		.byte	0
 650 0316 0F       		.uleb128 0xf
 651 0317 15010000 		.4byte	.LASF42
 652 031b 03       		.byte	0x3
 653 031c 9A       		.byte	0x9a
 654 031d 06030000 		.4byte	0x306
 655 0321 05       		.uleb128 0x5
 656 0322 03       		.byte	0x3
 657 0323 00000000 		.4byte	USBFS_DEVICE0_CONFIGURATION0_INTERFACE0_ALTERNATE0_HID_IN_BUF
 658 0327 0F       		.uleb128 0xf
 659 0328 93020000 		.4byte	.LASF43
 660 032c 03       		.byte	0x3
 661 032d A8       		.byte	0xa8
 662 032e 20010000 		.4byte	0x120
 663 0332 05       		.uleb128 0x5
 664 0333 03       		.byte	0x3
 665 0334 00000000 		.4byte	USBFS_DEVICE0_CONFIGURATION0_INTERFACE0_ALTERNATE0_HID_OUT_RPT_SCB
 666 0338 0F       		.uleb128 0xf
 667 0339 BA010000 		.4byte	.LASF44
 668 033d 03       		.byte	0x3
 669 033e A9       		.byte	0xa9
 670 033f 06030000 		.4byte	0x306
 671 0343 05       		.uleb128 0x5
 672 0344 03       		.byte	0x3
 673 0345 00000000 		.4byte	USBFS_DEVICE0_CONFIGURATION0_INTERFACE0_ALTERNATE0_HID_OUT_BUF
 674 0349 0C       		.uleb128 0xc
 675 034a B0010000 		.4byte	0x1b0
 676 034e 59030000 		.4byte	0x359
 677 0352 0D       		.uleb128 0xd
 678 0353 9C000000 		.4byte	0x9c
 679 0357 29       		.byte	0x29
 680 0358 00       		.byte	0
 681 0359 0F       		.uleb128 0xf
 682 035a A3040000 		.4byte	.LASF45
 683 035e 03       		.byte	0x3
 684 035f 7C       		.byte	0x7c
ARM GAS  C:\Users\User\AppData\Local\Temp\ccsIbxOj.s 			page 13


 685 0360 6A030000 		.4byte	0x36a
 686 0364 05       		.uleb128 0x5
 687 0365 03       		.byte	0x3
 688 0366 00000000 		.4byte	USBFS_HIDREPORT_DESCRIPTOR1
 689 036a 0E       		.uleb128 0xe
 690 036b 49030000 		.4byte	0x349
 691 036f 0C       		.uleb128 0xc
 692 0370 7F030000 		.4byte	0x37f
 693 0374 7F030000 		.4byte	0x37f
 694 0378 0D       		.uleb128 0xd
 695 0379 9C000000 		.4byte	0x9c
 696 037d 00       		.byte	0
 697 037e 00       		.byte	0
 698 037f 0E       		.uleb128 0xe
 699 0380 64010000 		.4byte	0x164
 700 0384 0F       		.uleb128 0xf
 701 0385 59000000 		.4byte	.LASF46
 702 0389 03       		.byte	0x3
 703 038a A0       		.byte	0xa0
 704 038b 95030000 		.4byte	0x395
 705 038f 05       		.uleb128 0x5
 706 0390 03       		.byte	0x3
 707 0391 00000000 		.4byte	USBFS_DEVICE0_CONFIGURATION0_INTERFACE0_ALTERNATE0_HID_IN_RPT_TABLE
 708 0395 0E       		.uleb128 0xe
 709 0396 6F030000 		.4byte	0x36f
 710 039a 0F       		.uleb128 0xf
 711 039b 75010000 		.4byte	.LASF47
 712 039f 03       		.byte	0x3
 713 03a0 AF       		.byte	0xaf
 714 03a1 AB030000 		.4byte	0x3ab
 715 03a5 05       		.uleb128 0x5
 716 03a6 03       		.byte	0x3
 717 03a7 00000000 		.4byte	USBFS_DEVICE0_CONFIGURATION0_INTERFACE0_ALTERNATE0_HID_OUT_RPT_TABLE
 718 03ab 0E       		.uleb128 0xe
 719 03ac 6F030000 		.4byte	0x36f
 720 03b0 0C       		.uleb128 0xc
 721 03b1 01020000 		.4byte	0x201
 722 03b5 C0030000 		.4byte	0x3c0
 723 03b9 0D       		.uleb128 0xd
 724 03ba 9C000000 		.4byte	0x9c
 725 03be 04       		.byte	0x4
 726 03bf 00       		.byte	0
 727 03c0 0F       		.uleb128 0xf
 728 03c1 D6020000 		.4byte	.LASF48
 729 03c5 03       		.byte	0x3
 730 03c6 BC       		.byte	0xbc
 731 03c7 D1030000 		.4byte	0x3d1
 732 03cb 05       		.uleb128 0x5
 733 03cc 03       		.byte	0x3
 734 03cd 00000000 		.4byte	USBFS_DEVICE0_CONFIGURATION0_INTERFACE0_ALTERNATE0_HID_TABLE
 735 03d1 0E       		.uleb128 0xe
 736 03d2 B0030000 		.4byte	0x3b0
 737 03d6 00       		.byte	0
 738              		.section	.debug_abbrev,"",%progbits
 739              	.Ldebug_abbrev0:
 740 0000 01       		.uleb128 0x1
 741 0001 11       		.uleb128 0x11
ARM GAS  C:\Users\User\AppData\Local\Temp\ccsIbxOj.s 			page 14


 742 0002 01       		.byte	0x1
 743 0003 25       		.uleb128 0x25
 744 0004 0E       		.uleb128 0xe
 745 0005 13       		.uleb128 0x13
 746 0006 0B       		.uleb128 0xb
 747 0007 03       		.uleb128 0x3
 748 0008 0E       		.uleb128 0xe
 749 0009 1B       		.uleb128 0x1b
 750 000a 0E       		.uleb128 0xe
 751 000b 10       		.uleb128 0x10
 752 000c 17       		.uleb128 0x17
 753 000d 00       		.byte	0
 754 000e 00       		.byte	0
 755 000f 02       		.uleb128 0x2
 756 0010 24       		.uleb128 0x24
 757 0011 00       		.byte	0
 758 0012 0B       		.uleb128 0xb
 759 0013 0B       		.uleb128 0xb
 760 0014 3E       		.uleb128 0x3e
 761 0015 0B       		.uleb128 0xb
 762 0016 03       		.uleb128 0x3
 763 0017 0E       		.uleb128 0xe
 764 0018 00       		.byte	0
 765 0019 00       		.byte	0
 766 001a 03       		.uleb128 0x3
 767 001b 24       		.uleb128 0x24
 768 001c 00       		.byte	0
 769 001d 0B       		.uleb128 0xb
 770 001e 0B       		.uleb128 0xb
 771 001f 3E       		.uleb128 0x3e
 772 0020 0B       		.uleb128 0xb
 773 0021 03       		.uleb128 0x3
 774 0022 08       		.uleb128 0x8
 775 0023 00       		.byte	0
 776 0024 00       		.byte	0
 777 0025 04       		.uleb128 0x4
 778 0026 16       		.uleb128 0x16
 779 0027 00       		.byte	0
 780 0028 03       		.uleb128 0x3
 781 0029 0E       		.uleb128 0xe
 782 002a 3A       		.uleb128 0x3a
 783 002b 0B       		.uleb128 0xb
 784 002c 3B       		.uleb128 0x3b
 785 002d 05       		.uleb128 0x5
 786 002e 49       		.uleb128 0x49
 787 002f 13       		.uleb128 0x13
 788 0030 00       		.byte	0
 789 0031 00       		.byte	0
 790 0032 05       		.uleb128 0x5
 791 0033 35       		.uleb128 0x35
 792 0034 00       		.byte	0
 793 0035 49       		.uleb128 0x49
 794 0036 13       		.uleb128 0x13
 795 0037 00       		.byte	0
 796 0038 00       		.byte	0
 797 0039 06       		.uleb128 0x6
 798 003a 13       		.uleb128 0x13
ARM GAS  C:\Users\User\AppData\Local\Temp\ccsIbxOj.s 			page 15


 799 003b 01       		.byte	0x1
 800 003c 0B       		.uleb128 0xb
 801 003d 0B       		.uleb128 0xb
 802 003e 3A       		.uleb128 0x3a
 803 003f 0B       		.uleb128 0xb
 804 0040 3B       		.uleb128 0x3b
 805 0041 0B       		.uleb128 0xb
 806 0042 01       		.uleb128 0x1
 807 0043 13       		.uleb128 0x13
 808 0044 00       		.byte	0
 809 0045 00       		.byte	0
 810 0046 07       		.uleb128 0x7
 811 0047 0D       		.uleb128 0xd
 812 0048 00       		.byte	0
 813 0049 03       		.uleb128 0x3
 814 004a 0E       		.uleb128 0xe
 815 004b 3A       		.uleb128 0x3a
 816 004c 0B       		.uleb128 0xb
 817 004d 3B       		.uleb128 0x3b
 818 004e 0B       		.uleb128 0xb
 819 004f 49       		.uleb128 0x49
 820 0050 13       		.uleb128 0x13
 821 0051 38       		.uleb128 0x38
 822 0052 0B       		.uleb128 0xb
 823 0053 00       		.byte	0
 824 0054 00       		.byte	0
 825 0055 08       		.uleb128 0x8
 826 0056 16       		.uleb128 0x16
 827 0057 00       		.byte	0
 828 0058 03       		.uleb128 0x3
 829 0059 0E       		.uleb128 0xe
 830 005a 3A       		.uleb128 0x3a
 831 005b 0B       		.uleb128 0xb
 832 005c 3B       		.uleb128 0x3b
 833 005d 0B       		.uleb128 0xb
 834 005e 49       		.uleb128 0x49
 835 005f 13       		.uleb128 0x13
 836 0060 00       		.byte	0
 837 0061 00       		.byte	0
 838 0062 09       		.uleb128 0x9
 839 0063 0F       		.uleb128 0xf
 840 0064 00       		.byte	0
 841 0065 0B       		.uleb128 0xb
 842 0066 0B       		.uleb128 0xb
 843 0067 49       		.uleb128 0x49
 844 0068 13       		.uleb128 0x13
 845 0069 00       		.byte	0
 846 006a 00       		.byte	0
 847 006b 0A       		.uleb128 0xa
 848 006c 0D       		.uleb128 0xd
 849 006d 00       		.byte	0
 850 006e 03       		.uleb128 0x3
 851 006f 08       		.uleb128 0x8
 852 0070 3A       		.uleb128 0x3a
 853 0071 0B       		.uleb128 0xb
 854 0072 3B       		.uleb128 0x3b
 855 0073 0B       		.uleb128 0xb
ARM GAS  C:\Users\User\AppData\Local\Temp\ccsIbxOj.s 			page 16


 856 0074 49       		.uleb128 0x49
 857 0075 13       		.uleb128 0x13
 858 0076 38       		.uleb128 0x38
 859 0077 0B       		.uleb128 0xb
 860 0078 00       		.byte	0
 861 0079 00       		.byte	0
 862 007a 0B       		.uleb128 0xb
 863 007b 26       		.uleb128 0x26
 864 007c 00       		.byte	0
 865 007d 00       		.byte	0
 866 007e 00       		.byte	0
 867 007f 0C       		.uleb128 0xc
 868 0080 01       		.uleb128 0x1
 869 0081 01       		.byte	0x1
 870 0082 49       		.uleb128 0x49
 871 0083 13       		.uleb128 0x13
 872 0084 01       		.uleb128 0x1
 873 0085 13       		.uleb128 0x13
 874 0086 00       		.byte	0
 875 0087 00       		.byte	0
 876 0088 0D       		.uleb128 0xd
 877 0089 21       		.uleb128 0x21
 878 008a 00       		.byte	0
 879 008b 49       		.uleb128 0x49
 880 008c 13       		.uleb128 0x13
 881 008d 2F       		.uleb128 0x2f
 882 008e 0B       		.uleb128 0xb
 883 008f 00       		.byte	0
 884 0090 00       		.byte	0
 885 0091 0E       		.uleb128 0xe
 886 0092 26       		.uleb128 0x26
 887 0093 00       		.byte	0
 888 0094 49       		.uleb128 0x49
 889 0095 13       		.uleb128 0x13
 890 0096 00       		.byte	0
 891 0097 00       		.byte	0
 892 0098 0F       		.uleb128 0xf
 893 0099 34       		.uleb128 0x34
 894 009a 00       		.byte	0
 895 009b 03       		.uleb128 0x3
 896 009c 0E       		.uleb128 0xe
 897 009d 3A       		.uleb128 0x3a
 898 009e 0B       		.uleb128 0xb
 899 009f 3B       		.uleb128 0x3b
 900 00a0 0B       		.uleb128 0xb
 901 00a1 49       		.uleb128 0x49
 902 00a2 13       		.uleb128 0x13
 903 00a3 3F       		.uleb128 0x3f
 904 00a4 19       		.uleb128 0x19
 905 00a5 02       		.uleb128 0x2
 906 00a6 18       		.uleb128 0x18
 907 00a7 00       		.byte	0
 908 00a8 00       		.byte	0
 909 00a9 00       		.byte	0
 910              		.section	.debug_aranges,"",%progbits
 911 0000 14000000 		.4byte	0x14
 912 0004 0200     		.2byte	0x2
ARM GAS  C:\Users\User\AppData\Local\Temp\ccsIbxOj.s 			page 17


 913 0006 00000000 		.4byte	.Ldebug_info0
 914 000a 04       		.byte	0x4
 915 000b 00       		.byte	0
 916 000c 0000     		.2byte	0
 917 000e 0000     		.2byte	0
 918 0010 00000000 		.4byte	0
 919 0014 00000000 		.4byte	0
 920              		.section	.debug_line,"",%progbits
 921              	.Ldebug_line0:
 922 0000 59000000 		.section	.debug_str,"MS",%progbits,1
 922      02005300 
 922      00000201 
 922      FB0E0D00 
 922      01010101 
 923              	.LASF32:
 924 0000 55534246 		.ascii	"USBFS_DEVICE0_DESCR\000"
 924      535F4445 
 924      56494345 
 924      305F4445 
 924      53435200 
 925              	.LASF28:
 926 0014 70537461 		.ascii	"pStatusBlock\000"
 926      74757342 
 926      6C6F636B 
 926      00
 927              	.LASF36:
 928 0021 55534246 		.ascii	"USBFS_DEVICE0_CONFIGURATION0_INTERFACE_CLASS\000"
 928      535F4445 
 928      56494345 
 928      305F434F 
 928      4E464947 
 929              	.LASF19:
 930 004e 61747472 		.ascii	"attributes\000"
 930      69627574 
 930      657300
 931              	.LASF46:
 932 0059 55534246 		.ascii	"USBFS_DEVICE0_CONFIGURATION0_INTERFACE0_ALTERNATE0_"
 932      535F4445 
 932      56494345 
 932      305F434F 
 932      4E464947 
 933 008c 4849445F 		.ascii	"HID_IN_RPT_TABLE\000"
 933      494E5F52 
 933      50545F54 
 933      41424C45 
 933      00
 934              	.LASF50:
 935 009d 47656E65 		.ascii	"Generated_Source\\PSoC4\\USBFS_descr.c\000"
 935      72617465 
 935      645F536F 
 935      75726365 
 935      5C50536F 
 936              	.LASF39:
 937 00c2 55534246 		.ascii	"USBFS_TABLE\000"
 937      535F5441 
 937      424C4500 
 938              	.LASF26:
ARM GAS  C:\Users\User\AppData\Local\Temp\ccsIbxOj.s 			page 18


 939 00ce 636F756E 		.ascii	"count\000"
 939      7400
 940              	.LASF34:
 941 00d4 55534246 		.ascii	"USBFS_DEVICE0_CONFIGURATION0_INTERFACE0_TABLE\000"
 941      535F4445 
 941      56494345 
 941      305F434F 
 941      4E464947 
 942              	.LASF3:
 943 0102 73686F72 		.ascii	"short unsigned int\000"
 943      7420756E 
 943      7369676E 
 943      65642069 
 943      6E7400
 944              	.LASF42:
 945 0115 55534246 		.ascii	"USBFS_DEVICE0_CONFIGURATION0_INTERFACE0_ALTERNATE0_"
 945      535F4445 
 945      56494345 
 945      305F434F 
 945      4E464947 
 946 0148 4849445F 		.ascii	"HID_IN_BUF\000"
 946      494E5F42 
 946      554600
 947              	.LASF27:
 948 0153 70446174 		.ascii	"pData\000"
 948      6100
 949              	.LASF17:
 950 0159 616C7453 		.ascii	"altSetting\000"
 950      65747469 
 950      6E6700
 951              	.LASF29:
 952 0164 545F5553 		.ascii	"T_USBFS_TD\000"
 952      4246535F 
 952      544400
 953              	.LASF11:
 954 016f 666C6F61 		.ascii	"float\000"
 954      7400
 955              	.LASF47:
 956 0175 55534246 		.ascii	"USBFS_DEVICE0_CONFIGURATION0_INTERFACE0_ALTERNATE0_"
 956      535F4445 
 956      56494345 
 956      305F434F 
 956      4E464947 
 957 01a8 4849445F 		.ascii	"HID_OUT_RPT_TABLE\000"
 957      4F55545F 
 957      5250545F 
 957      5441424C 
 957      4500
 958              	.LASF44:
 959 01ba 55534246 		.ascii	"USBFS_DEVICE0_CONFIGURATION0_INTERFACE0_ALTERNATE0_"
 959      535F4445 
 959      56494345 
 959      305F434F 
 959      4E464947 
 960 01ed 4849445F 		.ascii	"HID_OUT_BUF\000"
 960      4F55545F 
 960      42554600 
ARM GAS  C:\Users\User\AppData\Local\Temp\ccsIbxOj.s 			page 19


 961              	.LASF51:
 962 01f9 443A5C50 		.ascii	"D:\\Projects\\PSoC\\Workspace02\\USB_HID.cydsn\000"
 962      726F6A65 
 962      6374735C 
 962      50536F43 
 962      5C576F72 
 963              	.LASF40:
 964 0224 55534246 		.ascii	"USBFS_STRING_DESCRIPTORS\000"
 964      535F5354 
 964      52494E47 
 964      5F444553 
 964      43524950 
 965              	.LASF25:
 966 023d 545F5553 		.ascii	"T_USBFS_XFER_STATUS_BLOCK\000"
 966      4246535F 
 966      58464552 
 966      5F535441 
 966      5455535F 
 967              	.LASF37:
 968 0257 55534246 		.ascii	"USBFS_DEVICE0_CONFIGURATION0_TABLE\000"
 968      535F4445 
 968      56494345 
 968      305F434F 
 968      4E464947 
 969              	.LASF18:
 970 027a 61646472 		.ascii	"addr\000"
 970      00
 971              	.LASF38:
 972 027f 55534246 		.ascii	"USBFS_DEVICE0_TABLE\000"
 972      535F4445 
 972      56494345 
 972      305F5441 
 972      424C4500 
 973              	.LASF43:
 974 0293 55534246 		.ascii	"USBFS_DEVICE0_CONFIGURATION0_INTERFACE0_ALTERNATE0_"
 974      535F4445 
 974      56494345 
 974      305F434F 
 974      4E464947 
 975 02c6 4849445F 		.ascii	"HID_OUT_RPT_SCB\000"
 975      4F55545F 
 975      5250545F 
 975      53434200 
 976              	.LASF48:
 977 02d6 55534246 		.ascii	"USBFS_DEVICE0_CONFIGURATION0_INTERFACE0_ALTERNATE0_"
 977      535F4445 
 977      56494345 
 977      305F434F 
 977      4E464947 
 978 0309 4849445F 		.ascii	"HID_TABLE\000"
 978      5441424C 
 978      4500
 979              	.LASF12:
 980 0313 646F7562 		.ascii	"double\000"
 980      6C6500
 981              	.LASF10:
 982 031a 75696E74 		.ascii	"uint16\000"
ARM GAS  C:\Users\User\AppData\Local\Temp\ccsIbxOj.s 			page 20


 982      313600
 983              	.LASF35:
 984 0321 55534246 		.ascii	"USBFS_DEVICE0_CONFIGURATION0_EP_SETTINGS_TABLE\000"
 984      535F4445 
 984      56494345 
 984      305F434F 
 984      4E464947 
 985              	.LASF33:
 986 0350 55534246 		.ascii	"USBFS_DEVICE0_CONFIGURATION0_DESCR\000"
 986      535F4445 
 986      56494345 
 986      305F434F 
 986      4E464947 
 987              	.LASF5:
 988 0373 6C6F6E67 		.ascii	"long unsigned int\000"
 988      20756E73 
 988      69676E65 
 988      6420696E 
 988      7400
 989              	.LASF8:
 990 0385 756E7369 		.ascii	"unsigned int\000"
 990      676E6564 
 990      20696E74 
 990      00
 991              	.LASF7:
 992 0392 6C6F6E67 		.ascii	"long long unsigned int\000"
 992      206C6F6E 
 992      6720756E 
 992      7369676E 
 992      65642069 
 993              	.LASF30:
 994 03a9 705F6C69 		.ascii	"p_list\000"
 994      737400
 995              	.LASF22:
 996 03b0 545F5553 		.ascii	"T_USBFS_EP_SETTINGS_BLOCK\000"
 996      4246535F 
 996      45505F53 
 996      45545449 
 996      4E47535F 
 997              	.LASF49:
 998 03ca 474E5520 		.ascii	"GNU C11 5.4.1 20160609 (release) [ARM/embedded-5-br"
 998      43313120 
 998      352E342E 
 998      31203230 
 998      31363036 
 999 03fd 616E6368 		.ascii	"anch revision 237715] -mcpu=cortex-m0 -mthumb -g -O"
 999      20726576 
 999      6973696F 
 999      6E203233 
 999      37373135 
 1000 0430 67202D66 		.ascii	"g -ffunction-sections -ffat-lto-objects\000"
 1000      66756E63 
 1000      74696F6E 
 1000      2D736563 
 1000      74696F6E 
 1001              	.LASF1:
 1002 0458 756E7369 		.ascii	"unsigned char\000"
ARM GAS  C:\Users\User\AppData\Local\Temp\ccsIbxOj.s 			page 21


 1002      676E6564 
 1002      20636861 
 1002      7200
 1003              	.LASF15:
 1004 0466 73697A65 		.ascii	"sizetype\000"
 1004      74797065 
 1004      00
 1005              	.LASF6:
 1006 046f 6C6F6E67 		.ascii	"long long int\000"
 1006      206C6F6E 
 1006      6720696E 
 1006      7400
 1007              	.LASF31:
 1008 047d 545F5553 		.ascii	"T_USBFS_LUT\000"
 1008      4246535F 
 1008      4C555400 
 1009              	.LASF13:
 1010 0489 63686172 		.ascii	"char\000"
 1010      00
 1011              	.LASF20:
 1012 048e 62756666 		.ascii	"bufferSize\000"
 1012      65725369 
 1012      7A6500
 1013              	.LASF2:
 1014 0499 73686F72 		.ascii	"short int\000"
 1014      7420696E 
 1014      7400
 1015              	.LASF45:
 1016 04a3 55534246 		.ascii	"USBFS_HIDREPORT_DESCRIPTOR1\000"
 1016      535F4849 
 1016      44524550 
 1016      4F52545F 
 1016      44455343 
 1017              	.LASF41:
 1018 04bf 55534246 		.ascii	"USBFS_DEVICE0_CONFIGURATION0_INTERFACE0_ALTERNATE0_"
 1018      535F4445 
 1018      56494345 
 1018      305F434F 
 1018      4E464947 
 1019 04f2 4849445F 		.ascii	"HID_IN_RPT_SCB\000"
 1019      494E5F52 
 1019      50545F53 
 1019      434200
 1020              	.LASF9:
 1021 0501 75696E74 		.ascii	"uint8\000"
 1021      3800
 1022              	.LASF16:
 1023 0507 696E7465 		.ascii	"interface\000"
 1023      72666163 
 1023      6500
 1024              	.LASF4:
 1025 0511 6C6F6E67 		.ascii	"long int\000"
 1025      20696E74 
 1025      00
 1026              	.LASF23:
 1027 051a 73746174 		.ascii	"status\000"
 1027      757300
ARM GAS  C:\Users\User\AppData\Local\Temp\ccsIbxOj.s 			page 22


 1028              	.LASF14:
 1029 0521 6C6F6E67 		.ascii	"long double\000"
 1029      20646F75 
 1029      626C6500 
 1030              	.LASF0:
 1031 052d 7369676E 		.ascii	"signed char\000"
 1031      65642063 
 1031      68617200 
 1032              	.LASF24:
 1033 0539 6C656E67 		.ascii	"length\000"
 1033      746800
 1034              	.LASF21:
 1035 0540 624D6973 		.ascii	"bMisc\000"
 1035      6300
 1036              		.ident	"GCC: (GNU Tools for ARM Embedded Processors) 5.4.1 20160609 (release) [ARM/embedded-5-bran
