ARM GAS  C:\Users\LUCASC~1\AppData\Local\Temp\ccwzaSAn.s 			page 1


   1              		.syntax unified
   2              		.cpu cortex-m0
   3              		.fpu softvfp
   4              		.eabi_attribute 20, 1
   5              		.eabi_attribute 21, 1
   6              		.eabi_attribute 23, 3
   7              		.eabi_attribute 24, 1
   8              		.eabi_attribute 25, 1
   9              		.eabi_attribute 26, 1
  10              		.eabi_attribute 30, 1
  11              		.eabi_attribute 34, 0
  12              		.eabi_attribute 18, 4
  13              		.thumb
  14              		.syntax unified
  15              		.file	"main.c"
  16              		.text
  17              	.Ltext0:
  18              		.cfi_sections	.debug_frame
  19              		.syntax divided
  20              		.global _printf_float
  21              		.thumb
  22              		.syntax unified
  23              		.section	.text._write,"ax",%progbits
  24              		.align	2
  25              		.global	_write
  26              		.code	16
  27              		.thumb_func
  28              		.type	_write, %function
  29              	_write:
  30              	.LFB35:
  31              		.file 1 "main.c"
   1:main.c        **** /* ========================================
   2:main.c        ****  *
   3:main.c        ****  * Copyright YOUR COMPANY, THE YEAR
   4:main.c        ****  * All Rights Reserved
   5:main.c        ****  * UNPUBLISHED, LICENSED SOFTWARE.
   6:main.c        ****  *
   7:main.c        ****  * CONFIDENTIAL AND PROPRIETARY INFORMATION
   8:main.c        ****  * WHICH IS THE PROPERTY OF your company.
   9:main.c        ****  *
  10:main.c        ****  * ========================================
  11:main.c        **** */
  12:main.c        **** #include "project.h"
  13:main.c        **** 
  14:main.c        **** 
  15:main.c        **** //UART
  16:main.c        **** #include <stdio.h>
  17:main.c        **** int _write(int file,char *ptr,int len)
  18:main.c        **** {
  32              		.loc 1 18 0
  33              		.cfi_startproc
  34              		@ args = 0, pretend = 0, frame = 0
  35              		@ frame_needed = 0, uses_anonymous_args = 0
  36              	.LVL0:
  37 0000 70B5     		push	{r4, r5, r6, lr}
  38              		.cfi_def_cfa_offset 16
  39              		.cfi_offset 4, -16
ARM GAS  C:\Users\LUCASC~1\AppData\Local\Temp\ccwzaSAn.s 			page 2


  40              		.cfi_offset 5, -12
  41              		.cfi_offset 6, -8
  42              		.cfi_offset 14, -4
  43 0002 1600     		movs	r6, r2
  44              	.LVL1:
  19:main.c        ****     int i;
  20:main.c        ****     for(i=0;i<len;i++)
  45              		.loc 1 20 0
  46 0004 0024     		movs	r4, #0
  47 0006 05E0     		b	.L2
  48              	.LVL2:
  49              	.L3:
  21:main.c        ****     {
  22:main.c        ****         UART_PutChar(*ptr++);
  50              		.loc 1 22 0 discriminator 3
  51 0008 4D1C     		adds	r5, r1, #1
  52              	.LVL3:
  53 000a 0878     		ldrb	r0, [r1]
  54 000c FFF7FEFF 		bl	UART_PutChar
  55              	.LVL4:
  20:main.c        ****     {
  56              		.loc 1 20 0 discriminator 3
  57 0010 0134     		adds	r4, r4, #1
  58              	.LVL5:
  59              		.loc 1 22 0 discriminator 3
  60 0012 2900     		movs	r1, r5
  61              	.LVL6:
  62              	.L2:
  20:main.c        ****     {
  63              		.loc 1 20 0 discriminator 1
  64 0014 B442     		cmp	r4, r6
  65 0016 F7DB     		blt	.L3
  23:main.c        ****     }
  24:main.c        ****     return(len);
  25:main.c        **** }
  66              		.loc 1 25 0
  67 0018 3000     		movs	r0, r6
  68              		@ sp needed
  69              	.LVL7:
  70              	.LVL8:
  71 001a 70BD     		pop	{r4, r5, r6, pc}
  72              		.cfi_endproc
  73              	.LFE35:
  74              		.size	_write, .-_write
  75              		.section	.text.main,"ax",%progbits
  76              		.align	2
  77              		.global	main
  78              		.code	16
  79              		.thumb_func
  80              		.type	main, %function
  81              	main:
  82              	.LFB36:
  26:main.c        **** asm(".global _printf_float");
  27:main.c        **** 
  28:main.c        **** 
  29:main.c        **** //Master
  30:main.c        **** #define I2C_SLAVE_ADDR 0x08
ARM GAS  C:\Users\LUCASC~1\AppData\Local\Temp\ccwzaSAn.s 			page 3


  31:main.c        **** #define i2c_M_buffersize 0x10
  32:main.c        **** uint8 I2C_M_buffer[i2c_M_buffersize];
  33:main.c        **** uint8 I2C_M_buffer2[i2c_M_buffersize];
  34:main.c        **** 
  35:main.c        **** //Slave
  36:main.c        **** #define BUFFER_SIZE   0x10
  37:main.c        **** /* The I2C Slave read and write buffers */
  38:main.c        **** uint8 i2cReadBuffer [BUFFER_SIZE];
  39:main.c        **** uint8 i2cWriteBuffer[BUFFER_SIZE];
  40:main.c        **** 
  41:main.c        **** int main(void)
  42:main.c        **** {
  83              		.loc 1 42 0
  84              		.cfi_startproc
  85              		@ args = 0, pretend = 0, frame = 0
  86              		@ frame_needed = 0, uses_anonymous_args = 0
  87 0000 10B5     		push	{r4, lr}
  88              		.cfi_def_cfa_offset 8
  89              		.cfi_offset 4, -8
  90              		.cfi_offset 14, -4
  43:main.c        ****     CyGlobalIntEnable; /* Enable global interrupts. */
  91              		.loc 1 43 0
  92              		.syntax divided
  93              	@ 43 "main.c" 1
  94 0002 62B6     		CPSIE   i
  95              	@ 0 "" 2
  44:main.c        **** 
  45:main.c        ****     //UART
  46:main.c        ****     UART_Start();
  96              		.loc 1 46 0
  97              		.thumb
  98              		.syntax unified
  99 0004 FFF7FEFF 		bl	UART_Start
 100              	.LVL9:
  47:main.c        ****     printf("Example I2C \r\n");
 101              		.loc 1 47 0
 102 0008 1E48     		ldr	r0, .L11
 103 000a FFF7FEFF 		bl	puts
 104              	.LVL10:
  48:main.c        ****     
  49:main.c        ****     //Master
  50:main.c        ****     I2C_Master_Start();
 105              		.loc 1 50 0
 106 000e FFF7FEFF 		bl	I2C_Master_Start
 107              	.LVL11:
  51:main.c        ****     
  52:main.c        ****     
  53:main.c        ****     //Slave
  54:main.c        ****     I2C_Slave_I2CSlaveInitReadBuf (i2cReadBuffer,  BUFFER_SIZE);
 108              		.loc 1 54 0
 109 0012 1021     		movs	r1, #16
 110 0014 1C48     		ldr	r0, .L11+4
 111 0016 FFF7FEFF 		bl	I2C_Slave_I2CSlaveInitReadBuf
 112              	.LVL12:
  55:main.c        ****     I2C_Slave_I2CSlaveInitWriteBuf(i2cWriteBuffer, BUFFER_SIZE);
 113              		.loc 1 55 0
 114 001a 1021     		movs	r1, #16
ARM GAS  C:\Users\LUCASC~1\AppData\Local\Temp\ccwzaSAn.s 			page 4


 115 001c 1B48     		ldr	r0, .L11+8
 116 001e FFF7FEFF 		bl	I2C_Slave_I2CSlaveInitWriteBuf
 117              	.LVL13:
  56:main.c        ****     I2C_Slave_Start();
 118              		.loc 1 56 0
 119 0022 FFF7FEFF 		bl	I2C_Slave_Start
 120              	.LVL14:
 121              	.LBB2:
  57:main.c        ****     
  58:main.c        ****     /* Place your initialization/startup code here (e.g. MyInst_Start()) */
  59:main.c        **** 
  60:main.c        ****     for(uint8 i=0;i<BUFFER_SIZE;i++)
 122              		.loc 1 60 0
 123 0026 0023     		movs	r3, #0
 124 0028 03E0     		b	.L5
 125              	.LVL15:
 126              	.L6:
  61:main.c        ****     {
  62:main.c        ****         i2cReadBuffer[i]=i;
 127              		.loc 1 62 0 discriminator 3
 128 002a 174A     		ldr	r2, .L11+4
 129 002c D354     		strb	r3, [r2, r3]
  60:main.c        ****     {
 130              		.loc 1 60 0 discriminator 3
 131 002e 0133     		adds	r3, r3, #1
 132              	.LVL16:
 133 0030 DBB2     		uxtb	r3, r3
 134              	.LVL17:
 135              	.L5:
  60:main.c        ****     {
 136              		.loc 1 60 0 is_stmt 0 discriminator 1
 137 0032 0F2B     		cmp	r3, #15
 138 0034 F9D9     		bls	.L6
 139              	.LVL18:
 140              	.L9:
 141              	.LBE2:
  63:main.c        ****     }
  64:main.c        ****     
  65:main.c        ****     
  66:main.c        ****     for(;;)
  67:main.c        ****     {
  68:main.c        ****         //Master
  69:main.c        ****         CyDelay(1000);
 142              		.loc 1 69 0 is_stmt 1
 143 0036 FA20     		movs	r0, #250
 144 0038 8000     		lsls	r0, r0, #2
 145 003a FFF7FEFF 		bl	CyDelay
 146              	.LVL19:
  70:main.c        **** //        I2C_M_buffer[3]=0x5a;
  71:main.c        **** //        
  72:main.c        **** //        
  73:main.c        **** //        //Write
  74:main.c        **** //            /* Start I2C write and check status*/
  75:main.c        **** //        I2C_Master_I2CMasterWriteBuf(I2C_SLAVE_ADDR,I2C_M_buffer, i2c_M_buffersize,I2C_Master_I2C
  76:main.c        **** //
  77:main.c        **** //        /*If I2C write started without errors, 
  78:main.c        **** //        / wait until I2C Master completes write transfer 
ARM GAS  C:\Users\LUCASC~1\AppData\Local\Temp\ccwzaSAn.s 			page 5


  79:main.c        **** //        */
  80:main.c        **** //        while (0u == (I2C_Master_I2CMasterStatus() & I2C_Master_I2C_MSTAT_WR_CMPLT))
  81:main.c        **** //        {
  82:main.c        **** //            /* Wait */
  83:main.c        **** //        }
  84:main.c        **** //        
  85:main.c        **** //        
  86:main.c        **** //        //Read
  87:main.c        **** //       I2C_Master_I2CMasterReadBuf(I2C_SLAVE_ADDR,I2C_M_buffer2, i2c_M_buffersize,I2C_Master_I2C_
  88:main.c        **** //    
  89:main.c        **** //        /* If I2C read started without errors, 
  90:main.c        **** //        / wait until master complete read transfer */
  91:main.c        **** //        while (0u == (I2C_Master_I2CMasterStatus() & I2C_Master_I2C_MSTAT_RD_CMPLT))
  92:main.c        **** //        {
  93:main.c        **** //            /* Wait */
  94:main.c        **** //        }
  95:main.c        **** //        for(uint8 i=0;i<i2c_M_buffersize;i++)
  96:main.c        **** //        {
  97:main.c        **** //            printf("%d",I2C_M_buffer2[i]);
  98:main.c        **** //        }
  99:main.c        **** //        printf("\r\n");
 100:main.c        **** //        
 101:main.c        ****         
 102:main.c        ****         
 103:main.c        ****         
 104:main.c        ****         
 105:main.c        ****         
 106:main.c        ****         
 107:main.c        ****         //Slave
 108:main.c        ****         /* Write complete: parse the command packet */
 109:main.c        ****         if (0u != (I2C_Slave_I2CSlaveStatus() & I2C_Slave_I2C_SSTAT_WR_CMPLT))
 147              		.loc 1 109 0
 148 003e FFF7FEFF 		bl	I2C_Slave_I2CSlaveStatus
 149              	.LVL20:
 150 0042 C306     		lsls	r3, r0, #27
 151 0044 14D5     		bpl	.L7
 110:main.c        ****         {  
 111:main.c        ****             if(i2cWriteBuffer[3]==0x5A)
 152              		.loc 1 111 0
 153 0046 114B     		ldr	r3, .L11+8
 154 0048 DB78     		ldrb	r3, [r3, #3]
 155 004a 5A2B     		cmp	r3, #90
 156 004c 0CD1     		bne	.L8
 112:main.c        ****             {
 113:main.c        ****                 i2cWriteBuffer[3]=0;
 157              		.loc 1 113 0
 158 004e 0022     		movs	r2, #0
 159 0050 0E4B     		ldr	r3, .L11+8
 160 0052 DA70     		strb	r2, [r3, #3]
 114:main.c        ****                 LED_Write(!LED_Read());
 161              		.loc 1 114 0
 162 0054 FFF7FEFF 		bl	LED_Read
 163              	.LVL21:
 164 0058 4342     		rsbs	r3, r0, #0
 165 005a 5841     		adcs	r0, r0, r3
 166 005c C0B2     		uxtb	r0, r0
 167 005e FFF7FEFF 		bl	LED_Write
ARM GAS  C:\Users\LUCASC~1\AppData\Local\Temp\ccwzaSAn.s 			page 6


 168              	.LVL22:
 115:main.c        ****                 printf("aaa");
 169              		.loc 1 115 0
 170 0062 0B48     		ldr	r0, .L11+12
 171 0064 FFF7FEFF 		bl	printf
 172              	.LVL23:
 173              	.L8:
 116:main.c        ****             }
 117:main.c        ****             /* Clear the slave write buffer and status */
 118:main.c        ****             I2C_Slave_I2CSlaveClearWriteBuf();
 174              		.loc 1 118 0
 175 0068 FFF7FEFF 		bl	I2C_Slave_I2CSlaveClearWriteBuf
 176              	.LVL24:
 119:main.c        ****             (void) I2C_Slave_I2CSlaveClearWriteStatus();
 177              		.loc 1 119 0
 178 006c FFF7FEFF 		bl	I2C_Slave_I2CSlaveClearWriteStatus
 179              	.LVL25:
 180              	.L7:
 120:main.c        **** 
 121:main.c        ****         }
 122:main.c        ****         
 123:main.c        ****         /* Read complete: expose buffer to master */
 124:main.c        ****         if (0u != (I2C_Slave_I2CSlaveStatus() & I2C_Slave_I2C_SSTAT_RD_CMPLT))
 181              		.loc 1 124 0
 182 0070 FFF7FEFF 		bl	I2C_Slave_I2CSlaveStatus
 183              	.LVL26:
 184 0074 C307     		lsls	r3, r0, #31
 185 0076 DED5     		bpl	.L9
 125:main.c        ****         {
 126:main.c        ****             /* Clear the slave read buffer and status */
 127:main.c        ****             I2C_Slave_I2CSlaveClearReadBuf();
 186              		.loc 1 127 0
 187 0078 FFF7FEFF 		bl	I2C_Slave_I2CSlaveClearReadBuf
 188              	.LVL27:
 128:main.c        ****             (void) I2C_Slave_I2CSlaveClearReadStatus();
 189              		.loc 1 128 0
 190 007c FFF7FEFF 		bl	I2C_Slave_I2CSlaveClearReadStatus
 191              	.LVL28:
 192 0080 D9E7     		b	.L9
 193              	.L12:
 194 0082 C046     		.align	2
 195              	.L11:
 196 0084 00000000 		.word	.LC0
 197 0088 00000000 		.word	i2cReadBuffer
 198 008c 00000000 		.word	i2cWriteBuffer
 199 0090 10000000 		.word	.LC4
 200              		.cfi_endproc
 201              	.LFE36:
 202              		.size	main, .-main
 203              		.comm	i2cWriteBuffer,16,4
 204              		.comm	i2cReadBuffer,16,4
 205              		.comm	I2C_M_buffer2,16,4
 206              		.comm	I2C_M_buffer,16,4
 207              		.section	.rodata.str1.4,"aMS",%progbits,1
 208              		.align	2
 209              	.LC0:
 210 0000 4578616D 		.ascii	"Example I2C \015\000"
ARM GAS  C:\Users\LUCASC~1\AppData\Local\Temp\ccwzaSAn.s 			page 7


 210      706C6520 
 210      49324320 
 210      0D00
 211 000e 0000     		.space	2
 212              	.LC4:
 213 0010 61616100 		.ascii	"aaa\000"
 214              		.text
 215              	.Letext0:
 216              		.file 2 "Generated_Source\\PSoC4/UART.h"
 217              		.file 3 "Generated_Source\\PSoC4/I2C_Master.h"
 218              		.file 4 "Generated_Source\\PSoC4/I2C_Slave_I2C.h"
 219              		.file 5 "Generated_Source\\PSoC4/I2C_Slave.h"
 220              		.file 6 "Generated_Source\\PSoC4/CyLib.h"
 221              		.file 7 "Generated_Source\\PSoC4/LED.h"
 222              		.file 8 "c:\\program files (x86)\\cypress\\psoc creator\\4.2\\psoc creator\\import\\gnu\\arm\\5.4.
 223              		.file 9 "Generated_Source\\PSoC4/cytypes.h"
 224              		.file 10 "<built-in>"
 225              		.section	.debug_info,"",%progbits
 226              	.Ldebug_info0:
 227 0000 1C030000 		.4byte	0x31c
 228 0004 0400     		.2byte	0x4
 229 0006 00000000 		.4byte	.Ldebug_abbrev0
 230 000a 04       		.byte	0x4
 231 000b 01       		.uleb128 0x1
 232 000c 7C010000 		.4byte	.LASF34
 233 0010 0C       		.byte	0xc
 234 0011 3A020000 		.4byte	.LASF35
 235 0015 BF020000 		.4byte	.LASF36
 236 0019 00000000 		.4byte	.Ldebug_ranges0+0
 237 001d 00000000 		.4byte	0
 238 0021 00000000 		.4byte	.Ldebug_line0
 239 0025 02       		.uleb128 0x2
 240 0026 01       		.byte	0x1
 241 0027 06       		.byte	0x6
 242 0028 F7020000 		.4byte	.LASF0
 243 002c 02       		.uleb128 0x2
 244 002d 01       		.byte	0x1
 245 002e 08       		.byte	0x8
 246 002f 96000000 		.4byte	.LASF1
 247 0033 02       		.uleb128 0x2
 248 0034 02       		.byte	0x2
 249 0035 05       		.byte	0x5
 250 0036 6C020000 		.4byte	.LASF2
 251 003a 02       		.uleb128 0x2
 252 003b 02       		.byte	0x2
 253 003c 07       		.byte	0x7
 254 003d 43000000 		.4byte	.LASF3
 255 0041 02       		.uleb128 0x2
 256 0042 04       		.byte	0x4
 257 0043 05       		.byte	0x5
 258 0044 3A000000 		.4byte	.LASF4
 259 0048 02       		.uleb128 0x2
 260 0049 04       		.byte	0x4
 261 004a 07       		.byte	0x7
 262 004b B2000000 		.4byte	.LASF5
 263 004f 02       		.uleb128 0x2
 264 0050 08       		.byte	0x8
ARM GAS  C:\Users\LUCASC~1\AppData\Local\Temp\ccwzaSAn.s 			page 8


 265 0051 05       		.byte	0x5
 266 0052 2C020000 		.4byte	.LASF6
 267 0056 02       		.uleb128 0x2
 268 0057 08       		.byte	0x8
 269 0058 07       		.byte	0x7
 270 0059 02010000 		.4byte	.LASF7
 271 005d 03       		.uleb128 0x3
 272 005e 04       		.byte	0x4
 273 005f 05       		.byte	0x5
 274 0060 696E7400 		.ascii	"int\000"
 275 0064 02       		.uleb128 0x2
 276 0065 04       		.byte	0x4
 277 0066 07       		.byte	0x7
 278 0067 F5000000 		.4byte	.LASF8
 279 006b 04       		.uleb128 0x4
 280 006c 56000000 		.4byte	.LASF37
 281 0070 09       		.byte	0x9
 282 0071 E401     		.2byte	0x1e4
 283 0073 2C000000 		.4byte	0x2c
 284 0077 02       		.uleb128 0x2
 285 0078 04       		.byte	0x4
 286 0079 04       		.byte	0x4
 287 007a 5C000000 		.4byte	.LASF9
 288 007e 02       		.uleb128 0x2
 289 007f 08       		.byte	0x8
 290 0080 04       		.byte	0x4
 291 0081 E9000000 		.4byte	.LASF10
 292 0085 02       		.uleb128 0x2
 293 0086 01       		.byte	0x1
 294 0087 08       		.byte	0x8
 295 0088 41020000 		.4byte	.LASF11
 296 008c 02       		.uleb128 0x2
 297 008d 08       		.byte	0x8
 298 008e 04       		.byte	0x4
 299 008f 0A020000 		.4byte	.LASF12
 300 0093 02       		.uleb128 0x2
 301 0094 04       		.byte	0x4
 302 0095 07       		.byte	0x7
 303 0096 23020000 		.4byte	.LASF13
 304 009a 05       		.uleb128 0x5
 305 009b 04       		.byte	0x4
 306 009c 85000000 		.4byte	0x85
 307 00a0 06       		.uleb128 0x6
 308 00a1 19010000 		.4byte	.LASF38
 309 00a5 01       		.byte	0x1
 310 00a6 11       		.byte	0x11
 311 00a7 5D000000 		.4byte	0x5d
 312 00ab 00000000 		.4byte	.LFB35
 313 00af 1C000000 		.4byte	.LFE35-.LFB35
 314 00b3 01       		.uleb128 0x1
 315 00b4 9C       		.byte	0x9c
 316 00b5 FD000000 		.4byte	0xfd
 317 00b9 07       		.uleb128 0x7
 318 00ba 62000000 		.4byte	.LASF14
 319 00be 01       		.byte	0x1
 320 00bf 11       		.byte	0x11
 321 00c0 5D000000 		.4byte	0x5d
ARM GAS  C:\Users\LUCASC~1\AppData\Local\Temp\ccwzaSAn.s 			page 9


 322 00c4 00000000 		.4byte	.LLST0
 323 00c8 08       		.uleb128 0x8
 324 00c9 70747200 		.ascii	"ptr\000"
 325 00cd 01       		.byte	0x1
 326 00ce 11       		.byte	0x11
 327 00cf 9A000000 		.4byte	0x9a
 328 00d3 21000000 		.4byte	.LLST1
 329 00d7 08       		.uleb128 0x8
 330 00d8 6C656E00 		.ascii	"len\000"
 331 00dc 01       		.byte	0x1
 332 00dd 11       		.byte	0x11
 333 00de 5D000000 		.4byte	0x5d
 334 00e2 4A000000 		.4byte	.LLST2
 335 00e6 09       		.uleb128 0x9
 336 00e7 6900     		.ascii	"i\000"
 337 00e9 01       		.byte	0x1
 338 00ea 13       		.byte	0x13
 339 00eb 5D000000 		.4byte	0x5d
 340 00ef 73000000 		.4byte	.LLST3
 341 00f3 0A       		.uleb128 0xa
 342 00f4 10000000 		.4byte	.LVL4
 343 00f8 64020000 		.4byte	0x264
 344 00fc 00       		.byte	0
 345 00fd 0B       		.uleb128 0xb
 346 00fe F0000000 		.4byte	.LASF39
 347 0102 01       		.byte	0x1
 348 0103 29       		.byte	0x29
 349 0104 5D000000 		.4byte	0x5d
 350 0108 00000000 		.4byte	.LFB36
 351 010c 94000000 		.4byte	.LFE36-.LFB36
 352 0110 01       		.uleb128 0x1
 353 0111 9C       		.byte	0x9c
 354 0112 10020000 		.4byte	0x210
 355 0116 0C       		.uleb128 0xc
 356 0117 26000000 		.4byte	.LBB2
 357 011b 10000000 		.4byte	.LBE2-.LBB2
 358 011f 31010000 		.4byte	0x131
 359 0123 09       		.uleb128 0x9
 360 0124 6900     		.ascii	"i\000"
 361 0126 01       		.byte	0x1
 362 0127 3C       		.byte	0x3c
 363 0128 6B000000 		.4byte	0x6b
 364 012c 92000000 		.4byte	.LLST4
 365 0130 00       		.byte	0
 366 0131 0A       		.uleb128 0xa
 367 0132 08000000 		.4byte	.LVL9
 368 0136 6F020000 		.4byte	0x26f
 369 013a 0D       		.uleb128 0xd
 370 013b 0E000000 		.4byte	.LVL10
 371 013f 7A020000 		.4byte	0x27a
 372 0143 51010000 		.4byte	0x151
 373 0147 0E       		.uleb128 0xe
 374 0148 01       		.uleb128 0x1
 375 0149 50       		.byte	0x50
 376 014a 05       		.uleb128 0x5
 377 014b 03       		.byte	0x3
 378 014c 00000000 		.4byte	.LC0
ARM GAS  C:\Users\LUCASC~1\AppData\Local\Temp\ccwzaSAn.s 			page 10


 379 0150 00       		.byte	0
 380 0151 0A       		.uleb128 0xa
 381 0152 12000000 		.4byte	.LVL11
 382 0156 89020000 		.4byte	0x289
 383 015a 0D       		.uleb128 0xd
 384 015b 1A000000 		.4byte	.LVL12
 385 015f 94020000 		.4byte	0x294
 386 0163 76010000 		.4byte	0x176
 387 0167 0E       		.uleb128 0xe
 388 0168 01       		.uleb128 0x1
 389 0169 50       		.byte	0x50
 390 016a 05       		.uleb128 0x5
 391 016b 03       		.byte	0x3
 392 016c 00000000 		.4byte	i2cReadBuffer
 393 0170 0E       		.uleb128 0xe
 394 0171 01       		.uleb128 0x1
 395 0172 51       		.byte	0x51
 396 0173 01       		.uleb128 0x1
 397 0174 40       		.byte	0x40
 398 0175 00       		.byte	0
 399 0176 0D       		.uleb128 0xd
 400 0177 22000000 		.4byte	.LVL13
 401 017b A0020000 		.4byte	0x2a0
 402 017f 92010000 		.4byte	0x192
 403 0183 0E       		.uleb128 0xe
 404 0184 01       		.uleb128 0x1
 405 0185 50       		.byte	0x50
 406 0186 05       		.uleb128 0x5
 407 0187 03       		.byte	0x3
 408 0188 00000000 		.4byte	i2cWriteBuffer
 409 018c 0E       		.uleb128 0xe
 410 018d 01       		.uleb128 0x1
 411 018e 51       		.byte	0x51
 412 018f 01       		.uleb128 0x1
 413 0190 40       		.byte	0x40
 414 0191 00       		.byte	0
 415 0192 0A       		.uleb128 0xa
 416 0193 26000000 		.4byte	.LVL14
 417 0197 AC020000 		.4byte	0x2ac
 418 019b 0D       		.uleb128 0xd
 419 019c 3E000000 		.4byte	.LVL19
 420 01a0 B7020000 		.4byte	0x2b7
 421 01a4 B0010000 		.4byte	0x1b0
 422 01a8 0E       		.uleb128 0xe
 423 01a9 01       		.uleb128 0x1
 424 01aa 50       		.byte	0x50
 425 01ab 03       		.uleb128 0x3
 426 01ac 0A       		.byte	0xa
 427 01ad E803     		.2byte	0x3e8
 428 01af 00       		.byte	0
 429 01b0 0A       		.uleb128 0xa
 430 01b1 42000000 		.4byte	.LVL20
 431 01b5 C2020000 		.4byte	0x2c2
 432 01b9 0A       		.uleb128 0xa
 433 01ba 58000000 		.4byte	.LVL21
 434 01be CE020000 		.4byte	0x2ce
 435 01c2 0A       		.uleb128 0xa
ARM GAS  C:\Users\LUCASC~1\AppData\Local\Temp\ccwzaSAn.s 			page 11


 436 01c3 62000000 		.4byte	.LVL22
 437 01c7 D9020000 		.4byte	0x2d9
 438 01cb 0D       		.uleb128 0xd
 439 01cc 68000000 		.4byte	.LVL23
 440 01d0 E4020000 		.4byte	0x2e4
 441 01d4 E2010000 		.4byte	0x1e2
 442 01d8 0E       		.uleb128 0xe
 443 01d9 01       		.uleb128 0x1
 444 01da 50       		.byte	0x50
 445 01db 05       		.uleb128 0x5
 446 01dc 03       		.byte	0x3
 447 01dd 10000000 		.4byte	.LC4
 448 01e1 00       		.byte	0
 449 01e2 0A       		.uleb128 0xa
 450 01e3 6C000000 		.4byte	.LVL24
 451 01e7 EF020000 		.4byte	0x2ef
 452 01eb 0A       		.uleb128 0xa
 453 01ec 70000000 		.4byte	.LVL25
 454 01f0 FB020000 		.4byte	0x2fb
 455 01f4 0A       		.uleb128 0xa
 456 01f5 74000000 		.4byte	.LVL26
 457 01f9 C2020000 		.4byte	0x2c2
 458 01fd 0A       		.uleb128 0xa
 459 01fe 7C000000 		.4byte	.LVL27
 460 0202 07030000 		.4byte	0x307
 461 0206 0A       		.uleb128 0xa
 462 0207 80000000 		.4byte	.LVL28
 463 020b 13030000 		.4byte	0x313
 464 020f 00       		.byte	0
 465 0210 0F       		.uleb128 0xf
 466 0211 6B000000 		.4byte	0x6b
 467 0215 20020000 		.4byte	0x220
 468 0219 10       		.uleb128 0x10
 469 021a 93000000 		.4byte	0x93
 470 021e 0F       		.byte	0xf
 471 021f 00       		.byte	0
 472 0220 11       		.uleb128 0x11
 473 0221 2D000000 		.4byte	.LASF15
 474 0225 01       		.byte	0x1
 475 0226 20       		.byte	0x20
 476 0227 10020000 		.4byte	0x210
 477 022b 05       		.uleb128 0x5
 478 022c 03       		.byte	0x3
 479 022d 00000000 		.4byte	I2C_M_buffer
 480 0231 11       		.uleb128 0x11
 481 0232 8F020000 		.4byte	.LASF16
 482 0236 01       		.byte	0x1
 483 0237 21       		.byte	0x21
 484 0238 10020000 		.4byte	0x210
 485 023c 05       		.uleb128 0x5
 486 023d 03       		.byte	0x3
 487 023e 00000000 		.4byte	I2C_M_buffer2
 488 0242 11       		.uleb128 0x11
 489 0243 A4000000 		.4byte	.LASF17
 490 0247 01       		.byte	0x1
 491 0248 26       		.byte	0x26
 492 0249 10020000 		.4byte	0x210
ARM GAS  C:\Users\LUCASC~1\AppData\Local\Temp\ccwzaSAn.s 			page 12


 493 024d 05       		.uleb128 0x5
 494 024e 03       		.byte	0x3
 495 024f 00000000 		.4byte	i2cReadBuffer
 496 0253 11       		.uleb128 0x11
 497 0254 3E010000 		.4byte	.LASF18
 498 0258 01       		.byte	0x1
 499 0259 27       		.byte	0x27
 500 025a 10020000 		.4byte	0x210
 501 025e 05       		.uleb128 0x5
 502 025f 03       		.byte	0x3
 503 0260 00000000 		.4byte	i2cWriteBuffer
 504 0264 12       		.uleb128 0x12
 505 0265 16020000 		.4byte	.LASF19
 506 0269 16020000 		.4byte	.LASF19
 507 026d 02       		.byte	0x2
 508 026e 8A       		.byte	0x8a
 509 026f 12       		.uleb128 0x12
 510 0270 C4000000 		.4byte	.LASF20
 511 0274 C4000000 		.4byte	.LASF20
 512 0278 02       		.byte	0x2
 513 0279 54       		.byte	0x54
 514 027a 13       		.uleb128 0x13
 515 027b F2020000 		.4byte	.LASF40
 516 027f 4D010000 		.4byte	.LASF41
 517 0283 0A       		.byte	0xa
 518 0284 00       		.byte	0
 519 0285 F2020000 		.4byte	.LASF40
 520 0289 12       		.uleb128 0x12
 521 028a D8000000 		.4byte	.LASF21
 522 028e D8000000 		.4byte	.LASF21
 523 0292 03       		.byte	0x3
 524 0293 72       		.byte	0x72
 525 0294 14       		.uleb128 0x14
 526 0295 20010000 		.4byte	.LASF22
 527 0299 20010000 		.4byte	.LASF22
 528 029d 04       		.byte	0x4
 529 029e 2E01     		.2byte	0x12e
 530 02a0 14       		.uleb128 0x14
 531 02a1 46020000 		.4byte	.LASF23
 532 02a5 46020000 		.4byte	.LASF23
 533 02a9 04       		.byte	0x4
 534 02aa 2F01     		.2byte	0x12f
 535 02ac 12       		.uleb128 0x12
 536 02ad 86000000 		.4byte	.LASF24
 537 02b1 86000000 		.4byte	.LASF24
 538 02b5 05       		.byte	0x5
 539 02b6 72       		.byte	0x72
 540 02b7 12       		.uleb128 0x12
 541 02b8 03030000 		.4byte	.LASF25
 542 02bc 03030000 		.4byte	.LASF25
 543 02c0 06       		.byte	0x6
 544 02c1 D9       		.byte	0xd9
 545 02c2 14       		.uleb128 0x14
 546 02c3 76020000 		.4byte	.LASF26
 547 02c7 76020000 		.4byte	.LASF26
 548 02cb 04       		.byte	0x4
 549 02cc 2501     		.2byte	0x125
ARM GAS  C:\Users\LUCASC~1\AppData\Local\Temp\ccwzaSAn.s 			page 13


 550 02ce 12       		.uleb128 0x12
 551 02cf CF000000 		.4byte	.LASF27
 552 02d3 CF000000 		.4byte	.LASF27
 553 02d7 07       		.byte	0x7
 554 02d8 32       		.byte	0x32
 555 02d9 12       		.uleb128 0x12
 556 02da 23000000 		.4byte	.LASF28
 557 02de 23000000 		.4byte	.LASF28
 558 02e2 07       		.byte	0x7
 559 02e3 33       		.byte	0x33
 560 02e4 12       		.uleb128 0x12
 561 02e5 65020000 		.4byte	.LASF29
 562 02e9 65020000 		.4byte	.LASF29
 563 02ed 08       		.byte	0x8
 564 02ee BB       		.byte	0xbb
 565 02ef 14       		.uleb128 0x14
 566 02f0 5C010000 		.4byte	.LASF30
 567 02f4 5C010000 		.4byte	.LASF30
 568 02f8 04       		.byte	0x4
 569 02f9 3301     		.2byte	0x133
 570 02fb 14       		.uleb128 0x14
 571 02fc 00000000 		.4byte	.LASF31
 572 0300 00000000 		.4byte	.LASF31
 573 0304 04       		.byte	0x4
 574 0305 2701     		.2byte	0x127
 575 0307 14       		.uleb128 0x14
 576 0308 67000000 		.4byte	.LASF32
 577 030c 67000000 		.4byte	.LASF32
 578 0310 04       		.byte	0x4
 579 0311 3201     		.2byte	0x132
 580 0313 14       		.uleb128 0x14
 581 0314 9D020000 		.4byte	.LASF33
 582 0318 9D020000 		.4byte	.LASF33
 583 031c 04       		.byte	0x4
 584 031d 2601     		.2byte	0x126
 585 031f 00       		.byte	0
 586              		.section	.debug_abbrev,"",%progbits
 587              	.Ldebug_abbrev0:
 588 0000 01       		.uleb128 0x1
 589 0001 11       		.uleb128 0x11
 590 0002 01       		.byte	0x1
 591 0003 25       		.uleb128 0x25
 592 0004 0E       		.uleb128 0xe
 593 0005 13       		.uleb128 0x13
 594 0006 0B       		.uleb128 0xb
 595 0007 03       		.uleb128 0x3
 596 0008 0E       		.uleb128 0xe
 597 0009 1B       		.uleb128 0x1b
 598 000a 0E       		.uleb128 0xe
 599 000b 55       		.uleb128 0x55
 600 000c 17       		.uleb128 0x17
 601 000d 11       		.uleb128 0x11
 602 000e 01       		.uleb128 0x1
 603 000f 10       		.uleb128 0x10
 604 0010 17       		.uleb128 0x17
 605 0011 00       		.byte	0
 606 0012 00       		.byte	0
ARM GAS  C:\Users\LUCASC~1\AppData\Local\Temp\ccwzaSAn.s 			page 14


 607 0013 02       		.uleb128 0x2
 608 0014 24       		.uleb128 0x24
 609 0015 00       		.byte	0
 610 0016 0B       		.uleb128 0xb
 611 0017 0B       		.uleb128 0xb
 612 0018 3E       		.uleb128 0x3e
 613 0019 0B       		.uleb128 0xb
 614 001a 03       		.uleb128 0x3
 615 001b 0E       		.uleb128 0xe
 616 001c 00       		.byte	0
 617 001d 00       		.byte	0
 618 001e 03       		.uleb128 0x3
 619 001f 24       		.uleb128 0x24
 620 0020 00       		.byte	0
 621 0021 0B       		.uleb128 0xb
 622 0022 0B       		.uleb128 0xb
 623 0023 3E       		.uleb128 0x3e
 624 0024 0B       		.uleb128 0xb
 625 0025 03       		.uleb128 0x3
 626 0026 08       		.uleb128 0x8
 627 0027 00       		.byte	0
 628 0028 00       		.byte	0
 629 0029 04       		.uleb128 0x4
 630 002a 16       		.uleb128 0x16
 631 002b 00       		.byte	0
 632 002c 03       		.uleb128 0x3
 633 002d 0E       		.uleb128 0xe
 634 002e 3A       		.uleb128 0x3a
 635 002f 0B       		.uleb128 0xb
 636 0030 3B       		.uleb128 0x3b
 637 0031 05       		.uleb128 0x5
 638 0032 49       		.uleb128 0x49
 639 0033 13       		.uleb128 0x13
 640 0034 00       		.byte	0
 641 0035 00       		.byte	0
 642 0036 05       		.uleb128 0x5
 643 0037 0F       		.uleb128 0xf
 644 0038 00       		.byte	0
 645 0039 0B       		.uleb128 0xb
 646 003a 0B       		.uleb128 0xb
 647 003b 49       		.uleb128 0x49
 648 003c 13       		.uleb128 0x13
 649 003d 00       		.byte	0
 650 003e 00       		.byte	0
 651 003f 06       		.uleb128 0x6
 652 0040 2E       		.uleb128 0x2e
 653 0041 01       		.byte	0x1
 654 0042 3F       		.uleb128 0x3f
 655 0043 19       		.uleb128 0x19
 656 0044 03       		.uleb128 0x3
 657 0045 0E       		.uleb128 0xe
 658 0046 3A       		.uleb128 0x3a
 659 0047 0B       		.uleb128 0xb
 660 0048 3B       		.uleb128 0x3b
 661 0049 0B       		.uleb128 0xb
 662 004a 27       		.uleb128 0x27
 663 004b 19       		.uleb128 0x19
ARM GAS  C:\Users\LUCASC~1\AppData\Local\Temp\ccwzaSAn.s 			page 15


 664 004c 49       		.uleb128 0x49
 665 004d 13       		.uleb128 0x13
 666 004e 11       		.uleb128 0x11
 667 004f 01       		.uleb128 0x1
 668 0050 12       		.uleb128 0x12
 669 0051 06       		.uleb128 0x6
 670 0052 40       		.uleb128 0x40
 671 0053 18       		.uleb128 0x18
 672 0054 9742     		.uleb128 0x2117
 673 0056 19       		.uleb128 0x19
 674 0057 01       		.uleb128 0x1
 675 0058 13       		.uleb128 0x13
 676 0059 00       		.byte	0
 677 005a 00       		.byte	0
 678 005b 07       		.uleb128 0x7
 679 005c 05       		.uleb128 0x5
 680 005d 00       		.byte	0
 681 005e 03       		.uleb128 0x3
 682 005f 0E       		.uleb128 0xe
 683 0060 3A       		.uleb128 0x3a
 684 0061 0B       		.uleb128 0xb
 685 0062 3B       		.uleb128 0x3b
 686 0063 0B       		.uleb128 0xb
 687 0064 49       		.uleb128 0x49
 688 0065 13       		.uleb128 0x13
 689 0066 02       		.uleb128 0x2
 690 0067 17       		.uleb128 0x17
 691 0068 00       		.byte	0
 692 0069 00       		.byte	0
 693 006a 08       		.uleb128 0x8
 694 006b 05       		.uleb128 0x5
 695 006c 00       		.byte	0
 696 006d 03       		.uleb128 0x3
 697 006e 08       		.uleb128 0x8
 698 006f 3A       		.uleb128 0x3a
 699 0070 0B       		.uleb128 0xb
 700 0071 3B       		.uleb128 0x3b
 701 0072 0B       		.uleb128 0xb
 702 0073 49       		.uleb128 0x49
 703 0074 13       		.uleb128 0x13
 704 0075 02       		.uleb128 0x2
 705 0076 17       		.uleb128 0x17
 706 0077 00       		.byte	0
 707 0078 00       		.byte	0
 708 0079 09       		.uleb128 0x9
 709 007a 34       		.uleb128 0x34
 710 007b 00       		.byte	0
 711 007c 03       		.uleb128 0x3
 712 007d 08       		.uleb128 0x8
 713 007e 3A       		.uleb128 0x3a
 714 007f 0B       		.uleb128 0xb
 715 0080 3B       		.uleb128 0x3b
 716 0081 0B       		.uleb128 0xb
 717 0082 49       		.uleb128 0x49
 718 0083 13       		.uleb128 0x13
 719 0084 02       		.uleb128 0x2
 720 0085 17       		.uleb128 0x17
ARM GAS  C:\Users\LUCASC~1\AppData\Local\Temp\ccwzaSAn.s 			page 16


 721 0086 00       		.byte	0
 722 0087 00       		.byte	0
 723 0088 0A       		.uleb128 0xa
 724 0089 898201   		.uleb128 0x4109
 725 008c 00       		.byte	0
 726 008d 11       		.uleb128 0x11
 727 008e 01       		.uleb128 0x1
 728 008f 31       		.uleb128 0x31
 729 0090 13       		.uleb128 0x13
 730 0091 00       		.byte	0
 731 0092 00       		.byte	0
 732 0093 0B       		.uleb128 0xb
 733 0094 2E       		.uleb128 0x2e
 734 0095 01       		.byte	0x1
 735 0096 3F       		.uleb128 0x3f
 736 0097 19       		.uleb128 0x19
 737 0098 03       		.uleb128 0x3
 738 0099 0E       		.uleb128 0xe
 739 009a 3A       		.uleb128 0x3a
 740 009b 0B       		.uleb128 0xb
 741 009c 3B       		.uleb128 0x3b
 742 009d 0B       		.uleb128 0xb
 743 009e 27       		.uleb128 0x27
 744 009f 19       		.uleb128 0x19
 745 00a0 49       		.uleb128 0x49
 746 00a1 13       		.uleb128 0x13
 747 00a2 8701     		.uleb128 0x87
 748 00a4 19       		.uleb128 0x19
 749 00a5 11       		.uleb128 0x11
 750 00a6 01       		.uleb128 0x1
 751 00a7 12       		.uleb128 0x12
 752 00a8 06       		.uleb128 0x6
 753 00a9 40       		.uleb128 0x40
 754 00aa 18       		.uleb128 0x18
 755 00ab 9742     		.uleb128 0x2117
 756 00ad 19       		.uleb128 0x19
 757 00ae 01       		.uleb128 0x1
 758 00af 13       		.uleb128 0x13
 759 00b0 00       		.byte	0
 760 00b1 00       		.byte	0
 761 00b2 0C       		.uleb128 0xc
 762 00b3 0B       		.uleb128 0xb
 763 00b4 01       		.byte	0x1
 764 00b5 11       		.uleb128 0x11
 765 00b6 01       		.uleb128 0x1
 766 00b7 12       		.uleb128 0x12
 767 00b8 06       		.uleb128 0x6
 768 00b9 01       		.uleb128 0x1
 769 00ba 13       		.uleb128 0x13
 770 00bb 00       		.byte	0
 771 00bc 00       		.byte	0
 772 00bd 0D       		.uleb128 0xd
 773 00be 898201   		.uleb128 0x4109
 774 00c1 01       		.byte	0x1
 775 00c2 11       		.uleb128 0x11
 776 00c3 01       		.uleb128 0x1
 777 00c4 31       		.uleb128 0x31
ARM GAS  C:\Users\LUCASC~1\AppData\Local\Temp\ccwzaSAn.s 			page 17


 778 00c5 13       		.uleb128 0x13
 779 00c6 01       		.uleb128 0x1
 780 00c7 13       		.uleb128 0x13
 781 00c8 00       		.byte	0
 782 00c9 00       		.byte	0
 783 00ca 0E       		.uleb128 0xe
 784 00cb 8A8201   		.uleb128 0x410a
 785 00ce 00       		.byte	0
 786 00cf 02       		.uleb128 0x2
 787 00d0 18       		.uleb128 0x18
 788 00d1 9142     		.uleb128 0x2111
 789 00d3 18       		.uleb128 0x18
 790 00d4 00       		.byte	0
 791 00d5 00       		.byte	0
 792 00d6 0F       		.uleb128 0xf
 793 00d7 01       		.uleb128 0x1
 794 00d8 01       		.byte	0x1
 795 00d9 49       		.uleb128 0x49
 796 00da 13       		.uleb128 0x13
 797 00db 01       		.uleb128 0x1
 798 00dc 13       		.uleb128 0x13
 799 00dd 00       		.byte	0
 800 00de 00       		.byte	0
 801 00df 10       		.uleb128 0x10
 802 00e0 21       		.uleb128 0x21
 803 00e1 00       		.byte	0
 804 00e2 49       		.uleb128 0x49
 805 00e3 13       		.uleb128 0x13
 806 00e4 2F       		.uleb128 0x2f
 807 00e5 0B       		.uleb128 0xb
 808 00e6 00       		.byte	0
 809 00e7 00       		.byte	0
 810 00e8 11       		.uleb128 0x11
 811 00e9 34       		.uleb128 0x34
 812 00ea 00       		.byte	0
 813 00eb 03       		.uleb128 0x3
 814 00ec 0E       		.uleb128 0xe
 815 00ed 3A       		.uleb128 0x3a
 816 00ee 0B       		.uleb128 0xb
 817 00ef 3B       		.uleb128 0x3b
 818 00f0 0B       		.uleb128 0xb
 819 00f1 49       		.uleb128 0x49
 820 00f2 13       		.uleb128 0x13
 821 00f3 3F       		.uleb128 0x3f
 822 00f4 19       		.uleb128 0x19
 823 00f5 02       		.uleb128 0x2
 824 00f6 18       		.uleb128 0x18
 825 00f7 00       		.byte	0
 826 00f8 00       		.byte	0
 827 00f9 12       		.uleb128 0x12
 828 00fa 2E       		.uleb128 0x2e
 829 00fb 00       		.byte	0
 830 00fc 3F       		.uleb128 0x3f
 831 00fd 19       		.uleb128 0x19
 832 00fe 3C       		.uleb128 0x3c
 833 00ff 19       		.uleb128 0x19
 834 0100 6E       		.uleb128 0x6e
ARM GAS  C:\Users\LUCASC~1\AppData\Local\Temp\ccwzaSAn.s 			page 18


 835 0101 0E       		.uleb128 0xe
 836 0102 03       		.uleb128 0x3
 837 0103 0E       		.uleb128 0xe
 838 0104 3A       		.uleb128 0x3a
 839 0105 0B       		.uleb128 0xb
 840 0106 3B       		.uleb128 0x3b
 841 0107 0B       		.uleb128 0xb
 842 0108 00       		.byte	0
 843 0109 00       		.byte	0
 844 010a 13       		.uleb128 0x13
 845 010b 2E       		.uleb128 0x2e
 846 010c 00       		.byte	0
 847 010d 3F       		.uleb128 0x3f
 848 010e 19       		.uleb128 0x19
 849 010f 3C       		.uleb128 0x3c
 850 0110 19       		.uleb128 0x19
 851 0111 6E       		.uleb128 0x6e
 852 0112 0E       		.uleb128 0xe
 853 0113 03       		.uleb128 0x3
 854 0114 0E       		.uleb128 0xe
 855 0115 3A       		.uleb128 0x3a
 856 0116 0B       		.uleb128 0xb
 857 0117 3B       		.uleb128 0x3b
 858 0118 0B       		.uleb128 0xb
 859 0119 6E       		.uleb128 0x6e
 860 011a 0E       		.uleb128 0xe
 861 011b 00       		.byte	0
 862 011c 00       		.byte	0
 863 011d 14       		.uleb128 0x14
 864 011e 2E       		.uleb128 0x2e
 865 011f 00       		.byte	0
 866 0120 3F       		.uleb128 0x3f
 867 0121 19       		.uleb128 0x19
 868 0122 3C       		.uleb128 0x3c
 869 0123 19       		.uleb128 0x19
 870 0124 6E       		.uleb128 0x6e
 871 0125 0E       		.uleb128 0xe
 872 0126 03       		.uleb128 0x3
 873 0127 0E       		.uleb128 0xe
 874 0128 3A       		.uleb128 0x3a
 875 0129 0B       		.uleb128 0xb
 876 012a 3B       		.uleb128 0x3b
 877 012b 05       		.uleb128 0x5
 878 012c 00       		.byte	0
 879 012d 00       		.byte	0
 880 012e 00       		.byte	0
 881              		.section	.debug_loc,"",%progbits
 882              	.Ldebug_loc0:
 883              	.LLST0:
 884 0000 00000000 		.4byte	.LVL0
 885 0004 08000000 		.4byte	.LVL2
 886 0008 0100     		.2byte	0x1
 887 000a 50       		.byte	0x50
 888 000b 08000000 		.4byte	.LVL2
 889 000f 1C000000 		.4byte	.LFE35
 890 0013 0400     		.2byte	0x4
 891 0015 F3       		.byte	0xf3
ARM GAS  C:\Users\LUCASC~1\AppData\Local\Temp\ccwzaSAn.s 			page 19


 892 0016 01       		.uleb128 0x1
 893 0017 50       		.byte	0x50
 894 0018 9F       		.byte	0x9f
 895 0019 00000000 		.4byte	0
 896 001d 00000000 		.4byte	0
 897              	.LLST1:
 898 0021 00000000 		.4byte	.LVL0
 899 0025 0A000000 		.4byte	.LVL3
 900 0029 0100     		.2byte	0x1
 901 002b 51       		.byte	0x51
 902 002c 0A000000 		.4byte	.LVL3
 903 0030 14000000 		.4byte	.LVL6
 904 0034 0100     		.2byte	0x1
 905 0036 55       		.byte	0x55
 906 0037 14000000 		.4byte	.LVL6
 907 003b 1C000000 		.4byte	.LFE35
 908 003f 0100     		.2byte	0x1
 909 0041 51       		.byte	0x51
 910 0042 00000000 		.4byte	0
 911 0046 00000000 		.4byte	0
 912              	.LLST2:
 913 004a 00000000 		.4byte	.LVL0
 914 004e 08000000 		.4byte	.LVL2
 915 0052 0100     		.2byte	0x1
 916 0054 52       		.byte	0x52
 917 0055 08000000 		.4byte	.LVL2
 918 0059 1A000000 		.4byte	.LVL8
 919 005d 0100     		.2byte	0x1
 920 005f 56       		.byte	0x56
 921 0060 1A000000 		.4byte	.LVL8
 922 0064 1C000000 		.4byte	.LFE35
 923 0068 0100     		.2byte	0x1
 924 006a 50       		.byte	0x50
 925 006b 00000000 		.4byte	0
 926 006f 00000000 		.4byte	0
 927              	.LLST3:
 928 0073 04000000 		.4byte	.LVL1
 929 0077 08000000 		.4byte	.LVL2
 930 007b 0200     		.2byte	0x2
 931 007d 30       		.byte	0x30
 932 007e 9F       		.byte	0x9f
 933 007f 08000000 		.4byte	.LVL2
 934 0083 1A000000 		.4byte	.LVL7
 935 0087 0100     		.2byte	0x1
 936 0089 54       		.byte	0x54
 937 008a 00000000 		.4byte	0
 938 008e 00000000 		.4byte	0
 939              	.LLST4:
 940 0092 26000000 		.4byte	.LVL14
 941 0096 2A000000 		.4byte	.LVL15
 942 009a 0200     		.2byte	0x2
 943 009c 30       		.byte	0x30
 944 009d 9F       		.byte	0x9f
 945 009e 2A000000 		.4byte	.LVL15
 946 00a2 30000000 		.4byte	.LVL16
 947 00a6 0100     		.2byte	0x1
 948 00a8 53       		.byte	0x53
ARM GAS  C:\Users\LUCASC~1\AppData\Local\Temp\ccwzaSAn.s 			page 20


 949 00a9 30000000 		.4byte	.LVL16
 950 00ad 32000000 		.4byte	.LVL17
 951 00b1 0700     		.2byte	0x7
 952 00b3 72       		.byte	0x72
 953 00b4 00       		.sleb128 0
 954 00b5 73       		.byte	0x73
 955 00b6 00       		.sleb128 0
 956 00b7 22       		.byte	0x22
 957 00b8 31       		.byte	0x31
 958 00b9 1C       		.byte	0x1c
 959 00ba 32000000 		.4byte	.LVL17
 960 00be 36000000 		.4byte	.LVL18
 961 00c2 0100     		.2byte	0x1
 962 00c4 53       		.byte	0x53
 963 00c5 00000000 		.4byte	0
 964 00c9 00000000 		.4byte	0
 965              		.section	.debug_aranges,"",%progbits
 966 0000 24000000 		.4byte	0x24
 967 0004 0200     		.2byte	0x2
 968 0006 00000000 		.4byte	.Ldebug_info0
 969 000a 04       		.byte	0x4
 970 000b 00       		.byte	0
 971 000c 0000     		.2byte	0
 972 000e 0000     		.2byte	0
 973 0010 00000000 		.4byte	.LFB35
 974 0014 1C000000 		.4byte	.LFE35-.LFB35
 975 0018 00000000 		.4byte	.LFB36
 976 001c 94000000 		.4byte	.LFE36-.LFB36
 977 0020 00000000 		.4byte	0
 978 0024 00000000 		.4byte	0
 979              		.section	.debug_ranges,"",%progbits
 980              	.Ldebug_ranges0:
 981 0000 00000000 		.4byte	.LFB35
 982 0004 1C000000 		.4byte	.LFE35
 983 0008 00000000 		.4byte	.LFB36
 984 000c 94000000 		.4byte	.LFE36
 985 0010 00000000 		.4byte	0
 986 0014 00000000 		.4byte	0
 987              		.section	.debug_line,"",%progbits
 988              	.Ldebug_line0:
 989 0000 74010000 		.section	.debug_str,"MS",%progbits,1
 989      02001201 
 989      00000201 
 989      FB0E0D00 
 989      01010101 
 990              	.LASF31:
 991 0000 4932435F 		.ascii	"I2C_Slave_I2CSlaveClearWriteStatus\000"
 991      536C6176 
 991      655F4932 
 991      43536C61 
 991      7665436C 
 992              	.LASF28:
 993 0023 4C45445F 		.ascii	"LED_Write\000"
 993      57726974 
 993      6500
 994              	.LASF15:
 995 002d 4932435F 		.ascii	"I2C_M_buffer\000"
ARM GAS  C:\Users\LUCASC~1\AppData\Local\Temp\ccwzaSAn.s 			page 21


 995      4D5F6275 
 995      66666572 
 995      00
 996              	.LASF4:
 997 003a 6C6F6E67 		.ascii	"long int\000"
 997      20696E74 
 997      00
 998              	.LASF3:
 999 0043 73686F72 		.ascii	"short unsigned int\000"
 999      7420756E 
 999      7369676E 
 999      65642069 
 999      6E7400
 1000              	.LASF37:
 1001 0056 75696E74 		.ascii	"uint8\000"
 1001      3800
 1002              	.LASF9:
 1003 005c 666C6F61 		.ascii	"float\000"
 1003      7400
 1004              	.LASF14:
 1005 0062 66696C65 		.ascii	"file\000"
 1005      00
 1006              	.LASF32:
 1007 0067 4932435F 		.ascii	"I2C_Slave_I2CSlaveClearReadBuf\000"
 1007      536C6176 
 1007      655F4932 
 1007      43536C61 
 1007      7665436C 
 1008              	.LASF24:
 1009 0086 4932435F 		.ascii	"I2C_Slave_Start\000"
 1009      536C6176 
 1009      655F5374 
 1009      61727400 
 1010              	.LASF1:
 1011 0096 756E7369 		.ascii	"unsigned char\000"
 1011      676E6564 
 1011      20636861 
 1011      7200
 1012              	.LASF17:
 1013 00a4 69326352 		.ascii	"i2cReadBuffer\000"
 1013      65616442 
 1013      75666665 
 1013      7200
 1014              	.LASF5:
 1015 00b2 6C6F6E67 		.ascii	"long unsigned int\000"
 1015      20756E73 
 1015      69676E65 
 1015      6420696E 
 1015      7400
 1016              	.LASF20:
 1017 00c4 55415254 		.ascii	"UART_Start\000"
 1017      5F537461 
 1017      727400
 1018              	.LASF27:
 1019 00cf 4C45445F 		.ascii	"LED_Read\000"
 1019      52656164 
 1019      00
ARM GAS  C:\Users\LUCASC~1\AppData\Local\Temp\ccwzaSAn.s 			page 22


 1020              	.LASF21:
 1021 00d8 4932435F 		.ascii	"I2C_Master_Start\000"
 1021      4D617374 
 1021      65725F53 
 1021      74617274 
 1021      00
 1022              	.LASF10:
 1023 00e9 646F7562 		.ascii	"double\000"
 1023      6C6500
 1024              	.LASF39:
 1025 00f0 6D61696E 		.ascii	"main\000"
 1025      00
 1026              	.LASF8:
 1027 00f5 756E7369 		.ascii	"unsigned int\000"
 1027      676E6564 
 1027      20696E74 
 1027      00
 1028              	.LASF7:
 1029 0102 6C6F6E67 		.ascii	"long long unsigned int\000"
 1029      206C6F6E 
 1029      6720756E 
 1029      7369676E 
 1029      65642069 
 1030              	.LASF38:
 1031 0119 5F777269 		.ascii	"_write\000"
 1031      746500
 1032              	.LASF22:
 1033 0120 4932435F 		.ascii	"I2C_Slave_I2CSlaveInitReadBuf\000"
 1033      536C6176 
 1033      655F4932 
 1033      43536C61 
 1033      7665496E 
 1034              	.LASF18:
 1035 013e 69326357 		.ascii	"i2cWriteBuffer\000"
 1035      72697465 
 1035      42756666 
 1035      657200
 1036              	.LASF41:
 1037 014d 5F5F6275 		.ascii	"__builtin_puts\000"
 1037      696C7469 
 1037      6E5F7075 
 1037      747300
 1038              	.LASF30:
 1039 015c 4932435F 		.ascii	"I2C_Slave_I2CSlaveClearWriteBuf\000"
 1039      536C6176 
 1039      655F4932 
 1039      43536C61 
 1039      7665436C 
 1040              	.LASF34:
 1041 017c 474E5520 		.ascii	"GNU C11 5.4.1 20160609 (release) [ARM/embedded-5-br"
 1041      43313120 
 1041      352E342E 
 1041      31203230 
 1041      31363036 
 1042 01af 616E6368 		.ascii	"anch revision 237715] -mcpu=cortex-m0 -mthumb -g -O"
 1042      20726576 
 1042      6973696F 
ARM GAS  C:\Users\LUCASC~1\AppData\Local\Temp\ccwzaSAn.s 			page 23


 1042      6E203233 
 1042      37373135 
 1043 01e2 67202D66 		.ascii	"g -ffunction-sections -ffat-lto-objects\000"
 1043      66756E63 
 1043      74696F6E 
 1043      2D736563 
 1043      74696F6E 
 1044              	.LASF12:
 1045 020a 6C6F6E67 		.ascii	"long double\000"
 1045      20646F75 
 1045      626C6500 
 1046              	.LASF19:
 1047 0216 55415254 		.ascii	"UART_PutChar\000"
 1047      5F507574 
 1047      43686172 
 1047      00
 1048              	.LASF13:
 1049 0223 73697A65 		.ascii	"sizetype\000"
 1049      74797065 
 1049      00
 1050              	.LASF6:
 1051 022c 6C6F6E67 		.ascii	"long long int\000"
 1051      206C6F6E 
 1051      6720696E 
 1051      7400
 1052              	.LASF35:
 1053 023a 6D61696E 		.ascii	"main.c\000"
 1053      2E6300
 1054              	.LASF11:
 1055 0241 63686172 		.ascii	"char\000"
 1055      00
 1056              	.LASF23:
 1057 0246 4932435F 		.ascii	"I2C_Slave_I2CSlaveInitWriteBuf\000"
 1057      536C6176 
 1057      655F4932 
 1057      43536C61 
 1057      7665496E 
 1058              	.LASF29:
 1059 0265 7072696E 		.ascii	"printf\000"
 1059      746600
 1060              	.LASF2:
 1061 026c 73686F72 		.ascii	"short int\000"
 1061      7420696E 
 1061      7400
 1062              	.LASF26:
 1063 0276 4932435F 		.ascii	"I2C_Slave_I2CSlaveStatus\000"
 1063      536C6176 
 1063      655F4932 
 1063      43536C61 
 1063      76655374 
 1064              	.LASF16:
 1065 028f 4932435F 		.ascii	"I2C_M_buffer2\000"
 1065      4D5F6275 
 1065      66666572 
 1065      3200
 1066              	.LASF33:
 1067 029d 4932435F 		.ascii	"I2C_Slave_I2CSlaveClearReadStatus\000"
ARM GAS  C:\Users\LUCASC~1\AppData\Local\Temp\ccwzaSAn.s 			page 24


 1067      536C6176 
 1067      655F4932 
 1067      43536C61 
 1067      7665436C 
 1068              	.LASF36:
 1069 02bf 443A5C6A 		.ascii	"D:\\job\\MCU\\Others\\PSoC_train\\Workspace01\\I2C."
 1069      6F625C4D 
 1069      43555C4F 
 1069      74686572 
 1069      735C5053 
 1070 02ec 63796473 		.ascii	"cydsn\000"
 1070      6E00
 1071              	.LASF40:
 1072 02f2 70757473 		.ascii	"puts\000"
 1072      00
 1073              	.LASF0:
 1074 02f7 7369676E 		.ascii	"signed char\000"
 1074      65642063 
 1074      68617200 
 1075              	.LASF25:
 1076 0303 43794465 		.ascii	"CyDelay\000"
 1076      6C617900 
 1077              		.ident	"GCC: (GNU Tools for ARM Embedded Processors) 5.4.1 20160609 (release) [ARM/embedded-5-bran
