ARM GAS  C:\Users\LUCASC~1\AppData\Local\Temp\cc00xCk0.s 			page 1


   1              		.syntax unified
   2              		.cpu cortex-m0
   3              		.fpu softvfp
   4              		.eabi_attribute 20, 1
   5              		.eabi_attribute 21, 1
   6              		.eabi_attribute 23, 3
   7              		.eabi_attribute 24, 1
   8              		.eabi_attribute 25, 1
   9              		.eabi_attribute 26, 1
  10              		.eabi_attribute 30, 1
  11              		.eabi_attribute 34, 0
  12              		.eabi_attribute 18, 4
  13              		.thumb
  14              		.syntax unified
  15              		.file	"UART_PM.c"
  16              		.text
  17              	.Ltext0:
  18              		.cfi_sections	.debug_frame
  19              		.section	.text.UART_SaveConfig,"ax",%progbits
  20              		.align	2
  21              		.global	UART_SaveConfig
  22              		.code	16
  23              		.thumb_func
  24              		.type	UART_SaveConfig, %function
  25              	UART_SaveConfig:
  26              	.LFB1:
  27              		.file 1 "Generated_Source\\PSoC4\\UART_PM.c"
   1:Generated_Source\PSoC4/UART_PM.c **** /*******************************************************************************
   2:Generated_Source\PSoC4/UART_PM.c **** * File Name: UART_PM.c
   3:Generated_Source\PSoC4/UART_PM.c **** * Version 2.50
   4:Generated_Source\PSoC4/UART_PM.c **** *
   5:Generated_Source\PSoC4/UART_PM.c **** * Description:
   6:Generated_Source\PSoC4/UART_PM.c **** *  This file provides Sleep/WakeUp APIs functionality.
   7:Generated_Source\PSoC4/UART_PM.c **** *
   8:Generated_Source\PSoC4/UART_PM.c **** * Note:
   9:Generated_Source\PSoC4/UART_PM.c **** *
  10:Generated_Source\PSoC4/UART_PM.c **** ********************************************************************************
  11:Generated_Source\PSoC4/UART_PM.c **** * Copyright 2008-2015, Cypress Semiconductor Corporation.  All rights reserved.
  12:Generated_Source\PSoC4/UART_PM.c **** * You may use this file only in accordance with the license, terms, conditions,
  13:Generated_Source\PSoC4/UART_PM.c **** * disclaimers, and limitations in the end user license agreement accompanying
  14:Generated_Source\PSoC4/UART_PM.c **** * the software package with which this file was provided.
  15:Generated_Source\PSoC4/UART_PM.c **** *******************************************************************************/
  16:Generated_Source\PSoC4/UART_PM.c **** 
  17:Generated_Source\PSoC4/UART_PM.c **** #include "UART.h"
  18:Generated_Source\PSoC4/UART_PM.c **** 
  19:Generated_Source\PSoC4/UART_PM.c **** 
  20:Generated_Source\PSoC4/UART_PM.c **** /***************************************
  21:Generated_Source\PSoC4/UART_PM.c **** * Local data allocation
  22:Generated_Source\PSoC4/UART_PM.c **** ***************************************/
  23:Generated_Source\PSoC4/UART_PM.c **** 
  24:Generated_Source\PSoC4/UART_PM.c **** static UART_BACKUP_STRUCT  UART_backup =
  25:Generated_Source\PSoC4/UART_PM.c **** {
  26:Generated_Source\PSoC4/UART_PM.c ****     /* enableState - disabled */
  27:Generated_Source\PSoC4/UART_PM.c ****     0u,
  28:Generated_Source\PSoC4/UART_PM.c **** };
  29:Generated_Source\PSoC4/UART_PM.c **** 
  30:Generated_Source\PSoC4/UART_PM.c **** 
ARM GAS  C:\Users\LUCASC~1\AppData\Local\Temp\cc00xCk0.s 			page 2


  31:Generated_Source\PSoC4/UART_PM.c **** 
  32:Generated_Source\PSoC4/UART_PM.c **** /*******************************************************************************
  33:Generated_Source\PSoC4/UART_PM.c **** * Function Name: UART_SaveConfig
  34:Generated_Source\PSoC4/UART_PM.c **** ********************************************************************************
  35:Generated_Source\PSoC4/UART_PM.c **** *
  36:Generated_Source\PSoC4/UART_PM.c **** * Summary:
  37:Generated_Source\PSoC4/UART_PM.c **** *  This function saves the component nonretention control register.
  38:Generated_Source\PSoC4/UART_PM.c **** *  Does not save the FIFO which is a set of nonretention registers.
  39:Generated_Source\PSoC4/UART_PM.c **** *  This function is called by the UART_Sleep() function.
  40:Generated_Source\PSoC4/UART_PM.c **** *
  41:Generated_Source\PSoC4/UART_PM.c **** * Parameters:
  42:Generated_Source\PSoC4/UART_PM.c **** *  None.
  43:Generated_Source\PSoC4/UART_PM.c **** *
  44:Generated_Source\PSoC4/UART_PM.c **** * Return:
  45:Generated_Source\PSoC4/UART_PM.c **** *  None.
  46:Generated_Source\PSoC4/UART_PM.c **** *
  47:Generated_Source\PSoC4/UART_PM.c **** * Global Variables:
  48:Generated_Source\PSoC4/UART_PM.c **** *  UART_backup - modified when non-retention registers are saved.
  49:Generated_Source\PSoC4/UART_PM.c **** *
  50:Generated_Source\PSoC4/UART_PM.c **** * Reentrant:
  51:Generated_Source\PSoC4/UART_PM.c **** *  No.
  52:Generated_Source\PSoC4/UART_PM.c **** *
  53:Generated_Source\PSoC4/UART_PM.c **** *******************************************************************************/
  54:Generated_Source\PSoC4/UART_PM.c **** void UART_SaveConfig(void)
  55:Generated_Source\PSoC4/UART_PM.c **** {
  28              		.loc 1 55 0
  29              		.cfi_startproc
  30              		@ args = 0, pretend = 0, frame = 0
  31              		@ frame_needed = 0, uses_anonymous_args = 0
  32              		@ link register save eliminated.
  56:Generated_Source\PSoC4/UART_PM.c ****     #if(UART_CONTROL_REG_REMOVED == 0u)
  57:Generated_Source\PSoC4/UART_PM.c ****         UART_backup.cr = UART_CONTROL_REG;
  58:Generated_Source\PSoC4/UART_PM.c ****     #endif /* End UART_CONTROL_REG_REMOVED */
  59:Generated_Source\PSoC4/UART_PM.c **** }
  33              		.loc 1 59 0
  34              		@ sp needed
  35 0000 7047     		bx	lr
  36              		.cfi_endproc
  37              	.LFE1:
  38              		.size	UART_SaveConfig, .-UART_SaveConfig
  39 0002 C046     		.section	.text.UART_RestoreConfig,"ax",%progbits
  40              		.align	2
  41              		.global	UART_RestoreConfig
  42              		.code	16
  43              		.thumb_func
  44              		.type	UART_RestoreConfig, %function
  45              	UART_RestoreConfig:
  46              	.LFB2:
  60:Generated_Source\PSoC4/UART_PM.c **** 
  61:Generated_Source\PSoC4/UART_PM.c **** 
  62:Generated_Source\PSoC4/UART_PM.c **** /*******************************************************************************
  63:Generated_Source\PSoC4/UART_PM.c **** * Function Name: UART_RestoreConfig
  64:Generated_Source\PSoC4/UART_PM.c **** ********************************************************************************
  65:Generated_Source\PSoC4/UART_PM.c **** *
  66:Generated_Source\PSoC4/UART_PM.c **** * Summary:
  67:Generated_Source\PSoC4/UART_PM.c **** *  Restores the nonretention control register except FIFO.
  68:Generated_Source\PSoC4/UART_PM.c **** *  Does not restore the FIFO which is a set of nonretention registers.
ARM GAS  C:\Users\LUCASC~1\AppData\Local\Temp\cc00xCk0.s 			page 3


  69:Generated_Source\PSoC4/UART_PM.c **** *
  70:Generated_Source\PSoC4/UART_PM.c **** * Parameters:
  71:Generated_Source\PSoC4/UART_PM.c **** *  None.
  72:Generated_Source\PSoC4/UART_PM.c **** *
  73:Generated_Source\PSoC4/UART_PM.c **** * Return:
  74:Generated_Source\PSoC4/UART_PM.c **** *  None.
  75:Generated_Source\PSoC4/UART_PM.c **** *
  76:Generated_Source\PSoC4/UART_PM.c **** * Global Variables:
  77:Generated_Source\PSoC4/UART_PM.c **** *  UART_backup - used when non-retention registers are restored.
  78:Generated_Source\PSoC4/UART_PM.c **** *
  79:Generated_Source\PSoC4/UART_PM.c **** * Reentrant:
  80:Generated_Source\PSoC4/UART_PM.c **** *  No.
  81:Generated_Source\PSoC4/UART_PM.c **** *
  82:Generated_Source\PSoC4/UART_PM.c **** * Notes:
  83:Generated_Source\PSoC4/UART_PM.c **** *  If this function is called without calling UART_SaveConfig() 
  84:Generated_Source\PSoC4/UART_PM.c **** *  first, the data loaded may be incorrect.
  85:Generated_Source\PSoC4/UART_PM.c **** *
  86:Generated_Source\PSoC4/UART_PM.c **** *******************************************************************************/
  87:Generated_Source\PSoC4/UART_PM.c **** void UART_RestoreConfig(void)
  88:Generated_Source\PSoC4/UART_PM.c **** {
  47              		.loc 1 88 0
  48              		.cfi_startproc
  49              		@ args = 0, pretend = 0, frame = 0
  50              		@ frame_needed = 0, uses_anonymous_args = 0
  51              		@ link register save eliminated.
  89:Generated_Source\PSoC4/UART_PM.c ****     #if(UART_CONTROL_REG_REMOVED == 0u)
  90:Generated_Source\PSoC4/UART_PM.c ****         UART_CONTROL_REG = UART_backup.cr;
  91:Generated_Source\PSoC4/UART_PM.c ****     #endif /* End UART_CONTROL_REG_REMOVED */
  92:Generated_Source\PSoC4/UART_PM.c **** }
  52              		.loc 1 92 0
  53              		@ sp needed
  54 0000 7047     		bx	lr
  55              		.cfi_endproc
  56              	.LFE2:
  57              		.size	UART_RestoreConfig, .-UART_RestoreConfig
  58 0002 C046     		.section	.text.UART_Sleep,"ax",%progbits
  59              		.align	2
  60              		.global	UART_Sleep
  61              		.code	16
  62              		.thumb_func
  63              		.type	UART_Sleep, %function
  64              	UART_Sleep:
  65              	.LFB3:
  93:Generated_Source\PSoC4/UART_PM.c **** 
  94:Generated_Source\PSoC4/UART_PM.c **** 
  95:Generated_Source\PSoC4/UART_PM.c **** /*******************************************************************************
  96:Generated_Source\PSoC4/UART_PM.c **** * Function Name: UART_Sleep
  97:Generated_Source\PSoC4/UART_PM.c **** ********************************************************************************
  98:Generated_Source\PSoC4/UART_PM.c **** *
  99:Generated_Source\PSoC4/UART_PM.c **** * Summary:
 100:Generated_Source\PSoC4/UART_PM.c **** *  This is the preferred API to prepare the component for sleep. 
 101:Generated_Source\PSoC4/UART_PM.c **** *  The UART_Sleep() API saves the current component state. Then it
 102:Generated_Source\PSoC4/UART_PM.c **** *  calls the UART_Stop() function and calls 
 103:Generated_Source\PSoC4/UART_PM.c **** *  UART_SaveConfig() to save the hardware configuration.
 104:Generated_Source\PSoC4/UART_PM.c **** *  Call the UART_Sleep() function before calling the CyPmSleep() 
 105:Generated_Source\PSoC4/UART_PM.c **** *  or the CyPmHibernate() function. 
 106:Generated_Source\PSoC4/UART_PM.c **** *
ARM GAS  C:\Users\LUCASC~1\AppData\Local\Temp\cc00xCk0.s 			page 4


 107:Generated_Source\PSoC4/UART_PM.c **** * Parameters:
 108:Generated_Source\PSoC4/UART_PM.c **** *  None.
 109:Generated_Source\PSoC4/UART_PM.c **** *
 110:Generated_Source\PSoC4/UART_PM.c **** * Return:
 111:Generated_Source\PSoC4/UART_PM.c **** *  None.
 112:Generated_Source\PSoC4/UART_PM.c **** *
 113:Generated_Source\PSoC4/UART_PM.c **** * Global Variables:
 114:Generated_Source\PSoC4/UART_PM.c **** *  UART_backup - modified when non-retention registers are saved.
 115:Generated_Source\PSoC4/UART_PM.c **** *
 116:Generated_Source\PSoC4/UART_PM.c **** * Reentrant:
 117:Generated_Source\PSoC4/UART_PM.c **** *  No.
 118:Generated_Source\PSoC4/UART_PM.c **** *
 119:Generated_Source\PSoC4/UART_PM.c **** *******************************************************************************/
 120:Generated_Source\PSoC4/UART_PM.c **** void UART_Sleep(void)
 121:Generated_Source\PSoC4/UART_PM.c **** {
  66              		.loc 1 121 0
  67              		.cfi_startproc
  68              		@ args = 0, pretend = 0, frame = 0
  69              		@ frame_needed = 0, uses_anonymous_args = 0
  70 0000 10B5     		push	{r4, lr}
  71              		.cfi_def_cfa_offset 8
  72              		.cfi_offset 4, -8
  73              		.cfi_offset 14, -4
 122:Generated_Source\PSoC4/UART_PM.c ****     #if(UART_RX_ENABLED || UART_HD_ENABLED)
 123:Generated_Source\PSoC4/UART_PM.c ****         if((UART_RXSTATUS_ACTL_REG  & UART_INT_ENABLE) != 0u)
 124:Generated_Source\PSoC4/UART_PM.c ****         {
 125:Generated_Source\PSoC4/UART_PM.c ****             UART_backup.enableState = 1u;
 126:Generated_Source\PSoC4/UART_PM.c ****         }
 127:Generated_Source\PSoC4/UART_PM.c ****         else
 128:Generated_Source\PSoC4/UART_PM.c ****         {
 129:Generated_Source\PSoC4/UART_PM.c ****             UART_backup.enableState = 0u;
 130:Generated_Source\PSoC4/UART_PM.c ****         }
 131:Generated_Source\PSoC4/UART_PM.c ****     #else
 132:Generated_Source\PSoC4/UART_PM.c ****         if((UART_TXSTATUS_ACTL_REG  & UART_INT_ENABLE) !=0u)
  74              		.loc 1 132 0
  75 0002 074B     		ldr	r3, .L6
  76 0004 1B78     		ldrb	r3, [r3]
  77 0006 DB06     		lsls	r3, r3, #27
  78 0008 03D5     		bpl	.L4
 133:Generated_Source\PSoC4/UART_PM.c ****         {
 134:Generated_Source\PSoC4/UART_PM.c ****             UART_backup.enableState = 1u;
  79              		.loc 1 134 0
  80 000a 0122     		movs	r2, #1
  81 000c 054B     		ldr	r3, .L6+4
  82 000e 1A70     		strb	r2, [r3]
  83 0010 02E0     		b	.L5
  84              	.L4:
 135:Generated_Source\PSoC4/UART_PM.c ****         }
 136:Generated_Source\PSoC4/UART_PM.c ****         else
 137:Generated_Source\PSoC4/UART_PM.c ****         {
 138:Generated_Source\PSoC4/UART_PM.c ****             UART_backup.enableState = 0u;
  85              		.loc 1 138 0
  86 0012 0022     		movs	r2, #0
  87 0014 034B     		ldr	r3, .L6+4
  88 0016 1A70     		strb	r2, [r3]
  89              	.L5:
 139:Generated_Source\PSoC4/UART_PM.c ****         }
ARM GAS  C:\Users\LUCASC~1\AppData\Local\Temp\cc00xCk0.s 			page 5


 140:Generated_Source\PSoC4/UART_PM.c ****     #endif /* End UART_RX_ENABLED || UART_HD_ENABLED*/
 141:Generated_Source\PSoC4/UART_PM.c **** 
 142:Generated_Source\PSoC4/UART_PM.c ****     UART_Stop();
  90              		.loc 1 142 0
  91 0018 FFF7FEFF 		bl	UART_Stop
  92              	.LVL0:
 143:Generated_Source\PSoC4/UART_PM.c ****     UART_SaveConfig();
 144:Generated_Source\PSoC4/UART_PM.c **** }
  93              		.loc 1 144 0
  94              		@ sp needed
  95 001c 10BD     		pop	{r4, pc}
  96              	.L7:
  97 001e C046     		.align	2
  98              	.L6:
  99 0020 97000F40 		.word	1074725015
 100 0024 00000000 		.word	.LANCHOR0
 101              		.cfi_endproc
 102              	.LFE3:
 103              		.size	UART_Sleep, .-UART_Sleep
 104              		.section	.text.UART_Wakeup,"ax",%progbits
 105              		.align	2
 106              		.global	UART_Wakeup
 107              		.code	16
 108              		.thumb_func
 109              		.type	UART_Wakeup, %function
 110              	UART_Wakeup:
 111              	.LFB4:
 145:Generated_Source\PSoC4/UART_PM.c **** 
 146:Generated_Source\PSoC4/UART_PM.c **** 
 147:Generated_Source\PSoC4/UART_PM.c **** /*******************************************************************************
 148:Generated_Source\PSoC4/UART_PM.c **** * Function Name: UART_Wakeup
 149:Generated_Source\PSoC4/UART_PM.c **** ********************************************************************************
 150:Generated_Source\PSoC4/UART_PM.c **** *
 151:Generated_Source\PSoC4/UART_PM.c **** * Summary:
 152:Generated_Source\PSoC4/UART_PM.c **** *  This is the preferred API to restore the component to the state when 
 153:Generated_Source\PSoC4/UART_PM.c **** *  UART_Sleep() was called. The UART_Wakeup() function
 154:Generated_Source\PSoC4/UART_PM.c **** *  calls the UART_RestoreConfig() function to restore the 
 155:Generated_Source\PSoC4/UART_PM.c **** *  configuration. If the component was enabled before the 
 156:Generated_Source\PSoC4/UART_PM.c **** *  UART_Sleep() function was called, the UART_Wakeup()
 157:Generated_Source\PSoC4/UART_PM.c **** *  function will also re-enable the component.
 158:Generated_Source\PSoC4/UART_PM.c **** *
 159:Generated_Source\PSoC4/UART_PM.c **** * Parameters:
 160:Generated_Source\PSoC4/UART_PM.c **** *  None.
 161:Generated_Source\PSoC4/UART_PM.c **** *
 162:Generated_Source\PSoC4/UART_PM.c **** * Return:
 163:Generated_Source\PSoC4/UART_PM.c **** *  None.
 164:Generated_Source\PSoC4/UART_PM.c **** *
 165:Generated_Source\PSoC4/UART_PM.c **** * Global Variables:
 166:Generated_Source\PSoC4/UART_PM.c **** *  UART_backup - used when non-retention registers are restored.
 167:Generated_Source\PSoC4/UART_PM.c **** *
 168:Generated_Source\PSoC4/UART_PM.c **** * Reentrant:
 169:Generated_Source\PSoC4/UART_PM.c **** *  No.
 170:Generated_Source\PSoC4/UART_PM.c **** *
 171:Generated_Source\PSoC4/UART_PM.c **** *******************************************************************************/
 172:Generated_Source\PSoC4/UART_PM.c **** void UART_Wakeup(void)
 173:Generated_Source\PSoC4/UART_PM.c **** {
 112              		.loc 1 173 0
ARM GAS  C:\Users\LUCASC~1\AppData\Local\Temp\cc00xCk0.s 			page 6


 113              		.cfi_startproc
 114              		@ args = 0, pretend = 0, frame = 0
 115              		@ frame_needed = 0, uses_anonymous_args = 0
 116 0000 10B5     		push	{r4, lr}
 117              		.cfi_def_cfa_offset 8
 118              		.cfi_offset 4, -8
 119              		.cfi_offset 14, -4
 174:Generated_Source\PSoC4/UART_PM.c ****     UART_RestoreConfig();
 175:Generated_Source\PSoC4/UART_PM.c ****     #if( (UART_RX_ENABLED) || (UART_HD_ENABLED) )
 176:Generated_Source\PSoC4/UART_PM.c ****         UART_ClearRxBuffer();
 177:Generated_Source\PSoC4/UART_PM.c ****     #endif /* End (UART_RX_ENABLED) || (UART_HD_ENABLED) */
 178:Generated_Source\PSoC4/UART_PM.c ****     #if(UART_TX_ENABLED || UART_HD_ENABLED)
 179:Generated_Source\PSoC4/UART_PM.c ****         UART_ClearTxBuffer();
 120              		.loc 1 179 0
 121 0002 FFF7FEFF 		bl	UART_ClearTxBuffer
 122              	.LVL1:
 180:Generated_Source\PSoC4/UART_PM.c ****     #endif /* End UART_TX_ENABLED || UART_HD_ENABLED */
 181:Generated_Source\PSoC4/UART_PM.c **** 
 182:Generated_Source\PSoC4/UART_PM.c ****     if(UART_backup.enableState != 0u)
 123              		.loc 1 182 0
 124 0006 034B     		ldr	r3, .L10
 125 0008 1B78     		ldrb	r3, [r3]
 126 000a 002B     		cmp	r3, #0
 127 000c 01D0     		beq	.L8
 183:Generated_Source\PSoC4/UART_PM.c ****     {
 184:Generated_Source\PSoC4/UART_PM.c ****         UART_Enable();
 128              		.loc 1 184 0
 129 000e FFF7FEFF 		bl	UART_Enable
 130              	.LVL2:
 131              	.L8:
 185:Generated_Source\PSoC4/UART_PM.c ****     }
 186:Generated_Source\PSoC4/UART_PM.c **** }
 132              		.loc 1 186 0
 133              		@ sp needed
 134 0012 10BD     		pop	{r4, pc}
 135              	.L11:
 136              		.align	2
 137              	.L10:
 138 0014 00000000 		.word	.LANCHOR0
 139              		.cfi_endproc
 140              	.LFE4:
 141              		.size	UART_Wakeup, .-UART_Wakeup
 142              		.bss
 143              		.align	2
 144              		.set	.LANCHOR0,. + 0
 145              		.type	UART_backup, %object
 146              		.size	UART_backup, 1
 147              	UART_backup:
 148 0000 00       		.space	1
 149              		.text
 150              	.Letext0:
 151              		.file 2 "Generated_Source\\PSoC4\\cytypes.h"
 152              		.file 3 "Generated_Source\\PSoC4\\UART.h"
 153              		.section	.debug_info,"",%progbits
 154              	.Ldebug_info0:
 155 0000 67010000 		.4byte	0x167
 156 0004 0400     		.2byte	0x4
ARM GAS  C:\Users\LUCASC~1\AppData\Local\Temp\cc00xCk0.s 			page 7


 157 0006 00000000 		.4byte	.Ldebug_abbrev0
 158 000a 04       		.byte	0x4
 159 000b 01       		.uleb128 0x1
 160 000c 13010000 		.4byte	.LASF24
 161 0010 0C       		.byte	0xc
 162 0011 74000000 		.4byte	.LASF25
 163 0015 41000000 		.4byte	.LASF26
 164 0019 00000000 		.4byte	.Ldebug_ranges0+0
 165 001d 00000000 		.4byte	0
 166 0021 00000000 		.4byte	.Ldebug_line0
 167 0025 02       		.uleb128 0x2
 168 0026 01       		.byte	0x1
 169 0027 06       		.byte	0x6
 170 0028 1A020000 		.4byte	.LASF0
 171 002c 02       		.uleb128 0x2
 172 002d 01       		.byte	0x1
 173 002e 08       		.byte	0x8
 174 002f A7000000 		.4byte	.LASF1
 175 0033 02       		.uleb128 0x2
 176 0034 02       		.byte	0x2
 177 0035 05       		.byte	0x5
 178 0036 D0010000 		.4byte	.LASF2
 179 003a 02       		.uleb128 0x2
 180 003b 02       		.byte	0x2
 181 003c 07       		.byte	0x7
 182 003d 23000000 		.4byte	.LASF3
 183 0041 02       		.uleb128 0x2
 184 0042 04       		.byte	0x4
 185 0043 05       		.byte	0x5
 186 0044 F9010000 		.4byte	.LASF4
 187 0048 02       		.uleb128 0x2
 188 0049 04       		.byte	0x4
 189 004a 07       		.byte	0x7
 190 004b BA000000 		.4byte	.LASF5
 191 004f 02       		.uleb128 0x2
 192 0050 08       		.byte	0x8
 193 0051 05       		.byte	0x5
 194 0052 AA010000 		.4byte	.LASF6
 195 0056 02       		.uleb128 0x2
 196 0057 08       		.byte	0x8
 197 0058 07       		.byte	0x7
 198 0059 E6000000 		.4byte	.LASF7
 199 005d 03       		.uleb128 0x3
 200 005e 04       		.byte	0x4
 201 005f 05       		.byte	0x5
 202 0060 696E7400 		.ascii	"int\000"
 203 0064 02       		.uleb128 0x2
 204 0065 04       		.byte	0x4
 205 0066 07       		.byte	0x7
 206 0067 D9000000 		.4byte	.LASF8
 207 006b 04       		.uleb128 0x4
 208 006c CC000000 		.4byte	.LASF12
 209 0070 02       		.byte	0x2
 210 0071 E401     		.2byte	0x1e4
 211 0073 2C000000 		.4byte	0x2c
 212 0077 02       		.uleb128 0x2
 213 0078 04       		.byte	0x4
ARM GAS  C:\Users\LUCASC~1\AppData\Local\Temp\cc00xCk0.s 			page 8


 214 0079 04       		.byte	0x4
 215 007a 95000000 		.4byte	.LASF9
 216 007e 02       		.uleb128 0x2
 217 007f 08       		.byte	0x8
 218 0080 04       		.byte	0x4
 219 0081 D2000000 		.4byte	.LASF10
 220 0085 02       		.uleb128 0x2
 221 0086 01       		.byte	0x1
 222 0087 08       		.byte	0x8
 223 0088 B8010000 		.4byte	.LASF11
 224 008c 04       		.uleb128 0x4
 225 008d B5000000 		.4byte	.LASF13
 226 0091 02       		.byte	0x2
 227 0092 8E02     		.2byte	0x28e
 228 0094 98000000 		.4byte	0x98
 229 0098 05       		.uleb128 0x5
 230 0099 6B000000 		.4byte	0x6b
 231 009d 02       		.uleb128 0x2
 232 009e 08       		.byte	0x8
 233 009f 04       		.byte	0x4
 234 00a0 0E020000 		.4byte	.LASF14
 235 00a4 02       		.uleb128 0x2
 236 00a5 04       		.byte	0x4
 237 00a6 07       		.byte	0x7
 238 00a7 A1010000 		.4byte	.LASF15
 239 00ab 06       		.uleb128 0x6
 240 00ac BD010000 		.4byte	.LASF27
 241 00b0 01       		.byte	0x1
 242 00b1 03       		.byte	0x3
 243 00b2 45       		.byte	0x45
 244 00b3 C4000000 		.4byte	0xc4
 245 00b7 07       		.uleb128 0x7
 246 00b8 02020000 		.4byte	.LASF28
 247 00bc 03       		.byte	0x3
 248 00bd 47       		.byte	0x47
 249 00be 6B000000 		.4byte	0x6b
 250 00c2 00       		.byte	0
 251 00c3 00       		.byte	0
 252 00c4 08       		.uleb128 0x8
 253 00c5 26020000 		.4byte	.LASF16
 254 00c9 03       		.byte	0x3
 255 00ca 4D       		.byte	0x4d
 256 00cb AB000000 		.4byte	0xab
 257 00cf 09       		.uleb128 0x9
 258 00d0 00000000 		.4byte	.LASF17
 259 00d4 01       		.byte	0x1
 260 00d5 36       		.byte	0x36
 261 00d6 00000000 		.4byte	.LFB1
 262 00da 02000000 		.4byte	.LFE1-.LFB1
 263 00de 01       		.uleb128 0x1
 264 00df 9C       		.byte	0x9c
 265 00e0 09       		.uleb128 0x9
 266 00e1 10000000 		.4byte	.LASF18
 267 00e5 01       		.byte	0x1
 268 00e6 57       		.byte	0x57
 269 00e7 00000000 		.4byte	.LFB2
 270 00eb 02000000 		.4byte	.LFE2-.LFB2
ARM GAS  C:\Users\LUCASC~1\AppData\Local\Temp\cc00xCk0.s 			page 9


 271 00ef 01       		.uleb128 0x1
 272 00f0 9C       		.byte	0x9c
 273 00f1 0A       		.uleb128 0xa
 274 00f2 36000000 		.4byte	.LASF19
 275 00f6 01       		.byte	0x1
 276 00f7 78       		.byte	0x78
 277 00f8 00000000 		.4byte	.LFB3
 278 00fc 28000000 		.4byte	.LFE3-.LFB3
 279 0100 01       		.uleb128 0x1
 280 0101 9C       		.byte	0x9c
 281 0102 10010000 		.4byte	0x110
 282 0106 0B       		.uleb128 0xb
 283 0107 1C000000 		.4byte	.LVL0
 284 010b 49010000 		.4byte	0x149
 285 010f 00       		.byte	0
 286 0110 0A       		.uleb128 0xa
 287 0111 ED010000 		.4byte	.LASF20
 288 0115 01       		.byte	0x1
 289 0116 AC       		.byte	0xac
 290 0117 00000000 		.4byte	.LFB4
 291 011b 18000000 		.4byte	.LFE4-.LFB4
 292 011f 01       		.uleb128 0x1
 293 0120 9C       		.byte	0x9c
 294 0121 38010000 		.4byte	0x138
 295 0125 0B       		.uleb128 0xb
 296 0126 06000000 		.4byte	.LVL1
 297 012a 54010000 		.4byte	0x154
 298 012e 0B       		.uleb128 0xb
 299 012f 12000000 		.4byte	.LVL2
 300 0133 5F010000 		.4byte	0x15f
 301 0137 00       		.byte	0
 302 0138 0C       		.uleb128 0xc
 303 0139 FD000000 		.4byte	.LASF29
 304 013d 01       		.byte	0x1
 305 013e 18       		.byte	0x18
 306 013f C4000000 		.4byte	0xc4
 307 0143 05       		.uleb128 0x5
 308 0144 03       		.byte	0x3
 309 0145 00000000 		.4byte	UART_backup
 310 0149 0D       		.uleb128 0xd
 311 014a 09010000 		.4byte	.LASF21
 312 014e 09010000 		.4byte	.LASF21
 313 0152 03       		.byte	0x3
 314 0153 55       		.byte	0x55
 315 0154 0D       		.uleb128 0xd
 316 0155 DA010000 		.4byte	.LASF22
 317 0159 DA010000 		.4byte	.LASF22
 318 015d 03       		.byte	0x3
 319 015e 8F       		.byte	0x8f
 320 015f 0D       		.uleb128 0xd
 321 0160 9B000000 		.4byte	.LASF23
 322 0164 9B000000 		.4byte	.LASF23
 323 0168 03       		.byte	0x3
 324 0169 5A       		.byte	0x5a
 325 016a 00       		.byte	0
 326              		.section	.debug_abbrev,"",%progbits
 327              	.Ldebug_abbrev0:
ARM GAS  C:\Users\LUCASC~1\AppData\Local\Temp\cc00xCk0.s 			page 10


 328 0000 01       		.uleb128 0x1
 329 0001 11       		.uleb128 0x11
 330 0002 01       		.byte	0x1
 331 0003 25       		.uleb128 0x25
 332 0004 0E       		.uleb128 0xe
 333 0005 13       		.uleb128 0x13
 334 0006 0B       		.uleb128 0xb
 335 0007 03       		.uleb128 0x3
 336 0008 0E       		.uleb128 0xe
 337 0009 1B       		.uleb128 0x1b
 338 000a 0E       		.uleb128 0xe
 339 000b 55       		.uleb128 0x55
 340 000c 17       		.uleb128 0x17
 341 000d 11       		.uleb128 0x11
 342 000e 01       		.uleb128 0x1
 343 000f 10       		.uleb128 0x10
 344 0010 17       		.uleb128 0x17
 345 0011 00       		.byte	0
 346 0012 00       		.byte	0
 347 0013 02       		.uleb128 0x2
 348 0014 24       		.uleb128 0x24
 349 0015 00       		.byte	0
 350 0016 0B       		.uleb128 0xb
 351 0017 0B       		.uleb128 0xb
 352 0018 3E       		.uleb128 0x3e
 353 0019 0B       		.uleb128 0xb
 354 001a 03       		.uleb128 0x3
 355 001b 0E       		.uleb128 0xe
 356 001c 00       		.byte	0
 357 001d 00       		.byte	0
 358 001e 03       		.uleb128 0x3
 359 001f 24       		.uleb128 0x24
 360 0020 00       		.byte	0
 361 0021 0B       		.uleb128 0xb
 362 0022 0B       		.uleb128 0xb
 363 0023 3E       		.uleb128 0x3e
 364 0024 0B       		.uleb128 0xb
 365 0025 03       		.uleb128 0x3
 366 0026 08       		.uleb128 0x8
 367 0027 00       		.byte	0
 368 0028 00       		.byte	0
 369 0029 04       		.uleb128 0x4
 370 002a 16       		.uleb128 0x16
 371 002b 00       		.byte	0
 372 002c 03       		.uleb128 0x3
 373 002d 0E       		.uleb128 0xe
 374 002e 3A       		.uleb128 0x3a
 375 002f 0B       		.uleb128 0xb
 376 0030 3B       		.uleb128 0x3b
 377 0031 05       		.uleb128 0x5
 378 0032 49       		.uleb128 0x49
 379 0033 13       		.uleb128 0x13
 380 0034 00       		.byte	0
 381 0035 00       		.byte	0
 382 0036 05       		.uleb128 0x5
 383 0037 35       		.uleb128 0x35
 384 0038 00       		.byte	0
ARM GAS  C:\Users\LUCASC~1\AppData\Local\Temp\cc00xCk0.s 			page 11


 385 0039 49       		.uleb128 0x49
 386 003a 13       		.uleb128 0x13
 387 003b 00       		.byte	0
 388 003c 00       		.byte	0
 389 003d 06       		.uleb128 0x6
 390 003e 13       		.uleb128 0x13
 391 003f 01       		.byte	0x1
 392 0040 03       		.uleb128 0x3
 393 0041 0E       		.uleb128 0xe
 394 0042 0B       		.uleb128 0xb
 395 0043 0B       		.uleb128 0xb
 396 0044 3A       		.uleb128 0x3a
 397 0045 0B       		.uleb128 0xb
 398 0046 3B       		.uleb128 0x3b
 399 0047 0B       		.uleb128 0xb
 400 0048 01       		.uleb128 0x1
 401 0049 13       		.uleb128 0x13
 402 004a 00       		.byte	0
 403 004b 00       		.byte	0
 404 004c 07       		.uleb128 0x7
 405 004d 0D       		.uleb128 0xd
 406 004e 00       		.byte	0
 407 004f 03       		.uleb128 0x3
 408 0050 0E       		.uleb128 0xe
 409 0051 3A       		.uleb128 0x3a
 410 0052 0B       		.uleb128 0xb
 411 0053 3B       		.uleb128 0x3b
 412 0054 0B       		.uleb128 0xb
 413 0055 49       		.uleb128 0x49
 414 0056 13       		.uleb128 0x13
 415 0057 38       		.uleb128 0x38
 416 0058 0B       		.uleb128 0xb
 417 0059 00       		.byte	0
 418 005a 00       		.byte	0
 419 005b 08       		.uleb128 0x8
 420 005c 16       		.uleb128 0x16
 421 005d 00       		.byte	0
 422 005e 03       		.uleb128 0x3
 423 005f 0E       		.uleb128 0xe
 424 0060 3A       		.uleb128 0x3a
 425 0061 0B       		.uleb128 0xb
 426 0062 3B       		.uleb128 0x3b
 427 0063 0B       		.uleb128 0xb
 428 0064 49       		.uleb128 0x49
 429 0065 13       		.uleb128 0x13
 430 0066 00       		.byte	0
 431 0067 00       		.byte	0
 432 0068 09       		.uleb128 0x9
 433 0069 2E       		.uleb128 0x2e
 434 006a 00       		.byte	0
 435 006b 3F       		.uleb128 0x3f
 436 006c 19       		.uleb128 0x19
 437 006d 03       		.uleb128 0x3
 438 006e 0E       		.uleb128 0xe
 439 006f 3A       		.uleb128 0x3a
 440 0070 0B       		.uleb128 0xb
 441 0071 3B       		.uleb128 0x3b
ARM GAS  C:\Users\LUCASC~1\AppData\Local\Temp\cc00xCk0.s 			page 12


 442 0072 0B       		.uleb128 0xb
 443 0073 27       		.uleb128 0x27
 444 0074 19       		.uleb128 0x19
 445 0075 11       		.uleb128 0x11
 446 0076 01       		.uleb128 0x1
 447 0077 12       		.uleb128 0x12
 448 0078 06       		.uleb128 0x6
 449 0079 40       		.uleb128 0x40
 450 007a 18       		.uleb128 0x18
 451 007b 9742     		.uleb128 0x2117
 452 007d 19       		.uleb128 0x19
 453 007e 00       		.byte	0
 454 007f 00       		.byte	0
 455 0080 0A       		.uleb128 0xa
 456 0081 2E       		.uleb128 0x2e
 457 0082 01       		.byte	0x1
 458 0083 3F       		.uleb128 0x3f
 459 0084 19       		.uleb128 0x19
 460 0085 03       		.uleb128 0x3
 461 0086 0E       		.uleb128 0xe
 462 0087 3A       		.uleb128 0x3a
 463 0088 0B       		.uleb128 0xb
 464 0089 3B       		.uleb128 0x3b
 465 008a 0B       		.uleb128 0xb
 466 008b 27       		.uleb128 0x27
 467 008c 19       		.uleb128 0x19
 468 008d 11       		.uleb128 0x11
 469 008e 01       		.uleb128 0x1
 470 008f 12       		.uleb128 0x12
 471 0090 06       		.uleb128 0x6
 472 0091 40       		.uleb128 0x40
 473 0092 18       		.uleb128 0x18
 474 0093 9742     		.uleb128 0x2117
 475 0095 19       		.uleb128 0x19
 476 0096 01       		.uleb128 0x1
 477 0097 13       		.uleb128 0x13
 478 0098 00       		.byte	0
 479 0099 00       		.byte	0
 480 009a 0B       		.uleb128 0xb
 481 009b 898201   		.uleb128 0x4109
 482 009e 00       		.byte	0
 483 009f 11       		.uleb128 0x11
 484 00a0 01       		.uleb128 0x1
 485 00a1 31       		.uleb128 0x31
 486 00a2 13       		.uleb128 0x13
 487 00a3 00       		.byte	0
 488 00a4 00       		.byte	0
 489 00a5 0C       		.uleb128 0xc
 490 00a6 34       		.uleb128 0x34
 491 00a7 00       		.byte	0
 492 00a8 03       		.uleb128 0x3
 493 00a9 0E       		.uleb128 0xe
 494 00aa 3A       		.uleb128 0x3a
 495 00ab 0B       		.uleb128 0xb
 496 00ac 3B       		.uleb128 0x3b
 497 00ad 0B       		.uleb128 0xb
 498 00ae 49       		.uleb128 0x49
ARM GAS  C:\Users\LUCASC~1\AppData\Local\Temp\cc00xCk0.s 			page 13


 499 00af 13       		.uleb128 0x13
 500 00b0 02       		.uleb128 0x2
 501 00b1 18       		.uleb128 0x18
 502 00b2 00       		.byte	0
 503 00b3 00       		.byte	0
 504 00b4 0D       		.uleb128 0xd
 505 00b5 2E       		.uleb128 0x2e
 506 00b6 00       		.byte	0
 507 00b7 3F       		.uleb128 0x3f
 508 00b8 19       		.uleb128 0x19
 509 00b9 3C       		.uleb128 0x3c
 510 00ba 19       		.uleb128 0x19
 511 00bb 6E       		.uleb128 0x6e
 512 00bc 0E       		.uleb128 0xe
 513 00bd 03       		.uleb128 0x3
 514 00be 0E       		.uleb128 0xe
 515 00bf 3A       		.uleb128 0x3a
 516 00c0 0B       		.uleb128 0xb
 517 00c1 3B       		.uleb128 0x3b
 518 00c2 0B       		.uleb128 0xb
 519 00c3 00       		.byte	0
 520 00c4 00       		.byte	0
 521 00c5 00       		.byte	0
 522              		.section	.debug_aranges,"",%progbits
 523 0000 34000000 		.4byte	0x34
 524 0004 0200     		.2byte	0x2
 525 0006 00000000 		.4byte	.Ldebug_info0
 526 000a 04       		.byte	0x4
 527 000b 00       		.byte	0
 528 000c 0000     		.2byte	0
 529 000e 0000     		.2byte	0
 530 0010 00000000 		.4byte	.LFB1
 531 0014 02000000 		.4byte	.LFE1-.LFB1
 532 0018 00000000 		.4byte	.LFB2
 533 001c 02000000 		.4byte	.LFE2-.LFB2
 534 0020 00000000 		.4byte	.LFB3
 535 0024 28000000 		.4byte	.LFE3-.LFB3
 536 0028 00000000 		.4byte	.LFB4
 537 002c 18000000 		.4byte	.LFE4-.LFB4
 538 0030 00000000 		.4byte	0
 539 0034 00000000 		.4byte	0
 540              		.section	.debug_ranges,"",%progbits
 541              	.Ldebug_ranges0:
 542 0000 00000000 		.4byte	.LFB1
 543 0004 02000000 		.4byte	.LFE1
 544 0008 00000000 		.4byte	.LFB2
 545 000c 02000000 		.4byte	.LFE2
 546 0010 00000000 		.4byte	.LFB3
 547 0014 28000000 		.4byte	.LFE3
 548 0018 00000000 		.4byte	.LFB4
 549 001c 18000000 		.4byte	.LFE4
 550 0020 00000000 		.4byte	0
 551 0024 00000000 		.4byte	0
 552              		.section	.debug_line,"",%progbits
 553              	.Ldebug_line0:
 554 0000 A0000000 		.section	.debug_str,"MS",%progbits,1
 554      02004E00 
ARM GAS  C:\Users\LUCASC~1\AppData\Local\Temp\cc00xCk0.s 			page 14


 554      00000201 
 554      FB0E0D00 
 554      01010101 
 555              	.LASF17:
 556 0000 55415254 		.ascii	"UART_SaveConfig\000"
 556      5F536176 
 556      65436F6E 
 556      66696700 
 557              	.LASF18:
 558 0010 55415254 		.ascii	"UART_RestoreConfig\000"
 558      5F526573 
 558      746F7265 
 558      436F6E66 
 558      696700
 559              	.LASF3:
 560 0023 73686F72 		.ascii	"short unsigned int\000"
 560      7420756E 
 560      7369676E 
 560      65642069 
 560      6E7400
 561              	.LASF19:
 562 0036 55415254 		.ascii	"UART_Sleep\000"
 562      5F536C65 
 562      657000
 563              	.LASF26:
 564 0041 443A5C6A 		.ascii	"D:\\job\\MCU\\Others\\PSoC_train\\Workspace01\\I2C."
 564      6F625C4D 
 564      43555C4F 
 564      74686572 
 564      735C5053 
 565 006e 63796473 		.ascii	"cydsn\000"
 565      6E00
 566              	.LASF25:
 567 0074 47656E65 		.ascii	"Generated_Source\\PSoC4\\UART_PM.c\000"
 567      72617465 
 567      645F536F 
 567      75726365 
 567      5C50536F 
 568              	.LASF9:
 569 0095 666C6F61 		.ascii	"float\000"
 569      7400
 570              	.LASF23:
 571 009b 55415254 		.ascii	"UART_Enable\000"
 571      5F456E61 
 571      626C6500 
 572              	.LASF1:
 573 00a7 756E7369 		.ascii	"unsigned char\000"
 573      676E6564 
 573      20636861 
 573      7200
 574              	.LASF13:
 575 00b5 72656738 		.ascii	"reg8\000"
 575      00
 576              	.LASF5:
 577 00ba 6C6F6E67 		.ascii	"long unsigned int\000"
 577      20756E73 
 577      69676E65 
ARM GAS  C:\Users\LUCASC~1\AppData\Local\Temp\cc00xCk0.s 			page 15


 577      6420696E 
 577      7400
 578              	.LASF12:
 579 00cc 75696E74 		.ascii	"uint8\000"
 579      3800
 580              	.LASF10:
 581 00d2 646F7562 		.ascii	"double\000"
 581      6C6500
 582              	.LASF8:
 583 00d9 756E7369 		.ascii	"unsigned int\000"
 583      676E6564 
 583      20696E74 
 583      00
 584              	.LASF7:
 585 00e6 6C6F6E67 		.ascii	"long long unsigned int\000"
 585      206C6F6E 
 585      6720756E 
 585      7369676E 
 585      65642069 
 586              	.LASF29:
 587 00fd 55415254 		.ascii	"UART_backup\000"
 587      5F626163 
 587      6B757000 
 588              	.LASF21:
 589 0109 55415254 		.ascii	"UART_Stop\000"
 589      5F53746F 
 589      7000
 590              	.LASF24:
 591 0113 474E5520 		.ascii	"GNU C11 5.4.1 20160609 (release) [ARM/embedded-5-br"
 591      43313120 
 591      352E342E 
 591      31203230 
 591      31363036 
 592 0146 616E6368 		.ascii	"anch revision 237715] -mcpu=cortex-m0 -mthumb -g -O"
 592      20726576 
 592      6973696F 
 592      6E203233 
 592      37373135 
 593 0179 67202D66 		.ascii	"g -ffunction-sections -ffat-lto-objects\000"
 593      66756E63 
 593      74696F6E 
 593      2D736563 
 593      74696F6E 
 594              	.LASF15:
 595 01a1 73697A65 		.ascii	"sizetype\000"
 595      74797065 
 595      00
 596              	.LASF6:
 597 01aa 6C6F6E67 		.ascii	"long long int\000"
 597      206C6F6E 
 597      6720696E 
 597      7400
 598              	.LASF11:
 599 01b8 63686172 		.ascii	"char\000"
 599      00
 600              	.LASF27:
 601 01bd 55415254 		.ascii	"UART_backupStruct_\000"
ARM GAS  C:\Users\LUCASC~1\AppData\Local\Temp\cc00xCk0.s 			page 16


 601      5F626163 
 601      6B757053 
 601      74727563 
 601      745F00
 602              	.LASF2:
 603 01d0 73686F72 		.ascii	"short int\000"
 603      7420696E 
 603      7400
 604              	.LASF22:
 605 01da 55415254 		.ascii	"UART_ClearTxBuffer\000"
 605      5F436C65 
 605      61725478 
 605      42756666 
 605      657200
 606              	.LASF20:
 607 01ed 55415254 		.ascii	"UART_Wakeup\000"
 607      5F57616B 
 607      65757000 
 608              	.LASF4:
 609 01f9 6C6F6E67 		.ascii	"long int\000"
 609      20696E74 
 609      00
 610              	.LASF28:
 611 0202 656E6162 		.ascii	"enableState\000"
 611      6C655374 
 611      61746500 
 612              	.LASF14:
 613 020e 6C6F6E67 		.ascii	"long double\000"
 613      20646F75 
 613      626C6500 
 614              	.LASF0:
 615 021a 7369676E 		.ascii	"signed char\000"
 615      65642063 
 615      68617200 
 616              	.LASF16:
 617 0226 55415254 		.ascii	"UART_BACKUP_STRUCT\000"
 617      5F424143 
 617      4B55505F 
 617      53545255 
 617      435400
 618              		.ident	"GCC: (GNU Tools for ARM Embedded Processors) 5.4.1 20160609 (release) [ARM/embedded-5-bran
