ARM GAS  C:\Users\LUCASC~1\AppData\Local\Temp\ccRlBkDU.s 			page 1


   1              		.syntax unified
   2              		.cpu cortex-m0
   3              		.fpu softvfp
   4              		.eabi_attribute 20, 1
   5              		.eabi_attribute 21, 1
   6              		.eabi_attribute 23, 3
   7              		.eabi_attribute 24, 1
   8              		.eabi_attribute 25, 1
   9              		.eabi_attribute 26, 1
  10              		.eabi_attribute 30, 1
  11              		.eabi_attribute 34, 0
  12              		.eabi_attribute 18, 4
  13              		.thumb
  14              		.syntax unified
  15              		.file	"CapSense_Tuner.c"
  16              		.text
  17              	.Ltext0:
  18              		.cfi_sections	.debug_frame
  19              		.section	.text.CapSense_TuInitialize,"ax",%progbits
  20              		.align	2
  21              		.global	CapSense_TuInitialize
  22              		.code	16
  23              		.thumb_func
  24              		.type	CapSense_TuInitialize, %function
  25              	CapSense_TuInitialize:
  26              	.LFB1:
  27              		.file 1 "Generated_Source\\PSoC4\\CapSense_Tuner.c"
   1:Generated_Source\PSoC4/CapSense_Tuner.c **** /***************************************************************************//**
   2:Generated_Source\PSoC4/CapSense_Tuner.c **** * \file CapSense_Tuner.c
   3:Generated_Source\PSoC4/CapSense_Tuner.c **** * \version 5.0
   4:Generated_Source\PSoC4/CapSense_Tuner.c **** *
   5:Generated_Source\PSoC4/CapSense_Tuner.c **** * \brief
   6:Generated_Source\PSoC4/CapSense_Tuner.c **** *   This file provides the source code for the Tuner module API of the Component.
   7:Generated_Source\PSoC4/CapSense_Tuner.c **** *
   8:Generated_Source\PSoC4/CapSense_Tuner.c **** * \see CapSense v5.0 Datasheet
   9:Generated_Source\PSoC4/CapSense_Tuner.c **** *
  10:Generated_Source\PSoC4/CapSense_Tuner.c **** *//*****************************************************************************
  11:Generated_Source\PSoC4/CapSense_Tuner.c **** * Copyright (2016-2017), Cypress Semiconductor Corporation.
  12:Generated_Source\PSoC4/CapSense_Tuner.c **** ********************************************************************************
  13:Generated_Source\PSoC4/CapSense_Tuner.c **** * This software is owned by Cypress Semiconductor Corporation (Cypress) and is
  14:Generated_Source\PSoC4/CapSense_Tuner.c **** * protected by and subject to worldwide patent protection (United States and
  15:Generated_Source\PSoC4/CapSense_Tuner.c **** * foreign), United States copyright laws and international treaty provisions.
  16:Generated_Source\PSoC4/CapSense_Tuner.c **** * Cypress hereby grants to licensee a personal, non-exclusive, non-transferable
  17:Generated_Source\PSoC4/CapSense_Tuner.c **** * license to copy, use, modify, create derivative works of, and compile the
  18:Generated_Source\PSoC4/CapSense_Tuner.c **** * Cypress Source Code and derivative works for the sole purpose of creating
  19:Generated_Source\PSoC4/CapSense_Tuner.c **** * custom software in support of licensee product to be used only in conjunction
  20:Generated_Source\PSoC4/CapSense_Tuner.c **** * with a Cypress integrated circuit as specified in the applicable agreement.
  21:Generated_Source\PSoC4/CapSense_Tuner.c **** * Any reproduction, modification, translation, compilation, or representation of
  22:Generated_Source\PSoC4/CapSense_Tuner.c **** * this software except as specified above is prohibited without the express
  23:Generated_Source\PSoC4/CapSense_Tuner.c **** * written permission of Cypress.
  24:Generated_Source\PSoC4/CapSense_Tuner.c **** *
  25:Generated_Source\PSoC4/CapSense_Tuner.c **** * Disclaimer: CYPRESS MAKES NO WARRANTY OF ANY KIND, EXPRESS OR IMPLIED, WITH
  26:Generated_Source\PSoC4/CapSense_Tuner.c **** * REGARD TO THIS MATERIAL, INCLUDING, BUT NOT LIMITED TO, THE IMPLIED
  27:Generated_Source\PSoC4/CapSense_Tuner.c **** * WARRANTIES OF MERCHANTABILITY AND FITNESS FOR A PARTICULAR PURPOSE.
  28:Generated_Source\PSoC4/CapSense_Tuner.c **** * Cypress reserves the right to make changes without further notice to the
  29:Generated_Source\PSoC4/CapSense_Tuner.c **** * materials described herein. Cypress does not assume any liability arising out
  30:Generated_Source\PSoC4/CapSense_Tuner.c **** * of the application or use of any product or circuit described herein. Cypress
ARM GAS  C:\Users\LUCASC~1\AppData\Local\Temp\ccRlBkDU.s 			page 2


  31:Generated_Source\PSoC4/CapSense_Tuner.c **** * does not authorize its products for use as critical components in life-support
  32:Generated_Source\PSoC4/CapSense_Tuner.c **** * systems where a malfunction or failure may reasonably be expected to result in
  33:Generated_Source\PSoC4/CapSense_Tuner.c **** * significant injury to the user. The inclusion of Cypress' product in a life-
  34:Generated_Source\PSoC4/CapSense_Tuner.c **** * support systems application implies that the manufacturer assumes all risk of
  35:Generated_Source\PSoC4/CapSense_Tuner.c **** * such use and in doing so indemnifies Cypress against all charges. Use may be
  36:Generated_Source\PSoC4/CapSense_Tuner.c **** * limited by and subject to the applicable Cypress software license agreement.
  37:Generated_Source\PSoC4/CapSense_Tuner.c **** *******************************************************************************/
  38:Generated_Source\PSoC4/CapSense_Tuner.c **** 
  39:Generated_Source\PSoC4/CapSense_Tuner.c **** #include "cytypes.h"
  40:Generated_Source\PSoC4/CapSense_Tuner.c **** #include "CyLib.h"
  41:Generated_Source\PSoC4/CapSense_Tuner.c **** #include "CapSense_Structure.h"
  42:Generated_Source\PSoC4/CapSense_Tuner.c **** #include "CapSense_Tuner.h"
  43:Generated_Source\PSoC4/CapSense_Tuner.c **** #include "CapSense_Control.h"
  44:Generated_Source\PSoC4/CapSense_Tuner.c **** #include "CapSense_Configuration.h"
  45:Generated_Source\PSoC4/CapSense_Tuner.c **** 
  46:Generated_Source\PSoC4/CapSense_Tuner.c **** /* Tuner states definition */
  47:Generated_Source\PSoC4/CapSense_Tuner.c **** #define TU_FSM_RUNNING      (0u)
  48:Generated_Source\PSoC4/CapSense_Tuner.c **** #define TU_FSM_SUSPENDED    (1u)
  49:Generated_Source\PSoC4/CapSense_Tuner.c **** #define TU_FSM_SNR_TEST     (2u)
  50:Generated_Source\PSoC4/CapSense_Tuner.c **** #define TU_FSM_ONE_SCAN     (3u)
  51:Generated_Source\PSoC4/CapSense_Tuner.c **** 
  52:Generated_Source\PSoC4/CapSense_Tuner.c **** /* Tuner state variable */
  53:Generated_Source\PSoC4/CapSense_Tuner.c **** static uint32 tunerFsm = TU_FSM_RUNNING;
  54:Generated_Source\PSoC4/CapSense_Tuner.c **** 
  55:Generated_Source\PSoC4/CapSense_Tuner.c **** 
  56:Generated_Source\PSoC4/CapSense_Tuner.c **** /*******************************************************************************
  57:Generated_Source\PSoC4/CapSense_Tuner.c **** * Function Name: CapSense_TuInitialize
  58:Generated_Source\PSoC4/CapSense_Tuner.c **** ****************************************************************************//**
  59:Generated_Source\PSoC4/CapSense_Tuner.c **** *
  60:Generated_Source\PSoC4/CapSense_Tuner.c **** * \brief
  61:Generated_Source\PSoC4/CapSense_Tuner.c **** *   This function initializes the communication interface with the Tuner GUI.
  62:Generated_Source\PSoC4/CapSense_Tuner.c **** *
  63:Generated_Source\PSoC4/CapSense_Tuner.c **** * \details
  64:Generated_Source\PSoC4/CapSense_Tuner.c **** *   This API sets the tuner state machine to the default state. It is called by
  65:Generated_Source\PSoC4/CapSense_Tuner.c **** *   the CapSense_Start() API.
  66:Generated_Source\PSoC4/CapSense_Tuner.c **** *
  67:Generated_Source\PSoC4/CapSense_Tuner.c **** *******************************************************************************/
  68:Generated_Source\PSoC4/CapSense_Tuner.c **** void CapSense_TuInitialize(void)
  69:Generated_Source\PSoC4/CapSense_Tuner.c **** {
  28              		.loc 1 69 0
  29              		.cfi_startproc
  30              		@ args = 0, pretend = 0, frame = 0
  31              		@ frame_needed = 0, uses_anonymous_args = 0
  32              		@ link register save eliminated.
  33              	.LVL0:
  70:Generated_Source\PSoC4/CapSense_Tuner.c ****     volatile CapSense_RAM_STRUCT *ptrDsRam = &CapSense_dsRam;
  71:Generated_Source\PSoC4/CapSense_Tuner.c **** 
  72:Generated_Source\PSoC4/CapSense_Tuner.c ****     ptrDsRam->tunerCmd = (uint16)CapSense_TU_CMD_NONE_E;
  34              		.loc 1 72 0
  35 0000 0023     		movs	r3, #0
  36 0002 024A     		ldr	r2, .L2
  37 0004 D380     		strh	r3, [r2, #6]
  73:Generated_Source\PSoC4/CapSense_Tuner.c ****     tunerFsm = TU_FSM_RUNNING;
  38              		.loc 1 73 0
  39 0006 024A     		ldr	r2, .L2+4
  40 0008 1360     		str	r3, [r2]
  74:Generated_Source\PSoC4/CapSense_Tuner.c **** }
ARM GAS  C:\Users\LUCASC~1\AppData\Local\Temp\ccRlBkDU.s 			page 3


  41              		.loc 1 74 0
  42              		@ sp needed
  43 000a 7047     		bx	lr
  44              	.L3:
  45              		.align	2
  46              	.L2:
  47 000c 00000000 		.word	CapSense_dsRam
  48 0010 00000000 		.word	.LANCHOR0
  49              		.cfi_endproc
  50              	.LFE1:
  51              		.size	CapSense_TuInitialize, .-CapSense_TuInitialize
  52              		.section	.text.CapSense_RunTuner,"ax",%progbits
  53              		.align	2
  54              		.global	CapSense_RunTuner
  55              		.code	16
  56              		.thumb_func
  57              		.type	CapSense_RunTuner, %function
  58              	CapSense_RunTuner:
  59              	.LFB2:
  75:Generated_Source\PSoC4/CapSense_Tuner.c **** 
  76:Generated_Source\PSoC4/CapSense_Tuner.c **** /*******************************************************************************
  77:Generated_Source\PSoC4/CapSense_Tuner.c **** * Function Name: CapSense_RunTuner
  78:Generated_Source\PSoC4/CapSense_Tuner.c **** ****************************************************************************//**
  79:Generated_Source\PSoC4/CapSense_Tuner.c **** *
  80:Generated_Source\PSoC4/CapSense_Tuner.c **** * \brief
  81:Generated_Source\PSoC4/CapSense_Tuner.c **** *  Establishes synchronized communication with the Tuner application.
  82:Generated_Source\PSoC4/CapSense_Tuner.c **** *
  83:Generated_Source\PSoC4/CapSense_Tuner.c **** * \details
  84:Generated_Source\PSoC4/CapSense_Tuner.c **** *  This function is used to establish synchronized communication between the
  85:Generated_Source\PSoC4/CapSense_Tuner.c **** *  CapSense Component and Tuner application (or other host controllers).
  86:Generated_Source\PSoC4/CapSense_Tuner.c **** *  This function is called periodically in the application program loop
  87:Generated_Source\PSoC4/CapSense_Tuner.c **** *  to serve the Tuner application (or host controller) requests and commands.
  88:Generated_Source\PSoC4/CapSense_Tuner.c **** *  In most cases, the best place to call this function is after processing and
  89:Generated_Source\PSoC4/CapSense_Tuner.c **** *  before next scanning.
  90:Generated_Source\PSoC4/CapSense_Tuner.c **** *
  91:Generated_Source\PSoC4/CapSense_Tuner.c **** *  If this function is absent in the application program, then communication is
  92:Generated_Source\PSoC4/CapSense_Tuner.c **** *  asynchronous and the following disadvantages are applicable:
  93:Generated_Source\PSoC4/CapSense_Tuner.c **** *    - The raw counts displayed in the tuner may be filtered and/or unfiltered.
  94:Generated_Source\PSoC4/CapSense_Tuner.c **** *      As a result, noise and SNR measurements will not be accurate.
  95:Generated_Source\PSoC4/CapSense_Tuner.c **** *    - The Tuner tool may read the sensor data such as raw counts from a scan
  96:Generated_Source\PSoC4/CapSense_Tuner.c **** *      multiple times, as a result, noise and SNR measurement will not be
  97:Generated_Source\PSoC4/CapSense_Tuner.c **** *      accurate.
  98:Generated_Source\PSoC4/CapSense_Tuner.c **** *    - The Tuner tool and host controller should not change the Component parameters
  99:Generated_Source\PSoC4/CapSense_Tuner.c **** *      via the tuner interface. Changing the Component parameters via the tuner
 100:Generated_Source\PSoC4/CapSense_Tuner.c **** *      interface in the async mode will result in Component abnormal behavior.
 101:Generated_Source\PSoC4/CapSense_Tuner.c **** *
 102:Generated_Source\PSoC4/CapSense_Tuner.c **** *  Note that calling this function is not mandatory for the application, but
 103:Generated_Source\PSoC4/CapSense_Tuner.c **** *  required only to synchronize the communication with the host controller or
 104:Generated_Source\PSoC4/CapSense_Tuner.c **** *  tuner application.
 105:Generated_Source\PSoC4/CapSense_Tuner.c **** *
 106:Generated_Source\PSoC4/CapSense_Tuner.c **** * \return
 107:Generated_Source\PSoC4/CapSense_Tuner.c **** *  In some cases, the application program may need to know if the Component was
 108:Generated_Source\PSoC4/CapSense_Tuner.c **** *  re-initialized. The return indicates if a restart command was executed or not:
 109:Generated_Source\PSoC4/CapSense_Tuner.c **** *    - CapSense_STATUS_RESTART_DONE - Based on a received command, the
 110:Generated_Source\PSoC4/CapSense_Tuner.c **** *      Component was restarted.
 111:Generated_Source\PSoC4/CapSense_Tuner.c **** *    -  CapSense_STATUS_RESTART_NONE - No restart was executed by this
 112:Generated_Source\PSoC4/CapSense_Tuner.c **** *      function.
ARM GAS  C:\Users\LUCASC~1\AppData\Local\Temp\ccRlBkDU.s 			page 4


 113:Generated_Source\PSoC4/CapSense_Tuner.c **** *
 114:Generated_Source\PSoC4/CapSense_Tuner.c **** *******************************************************************************/
 115:Generated_Source\PSoC4/CapSense_Tuner.c **** uint32 CapSense_RunTuner(void)
 116:Generated_Source\PSoC4/CapSense_Tuner.c **** {
  60              		.loc 1 116 0
  61              		.cfi_startproc
  62              		@ args = 0, pretend = 0, frame = 0
  63              		@ frame_needed = 0, uses_anonymous_args = 0
  64 0000 70B5     		push	{r4, r5, r6, lr}
  65              		.cfi_def_cfa_offset 16
  66              		.cfi_offset 4, -16
  67              		.cfi_offset 5, -12
  68              		.cfi_offset 6, -8
  69              		.cfi_offset 14, -4
  70              	.LVL1:
 117:Generated_Source\PSoC4/CapSense_Tuner.c ****     uint8 interruptState;
 118:Generated_Source\PSoC4/CapSense_Tuner.c ****     uint32 widgetId;
 119:Generated_Source\PSoC4/CapSense_Tuner.c ****     uint32 sensorId;
 120:Generated_Source\PSoC4/CapSense_Tuner.c ****     uint32 updateFlag = 0Lu;
 121:Generated_Source\PSoC4/CapSense_Tuner.c ****     CapSense_TU_CMD_ENUM command;
 122:Generated_Source\PSoC4/CapSense_Tuner.c ****     uint32 tunerStatus = CapSense_STATUS_RESTART_NONE;
  71              		.loc 1 122 0
  72 0002 0025     		movs	r5, #0
 120:Generated_Source\PSoC4/CapSense_Tuner.c ****     CapSense_TU_CMD_ENUM command;
  73              		.loc 1 120 0
  74 0004 0026     		movs	r6, #0
  75              	.LVL2:
  76              	.L16:
 123:Generated_Source\PSoC4/CapSense_Tuner.c **** 
 124:Generated_Source\PSoC4/CapSense_Tuner.c ****     volatile CapSense_RAM_STRUCT *ptrDsRam;
 125:Generated_Source\PSoC4/CapSense_Tuner.c ****     volatile CapSense_RAM_SNS_STRUCT *ptrSnsTmp;
 126:Generated_Source\PSoC4/CapSense_Tuner.c **** 
 127:Generated_Source\PSoC4/CapSense_Tuner.c ****     ptrDsRam = &CapSense_dsRam;
 128:Generated_Source\PSoC4/CapSense_Tuner.c **** 
 129:Generated_Source\PSoC4/CapSense_Tuner.c ****     do
 130:Generated_Source\PSoC4/CapSense_Tuner.c ****     {
 131:Generated_Source\PSoC4/CapSense_Tuner.c ****         /* ONE_SCAN command could be interpreted as two commands:
 132:Generated_Source\PSoC4/CapSense_Tuner.c ****         * RESUME till next call of this function and then
 133:Generated_Source\PSoC4/CapSense_Tuner.c ****         * SUSPEND till next command receiving.
 134:Generated_Source\PSoC4/CapSense_Tuner.c ****         */
 135:Generated_Source\PSoC4/CapSense_Tuner.c ****         if (TU_FSM_ONE_SCAN == tunerFsm)
  77              		.loc 1 135 0
  78 0006 3D4B     		ldr	r3, .L18
  79 0008 1B68     		ldr	r3, [r3]
  80 000a 032B     		cmp	r3, #3
  81 000c 06D1     		bne	.L5
 136:Generated_Source\PSoC4/CapSense_Tuner.c ****         {
 137:Generated_Source\PSoC4/CapSense_Tuner.c ****             interruptState = CyEnterCriticalSection();
  82              		.loc 1 137 0
  83 000e FFF7FEFF 		bl	CyEnterCriticalSection
  84              	.LVL3:
 138:Generated_Source\PSoC4/CapSense_Tuner.c ****             ptrDsRam->tunerCmd = (uint16)CapSense_TU_CMD_SUSPEND_E;
  85              		.loc 1 138 0
  86 0012 0122     		movs	r2, #1
  87 0014 3A4B     		ldr	r3, .L18+4
  88 0016 DA80     		strh	r2, [r3, #6]
 139:Generated_Source\PSoC4/CapSense_Tuner.c ****             CyExitCriticalSection(interruptState);
ARM GAS  C:\Users\LUCASC~1\AppData\Local\Temp\ccRlBkDU.s 			page 5


  89              		.loc 1 139 0
  90 0018 FFF7FEFF 		bl	CyExitCriticalSection
  91              	.LVL4:
  92              	.L5:
 140:Generated_Source\PSoC4/CapSense_Tuner.c ****         }
 141:Generated_Source\PSoC4/CapSense_Tuner.c ****         command = (CapSense_TU_CMD_ENUM)ptrDsRam->tunerCmd;
  93              		.loc 1 141 0
  94 001c 384B     		ldr	r3, .L18+4
  95 001e DC88     		ldrh	r4, [r3, #6]
  96 0020 E4B2     		uxtb	r4, r4
  97              	.LVL5:
 142:Generated_Source\PSoC4/CapSense_Tuner.c **** 
 143:Generated_Source\PSoC4/CapSense_Tuner.c ****         /* Check command register */
 144:Generated_Source\PSoC4/CapSense_Tuner.c ****         switch (command)
  98              		.loc 1 144 0
  99 0022 062C     		cmp	r4, #6
 100 0024 23D8     		bhi	.L6
 101 0026 A300     		lsls	r3, r4, #2
 102 0028 364A     		ldr	r2, .L18+8
 103 002a D358     		ldr	r3, [r2, r3]
 104 002c 9F46     		mov	pc, r3
 105              		.section	.rodata
 106              		.align	2
 107              	.L8:
 108 0000 6E000000 		.word	.L6
 109 0004 2E000000 		.word	.L7
 110 0008 38000000 		.word	.L9
 111 000c 42000000 		.word	.L10
 112 0010 52000000 		.word	.L11
 113 0014 5C000000 		.word	.L12
 114 0018 66000000 		.word	.L13
 115              		.section	.text.CapSense_RunTuner
 116              	.L7:
 145:Generated_Source\PSoC4/CapSense_Tuner.c ****         {
 146:Generated_Source\PSoC4/CapSense_Tuner.c ****         case CapSense_TU_CMD_SUSPEND_E:
 147:Generated_Source\PSoC4/CapSense_Tuner.c ****             tunerFsm = TU_FSM_SUSPENDED;
 117              		.loc 1 147 0
 118 002e 0122     		movs	r2, #1
 119 0030 324B     		ldr	r3, .L18
 120 0032 1A60     		str	r2, [r3]
 121              	.LVL6:
 148:Generated_Source\PSoC4/CapSense_Tuner.c ****             updateFlag = 1Lu;
 122              		.loc 1 148 0
 123 0034 0126     		movs	r6, #1
 149:Generated_Source\PSoC4/CapSense_Tuner.c ****             break;
 124              		.loc 1 149 0
 125 0036 1AE0     		b	.L6
 126              	.LVL7:
 127              	.L9:
 150:Generated_Source\PSoC4/CapSense_Tuner.c **** 
 151:Generated_Source\PSoC4/CapSense_Tuner.c ****         case CapSense_TU_CMD_RESUME_E:
 152:Generated_Source\PSoC4/CapSense_Tuner.c ****             tunerFsm = TU_FSM_RUNNING;
 128              		.loc 1 152 0
 129 0038 0022     		movs	r2, #0
 130 003a 304B     		ldr	r3, .L18
 131 003c 1A60     		str	r2, [r3]
 132              	.LVL8:
ARM GAS  C:\Users\LUCASC~1\AppData\Local\Temp\ccRlBkDU.s 			page 6


 153:Generated_Source\PSoC4/CapSense_Tuner.c ****             updateFlag = 1Lu;
 133              		.loc 1 153 0
 134 003e 0126     		movs	r6, #1
 154:Generated_Source\PSoC4/CapSense_Tuner.c ****             break;
 135              		.loc 1 154 0
 136 0040 15E0     		b	.L6
 137              	.LVL9:
 138              	.L10:
 155:Generated_Source\PSoC4/CapSense_Tuner.c **** 
 156:Generated_Source\PSoC4/CapSense_Tuner.c ****         case CapSense_TU_CMD_RESTART_E:
 157:Generated_Source\PSoC4/CapSense_Tuner.c ****             (void)CapSense_Start();
 139              		.loc 1 157 0
 140 0042 FFF7FEFF 		bl	CapSense_Start
 141              	.LVL10:
 158:Generated_Source\PSoC4/CapSense_Tuner.c ****             tunerStatus = CapSense_STATUS_RESTART_DONE;
 159:Generated_Source\PSoC4/CapSense_Tuner.c ****             tunerFsm = TU_FSM_RUNNING;
 142              		.loc 1 159 0
 143 0046 0022     		movs	r2, #0
 144 0048 2C4B     		ldr	r3, .L18
 145 004a 1A60     		str	r2, [r3]
 146              	.LVL11:
 158:Generated_Source\PSoC4/CapSense_Tuner.c ****             tunerStatus = CapSense_STATUS_RESTART_DONE;
 147              		.loc 1 158 0
 148 004c 0125     		movs	r5, #1
 160:Generated_Source\PSoC4/CapSense_Tuner.c ****             updateFlag = 1Lu;
 149              		.loc 1 160 0
 150 004e 0126     		movs	r6, #1
 161:Generated_Source\PSoC4/CapSense_Tuner.c ****             break;
 151              		.loc 1 161 0
 152 0050 0DE0     		b	.L6
 153              	.LVL12:
 154              	.L11:
 162:Generated_Source\PSoC4/CapSense_Tuner.c **** 
 163:Generated_Source\PSoC4/CapSense_Tuner.c ****         case CapSense_TU_CMD_RUN_SNR_TEST_E:
 164:Generated_Source\PSoC4/CapSense_Tuner.c ****             tunerFsm = TU_FSM_SNR_TEST;
 155              		.loc 1 164 0
 156 0052 0222     		movs	r2, #2
 157 0054 294B     		ldr	r3, .L18
 158 0056 1A60     		str	r2, [r3]
 159              	.LVL13:
 165:Generated_Source\PSoC4/CapSense_Tuner.c ****             updateFlag = 1Lu;
 160              		.loc 1 165 0
 161 0058 0126     		movs	r6, #1
 166:Generated_Source\PSoC4/CapSense_Tuner.c ****             break;
 162              		.loc 1 166 0
 163 005a 08E0     		b	.L6
 164              	.LVL14:
 165              	.L12:
 167:Generated_Source\PSoC4/CapSense_Tuner.c **** 
 168:Generated_Source\PSoC4/CapSense_Tuner.c ****         case CapSense_TU_CMD_PING_E:
 169:Generated_Source\PSoC4/CapSense_Tuner.c ****             tunerFsm = TU_FSM_RUNNING;
 166              		.loc 1 169 0
 167 005c 0022     		movs	r2, #0
 168 005e 274B     		ldr	r3, .L18
 169 0060 1A60     		str	r2, [r3]
 170              	.LVL15:
 170:Generated_Source\PSoC4/CapSense_Tuner.c ****             updateFlag = 1Lu;
ARM GAS  C:\Users\LUCASC~1\AppData\Local\Temp\ccRlBkDU.s 			page 7


 171              		.loc 1 170 0
 172 0062 0126     		movs	r6, #1
 171:Generated_Source\PSoC4/CapSense_Tuner.c ****             break;
 173              		.loc 1 171 0
 174 0064 03E0     		b	.L6
 175              	.LVL16:
 176              	.L13:
 172:Generated_Source\PSoC4/CapSense_Tuner.c **** 
 173:Generated_Source\PSoC4/CapSense_Tuner.c ****         case CapSense_TU_CMD_ONE_SCAN_E:
 174:Generated_Source\PSoC4/CapSense_Tuner.c ****             tunerFsm = TU_FSM_ONE_SCAN;
 177              		.loc 1 174 0
 178 0066 0322     		movs	r2, #3
 179 0068 244B     		ldr	r3, .L18
 180 006a 1A60     		str	r2, [r3]
 181              	.LVL17:
 175:Generated_Source\PSoC4/CapSense_Tuner.c ****             updateFlag = 0Lu;
 182              		.loc 1 175 0
 183 006c 0026     		movs	r6, #0
 184              	.LVL18:
 185              	.L6:
 176:Generated_Source\PSoC4/CapSense_Tuner.c ****             break;
 177:Generated_Source\PSoC4/CapSense_Tuner.c **** 
 178:Generated_Source\PSoC4/CapSense_Tuner.c ****         default:
 179:Generated_Source\PSoC4/CapSense_Tuner.c ****             break;
 180:Generated_Source\PSoC4/CapSense_Tuner.c ****         }
 181:Generated_Source\PSoC4/CapSense_Tuner.c **** 
 182:Generated_Source\PSoC4/CapSense_Tuner.c ****         /* Set Complete flag in command register if needed */
 183:Generated_Source\PSoC4/CapSense_Tuner.c ****         if (0Lu != updateFlag)
 186              		.loc 1 183 0
 187 006e 002E     		cmp	r6, #0
 188 0070 0FD0     		beq	.L14
 184:Generated_Source\PSoC4/CapSense_Tuner.c ****         {
 185:Generated_Source\PSoC4/CapSense_Tuner.c ****             interruptState = CyEnterCriticalSection();
 189              		.loc 1 185 0
 190 0072 FFF7FEFF 		bl	CyEnterCriticalSection
 191              	.LVL19:
 186:Generated_Source\PSoC4/CapSense_Tuner.c **** 
 187:Generated_Source\PSoC4/CapSense_Tuner.c ****             /* Check if command wasn't overwritten with new command */
 188:Generated_Source\PSoC4/CapSense_Tuner.c ****             if (command == (CapSense_TU_CMD_ENUM)ptrDsRam->tunerCmd)
 192              		.loc 1 188 0
 193 0076 224B     		ldr	r3, .L18+4
 194 0078 DB88     		ldrh	r3, [r3, #6]
 195 007a DBB2     		uxtb	r3, r3
 196 007c 9C42     		cmp	r4, r3
 197 007e 05D1     		bne	.L15
 189:Generated_Source\PSoC4/CapSense_Tuner.c ****             {
 190:Generated_Source\PSoC4/CapSense_Tuner.c ****                 ptrDsRam->tunerCmd |= CapSense_TU_CMD_COMPLETE_BIT;
 198              		.loc 1 190 0
 199 0080 1F4A     		ldr	r2, .L18+4
 200 0082 D188     		ldrh	r1, [r2, #6]
 201 0084 204B     		ldr	r3, .L18+12
 202 0086 0B43     		orrs	r3, r1
 203 0088 9BB2     		uxth	r3, r3
 204 008a D380     		strh	r3, [r2, #6]
 205              	.L15:
 191:Generated_Source\PSoC4/CapSense_Tuner.c ****             }
 192:Generated_Source\PSoC4/CapSense_Tuner.c ****             CyExitCriticalSection(interruptState);
ARM GAS  C:\Users\LUCASC~1\AppData\Local\Temp\ccRlBkDU.s 			page 8


 206              		.loc 1 192 0
 207 008c FFF7FEFF 		bl	CyExitCriticalSection
 208              	.LVL20:
 193:Generated_Source\PSoC4/CapSense_Tuner.c **** 
 194:Generated_Source\PSoC4/CapSense_Tuner.c ****             updateFlag = 0Lu;
 209              		.loc 1 194 0
 210 0090 0026     		movs	r6, #0
 211              	.LVL21:
 212              	.L14:
 195:Generated_Source\PSoC4/CapSense_Tuner.c ****         }
 196:Generated_Source\PSoC4/CapSense_Tuner.c ****     } while (TU_FSM_SUSPENDED == tunerFsm);
 213              		.loc 1 196 0
 214 0092 1A4B     		ldr	r3, .L18
 215 0094 1B68     		ldr	r3, [r3]
 216 0096 012B     		cmp	r3, #1
 217 0098 B5D0     		beq	.L16
 197:Generated_Source\PSoC4/CapSense_Tuner.c **** 
 198:Generated_Source\PSoC4/CapSense_Tuner.c ****     /* Check for SNR Test mode and do appropriate actions */
 199:Generated_Source\PSoC4/CapSense_Tuner.c ****     if (TU_FSM_SNR_TEST == tunerFsm)
 218              		.loc 1 199 0
 219 009a 022B     		cmp	r3, #2
 220 009c 2BD1     		bne	.L17
 200:Generated_Source\PSoC4/CapSense_Tuner.c ****     {
 201:Generated_Source\PSoC4/CapSense_Tuner.c ****         widgetId = ptrDsRam->snrTestWidgetId;
 221              		.loc 1 201 0
 222 009e 184A     		ldr	r2, .L18+4
 223 00a0 AC33     		adds	r3, r3, #172
 224 00a2 D35C     		ldrb	r3, [r2, r3]
 225 00a4 DBB2     		uxtb	r3, r3
 226              	.LVL22:
 202:Generated_Source\PSoC4/CapSense_Tuner.c ****         sensorId = ptrDsRam->snrTestSensorId;
 227              		.loc 1 202 0
 228 00a6 AF21     		movs	r1, #175
 229 00a8 525C     		ldrb	r2, [r2, r1]
 230 00aa D2B2     		uxtb	r2, r2
 231              	.LVL23:
 203:Generated_Source\PSoC4/CapSense_Tuner.c **** 
 204:Generated_Source\PSoC4/CapSense_Tuner.c ****         /* Check if widgetId and sensorId are in range,
 205:Generated_Source\PSoC4/CapSense_Tuner.c ****          * and data was updated in RAM (scan counter changed)
 206:Generated_Source\PSoC4/CapSense_Tuner.c ****          */
 207:Generated_Source\PSoC4/CapSense_Tuner.c ****         if ((widgetId < CapSense_TOTAL_WIDGETS)              &&
 232              		.loc 1 207 0
 233 00ac 042B     		cmp	r3, #4
 234 00ae 22D8     		bhi	.L17
 208:Generated_Source\PSoC4/CapSense_Tuner.c ****             (sensorId < CapSense_GET_SENSOR_COUNT(widgetId)) &&
 235              		.loc 1 208 0 discriminator 1
 236 00b0 5901     		lsls	r1, r3, #5
 237 00b2 1648     		ldr	r0, .L18+16
 238 00b4 4118     		adds	r1, r0, r1
 239 00b6 098B     		ldrh	r1, [r1, #24]
 207:Generated_Source\PSoC4/CapSense_Tuner.c ****             (sensorId < CapSense_GET_SENSOR_COUNT(widgetId)) &&
 240              		.loc 1 207 0 discriminator 1
 241 00b8 8A42     		cmp	r2, r1
 242 00ba 1CD2     		bcs	.L17
 209:Generated_Source\PSoC4/CapSense_Tuner.c ****             (ptrDsRam->scanCounter != ptrDsRam->snrTestScanCounter))
 243              		.loc 1 209 0
 244 00bc 1049     		ldr	r1, .L18+4
ARM GAS  C:\Users\LUCASC~1\AppData\Local\Temp\ccRlBkDU.s 			page 9


 245 00be 0889     		ldrh	r0, [r1, #8]
 246 00c0 80B2     		uxth	r0, r0
 247 00c2 B024     		movs	r4, #176
 248              	.LVL24:
 249 00c4 095B     		ldrh	r1, [r1, r4]
 250 00c6 89B2     		uxth	r1, r1
 208:Generated_Source\PSoC4/CapSense_Tuner.c ****             (sensorId < CapSense_GET_SENSOR_COUNT(widgetId)) &&
 251              		.loc 1 208 0
 252 00c8 8842     		cmp	r0, r1
 253 00ca 14D0     		beq	.L17
 210:Generated_Source\PSoC4/CapSense_Tuner.c ****         {
 211:Generated_Source\PSoC4/CapSense_Tuner.c ****             /* Get access to the Sensor Object */
 212:Generated_Source\PSoC4/CapSense_Tuner.c ****             ptrSnsTmp = CapSense_dsFlash.wdgtArray[widgetId].ptr2SnsRam;
 254              		.loc 1 212 0
 255 00cc 5B01     		lsls	r3, r3, #5
 256              	.LVL25:
 257 00ce 0F49     		ldr	r1, .L18+16
 258 00d0 CB18     		adds	r3, r1, r3
 259 00d2 9C68     		ldr	r4, [r3, #8]
 260              	.LVL26:
 213:Generated_Source\PSoC4/CapSense_Tuner.c ****             ptrSnsTmp += sensorId;
 261              		.loc 1 213 0
 262 00d4 9300     		lsls	r3, r2, #2
 263 00d6 9A18     		adds	r2, r3, r2
 264              	.LVL27:
 265 00d8 5300     		lsls	r3, r2, #1
 266 00da E418     		adds	r4, r4, r3
 267              	.LVL28:
 214:Generated_Source\PSoC4/CapSense_Tuner.c **** 
 215:Generated_Source\PSoC4/CapSense_Tuner.c ****             /* Update data in SNR Test Object */
 216:Generated_Source\PSoC4/CapSense_Tuner.c ****             interruptState = CyEnterCriticalSection();
 268              		.loc 1 216 0
 269 00dc FFF7FEFF 		bl	CyEnterCriticalSection
 270              	.LVL29:
 217:Generated_Source\PSoC4/CapSense_Tuner.c ****             ptrDsRam->snrTestScanCounter = ptrDsRam->scanCounter;
 271              		.loc 1 217 0
 272 00e0 074B     		ldr	r3, .L18+4
 273 00e2 1A89     		ldrh	r2, [r3, #8]
 274 00e4 92B2     		uxth	r2, r2
 275 00e6 B021     		movs	r1, #176
 276 00e8 5A52     		strh	r2, [r3, r1]
 218:Generated_Source\PSoC4/CapSense_Tuner.c ****             ptrDsRam->snrTestRawCount[0u] = ptrSnsTmp->raw[0u];
 277              		.loc 1 218 0
 278 00ea 2288     		ldrh	r2, [r4]
 279 00ec 92B2     		uxth	r2, r2
 280 00ee 0231     		adds	r1, r1, #2
 281 00f0 5A52     		strh	r2, [r3, r1]
 219:Generated_Source\PSoC4/CapSense_Tuner.c **** 
 220:Generated_Source\PSoC4/CapSense_Tuner.c ****             #if (0u != CapSense_MULTI_FREQ_SCAN_EN)
 221:Generated_Source\PSoC4/CapSense_Tuner.c ****                 ptrDsRam->snrTestRawCount[1u] = ptrSnsTmp->raw[1u];
 222:Generated_Source\PSoC4/CapSense_Tuner.c ****                 ptrDsRam->snrTestRawCount[2u] = ptrSnsTmp->raw[2u];
 223:Generated_Source\PSoC4/CapSense_Tuner.c ****             #endif
 224:Generated_Source\PSoC4/CapSense_Tuner.c **** 
 225:Generated_Source\PSoC4/CapSense_Tuner.c ****             CyExitCriticalSection(interruptState);
 282              		.loc 1 225 0
 283 00f2 FFF7FEFF 		bl	CyExitCriticalSection
 284              	.LVL30:
ARM GAS  C:\Users\LUCASC~1\AppData\Local\Temp\ccRlBkDU.s 			page 10


 285              	.L17:
 226:Generated_Source\PSoC4/CapSense_Tuner.c ****         }
 227:Generated_Source\PSoC4/CapSense_Tuner.c ****     }
 228:Generated_Source\PSoC4/CapSense_Tuner.c ****     return tunerStatus;
 229:Generated_Source\PSoC4/CapSense_Tuner.c **** }
 286              		.loc 1 229 0
 287 00f6 2800     		movs	r0, r5
 288              		@ sp needed
 289              	.LVL31:
 290              	.LVL32:
 291 00f8 70BD     		pop	{r4, r5, r6, pc}
 292              	.L19:
 293 00fa C046     		.align	2
 294              	.L18:
 295 00fc 00000000 		.word	.LANCHOR0
 296 0100 00000000 		.word	CapSense_dsRam
 297 0104 00000000 		.word	.L8
 298 0108 0080FFFF 		.word	-32768
 299 010c 00000000 		.word	CapSense_dsFlash
 300              		.cfi_endproc
 301              	.LFE2:
 302              		.size	CapSense_RunTuner, .-CapSense_RunTuner
 303              		.bss
 304              		.align	2
 305              		.set	.LANCHOR0,. + 0
 306              		.type	tunerFsm, %object
 307              		.size	tunerFsm, 4
 308              	tunerFsm:
 309 0000 00000000 		.space	4
 310              		.text
 311              	.Letext0:
 312              		.file 2 "Generated_Source\\PSoC4\\cytypes.h"
 313              		.file 3 "Generated_Source\\PSoC4\\CapSense_Configuration.h"
 314              		.file 4 "Generated_Source\\PSoC4\\CapSense_SmartSense_LL.h"
 315              		.file 5 "Generated_Source\\PSoC4\\CapSense_Structure.h"
 316              		.file 6 "Generated_Source\\PSoC4\\CapSense_Tuner.h"
 317              		.file 7 "Generated_Source\\PSoC4\\CyLib.h"
 318              		.file 8 "Generated_Source\\PSoC4\\CapSense_Control.h"
 319              		.section	.debug_info,"",%progbits
 320              	.Ldebug_info0:
 321 0000 BD060000 		.4byte	0x6bd
 322 0004 0400     		.2byte	0x4
 323 0006 00000000 		.4byte	.Ldebug_abbrev0
 324 000a 04       		.byte	0x4
 325 000b 01       		.uleb128 0x1
 326 000c AC010000 		.4byte	.LASF105
 327 0010 0C       		.byte	0xc
 328 0011 C9020000 		.4byte	.LASF106
 329 0015 23030000 		.4byte	.LASF107
 330 0019 00000000 		.4byte	.Ldebug_ranges0+0
 331 001d 00000000 		.4byte	0
 332 0021 00000000 		.4byte	.Ldebug_line0
 333 0025 02       		.uleb128 0x2
 334 0026 01       		.byte	0x1
 335 0027 06       		.byte	0x6
 336 0028 E8030000 		.4byte	.LASF0
 337 002c 02       		.uleb128 0x2
ARM GAS  C:\Users\LUCASC~1\AppData\Local\Temp\ccRlBkDU.s 			page 11


 338 002d 01       		.byte	0x1
 339 002e 08       		.byte	0x8
 340 002f 64030000 		.4byte	.LASF1
 341 0033 02       		.uleb128 0x2
 342 0034 02       		.byte	0x2
 343 0035 05       		.byte	0x5
 344 0036 B3000000 		.4byte	.LASF2
 345 003a 02       		.uleb128 0x2
 346 003b 02       		.byte	0x2
 347 003c 07       		.byte	0x7
 348 003d FC040000 		.4byte	.LASF3
 349 0041 02       		.uleb128 0x2
 350 0042 04       		.byte	0x4
 351 0043 05       		.byte	0x5
 352 0044 B7020000 		.4byte	.LASF4
 353 0048 02       		.uleb128 0x2
 354 0049 04       		.byte	0x4
 355 004a 07       		.byte	0x7
 356 004b 58040000 		.4byte	.LASF5
 357 004f 02       		.uleb128 0x2
 358 0050 08       		.byte	0x8
 359 0051 05       		.byte	0x5
 360 0052 3F010000 		.4byte	.LASF6
 361 0056 02       		.uleb128 0x2
 362 0057 08       		.byte	0x8
 363 0058 07       		.byte	0x7
 364 0059 11040000 		.4byte	.LASF7
 365 005d 03       		.uleb128 0x3
 366 005e 04       		.byte	0x4
 367 005f 05       		.byte	0x5
 368 0060 696E7400 		.ascii	"int\000"
 369 0064 02       		.uleb128 0x2
 370 0065 04       		.byte	0x4
 371 0066 07       		.byte	0x7
 372 0067 4B040000 		.4byte	.LASF8
 373 006b 04       		.uleb128 0x4
 374 006c 5C020000 		.4byte	.LASF9
 375 0070 02       		.byte	0x2
 376 0071 E401     		.2byte	0x1e4
 377 0073 2C000000 		.4byte	0x2c
 378 0077 04       		.uleb128 0x4
 379 0078 A5010000 		.4byte	.LASF10
 380 007c 02       		.byte	0x2
 381 007d E501     		.2byte	0x1e5
 382 007f 3A000000 		.4byte	0x3a
 383 0083 04       		.uleb128 0x4
 384 0084 60050000 		.4byte	.LASF11
 385 0088 02       		.byte	0x2
 386 0089 E601     		.2byte	0x1e6
 387 008b 48000000 		.4byte	0x48
 388 008f 02       		.uleb128 0x2
 389 0090 04       		.byte	0x4
 390 0091 04       		.byte	0x4
 391 0092 69020000 		.4byte	.LASF12
 392 0096 02       		.uleb128 0x2
 393 0097 08       		.byte	0x8
 394 0098 04       		.byte	0x4
ARM GAS  C:\Users\LUCASC~1\AppData\Local\Temp\ccRlBkDU.s 			page 12


 395 0099 70050000 		.4byte	.LASF13
 396 009d 02       		.uleb128 0x2
 397 009e 01       		.byte	0x1
 398 009f 08       		.byte	0x8
 399 00a0 B2020000 		.4byte	.LASF14
 400 00a4 05       		.uleb128 0x5
 401 00a5 83000000 		.4byte	0x83
 402 00a9 02       		.uleb128 0x2
 403 00aa 08       		.byte	0x8
 404 00ab 04       		.byte	0x4
 405 00ac 8D030000 		.4byte	.LASF15
 406 00b0 02       		.uleb128 0x2
 407 00b1 04       		.byte	0x4
 408 00b2 07       		.byte	0x7
 409 00b3 E6000000 		.4byte	.LASF16
 410 00b7 06       		.uleb128 0x6
 411 00b8 04       		.byte	0x4
 412 00b9 04       		.uleb128 0x4
 413 00ba D0030000 		.4byte	.LASF17
 414 00be 03       		.byte	0x3
 415 00bf 0D01     		.2byte	0x10d
 416 00c1 77000000 		.4byte	0x77
 417 00c5 04       		.uleb128 0x4
 418 00c6 AE040000 		.4byte	.LASF18
 419 00ca 03       		.byte	0x3
 420 00cb 1101     		.2byte	0x111
 421 00cd 6B000000 		.4byte	0x6b
 422 00d1 07       		.uleb128 0x7
 423 00d2 0C       		.byte	0xc
 424 00d3 04       		.byte	0x4
 425 00d4 6E       		.byte	0x6e
 426 00d5 2E010000 		.4byte	0x12e
 427 00d9 08       		.uleb128 0x8
 428 00da 4D010000 		.4byte	.LASF19
 429 00de 04       		.byte	0x4
 430 00df 73       		.byte	0x73
 431 00e0 77000000 		.4byte	0x77
 432 00e4 00       		.byte	0
 433 00e5 08       		.uleb128 0x8
 434 00e6 75040000 		.4byte	.LASF20
 435 00ea 04       		.byte	0x4
 436 00eb 77       		.byte	0x77
 437 00ec 77000000 		.4byte	0x77
 438 00f0 02       		.byte	0x2
 439 00f1 08       		.uleb128 0x8
 440 00f2 61010000 		.4byte	.LASF21
 441 00f6 04       		.byte	0x4
 442 00f7 7B       		.byte	0x7b
 443 00f8 77000000 		.4byte	0x77
 444 00fc 04       		.byte	0x4
 445 00fd 08       		.uleb128 0x8
 446 00fe 68010000 		.4byte	.LASF22
 447 0102 04       		.byte	0x4
 448 0103 7F       		.byte	0x7f
 449 0104 77000000 		.4byte	0x77
 450 0108 06       		.byte	0x6
 451 0109 08       		.uleb128 0x8
ARM GAS  C:\Users\LUCASC~1\AppData\Local\Temp\ccRlBkDU.s 			page 13


 452 010a 7D030000 		.4byte	.LASF23
 453 010e 04       		.byte	0x4
 454 010f 83       		.byte	0x83
 455 0110 77000000 		.4byte	0x77
 456 0114 08       		.byte	0x8
 457 0115 08       		.uleb128 0x8
 458 0116 86010000 		.4byte	.LASF24
 459 011a 04       		.byte	0x4
 460 011b 87       		.byte	0x87
 461 011c 6B000000 		.4byte	0x6b
 462 0120 0A       		.byte	0xa
 463 0121 08       		.uleb128 0x8
 464 0122 8D010000 		.4byte	.LASF25
 465 0126 04       		.byte	0x4
 466 0127 8B       		.byte	0x8b
 467 0128 6B000000 		.4byte	0x6b
 468 012c 0B       		.byte	0xb
 469 012d 00       		.byte	0
 470 012e 09       		.uleb128 0x9
 471 012f 35060000 		.4byte	.LASF26
 472 0133 04       		.byte	0x4
 473 0134 8C       		.byte	0x8c
 474 0135 D1000000 		.4byte	0xd1
 475 0139 0A       		.uleb128 0xa
 476 013a 6B000000 		.4byte	0x6b
 477 013e 49010000 		.4byte	0x149
 478 0142 0B       		.uleb128 0xb
 479 0143 B0000000 		.4byte	0xb0
 480 0147 00       		.byte	0
 481 0148 00       		.byte	0
 482 0149 07       		.uleb128 0x7
 483 014a 12       		.byte	0x12
 484 014b 05       		.byte	0x5
 485 014c D9       		.byte	0xd9
 486 014d E8010000 		.4byte	0x1e8
 487 0151 08       		.uleb128 0x8
 488 0152 F1040000 		.4byte	.LASF27
 489 0156 05       		.byte	0x5
 490 0157 DE       		.byte	0xde
 491 0158 77000000 		.4byte	0x77
 492 015c 00       		.byte	0
 493 015d 08       		.uleb128 0x8
 494 015e F1020000 		.4byte	.LASF28
 495 0162 05       		.byte	0x5
 496 0163 E3       		.byte	0xe3
 497 0164 B9000000 		.4byte	0xb9
 498 0168 02       		.byte	0x2
 499 0169 08       		.uleb128 0x8
 500 016a 94010000 		.4byte	.LASF29
 501 016e 05       		.byte	0x5
 502 016f E8       		.byte	0xe8
 503 0170 6B000000 		.4byte	0x6b
 504 0174 04       		.byte	0x4
 505 0175 08       		.uleb128 0x8
 506 0176 2D050000 		.4byte	.LASF30
 507 017a 05       		.byte	0x5
 508 017b ED       		.byte	0xed
ARM GAS  C:\Users\LUCASC~1\AppData\Local\Temp\ccRlBkDU.s 			page 14


 509 017c 6B000000 		.4byte	0x6b
 510 0180 05       		.byte	0x5
 511 0181 08       		.uleb128 0x8
 512 0182 72030000 		.4byte	.LASF31
 513 0186 05       		.byte	0x5
 514 0187 F3       		.byte	0xf3
 515 0188 6B000000 		.4byte	0x6b
 516 018c 06       		.byte	0x6
 517 018d 08       		.uleb128 0x8
 518 018e DB000000 		.4byte	.LASF32
 519 0192 05       		.byte	0x5
 520 0193 F9       		.byte	0xf9
 521 0194 6B000000 		.4byte	0x6b
 522 0198 07       		.byte	0x7
 523 0199 0C       		.uleb128 0xc
 524 019a C5030000 		.4byte	.LASF33
 525 019e 05       		.byte	0x5
 526 019f 0001     		.2byte	0x100
 527 01a1 C5000000 		.4byte	0xc5
 528 01a5 08       		.byte	0x8
 529 01a6 0C       		.uleb128 0xc
 530 01a7 AB000000 		.4byte	.LASF34
 531 01ab 05       		.byte	0x5
 532 01ac 0701     		.2byte	0x107
 533 01ae 39010000 		.4byte	0x139
 534 01b2 09       		.byte	0x9
 535 01b3 0C       		.uleb128 0xc
 536 01b4 62020000 		.4byte	.LASF35
 537 01b8 05       		.byte	0x5
 538 01b9 0F01     		.2byte	0x10f
 539 01bb 77000000 		.4byte	0x77
 540 01bf 0A       		.byte	0xa
 541 01c0 0C       		.uleb128 0xc
 542 01c1 54010000 		.4byte	.LASF36
 543 01c5 05       		.byte	0x5
 544 01c6 1401     		.2byte	0x114
 545 01c8 6B000000 		.4byte	0x6b
 546 01cc 0C       		.byte	0xc
 547 01cd 0C       		.uleb128 0xc
 548 01ce 05060000 		.4byte	.LASF37
 549 01d2 05       		.byte	0x5
 550 01d3 1A01     		.2byte	0x11a
 551 01d5 77000000 		.4byte	0x77
 552 01d9 0E       		.byte	0xe
 553 01da 0C       		.uleb128 0xc
 554 01db 59050000 		.4byte	.LASF38
 555 01df 05       		.byte	0x5
 556 01e0 1F01     		.2byte	0x11f
 557 01e2 77000000 		.4byte	0x77
 558 01e6 10       		.byte	0x10
 559 01e7 00       		.byte	0
 560 01e8 04       		.uleb128 0x4
 561 01e9 BD000000 		.4byte	.LASF39
 562 01ed 05       		.byte	0x5
 563 01ee 2001     		.2byte	0x120
 564 01f0 49010000 		.4byte	0x149
 565 01f4 0D       		.uleb128 0xd
ARM GAS  C:\Users\LUCASC~1\AppData\Local\Temp\ccRlBkDU.s 			page 15


 566 01f5 5A       		.byte	0x5a
 567 01f6 05       		.byte	0x5
 568 01f7 2601     		.2byte	0x126
 569 01f9 3E020000 		.4byte	0x23e
 570 01fd 0C       		.uleb128 0xc
 571 01fe EC040000 		.4byte	.LASF40
 572 0202 05       		.byte	0x5
 573 0203 2B01     		.2byte	0x12b
 574 0205 E8010000 		.4byte	0x1e8
 575 0209 00       		.byte	0
 576 020a 0C       		.uleb128 0xc
 577 020b 53000000 		.4byte	.LASF41
 578 020f 05       		.byte	0x5
 579 0210 3001     		.2byte	0x130
 580 0212 E8010000 		.4byte	0x1e8
 581 0216 12       		.byte	0x12
 582 0217 0E       		.uleb128 0xe
 583 0218 757000   		.ascii	"up\000"
 584 021b 05       		.byte	0x5
 585 021c 3501     		.2byte	0x135
 586 021e E8010000 		.4byte	0x1e8
 587 0222 24       		.byte	0x24
 588 0223 0C       		.uleb128 0xc
 589 0224 30060000 		.4byte	.LASF42
 590 0228 05       		.byte	0x5
 591 0229 3A01     		.2byte	0x13a
 592 022b E8010000 		.4byte	0x1e8
 593 022f 36       		.byte	0x36
 594 0230 0C       		.uleb128 0xc
 595 0231 28040000 		.4byte	.LASF43
 596 0235 05       		.byte	0x5
 597 0236 3F01     		.2byte	0x13f
 598 0238 E8010000 		.4byte	0x1e8
 599 023c 48       		.byte	0x48
 600 023d 00       		.byte	0
 601 023e 04       		.uleb128 0x4
 602 023f 6F020000 		.4byte	.LASF44
 603 0243 05       		.byte	0x5
 604 0244 4001     		.2byte	0x140
 605 0246 F4010000 		.4byte	0x1f4
 606 024a 0D       		.uleb128 0xd
 607 024b 0A       		.byte	0xa
 608 024c 05       		.byte	0x5
 609 024d 4601     		.2byte	0x146
 610 024f A2020000 		.4byte	0x2a2
 611 0253 0E       		.uleb128 0xe
 612 0254 72617700 		.ascii	"raw\000"
 613 0258 05       		.byte	0x5
 614 0259 4B01     		.2byte	0x14b
 615 025b A2020000 		.4byte	0x2a2
 616 025f 00       		.byte	0
 617 0260 0C       		.uleb128 0xc
 618 0261 45000000 		.4byte	.LASF45
 619 0265 05       		.byte	0x5
 620 0266 5001     		.2byte	0x150
 621 0268 A2020000 		.4byte	0x2a2
 622 026c 02       		.byte	0x2
ARM GAS  C:\Users\LUCASC~1\AppData\Local\Temp\ccRlBkDU.s 			page 16


 623 026d 0C       		.uleb128 0xc
 624 026e 77050000 		.4byte	.LASF46
 625 0272 05       		.byte	0x5
 626 0273 5601     		.2byte	0x156
 627 0275 39010000 		.4byte	0x139
 628 0279 04       		.byte	0x4
 629 027a 0C       		.uleb128 0xc
 630 027b 78060000 		.4byte	.LASF47
 631 027f 05       		.byte	0x5
 632 0280 5B01     		.2byte	0x15b
 633 0282 B9000000 		.4byte	0xb9
 634 0286 06       		.byte	0x6
 635 0287 0C       		.uleb128 0xc
 636 0288 FA020000 		.4byte	.LASF48
 637 028c 05       		.byte	0x5
 638 028d 6001     		.2byte	0x160
 639 028f B2020000 		.4byte	0x2b2
 640 0293 08       		.byte	0x8
 641 0294 0C       		.uleb128 0xc
 642 0295 2B010000 		.4byte	.LASF49
 643 0299 05       		.byte	0x5
 644 029a 6501     		.2byte	0x165
 645 029c 39010000 		.4byte	0x139
 646 02a0 09       		.byte	0x9
 647 02a1 00       		.byte	0
 648 02a2 0A       		.uleb128 0xa
 649 02a3 77000000 		.4byte	0x77
 650 02a7 B2020000 		.4byte	0x2b2
 651 02ab 0B       		.uleb128 0xb
 652 02ac B0000000 		.4byte	0xb0
 653 02b0 00       		.byte	0
 654 02b1 00       		.byte	0
 655 02b2 0A       		.uleb128 0xa
 656 02b3 C5000000 		.4byte	0xc5
 657 02b7 C2020000 		.4byte	0x2c2
 658 02bb 0B       		.uleb128 0xb
 659 02bc B0000000 		.4byte	0xb0
 660 02c0 00       		.byte	0
 661 02c1 00       		.byte	0
 662 02c2 04       		.uleb128 0x4
 663 02c3 96040000 		.4byte	.LASF50
 664 02c7 05       		.byte	0x5
 665 02c8 6601     		.2byte	0x166
 666 02ca 4A020000 		.4byte	0x24a
 667 02ce 0D       		.uleb128 0xd
 668 02cf 32       		.byte	0x32
 669 02d0 05       		.byte	0x5
 670 02d1 6C01     		.2byte	0x16c
 671 02d3 18030000 		.4byte	0x318
 672 02d7 0C       		.uleb128 0xc
 673 02d8 EC040000 		.4byte	.LASF40
 674 02dc 05       		.byte	0x5
 675 02dd 7101     		.2byte	0x171
 676 02df 18030000 		.4byte	0x318
 677 02e3 00       		.byte	0
 678 02e4 0C       		.uleb128 0xc
 679 02e5 53000000 		.4byte	.LASF41
ARM GAS  C:\Users\LUCASC~1\AppData\Local\Temp\ccRlBkDU.s 			page 17


 680 02e9 05       		.byte	0x5
 681 02ea 7601     		.2byte	0x176
 682 02ec 18030000 		.4byte	0x318
 683 02f0 0A       		.byte	0xa
 684 02f1 0E       		.uleb128 0xe
 685 02f2 757000   		.ascii	"up\000"
 686 02f5 05       		.byte	0x5
 687 02f6 7B01     		.2byte	0x17b
 688 02f8 18030000 		.4byte	0x318
 689 02fc 14       		.byte	0x14
 690 02fd 0C       		.uleb128 0xc
 691 02fe 30060000 		.4byte	.LASF42
 692 0302 05       		.byte	0x5
 693 0303 8001     		.2byte	0x180
 694 0305 18030000 		.4byte	0x318
 695 0309 1E       		.byte	0x1e
 696 030a 0C       		.uleb128 0xc
 697 030b 28040000 		.4byte	.LASF43
 698 030f 05       		.byte	0x5
 699 0310 8501     		.2byte	0x185
 700 0312 18030000 		.4byte	0x318
 701 0316 28       		.byte	0x28
 702 0317 00       		.byte	0
 703 0318 0A       		.uleb128 0xa
 704 0319 C2020000 		.4byte	0x2c2
 705 031d 28030000 		.4byte	0x328
 706 0321 0B       		.uleb128 0xb
 707 0322 B0000000 		.4byte	0xb0
 708 0326 00       		.byte	0
 709 0327 00       		.byte	0
 710 0328 04       		.uleb128 0x4
 711 0329 F4030000 		.4byte	.LASF51
 712 032d 05       		.byte	0x5
 713 032e 8601     		.2byte	0x186
 714 0330 CE020000 		.4byte	0x2ce
 715 0334 0D       		.uleb128 0xd
 716 0335 B4       		.byte	0xb4
 717 0336 05       		.byte	0x5
 718 0337 8C01     		.2byte	0x18c
 719 0339 1B040000 		.4byte	0x41b
 720 033d 0C       		.uleb128 0xc
 721 033e 22010000 		.4byte	.LASF52
 722 0342 05       		.byte	0x5
 723 0343 9301     		.2byte	0x193
 724 0345 77000000 		.4byte	0x77
 725 0349 00       		.byte	0
 726 034a 0C       		.uleb128 0xc
 727 034b 9C010000 		.4byte	.LASF53
 728 034f 05       		.byte	0x5
 729 0350 9801     		.2byte	0x198
 730 0352 77000000 		.4byte	0x77
 731 0356 02       		.byte	0x2
 732 0357 0C       		.uleb128 0xc
 733 0358 A7050000 		.4byte	.LASF54
 734 035c 05       		.byte	0x5
 735 035d 9D01     		.2byte	0x19d
 736 035f 77000000 		.4byte	0x77
ARM GAS  C:\Users\LUCASC~1\AppData\Local\Temp\ccRlBkDU.s 			page 18


 737 0363 04       		.byte	0x4
 738 0364 0C       		.uleb128 0xc
 739 0365 84030000 		.4byte	.LASF55
 740 0369 05       		.byte	0x5
 741 036a A301     		.2byte	0x1a3
 742 036c 77000000 		.4byte	0x77
 743 0370 06       		.byte	0x6
 744 0371 0C       		.uleb128 0xc
 745 0372 21050000 		.4byte	.LASF56
 746 0376 05       		.byte	0x5
 747 0377 A801     		.2byte	0x1a8
 748 0379 77000000 		.4byte	0x77
 749 037d 08       		.byte	0x8
 750 037e 0C       		.uleb128 0xc
 751 037f C9040000 		.4byte	.LASF57
 752 0383 05       		.byte	0x5
 753 0384 AD01     		.2byte	0x1ad
 754 0386 A4000000 		.4byte	0xa4
 755 038a 0C       		.byte	0xc
 756 038b 0C       		.uleb128 0xc
 757 038c 6A040000 		.4byte	.LASF58
 758 0390 05       		.byte	0x5
 759 0391 B301     		.2byte	0x1b3
 760 0393 1B040000 		.4byte	0x41b
 761 0397 10       		.byte	0x10
 762 0398 0C       		.uleb128 0xc
 763 0399 99030000 		.4byte	.LASF59
 764 039d 05       		.byte	0x5
 765 039e BA01     		.2byte	0x1ba
 766 03a0 1B040000 		.4byte	0x41b
 767 03a4 14       		.byte	0x14
 768 03a5 0C       		.uleb128 0xc
 769 03a6 66060000 		.4byte	.LASF60
 770 03aa 05       		.byte	0x5
 771 03ab CA01     		.2byte	0x1ca
 772 03ad 2B040000 		.4byte	0x42b
 773 03b1 18       		.byte	0x18
 774 03b2 0C       		.uleb128 0xc
 775 03b3 34010000 		.4byte	.LASF61
 776 03b7 05       		.byte	0x5
 777 03b8 D001     		.2byte	0x1d0
 778 03ba 77000000 		.4byte	0x77
 779 03be 1E       		.byte	0x1e
 780 03bf 0C       		.uleb128 0xc
 781 03c0 17050000 		.4byte	.LASF62
 782 03c4 05       		.byte	0x5
 783 03c5 D501     		.2byte	0x1d5
 784 03c7 6B000000 		.4byte	0x6b
 785 03cb 20       		.byte	0x20
 786 03cc 0C       		.uleb128 0xc
 787 03cd 16000000 		.4byte	.LASF63
 788 03d1 05       		.byte	0x5
 789 03d2 DA01     		.2byte	0x1da
 790 03d4 3E020000 		.4byte	0x23e
 791 03d8 22       		.byte	0x22
 792 03d9 0C       		.uleb128 0xc
 793 03da 0F050000 		.4byte	.LASF64
ARM GAS  C:\Users\LUCASC~1\AppData\Local\Temp\ccRlBkDU.s 			page 19


 794 03de 05       		.byte	0x5
 795 03df DF01     		.2byte	0x1df
 796 03e1 28030000 		.4byte	0x328
 797 03e5 7C       		.byte	0x7c
 798 03e6 0C       		.uleb128 0xc
 799 03e7 20060000 		.4byte	.LASF65
 800 03eb 05       		.byte	0x5
 801 03ec E401     		.2byte	0x1e4
 802 03ee 6B000000 		.4byte	0x6b
 803 03f2 AE       		.byte	0xae
 804 03f3 0C       		.uleb128 0xc
 805 03f4 8B020000 		.4byte	.LASF66
 806 03f8 05       		.byte	0x5
 807 03f9 E901     		.2byte	0x1e9
 808 03fb 6B000000 		.4byte	0x6b
 809 03ff AF       		.byte	0xaf
 810 0400 0C       		.uleb128 0xc
 811 0401 D9040000 		.4byte	.LASF67
 812 0405 05       		.byte	0x5
 813 0406 EE01     		.2byte	0x1ee
 814 0408 77000000 		.4byte	0x77
 815 040c B0       		.byte	0xb0
 816 040d 0C       		.uleb128 0xc
 817 040e 1F000000 		.4byte	.LASF68
 818 0412 05       		.byte	0x5
 819 0413 F301     		.2byte	0x1f3
 820 0415 A2020000 		.4byte	0x2a2
 821 0419 B2       		.byte	0xb2
 822 041a 00       		.byte	0
 823 041b 0A       		.uleb128 0xa
 824 041c 83000000 		.4byte	0x83
 825 0420 2B040000 		.4byte	0x42b
 826 0424 0B       		.uleb128 0xb
 827 0425 B0000000 		.4byte	0xb0
 828 0429 00       		.byte	0
 829 042a 00       		.byte	0
 830 042b 0A       		.uleb128 0xa
 831 042c 6B000000 		.4byte	0x6b
 832 0430 3B040000 		.4byte	0x43b
 833 0434 0B       		.uleb128 0xb
 834 0435 B0000000 		.4byte	0xb0
 835 0439 04       		.byte	0x4
 836 043a 00       		.byte	0
 837 043b 04       		.uleb128 0x4
 838 043c 45050000 		.4byte	.LASF69
 839 0440 05       		.byte	0x5
 840 0441 F401     		.2byte	0x1f4
 841 0443 34030000 		.4byte	0x334
 842 0447 0D       		.uleb128 0xd
 843 0448 20       		.byte	0x20
 844 0449 05       		.byte	0x5
 845 044a 5B02     		.2byte	0x25b
 846 044c D3040000 		.4byte	0x4d3
 847 0450 0C       		.uleb128 0xc
 848 0451 DE050000 		.4byte	.LASF70
 849 0455 05       		.byte	0x5
 850 0456 6402     		.2byte	0x264
ARM GAS  C:\Users\LUCASC~1\AppData\Local\Temp\ccRlBkDU.s 			page 20


 851 0458 D3040000 		.4byte	0x4d3
 852 045c 00       		.byte	0
 853 045d 0C       		.uleb128 0xc
 854 045e 08030000 		.4byte	.LASF71
 855 0462 05       		.byte	0x5
 856 0463 6B02     		.2byte	0x26b
 857 0465 B7000000 		.4byte	0xb7
 858 0469 04       		.byte	0x4
 859 046a 0C       		.uleb128 0xc
 860 046b D3050000 		.4byte	.LASF72
 861 046f 05       		.byte	0x5
 862 0470 7102     		.2byte	0x271
 863 0472 DA040000 		.4byte	0x4da
 864 0476 08       		.byte	0x8
 865 0477 0C       		.uleb128 0xc
 866 0478 EB050000 		.4byte	.LASF73
 867 047c 05       		.byte	0x5
 868 047d 7702     		.2byte	0x277
 869 047f B7000000 		.4byte	0xb7
 870 0483 0C       		.byte	0xc
 871 0484 0C       		.uleb128 0xc
 872 0485 4C020000 		.4byte	.LASF74
 873 0489 05       		.byte	0x5
 874 048a 7E02     		.2byte	0x27e
 875 048c E0040000 		.4byte	0x4e0
 876 0490 10       		.byte	0x10
 877 0491 0C       		.uleb128 0xc
 878 0492 2F040000 		.4byte	.LASF75
 879 0496 05       		.byte	0x5
 880 0497 8302     		.2byte	0x283
 881 0499 83000000 		.4byte	0x83
 882 049d 14       		.byte	0x14
 883 049e 0C       		.uleb128 0xc
 884 049f 84000000 		.4byte	.LASF76
 885 04a3 05       		.byte	0x5
 886 04a4 8A02     		.2byte	0x28a
 887 04a6 77000000 		.4byte	0x77
 888 04aa 18       		.byte	0x18
 889 04ab 0C       		.uleb128 0xc
 890 04ac C0020000 		.4byte	.LASF77
 891 04b0 05       		.byte	0x5
 892 04b1 9102     		.2byte	0x291
 893 04b3 6B000000 		.4byte	0x6b
 894 04b7 1A       		.byte	0x1a
 895 04b8 0C       		.uleb128 0xc
 896 04b9 5C030000 		.4byte	.LASF78
 897 04bd 05       		.byte	0x5
 898 04be 9B02     		.2byte	0x29b
 899 04c0 6B000000 		.4byte	0x6b
 900 04c4 1B       		.byte	0x1b
 901 04c5 0C       		.uleb128 0xc
 902 04c6 7D060000 		.4byte	.LASF79
 903 04ca 05       		.byte	0x5
 904 04cb A302     		.2byte	0x2a3
 905 04cd E6040000 		.4byte	0x4e6
 906 04d1 1C       		.byte	0x1c
 907 04d2 00       		.byte	0
ARM GAS  C:\Users\LUCASC~1\AppData\Local\Temp\ccRlBkDU.s 			page 21


 908 04d3 0F       		.uleb128 0xf
 909 04d4 04       		.byte	0x4
 910 04d5 D9040000 		.4byte	0x4d9
 911 04d9 10       		.uleb128 0x10
 912 04da 0F       		.uleb128 0xf
 913 04db 04       		.byte	0x4
 914 04dc C2020000 		.4byte	0x2c2
 915 04e0 0F       		.uleb128 0xf
 916 04e1 04       		.byte	0x4
 917 04e2 6B000000 		.4byte	0x6b
 918 04e6 0F       		.uleb128 0xf
 919 04e7 04       		.byte	0x4
 920 04e8 2E010000 		.4byte	0x12e
 921 04ec 04       		.uleb128 0x4
 922 04ed 09010000 		.4byte	.LASF80
 923 04f1 05       		.byte	0x5
 924 04f2 A402     		.2byte	0x2a4
 925 04f4 47040000 		.4byte	0x447
 926 04f8 0D       		.uleb128 0xd
 927 04f9 A0       		.byte	0xa0
 928 04fa 05       		.byte	0x5
 929 04fb AA02     		.2byte	0x2aa
 930 04fd 0F050000 		.4byte	0x50f
 931 0501 0C       		.uleb128 0xc
 932 0502 FB050000 		.4byte	.LASF81
 933 0506 05       		.byte	0x5
 934 0507 AF02     		.2byte	0x2af
 935 0509 0F050000 		.4byte	0x50f
 936 050d 00       		.byte	0
 937 050e 00       		.byte	0
 938 050f 0A       		.uleb128 0xa
 939 0510 EC040000 		.4byte	0x4ec
 940 0514 1F050000 		.4byte	0x51f
 941 0518 0B       		.uleb128 0xb
 942 0519 B0000000 		.4byte	0xb0
 943 051d 04       		.byte	0x4
 944 051e 00       		.byte	0
 945 051f 04       		.uleb128 0x4
 946 0520 00000000 		.4byte	.LASF82
 947 0524 05       		.byte	0x5
 948 0525 B002     		.2byte	0x2b0
 949 0527 F8040000 		.4byte	0x4f8
 950 052b 11       		.uleb128 0x11
 951 052c 01       		.byte	0x1
 952 052d 2C000000 		.4byte	0x2c
 953 0531 06       		.byte	0x6
 954 0532 2E       		.byte	0x2e
 955 0533 62050000 		.4byte	0x562
 956 0537 12       		.uleb128 0x12
 957 0538 6F010000 		.4byte	.LASF83
 958 053c 00       		.byte	0
 959 053d 12       		.uleb128 0x12
 960 053e 7C040000 		.4byte	.LASF84
 961 0542 01       		.byte	0x1
 962 0543 12       		.uleb128 0x12
 963 0544 BA050000 		.4byte	.LASF85
 964 0548 02       		.byte	0x2
ARM GAS  C:\Users\LUCASC~1\AppData\Local\Temp\ccRlBkDU.s 			page 22


 965 0549 12       		.uleb128 0x12
 966 054a EF000000 		.4byte	.LASF86
 967 054e 03       		.byte	0x3
 968 054f 12       		.uleb128 0x12
 969 0550 7F050000 		.4byte	.LASF87
 970 0554 04       		.byte	0x4
 971 0555 12       		.uleb128 0x12
 972 0556 9B020000 		.4byte	.LASF88
 973 055a 05       		.byte	0x5
 974 055b 12       		.uleb128 0x12
 975 055c 90000000 		.4byte	.LASF89
 976 0560 06       		.byte	0x6
 977 0561 00       		.byte	0
 978 0562 09       		.uleb128 0x9
 979 0563 59000000 		.4byte	.LASF90
 980 0567 06       		.byte	0x6
 981 0568 36       		.byte	0x36
 982 0569 2B050000 		.4byte	0x52b
 983 056d 13       		.uleb128 0x13
 984 056e 2F000000 		.4byte	.LASF108
 985 0572 01       		.byte	0x1
 986 0573 44       		.byte	0x44
 987 0574 00000000 		.4byte	.LFB1
 988 0578 14000000 		.4byte	.LFE1-.LFB1
 989 057c 01       		.uleb128 0x1
 990 057d 9C       		.byte	0x9c
 991 057e 8E050000 		.4byte	0x58e
 992 0582 14       		.uleb128 0x14
 993 0583 9E050000 		.4byte	.LASF97
 994 0587 01       		.byte	0x1
 995 0588 46       		.byte	0x46
 996 0589 8E050000 		.4byte	0x58e
 997 058d 00       		.byte	0
 998 058e 0F       		.uleb128 0xf
 999 058f 04       		.byte	0x4
 1000 0590 94050000 		.4byte	0x594
 1001 0594 05       		.uleb128 0x5
 1002 0595 3B040000 		.4byte	0x43b
 1003 0599 15       		.uleb128 0x15
 1004 059a 3A020000 		.4byte	.LASF109
 1005 059e 01       		.byte	0x1
 1006 059f 73       		.byte	0x73
 1007 05a0 83000000 		.4byte	0x83
 1008 05a4 00000000 		.4byte	.LFB2
 1009 05a8 10010000 		.4byte	.LFE2-.LFB2
 1010 05ac 01       		.uleb128 0x1
 1011 05ad 9C       		.byte	0x9c
 1012 05ae 66060000 		.4byte	0x666
 1013 05b2 16       		.uleb128 0x16
 1014 05b3 36050000 		.4byte	.LASF91
 1015 05b7 01       		.byte	0x1
 1016 05b8 75       		.byte	0x75
 1017 05b9 6B000000 		.4byte	0x6b
 1018 05bd 00000000 		.4byte	.LLST0
 1019 05c1 16       		.uleb128 0x16
 1020 05c2 D0040000 		.4byte	.LASF92
 1021 05c6 01       		.byte	0x1
ARM GAS  C:\Users\LUCASC~1\AppData\Local\Temp\ccRlBkDU.s 			page 23


 1022 05c7 76       		.byte	0x76
 1023 05c8 83000000 		.4byte	0x83
 1024 05cc 29000000 		.4byte	.LLST1
 1025 05d0 16       		.uleb128 0x16
 1026 05d1 4A000000 		.4byte	.LASF93
 1027 05d5 01       		.byte	0x1
 1028 05d6 77       		.byte	0x77
 1029 05d7 83000000 		.4byte	0x83
 1030 05db 3C000000 		.4byte	.LLST2
 1031 05df 16       		.uleb128 0x16
 1032 05e0 AF050000 		.4byte	.LASF94
 1033 05e4 01       		.byte	0x1
 1034 05e5 78       		.byte	0x78
 1035 05e6 83000000 		.4byte	0x83
 1036 05ea 4F000000 		.4byte	.LLST3
 1037 05ee 16       		.uleb128 0x16
 1038 05ef 70060000 		.4byte	.LASF95
 1039 05f3 01       		.byte	0x1
 1040 05f4 79       		.byte	0x79
 1041 05f5 62050000 		.4byte	0x562
 1042 05f9 0F010000 		.4byte	.LLST4
 1043 05fd 16       		.uleb128 0x16
 1044 05fe 5A060000 		.4byte	.LASF96
 1045 0602 01       		.byte	0x1
 1046 0603 7A       		.byte	0x7a
 1047 0604 83000000 		.4byte	0x83
 1048 0608 22010000 		.4byte	.LLST5
 1049 060c 14       		.uleb128 0x14
 1050 060d 9E050000 		.4byte	.LASF97
 1051 0611 01       		.byte	0x1
 1052 0612 7C       		.byte	0x7c
 1053 0613 8E050000 		.4byte	0x58e
 1054 0617 16       		.uleb128 0x16
 1055 0618 A4030000 		.4byte	.LASF98
 1056 061c 01       		.byte	0x1
 1057 061d 7D       		.byte	0x7d
 1058 061e 66060000 		.4byte	0x666
 1059 0622 63010000 		.4byte	.LLST6
 1060 0626 17       		.uleb128 0x17
 1061 0627 12000000 		.4byte	.LVL3
 1062 062b 9F060000 		.4byte	0x69f
 1063 062f 17       		.uleb128 0x17
 1064 0630 1C000000 		.4byte	.LVL4
 1065 0634 AA060000 		.4byte	0x6aa
 1066 0638 17       		.uleb128 0x17
 1067 0639 46000000 		.4byte	.LVL10
 1068 063d B5060000 		.4byte	0x6b5
 1069 0641 17       		.uleb128 0x17
 1070 0642 76000000 		.4byte	.LVL19
 1071 0646 9F060000 		.4byte	0x69f
 1072 064a 17       		.uleb128 0x17
 1073 064b 90000000 		.4byte	.LVL20
 1074 064f AA060000 		.4byte	0x6aa
 1075 0653 17       		.uleb128 0x17
 1076 0654 E0000000 		.4byte	.LVL29
 1077 0658 9F060000 		.4byte	0x69f
 1078 065c 17       		.uleb128 0x17
ARM GAS  C:\Users\LUCASC~1\AppData\Local\Temp\ccRlBkDU.s 			page 24


 1079 065d F6000000 		.4byte	.LVL30
 1080 0661 AA060000 		.4byte	0x6aa
 1081 0665 00       		.byte	0
 1082 0666 0F       		.uleb128 0xf
 1083 0667 04       		.byte	0x4
 1084 0668 6C060000 		.4byte	0x66c
 1085 066c 05       		.uleb128 0x5
 1086 066d C2020000 		.4byte	0x2c2
 1087 0671 18       		.uleb128 0x18
 1088 0672 67050000 		.4byte	.LASF99
 1089 0676 01       		.byte	0x1
 1090 0677 35       		.byte	0x35
 1091 0678 83000000 		.4byte	0x83
 1092 067c 05       		.uleb128 0x5
 1093 067d 03       		.byte	0x3
 1094 067e 00000000 		.4byte	tunerFsm
 1095 0682 19       		.uleb128 0x19
 1096 0683 14030000 		.4byte	.LASF100
 1097 0687 05       		.byte	0x5
 1098 0688 4404     		.2byte	0x444
 1099 068a 3B040000 		.4byte	0x43b
 1100 068e 19       		.uleb128 0x19
 1101 068f 0F060000 		.4byte	.LASF101
 1102 0693 05       		.byte	0x5
 1103 0694 4504     		.2byte	0x445
 1104 0696 9A060000 		.4byte	0x69a
 1105 069a 1A       		.uleb128 0x1a
 1106 069b 1F050000 		.4byte	0x51f
 1107 069f 1B       		.uleb128 0x1b
 1108 06a0 AE030000 		.4byte	.LASF102
 1109 06a4 AE030000 		.4byte	.LASF102
 1110 06a8 07       		.byte	0x7
 1111 06a9 E5       		.byte	0xe5
 1112 06aa 1B       		.uleb128 0x1b
 1113 06ab 6E000000 		.4byte	.LASF103
 1114 06af 6E000000 		.4byte	.LASF103
 1115 06b3 07       		.byte	0x7
 1116 06b4 E6       		.byte	0xe6
 1117 06b5 1B       		.uleb128 0x1b
 1118 06b6 3C040000 		.4byte	.LASF104
 1119 06ba 3C040000 		.4byte	.LASF104
 1120 06be 08       		.byte	0x8
 1121 06bf 3B       		.byte	0x3b
 1122 06c0 00       		.byte	0
 1123              		.section	.debug_abbrev,"",%progbits
 1124              	.Ldebug_abbrev0:
 1125 0000 01       		.uleb128 0x1
 1126 0001 11       		.uleb128 0x11
 1127 0002 01       		.byte	0x1
 1128 0003 25       		.uleb128 0x25
 1129 0004 0E       		.uleb128 0xe
 1130 0005 13       		.uleb128 0x13
 1131 0006 0B       		.uleb128 0xb
 1132 0007 03       		.uleb128 0x3
 1133 0008 0E       		.uleb128 0xe
 1134 0009 1B       		.uleb128 0x1b
 1135 000a 0E       		.uleb128 0xe
ARM GAS  C:\Users\LUCASC~1\AppData\Local\Temp\ccRlBkDU.s 			page 25


 1136 000b 55       		.uleb128 0x55
 1137 000c 17       		.uleb128 0x17
 1138 000d 11       		.uleb128 0x11
 1139 000e 01       		.uleb128 0x1
 1140 000f 10       		.uleb128 0x10
 1141 0010 17       		.uleb128 0x17
 1142 0011 00       		.byte	0
 1143 0012 00       		.byte	0
 1144 0013 02       		.uleb128 0x2
 1145 0014 24       		.uleb128 0x24
 1146 0015 00       		.byte	0
 1147 0016 0B       		.uleb128 0xb
 1148 0017 0B       		.uleb128 0xb
 1149 0018 3E       		.uleb128 0x3e
 1150 0019 0B       		.uleb128 0xb
 1151 001a 03       		.uleb128 0x3
 1152 001b 0E       		.uleb128 0xe
 1153 001c 00       		.byte	0
 1154 001d 00       		.byte	0
 1155 001e 03       		.uleb128 0x3
 1156 001f 24       		.uleb128 0x24
 1157 0020 00       		.byte	0
 1158 0021 0B       		.uleb128 0xb
 1159 0022 0B       		.uleb128 0xb
 1160 0023 3E       		.uleb128 0x3e
 1161 0024 0B       		.uleb128 0xb
 1162 0025 03       		.uleb128 0x3
 1163 0026 08       		.uleb128 0x8
 1164 0027 00       		.byte	0
 1165 0028 00       		.byte	0
 1166 0029 04       		.uleb128 0x4
 1167 002a 16       		.uleb128 0x16
 1168 002b 00       		.byte	0
 1169 002c 03       		.uleb128 0x3
 1170 002d 0E       		.uleb128 0xe
 1171 002e 3A       		.uleb128 0x3a
 1172 002f 0B       		.uleb128 0xb
 1173 0030 3B       		.uleb128 0x3b
 1174 0031 05       		.uleb128 0x5
 1175 0032 49       		.uleb128 0x49
 1176 0033 13       		.uleb128 0x13
 1177 0034 00       		.byte	0
 1178 0035 00       		.byte	0
 1179 0036 05       		.uleb128 0x5
 1180 0037 35       		.uleb128 0x35
 1181 0038 00       		.byte	0
 1182 0039 49       		.uleb128 0x49
 1183 003a 13       		.uleb128 0x13
 1184 003b 00       		.byte	0
 1185 003c 00       		.byte	0
 1186 003d 06       		.uleb128 0x6
 1187 003e 0F       		.uleb128 0xf
 1188 003f 00       		.byte	0
 1189 0040 0B       		.uleb128 0xb
 1190 0041 0B       		.uleb128 0xb
 1191 0042 00       		.byte	0
 1192 0043 00       		.byte	0
ARM GAS  C:\Users\LUCASC~1\AppData\Local\Temp\ccRlBkDU.s 			page 26


 1193 0044 07       		.uleb128 0x7
 1194 0045 13       		.uleb128 0x13
 1195 0046 01       		.byte	0x1
 1196 0047 0B       		.uleb128 0xb
 1197 0048 0B       		.uleb128 0xb
 1198 0049 3A       		.uleb128 0x3a
 1199 004a 0B       		.uleb128 0xb
 1200 004b 3B       		.uleb128 0x3b
 1201 004c 0B       		.uleb128 0xb
 1202 004d 01       		.uleb128 0x1
 1203 004e 13       		.uleb128 0x13
 1204 004f 00       		.byte	0
 1205 0050 00       		.byte	0
 1206 0051 08       		.uleb128 0x8
 1207 0052 0D       		.uleb128 0xd
 1208 0053 00       		.byte	0
 1209 0054 03       		.uleb128 0x3
 1210 0055 0E       		.uleb128 0xe
 1211 0056 3A       		.uleb128 0x3a
 1212 0057 0B       		.uleb128 0xb
 1213 0058 3B       		.uleb128 0x3b
 1214 0059 0B       		.uleb128 0xb
 1215 005a 49       		.uleb128 0x49
 1216 005b 13       		.uleb128 0x13
 1217 005c 38       		.uleb128 0x38
 1218 005d 0B       		.uleb128 0xb
 1219 005e 00       		.byte	0
 1220 005f 00       		.byte	0
 1221 0060 09       		.uleb128 0x9
 1222 0061 16       		.uleb128 0x16
 1223 0062 00       		.byte	0
 1224 0063 03       		.uleb128 0x3
 1225 0064 0E       		.uleb128 0xe
 1226 0065 3A       		.uleb128 0x3a
 1227 0066 0B       		.uleb128 0xb
 1228 0067 3B       		.uleb128 0x3b
 1229 0068 0B       		.uleb128 0xb
 1230 0069 49       		.uleb128 0x49
 1231 006a 13       		.uleb128 0x13
 1232 006b 00       		.byte	0
 1233 006c 00       		.byte	0
 1234 006d 0A       		.uleb128 0xa
 1235 006e 01       		.uleb128 0x1
 1236 006f 01       		.byte	0x1
 1237 0070 49       		.uleb128 0x49
 1238 0071 13       		.uleb128 0x13
 1239 0072 01       		.uleb128 0x1
 1240 0073 13       		.uleb128 0x13
 1241 0074 00       		.byte	0
 1242 0075 00       		.byte	0
 1243 0076 0B       		.uleb128 0xb
 1244 0077 21       		.uleb128 0x21
 1245 0078 00       		.byte	0
 1246 0079 49       		.uleb128 0x49
 1247 007a 13       		.uleb128 0x13
 1248 007b 2F       		.uleb128 0x2f
 1249 007c 0B       		.uleb128 0xb
ARM GAS  C:\Users\LUCASC~1\AppData\Local\Temp\ccRlBkDU.s 			page 27


 1250 007d 00       		.byte	0
 1251 007e 00       		.byte	0
 1252 007f 0C       		.uleb128 0xc
 1253 0080 0D       		.uleb128 0xd
 1254 0081 00       		.byte	0
 1255 0082 03       		.uleb128 0x3
 1256 0083 0E       		.uleb128 0xe
 1257 0084 3A       		.uleb128 0x3a
 1258 0085 0B       		.uleb128 0xb
 1259 0086 3B       		.uleb128 0x3b
 1260 0087 05       		.uleb128 0x5
 1261 0088 49       		.uleb128 0x49
 1262 0089 13       		.uleb128 0x13
 1263 008a 38       		.uleb128 0x38
 1264 008b 0B       		.uleb128 0xb
 1265 008c 00       		.byte	0
 1266 008d 00       		.byte	0
 1267 008e 0D       		.uleb128 0xd
 1268 008f 13       		.uleb128 0x13
 1269 0090 01       		.byte	0x1
 1270 0091 0B       		.uleb128 0xb
 1271 0092 0B       		.uleb128 0xb
 1272 0093 3A       		.uleb128 0x3a
 1273 0094 0B       		.uleb128 0xb
 1274 0095 3B       		.uleb128 0x3b
 1275 0096 05       		.uleb128 0x5
 1276 0097 01       		.uleb128 0x1
 1277 0098 13       		.uleb128 0x13
 1278 0099 00       		.byte	0
 1279 009a 00       		.byte	0
 1280 009b 0E       		.uleb128 0xe
 1281 009c 0D       		.uleb128 0xd
 1282 009d 00       		.byte	0
 1283 009e 03       		.uleb128 0x3
 1284 009f 08       		.uleb128 0x8
 1285 00a0 3A       		.uleb128 0x3a
 1286 00a1 0B       		.uleb128 0xb
 1287 00a2 3B       		.uleb128 0x3b
 1288 00a3 05       		.uleb128 0x5
 1289 00a4 49       		.uleb128 0x49
 1290 00a5 13       		.uleb128 0x13
 1291 00a6 38       		.uleb128 0x38
 1292 00a7 0B       		.uleb128 0xb
 1293 00a8 00       		.byte	0
 1294 00a9 00       		.byte	0
 1295 00aa 0F       		.uleb128 0xf
 1296 00ab 0F       		.uleb128 0xf
 1297 00ac 00       		.byte	0
 1298 00ad 0B       		.uleb128 0xb
 1299 00ae 0B       		.uleb128 0xb
 1300 00af 49       		.uleb128 0x49
 1301 00b0 13       		.uleb128 0x13
 1302 00b1 00       		.byte	0
 1303 00b2 00       		.byte	0
 1304 00b3 10       		.uleb128 0x10
 1305 00b4 26       		.uleb128 0x26
 1306 00b5 00       		.byte	0
ARM GAS  C:\Users\LUCASC~1\AppData\Local\Temp\ccRlBkDU.s 			page 28


 1307 00b6 00       		.byte	0
 1308 00b7 00       		.byte	0
 1309 00b8 11       		.uleb128 0x11
 1310 00b9 04       		.uleb128 0x4
 1311 00ba 01       		.byte	0x1
 1312 00bb 0B       		.uleb128 0xb
 1313 00bc 0B       		.uleb128 0xb
 1314 00bd 49       		.uleb128 0x49
 1315 00be 13       		.uleb128 0x13
 1316 00bf 3A       		.uleb128 0x3a
 1317 00c0 0B       		.uleb128 0xb
 1318 00c1 3B       		.uleb128 0x3b
 1319 00c2 0B       		.uleb128 0xb
 1320 00c3 01       		.uleb128 0x1
 1321 00c4 13       		.uleb128 0x13
 1322 00c5 00       		.byte	0
 1323 00c6 00       		.byte	0
 1324 00c7 12       		.uleb128 0x12
 1325 00c8 28       		.uleb128 0x28
 1326 00c9 00       		.byte	0
 1327 00ca 03       		.uleb128 0x3
 1328 00cb 0E       		.uleb128 0xe
 1329 00cc 1C       		.uleb128 0x1c
 1330 00cd 0B       		.uleb128 0xb
 1331 00ce 00       		.byte	0
 1332 00cf 00       		.byte	0
 1333 00d0 13       		.uleb128 0x13
 1334 00d1 2E       		.uleb128 0x2e
 1335 00d2 01       		.byte	0x1
 1336 00d3 3F       		.uleb128 0x3f
 1337 00d4 19       		.uleb128 0x19
 1338 00d5 03       		.uleb128 0x3
 1339 00d6 0E       		.uleb128 0xe
 1340 00d7 3A       		.uleb128 0x3a
 1341 00d8 0B       		.uleb128 0xb
 1342 00d9 3B       		.uleb128 0x3b
 1343 00da 0B       		.uleb128 0xb
 1344 00db 27       		.uleb128 0x27
 1345 00dc 19       		.uleb128 0x19
 1346 00dd 11       		.uleb128 0x11
 1347 00de 01       		.uleb128 0x1
 1348 00df 12       		.uleb128 0x12
 1349 00e0 06       		.uleb128 0x6
 1350 00e1 40       		.uleb128 0x40
 1351 00e2 18       		.uleb128 0x18
 1352 00e3 9742     		.uleb128 0x2117
 1353 00e5 19       		.uleb128 0x19
 1354 00e6 01       		.uleb128 0x1
 1355 00e7 13       		.uleb128 0x13
 1356 00e8 00       		.byte	0
 1357 00e9 00       		.byte	0
 1358 00ea 14       		.uleb128 0x14
 1359 00eb 34       		.uleb128 0x34
 1360 00ec 00       		.byte	0
 1361 00ed 03       		.uleb128 0x3
 1362 00ee 0E       		.uleb128 0xe
 1363 00ef 3A       		.uleb128 0x3a
ARM GAS  C:\Users\LUCASC~1\AppData\Local\Temp\ccRlBkDU.s 			page 29


 1364 00f0 0B       		.uleb128 0xb
 1365 00f1 3B       		.uleb128 0x3b
 1366 00f2 0B       		.uleb128 0xb
 1367 00f3 49       		.uleb128 0x49
 1368 00f4 13       		.uleb128 0x13
 1369 00f5 00       		.byte	0
 1370 00f6 00       		.byte	0
 1371 00f7 15       		.uleb128 0x15
 1372 00f8 2E       		.uleb128 0x2e
 1373 00f9 01       		.byte	0x1
 1374 00fa 3F       		.uleb128 0x3f
 1375 00fb 19       		.uleb128 0x19
 1376 00fc 03       		.uleb128 0x3
 1377 00fd 0E       		.uleb128 0xe
 1378 00fe 3A       		.uleb128 0x3a
 1379 00ff 0B       		.uleb128 0xb
 1380 0100 3B       		.uleb128 0x3b
 1381 0101 0B       		.uleb128 0xb
 1382 0102 27       		.uleb128 0x27
 1383 0103 19       		.uleb128 0x19
 1384 0104 49       		.uleb128 0x49
 1385 0105 13       		.uleb128 0x13
 1386 0106 11       		.uleb128 0x11
 1387 0107 01       		.uleb128 0x1
 1388 0108 12       		.uleb128 0x12
 1389 0109 06       		.uleb128 0x6
 1390 010a 40       		.uleb128 0x40
 1391 010b 18       		.uleb128 0x18
 1392 010c 9742     		.uleb128 0x2117
 1393 010e 19       		.uleb128 0x19
 1394 010f 01       		.uleb128 0x1
 1395 0110 13       		.uleb128 0x13
 1396 0111 00       		.byte	0
 1397 0112 00       		.byte	0
 1398 0113 16       		.uleb128 0x16
 1399 0114 34       		.uleb128 0x34
 1400 0115 00       		.byte	0
 1401 0116 03       		.uleb128 0x3
 1402 0117 0E       		.uleb128 0xe
 1403 0118 3A       		.uleb128 0x3a
 1404 0119 0B       		.uleb128 0xb
 1405 011a 3B       		.uleb128 0x3b
 1406 011b 0B       		.uleb128 0xb
 1407 011c 49       		.uleb128 0x49
 1408 011d 13       		.uleb128 0x13
 1409 011e 02       		.uleb128 0x2
 1410 011f 17       		.uleb128 0x17
 1411 0120 00       		.byte	0
 1412 0121 00       		.byte	0
 1413 0122 17       		.uleb128 0x17
 1414 0123 898201   		.uleb128 0x4109
 1415 0126 00       		.byte	0
 1416 0127 11       		.uleb128 0x11
 1417 0128 01       		.uleb128 0x1
 1418 0129 31       		.uleb128 0x31
 1419 012a 13       		.uleb128 0x13
 1420 012b 00       		.byte	0
ARM GAS  C:\Users\LUCASC~1\AppData\Local\Temp\ccRlBkDU.s 			page 30


 1421 012c 00       		.byte	0
 1422 012d 18       		.uleb128 0x18
 1423 012e 34       		.uleb128 0x34
 1424 012f 00       		.byte	0
 1425 0130 03       		.uleb128 0x3
 1426 0131 0E       		.uleb128 0xe
 1427 0132 3A       		.uleb128 0x3a
 1428 0133 0B       		.uleb128 0xb
 1429 0134 3B       		.uleb128 0x3b
 1430 0135 0B       		.uleb128 0xb
 1431 0136 49       		.uleb128 0x49
 1432 0137 13       		.uleb128 0x13
 1433 0138 02       		.uleb128 0x2
 1434 0139 18       		.uleb128 0x18
 1435 013a 00       		.byte	0
 1436 013b 00       		.byte	0
 1437 013c 19       		.uleb128 0x19
 1438 013d 34       		.uleb128 0x34
 1439 013e 00       		.byte	0
 1440 013f 03       		.uleb128 0x3
 1441 0140 0E       		.uleb128 0xe
 1442 0141 3A       		.uleb128 0x3a
 1443 0142 0B       		.uleb128 0xb
 1444 0143 3B       		.uleb128 0x3b
 1445 0144 05       		.uleb128 0x5
 1446 0145 49       		.uleb128 0x49
 1447 0146 13       		.uleb128 0x13
 1448 0147 3F       		.uleb128 0x3f
 1449 0148 19       		.uleb128 0x19
 1450 0149 3C       		.uleb128 0x3c
 1451 014a 19       		.uleb128 0x19
 1452 014b 00       		.byte	0
 1453 014c 00       		.byte	0
 1454 014d 1A       		.uleb128 0x1a
 1455 014e 26       		.uleb128 0x26
 1456 014f 00       		.byte	0
 1457 0150 49       		.uleb128 0x49
 1458 0151 13       		.uleb128 0x13
 1459 0152 00       		.byte	0
 1460 0153 00       		.byte	0
 1461 0154 1B       		.uleb128 0x1b
 1462 0155 2E       		.uleb128 0x2e
 1463 0156 00       		.byte	0
 1464 0157 3F       		.uleb128 0x3f
 1465 0158 19       		.uleb128 0x19
 1466 0159 3C       		.uleb128 0x3c
 1467 015a 19       		.uleb128 0x19
 1468 015b 6E       		.uleb128 0x6e
 1469 015c 0E       		.uleb128 0xe
 1470 015d 03       		.uleb128 0x3
 1471 015e 0E       		.uleb128 0xe
 1472 015f 3A       		.uleb128 0x3a
 1473 0160 0B       		.uleb128 0xb
 1474 0161 3B       		.uleb128 0x3b
 1475 0162 0B       		.uleb128 0xb
 1476 0163 00       		.byte	0
 1477 0164 00       		.byte	0
ARM GAS  C:\Users\LUCASC~1\AppData\Local\Temp\ccRlBkDU.s 			page 31


 1478 0165 00       		.byte	0
 1479              		.section	.debug_loc,"",%progbits
 1480              	.Ldebug_loc0:
 1481              	.LLST0:
 1482 0000 12000000 		.4byte	.LVL3
 1483 0004 1B000000 		.4byte	.LVL4-1
 1484 0008 0100     		.2byte	0x1
 1485 000a 50       		.byte	0x50
 1486 000b 76000000 		.4byte	.LVL19
 1487 000f 8F000000 		.4byte	.LVL20-1
 1488 0013 0100     		.2byte	0x1
 1489 0015 50       		.byte	0x50
 1490 0016 E0000000 		.4byte	.LVL29
 1491 001a F5000000 		.4byte	.LVL30-1
 1492 001e 0100     		.2byte	0x1
 1493 0020 50       		.byte	0x50
 1494 0021 00000000 		.4byte	0
 1495 0025 00000000 		.4byte	0
 1496              	.LLST1:
 1497 0029 A6000000 		.4byte	.LVL22
 1498 002d CE000000 		.4byte	.LVL25
 1499 0031 0100     		.2byte	0x1
 1500 0033 53       		.byte	0x53
 1501 0034 00000000 		.4byte	0
 1502 0038 00000000 		.4byte	0
 1503              	.LLST2:
 1504 003c AC000000 		.4byte	.LVL23
 1505 0040 D8000000 		.4byte	.LVL27
 1506 0044 0100     		.2byte	0x1
 1507 0046 52       		.byte	0x52
 1508 0047 00000000 		.4byte	0
 1509 004b 00000000 		.4byte	0
 1510              	.LLST3:
 1511 004f 02000000 		.4byte	.LVL1
 1512 0053 06000000 		.4byte	.LVL2
 1513 0057 0200     		.2byte	0x2
 1514 0059 30       		.byte	0x30
 1515 005a 9F       		.byte	0x9f
 1516 005b 06000000 		.4byte	.LVL2
 1517 005f 34000000 		.4byte	.LVL6
 1518 0063 0100     		.2byte	0x1
 1519 0065 56       		.byte	0x56
 1520 0066 34000000 		.4byte	.LVL6
 1521 006a 38000000 		.4byte	.LVL7
 1522 006e 0200     		.2byte	0x2
 1523 0070 31       		.byte	0x31
 1524 0071 9F       		.byte	0x9f
 1525 0072 38000000 		.4byte	.LVL7
 1526 0076 3E000000 		.4byte	.LVL8
 1527 007a 0100     		.2byte	0x1
 1528 007c 56       		.byte	0x56
 1529 007d 3E000000 		.4byte	.LVL8
 1530 0081 42000000 		.4byte	.LVL9
 1531 0085 0200     		.2byte	0x2
 1532 0087 31       		.byte	0x31
 1533 0088 9F       		.byte	0x9f
 1534 0089 42000000 		.4byte	.LVL9
ARM GAS  C:\Users\LUCASC~1\AppData\Local\Temp\ccRlBkDU.s 			page 32


 1535 008d 4C000000 		.4byte	.LVL11
 1536 0091 0100     		.2byte	0x1
 1537 0093 56       		.byte	0x56
 1538 0094 4C000000 		.4byte	.LVL11
 1539 0098 52000000 		.4byte	.LVL12
 1540 009c 0200     		.2byte	0x2
 1541 009e 31       		.byte	0x31
 1542 009f 9F       		.byte	0x9f
 1543 00a0 52000000 		.4byte	.LVL12
 1544 00a4 58000000 		.4byte	.LVL13
 1545 00a8 0100     		.2byte	0x1
 1546 00aa 56       		.byte	0x56
 1547 00ab 58000000 		.4byte	.LVL13
 1548 00af 5C000000 		.4byte	.LVL14
 1549 00b3 0200     		.2byte	0x2
 1550 00b5 31       		.byte	0x31
 1551 00b6 9F       		.byte	0x9f
 1552 00b7 5C000000 		.4byte	.LVL14
 1553 00bb 62000000 		.4byte	.LVL15
 1554 00bf 0100     		.2byte	0x1
 1555 00c1 56       		.byte	0x56
 1556 00c2 62000000 		.4byte	.LVL15
 1557 00c6 66000000 		.4byte	.LVL16
 1558 00ca 0200     		.2byte	0x2
 1559 00cc 31       		.byte	0x31
 1560 00cd 9F       		.byte	0x9f
 1561 00ce 66000000 		.4byte	.LVL16
 1562 00d2 6C000000 		.4byte	.LVL17
 1563 00d6 0100     		.2byte	0x1
 1564 00d8 56       		.byte	0x56
 1565 00d9 6C000000 		.4byte	.LVL17
 1566 00dd 6E000000 		.4byte	.LVL18
 1567 00e1 0200     		.2byte	0x2
 1568 00e3 30       		.byte	0x30
 1569 00e4 9F       		.byte	0x9f
 1570 00e5 6E000000 		.4byte	.LVL18
 1571 00e9 90000000 		.4byte	.LVL20
 1572 00ed 0100     		.2byte	0x1
 1573 00ef 56       		.byte	0x56
 1574 00f0 90000000 		.4byte	.LVL20
 1575 00f4 92000000 		.4byte	.LVL21
 1576 00f8 0200     		.2byte	0x2
 1577 00fa 30       		.byte	0x30
 1578 00fb 9F       		.byte	0x9f
 1579 00fc 92000000 		.4byte	.LVL21
 1580 0100 F8000000 		.4byte	.LVL32
 1581 0104 0100     		.2byte	0x1
 1582 0106 56       		.byte	0x56
 1583 0107 00000000 		.4byte	0
 1584 010b 00000000 		.4byte	0
 1585              	.LLST4:
 1586 010f 22000000 		.4byte	.LVL5
 1587 0113 C4000000 		.4byte	.LVL24
 1588 0117 0100     		.2byte	0x1
 1589 0119 54       		.byte	0x54
 1590 011a 00000000 		.4byte	0
 1591 011e 00000000 		.4byte	0
ARM GAS  C:\Users\LUCASC~1\AppData\Local\Temp\ccRlBkDU.s 			page 33


 1592              	.LLST5:
 1593 0122 02000000 		.4byte	.LVL1
 1594 0126 06000000 		.4byte	.LVL2
 1595 012a 0200     		.2byte	0x2
 1596 012c 30       		.byte	0x30
 1597 012d 9F       		.byte	0x9f
 1598 012e 06000000 		.4byte	.LVL2
 1599 0132 46000000 		.4byte	.LVL10
 1600 0136 0100     		.2byte	0x1
 1601 0138 55       		.byte	0x55
 1602 0139 46000000 		.4byte	.LVL10
 1603 013d 52000000 		.4byte	.LVL12
 1604 0141 0200     		.2byte	0x2
 1605 0143 31       		.byte	0x31
 1606 0144 9F       		.byte	0x9f
 1607 0145 52000000 		.4byte	.LVL12
 1608 0149 F8000000 		.4byte	.LVL31
 1609 014d 0100     		.2byte	0x1
 1610 014f 55       		.byte	0x55
 1611 0150 F8000000 		.4byte	.LVL31
 1612 0154 10010000 		.4byte	.LFE2
 1613 0158 0100     		.2byte	0x1
 1614 015a 50       		.byte	0x50
 1615 015b 00000000 		.4byte	0
 1616 015f 00000000 		.4byte	0
 1617              	.LLST6:
 1618 0163 D4000000 		.4byte	.LVL26
 1619 0167 F6000000 		.4byte	.LVL30
 1620 016b 0100     		.2byte	0x1
 1621 016d 54       		.byte	0x54
 1622 016e 00000000 		.4byte	0
 1623 0172 00000000 		.4byte	0
 1624              		.section	.debug_aranges,"",%progbits
 1625 0000 24000000 		.4byte	0x24
 1626 0004 0200     		.2byte	0x2
 1627 0006 00000000 		.4byte	.Ldebug_info0
 1628 000a 04       		.byte	0x4
 1629 000b 00       		.byte	0
 1630 000c 0000     		.2byte	0
 1631 000e 0000     		.2byte	0
 1632 0010 00000000 		.4byte	.LFB1
 1633 0014 14000000 		.4byte	.LFE1-.LFB1
 1634 0018 00000000 		.4byte	.LFB2
 1635 001c 10010000 		.4byte	.LFE2-.LFB2
 1636 0020 00000000 		.4byte	0
 1637 0024 00000000 		.4byte	0
 1638              		.section	.debug_ranges,"",%progbits
 1639              	.Ldebug_ranges0:
 1640 0000 00000000 		.4byte	.LFB1
 1641 0004 14000000 		.4byte	.LFE1
 1642 0008 00000000 		.4byte	.LFB2
 1643 000c 10010000 		.4byte	.LFE2
 1644 0010 00000000 		.4byte	0
 1645 0014 00000000 		.4byte	0
 1646              		.section	.debug_line,"",%progbits
 1647              	.Ldebug_line0:
 1648 0000 34010000 		.section	.debug_str,"MS",%progbits,1
ARM GAS  C:\Users\LUCASC~1\AppData\Local\Temp\ccRlBkDU.s 			page 34


 1648      0200D000 
 1648      00000201 
 1648      FB0E0D00 
 1648      01010101 
 1649              	.LASF82:
 1650 0000 43617053 		.ascii	"CapSense_FLASH_STRUCT\000"
 1650      656E7365 
 1650      5F464C41 
 1650      53485F53 
 1650      54525543 
 1651              	.LASF63:
 1652 0016 77646774 		.ascii	"wdgtList\000"
 1652      4C697374 
 1652      00
 1653              	.LASF68:
 1654 001f 736E7254 		.ascii	"snrTestRawCount\000"
 1654      65737452 
 1654      6177436F 
 1654      756E7400 
 1655              	.LASF108:
 1656 002f 43617053 		.ascii	"CapSense_TuInitialize\000"
 1656      656E7365 
 1656      5F547549 
 1656      6E697469 
 1656      616C697A 
 1657              	.LASF45:
 1658 0045 62736C6E 		.ascii	"bsln\000"
 1658      00
 1659              	.LASF93:
 1660 004a 73656E73 		.ascii	"sensorId\000"
 1660      6F724964 
 1660      00
 1661              	.LASF41:
 1662 0053 72696768 		.ascii	"right\000"
 1662      7400
 1663              	.LASF90:
 1664 0059 43617053 		.ascii	"CapSense_TU_CMD_ENUM\000"
 1664      656E7365 
 1664      5F54555F 
 1664      434D445F 
 1664      454E554D 
 1665              	.LASF103:
 1666 006e 43794578 		.ascii	"CyExitCriticalSection\000"
 1666      69744372 
 1666      69746963 
 1666      616C5365 
 1666      6374696F 
 1667              	.LASF76:
 1668 0084 746F7461 		.ascii	"totalNumSns\000"
 1668      6C4E756D 
 1668      536E7300 
 1669              	.LASF89:
 1670 0090 43617053 		.ascii	"CapSense_TU_CMD_ONE_SCAN_E\000"
 1670      656E7365 
 1670      5F54555F 
 1670      434D445F 
 1670      4F4E455F 
ARM GAS  C:\Users\LUCASC~1\AppData\Local\Temp\ccRlBkDU.s 			page 35


 1671              	.LASF34:
 1672 00ab 69646163 		.ascii	"idacMod\000"
 1672      4D6F6400 
 1673              	.LASF2:
 1674 00b3 73686F72 		.ascii	"short int\000"
 1674      7420696E 
 1674      7400
 1675              	.LASF39:
 1676 00bd 43617053 		.ascii	"CapSense_RAM_WD_BUTTON_STRUCT\000"
 1676      656E7365 
 1676      5F52414D 
 1676      5F57445F 
 1676      42555454 
 1677              	.LASF32:
 1678 00db 6F6E4465 		.ascii	"onDebounce\000"
 1678      626F756E 
 1678      636500
 1679              	.LASF16:
 1680 00e6 73697A65 		.ascii	"sizetype\000"
 1680      74797065 
 1680      00
 1681              	.LASF86:
 1682 00ef 43617053 		.ascii	"CapSense_TU_CMD_RESTART_E\000"
 1682      656E7365 
 1682      5F54555F 
 1682      434D445F 
 1682      52455354 
 1683              	.LASF80:
 1684 0109 43617053 		.ascii	"CapSense_FLASH_WD_STRUCT\000"
 1684      656E7365 
 1684      5F464C41 
 1684      53485F57 
 1684      445F5354 
 1685              	.LASF52:
 1686 0122 636F6E66 		.ascii	"configId\000"
 1686      69674964 
 1686      00
 1687              	.LASF49:
 1688 012b 69646163 		.ascii	"idacComp\000"
 1688      436F6D70 
 1688      00
 1689              	.LASF61:
 1690 0134 63736430 		.ascii	"csd0Config\000"
 1690      436F6E66 
 1690      696700
 1691              	.LASF6:
 1692 013f 6C6F6E67 		.ascii	"long long int\000"
 1692      206C6F6E 
 1692      6720696E 
 1692      7400
 1693              	.LASF19:
 1694 014d 70617261 		.ascii	"param0\000"
 1694      6D3000
 1695              	.LASF36:
 1696 0154 736E7343 		.ascii	"snsClkSource\000"
 1696      6C6B536F 
 1696      75726365 
ARM GAS  C:\Users\LUCASC~1\AppData\Local\Temp\ccRlBkDU.s 			page 36


 1696      00
 1697              	.LASF21:
 1698 0161 70617261 		.ascii	"param2\000"
 1698      6D3200
 1699              	.LASF22:
 1700 0168 70617261 		.ascii	"param3\000"
 1700      6D3300
 1701              	.LASF83:
 1702 016f 43617053 		.ascii	"CapSense_TU_CMD_NONE_E\000"
 1702      656E7365 
 1702      5F54555F 
 1702      434D445F 
 1702      4E4F4E45 
 1703              	.LASF24:
 1704 0186 70617261 		.ascii	"param5\000"
 1704      6D3500
 1705              	.LASF25:
 1706 018d 70617261 		.ascii	"param6\000"
 1706      6D3600
 1707              	.LASF29:
 1708 0194 6E6F6973 		.ascii	"noiseTh\000"
 1708      65546800 
 1709              	.LASF53:
 1710 019c 64657669 		.ascii	"deviceId\000"
 1710      63654964 
 1710      00
 1711              	.LASF10:
 1712 01a5 75696E74 		.ascii	"uint16\000"
 1712      313600
 1713              	.LASF105:
 1714 01ac 474E5520 		.ascii	"GNU C11 5.4.1 20160609 (release) [ARM/embedded-5-br"
 1714      43313120 
 1714      352E342E 
 1714      31203230 
 1714      31363036 
 1715 01df 616E6368 		.ascii	"anch revision 237715] -mcpu=cortex-m0 -mthumb -g -O"
 1715      20726576 
 1715      6973696F 
 1715      6E203233 
 1715      37373135 
 1716 0212 67202D66 		.ascii	"g -ffunction-sections -ffat-lto-objects\000"
 1716      66756E63 
 1716      74696F6E 
 1716      2D736563 
 1716      74696F6E 
 1717              	.LASF109:
 1718 023a 43617053 		.ascii	"CapSense_RunTuner\000"
 1718      656E7365 
 1718      5F52756E 
 1718      54756E65 
 1718      7200
 1719              	.LASF74:
 1720 024c 70747232 		.ascii	"ptr2DebounceArr\000"
 1720      4465626F 
 1720      756E6365 
 1720      41727200 
 1721              	.LASF9:
ARM GAS  C:\Users\LUCASC~1\AppData\Local\Temp\ccRlBkDU.s 			page 37


 1722 025c 75696E74 		.ascii	"uint8\000"
 1722      3800
 1723              	.LASF35:
 1724 0262 736E7343 		.ascii	"snsClk\000"
 1724      6C6B00
 1725              	.LASF12:
 1726 0269 666C6F61 		.ascii	"float\000"
 1726      7400
 1727              	.LASF44:
 1728 026f 43617053 		.ascii	"CapSense_RAM_WD_LIST_STRUCT\000"
 1728      656E7365 
 1728      5F52414D 
 1728      5F57445F 
 1728      4C495354 
 1729              	.LASF66:
 1730 028b 736E7254 		.ascii	"snrTestSensorId\000"
 1730      65737453 
 1730      656E736F 
 1730      72496400 
 1731              	.LASF88:
 1732 029b 43617053 		.ascii	"CapSense_TU_CMD_PING_E\000"
 1732      656E7365 
 1732      5F54555F 
 1732      434D445F 
 1732      50494E47 
 1733              	.LASF14:
 1734 02b2 63686172 		.ascii	"char\000"
 1734      00
 1735              	.LASF4:
 1736 02b7 6C6F6E67 		.ascii	"long int\000"
 1736      20696E74 
 1736      00
 1737              	.LASF77:
 1738 02c0 77646774 		.ascii	"wdgtType\000"
 1738      54797065 
 1738      00
 1739              	.LASF106:
 1740 02c9 47656E65 		.ascii	"Generated_Source\\PSoC4\\CapSense_Tuner.c\000"
 1740      72617465 
 1740      645F536F 
 1740      75726365 
 1740      5C50536F 
 1741              	.LASF28:
 1742 02f1 66696E67 		.ascii	"fingerTh\000"
 1742      65725468 
 1742      00
 1743              	.LASF48:
 1744 02fa 6E656742 		.ascii	"negBslnRstCnt\000"
 1744      736C6E52 
 1744      7374436E 
 1744      7400
 1745              	.LASF71:
 1746 0308 70747232 		.ascii	"ptr2WdgtRam\000"
 1746      57646774 
 1746      52616D00 
 1747              	.LASF100:
 1748 0314 43617053 		.ascii	"CapSense_dsRam\000"
ARM GAS  C:\Users\LUCASC~1\AppData\Local\Temp\ccRlBkDU.s 			page 38


 1748      656E7365 
 1748      5F647352 
 1748      616D00
 1749              	.LASF107:
 1750 0323 443A5C6A 		.ascii	"D:\\job\\MCU\\Others\\PSoC_train\\Workspace02\\Cap_"
 1750      6F625C4D 
 1750      43555C4F 
 1750      74686572 
 1750      735C5053 
 1751 0350 53656E73 		.ascii	"Sense.cydsn\000"
 1751      652E6379 
 1751      64736E00 
 1752              	.LASF78:
 1753 035c 6E756D43 		.ascii	"numCols\000"
 1753      6F6C7300 
 1754              	.LASF1:
 1755 0364 756E7369 		.ascii	"unsigned char\000"
 1755      676E6564 
 1755      20636861 
 1755      7200
 1756              	.LASF31:
 1757 0372 68797374 		.ascii	"hysteresis\000"
 1757      65726573 
 1757      697300
 1758              	.LASF23:
 1759 037d 70617261 		.ascii	"param4\000"
 1759      6D3400
 1760              	.LASF55:
 1761 0384 74756E65 		.ascii	"tunerCmd\000"
 1761      72436D64 
 1761      00
 1762              	.LASF15:
 1763 038d 6C6F6E67 		.ascii	"long double\000"
 1763      20646F75 
 1763      626C6500 
 1764              	.LASF59:
 1765 0399 77646774 		.ascii	"wdgtStatus\000"
 1765      53746174 
 1765      757300
 1766              	.LASF98:
 1767 03a4 70747253 		.ascii	"ptrSnsTmp\000"
 1767      6E73546D 
 1767      7000
 1768              	.LASF102:
 1769 03ae 4379456E 		.ascii	"CyEnterCriticalSection\000"
 1769      74657243 
 1769      72697469 
 1769      63616C53 
 1769      65637469 
 1770              	.LASF33:
 1771 03c5 6C6F7742 		.ascii	"lowBslnRst\000"
 1771      736C6E52 
 1771      737400
 1772              	.LASF17:
 1773 03d0 43617053 		.ascii	"CapSense_THRESHOLD_TYPE\000"
 1773      656E7365 
 1773      5F544852 
ARM GAS  C:\Users\LUCASC~1\AppData\Local\Temp\ccRlBkDU.s 			page 39


 1773      4553484F 
 1773      4C445F54 
 1774              	.LASF0:
 1775 03e8 7369676E 		.ascii	"signed char\000"
 1775      65642063 
 1775      68617200 
 1776              	.LASF51:
 1777 03f4 43617053 		.ascii	"CapSense_RAM_SNS_LIST_STRUCT\000"
 1777      656E7365 
 1777      5F52414D 
 1777      5F534E53 
 1777      5F4C4953 
 1778              	.LASF7:
 1779 0411 6C6F6E67 		.ascii	"long long unsigned int\000"
 1779      206C6F6E 
 1779      6720756E 
 1779      7369676E 
 1779      65642069 
 1780              	.LASF43:
 1781 0428 63656E74 		.ascii	"center\000"
 1781      657200
 1782              	.LASF75:
 1783 042f 73746174 		.ascii	"staticConfig\000"
 1783      6963436F 
 1783      6E666967 
 1783      00
 1784              	.LASF104:
 1785 043c 43617053 		.ascii	"CapSense_Start\000"
 1785      656E7365 
 1785      5F537461 
 1785      727400
 1786              	.LASF8:
 1787 044b 756E7369 		.ascii	"unsigned int\000"
 1787      676E6564 
 1787      20696E74 
 1787      00
 1788              	.LASF5:
 1789 0458 6C6F6E67 		.ascii	"long unsigned int\000"
 1789      20756E73 
 1789      69676E65 
 1789      6420696E 
 1789      7400
 1790              	.LASF58:
 1791 046a 77646774 		.ascii	"wdgtEnable\000"
 1791      456E6162 
 1791      6C6500
 1792              	.LASF20:
 1793 0475 70617261 		.ascii	"param1\000"
 1793      6D3100
 1794              	.LASF84:
 1795 047c 43617053 		.ascii	"CapSense_TU_CMD_SUSPEND_E\000"
 1795      656E7365 
 1795      5F54555F 
 1795      434D445F 
 1795      53555350 
 1796              	.LASF50:
 1797 0496 43617053 		.ascii	"CapSense_RAM_SNS_STRUCT\000"
ARM GAS  C:\Users\LUCASC~1\AppData\Local\Temp\ccRlBkDU.s 			page 40


 1797      656E7365 
 1797      5F52414D 
 1797      5F534E53 
 1797      5F535452 
 1798              	.LASF18:
 1799 04ae 43617053 		.ascii	"CapSense_LOW_BSLN_RST_TYPE\000"
 1799      656E7365 
 1799      5F4C4F57 
 1799      5F42534C 
 1799      4E5F5253 
 1800              	.LASF57:
 1801 04c9 73746174 		.ascii	"status\000"
 1801      757300
 1802              	.LASF92:
 1803 04d0 77696467 		.ascii	"widgetId\000"
 1803      65744964 
 1803      00
 1804              	.LASF67:
 1805 04d9 736E7254 		.ascii	"snrTestScanCounter\000"
 1805      65737453 
 1805      63616E43 
 1805      6F756E74 
 1805      657200
 1806              	.LASF40:
 1807 04ec 6C656674 		.ascii	"left\000"
 1807      00
 1808              	.LASF27:
 1809 04f1 7265736F 		.ascii	"resolution\000"
 1809      6C757469 
 1809      6F6E00
 1810              	.LASF3:
 1811 04fc 73686F72 		.ascii	"short unsigned int\000"
 1811      7420756E 
 1811      7369676E 
 1811      65642069 
 1811      6E7400
 1812              	.LASF64:
 1813 050f 736E734C 		.ascii	"snsList\000"
 1813      69737400 
 1814              	.LASF62:
 1815 0517 6D6F6443 		.ascii	"modCsdClk\000"
 1815      7364436C 
 1815      6B00
 1816              	.LASF56:
 1817 0521 7363616E 		.ascii	"scanCounter\000"
 1817      436F756E 
 1817      74657200 
 1818              	.LASF30:
 1819 052d 6E4E6F69 		.ascii	"nNoiseTh\000"
 1819      73655468 
 1819      00
 1820              	.LASF91:
 1821 0536 696E7465 		.ascii	"interruptState\000"
 1821      72727570 
 1821      74537461 
 1821      746500
 1822              	.LASF69:
ARM GAS  C:\Users\LUCASC~1\AppData\Local\Temp\ccRlBkDU.s 			page 41


 1823 0545 43617053 		.ascii	"CapSense_RAM_STRUCT\000"
 1823      656E7365 
 1823      5F52414D 
 1823      5F535452 
 1823      55435400 
 1824              	.LASF38:
 1825 0559 73696750 		.ascii	"sigPFC\000"
 1825      464300
 1826              	.LASF11:
 1827 0560 75696E74 		.ascii	"uint32\000"
 1827      333200
 1828              	.LASF99:
 1829 0567 74756E65 		.ascii	"tunerFsm\000"
 1829      7246736D 
 1829      00
 1830              	.LASF13:
 1831 0570 646F7562 		.ascii	"double\000"
 1831      6C6500
 1832              	.LASF46:
 1833 0577 62736C6E 		.ascii	"bslnExt\000"
 1833      45787400 
 1834              	.LASF87:
 1835 057f 43617053 		.ascii	"CapSense_TU_CMD_RUN_SNR_TEST_E\000"
 1835      656E7365 
 1835      5F54555F 
 1835      434D445F 
 1835      52554E5F 
 1836              	.LASF97:
 1837 059e 70747244 		.ascii	"ptrDsRam\000"
 1837      7352616D 
 1837      00
 1838              	.LASF54:
 1839 05a7 6877436C 		.ascii	"hwClock\000"
 1839      6F636B00 
 1840              	.LASF94:
 1841 05af 75706461 		.ascii	"updateFlag\000"
 1841      7465466C 
 1841      616700
 1842              	.LASF85:
 1843 05ba 43617053 		.ascii	"CapSense_TU_CMD_RESUME_E\000"
 1843      656E7365 
 1843      5F54555F 
 1843      434D445F 
 1843      52455355 
 1844              	.LASF72:
 1845 05d3 70747232 		.ascii	"ptr2SnsRam\000"
 1845      536E7352 
 1845      616D00
 1846              	.LASF70:
 1847 05de 70747232 		.ascii	"ptr2SnsFlash\000"
 1847      536E7346 
 1847      6C617368 
 1847      00
 1848              	.LASF73:
 1849 05eb 70747232 		.ascii	"ptr2FltrHistory\000"
 1849      466C7472 
 1849      48697374 
ARM GAS  C:\Users\LUCASC~1\AppData\Local\Temp\ccRlBkDU.s 			page 42


 1849      6F727900 
 1850              	.LASF81:
 1851 05fb 77646774 		.ascii	"wdgtArray\000"
 1851      41727261 
 1851      7900
 1852              	.LASF37:
 1853 0605 66696E67 		.ascii	"fingerCap\000"
 1853      65724361 
 1853      7000
 1854              	.LASF101:
 1855 060f 43617053 		.ascii	"CapSense_dsFlash\000"
 1855      656E7365 
 1855      5F647346 
 1855      6C617368 
 1855      00
 1856              	.LASF65:
 1857 0620 736E7254 		.ascii	"snrTestWidgetId\000"
 1857      65737457 
 1857      69646765 
 1857      74496400 
 1858              	.LASF42:
 1859 0630 646F776E 		.ascii	"down\000"
 1859      00
 1860              	.LASF26:
 1861 0635 534D4152 		.ascii	"SMARTSENSE_CSD_NOISE_ENVELOPE_STRUCT\000"
 1861      5453454E 
 1861      53455F43 
 1861      53445F4E 
 1861      4F495345 
 1862              	.LASF96:
 1863 065a 74756E65 		.ascii	"tunerStatus\000"
 1863      72537461 
 1863      74757300 
 1864              	.LASF60:
 1865 0666 736E7353 		.ascii	"snsStatus\000"
 1865      74617475 
 1865      7300
 1866              	.LASF95:
 1867 0670 636F6D6D 		.ascii	"command\000"
 1867      616E6400 
 1868              	.LASF47:
 1869 0678 64696666 		.ascii	"diff\000"
 1869      00
 1870              	.LASF79:
 1871 067d 70747232 		.ascii	"ptr2NoiseEnvlp\000"
 1871      4E6F6973 
 1871      65456E76 
 1871      6C7000
 1872              		.ident	"GCC: (GNU Tools for ARM Embedded Processors) 5.4.1 20160609 (release) [ARM/embedded-5-bran
