ARM GAS  C:\Users\LUCASC~1\AppData\Local\Temp\ccu8MW0Y.s 			page 1


   1              		.syntax unified
   2              		.cpu cortex-m0
   3              		.fpu softvfp
   4              		.eabi_attribute 20, 1
   5              		.eabi_attribute 21, 1
   6              		.eabi_attribute 23, 3
   7              		.eabi_attribute 24, 1
   8              		.eabi_attribute 25, 1
   9              		.eabi_attribute 26, 1
  10              		.eabi_attribute 30, 1
  11              		.eabi_attribute 34, 0
  12              		.eabi_attribute 18, 4
  13              		.thumb
  14              		.syntax unified
  15              		.file	"main.c"
  16              		.text
  17              	.Ltext0:
  18              		.cfi_sections	.debug_frame
  19              		.syntax divided
  20              		.global _printf_float
  21              		.thumb
  22              		.syntax unified
  23              		.section	.text._write,"ax",%progbits
  24              		.align	2
  25              		.global	_write
  26              		.code	16
  27              		.thumb_func
  28              		.type	_write, %function
  29              	_write:
  30              	.LFB35:
  31              		.file 1 "main.c"
   1:main.c        **** /* ========================================
   2:main.c        ****  *
   3:main.c        ****  * Copyright YOUR COMPANY, THE YEAR
   4:main.c        ****  * All Rights Reserved
   5:main.c        ****  * UNPUBLISHED, LICENSED SOFTWARE.
   6:main.c        ****  *
   7:main.c        ****  * CONFIDENTIAL AND PROPRIETARY INFORMATION
   8:main.c        ****  * WHICH IS THE PROPERTY OF your company.
   9:main.c        ****  *
  10:main.c        ****  * ========================================
  11:main.c        **** */
  12:main.c        **** #include "project.h"
  13:main.c        **** 
  14:main.c        **** //UART
  15:main.c        **** #include <stdio.h>
  16:main.c        **** int _write(int file,char *ptr,int len)
  17:main.c        **** {
  32              		.loc 1 17 0
  33              		.cfi_startproc
  34              		@ args = 0, pretend = 0, frame = 0
  35              		@ frame_needed = 0, uses_anonymous_args = 0
  36              	.LVL0:
  37 0000 70B5     		push	{r4, r5, r6, lr}
  38              		.cfi_def_cfa_offset 16
  39              		.cfi_offset 4, -16
  40              		.cfi_offset 5, -12
ARM GAS  C:\Users\LUCASC~1\AppData\Local\Temp\ccu8MW0Y.s 			page 2


  41              		.cfi_offset 6, -8
  42              		.cfi_offset 14, -4
  43 0002 1600     		movs	r6, r2
  44              	.LVL1:
  18:main.c        ****     int i;
  19:main.c        ****     for(i=0;i<len;i++)
  45              		.loc 1 19 0
  46 0004 0024     		movs	r4, #0
  47 0006 05E0     		b	.L2
  48              	.LVL2:
  49              	.L3:
  20:main.c        ****     {
  21:main.c        ****         UART_PutChar(*ptr++);
  50              		.loc 1 21 0 discriminator 3
  51 0008 4D1C     		adds	r5, r1, #1
  52              	.LVL3:
  53 000a 0878     		ldrb	r0, [r1]
  54 000c FFF7FEFF 		bl	UART_PutChar
  55              	.LVL4:
  19:main.c        ****     {
  56              		.loc 1 19 0 discriminator 3
  57 0010 0134     		adds	r4, r4, #1
  58              	.LVL5:
  59              		.loc 1 21 0 discriminator 3
  60 0012 2900     		movs	r1, r5
  61              	.LVL6:
  62              	.L2:
  19:main.c        ****     {
  63              		.loc 1 19 0 discriminator 1
  64 0014 B442     		cmp	r4, r6
  65 0016 F7DB     		blt	.L3
  22:main.c        ****     }
  23:main.c        ****     return(len);
  24:main.c        **** }
  66              		.loc 1 24 0
  67 0018 3000     		movs	r0, r6
  68              		@ sp needed
  69              	.LVL7:
  70              	.LVL8:
  71 001a 70BD     		pop	{r4, r5, r6, pc}
  72              		.cfi_endproc
  73              	.LFE35:
  74              		.size	_write, .-_write
  75              		.section	.text.main,"ax",%progbits
  76              		.align	2
  77              		.global	main
  78              		.code	16
  79              		.thumb_func
  80              		.type	main, %function
  81              	main:
  82              	.LFB36:
  25:main.c        **** asm(".global _printf_float");
  26:main.c        **** 
  27:main.c        **** int main(void)
  28:main.c        **** {
  83              		.loc 1 28 0
  84              		.cfi_startproc
ARM GAS  C:\Users\LUCASC~1\AppData\Local\Temp\ccu8MW0Y.s 			page 3


  85              		@ Volatile: function does not return.
  86              		@ args = 0, pretend = 0, frame = 0
  87              		@ frame_needed = 0, uses_anonymous_args = 0
  88 0000 10B5     		push	{r4, lr}
  89              		.cfi_def_cfa_offset 8
  90              		.cfi_offset 4, -8
  91              		.cfi_offset 14, -4
  29:main.c        ****     CyGlobalIntEnable; /* Enable global interrupts. */
  92              		.loc 1 29 0
  93              		.syntax divided
  94              	@ 29 "main.c" 1
  95 0002 62B6     		CPSIE   i
  96              	@ 0 "" 2
  30:main.c        ****     CapSense_Start();
  97              		.loc 1 30 0
  98              		.thumb
  99              		.syntax unified
 100 0004 FFF7FEFF 		bl	CapSense_Start
 101              	.LVL9:
  31:main.c        ****     CapSense_ScanAllWidgets();
 102              		.loc 1 31 0
 103 0008 FFF7FEFF 		bl	CapSense_ScanAllWidgets
 104              	.LVL10:
  32:main.c        ****         
  33:main.c        ****     UART_Start();
 105              		.loc 1 33 0
 106 000c FFF7FEFF 		bl	UART_Start
 107              	.LVL11:
  34:main.c        ****     
  35:main.c        ****     /* Start EZI2C block */
  36:main.c        ****     EZI2C_Start();
 108              		.loc 1 36 0
 109 0010 FFF7FEFF 		bl	EZI2C_Start
 110              	.LVL12:
  37:main.c        ****     
  38:main.c        ****     /* Set up communication data buffer to CapSense data structure to be exposed to 
  39:main.c        ****     I2C master at primary slave address request. */
  40:main.c        ****     EZI2C_EzI2CSetBuffer1(sizeof(CapSense_dsRam), sizeof(CapSense_dsRam), 
 111              		.loc 1 40 0
 112 0014 0D4A     		ldr	r2, .L8
 113 0016 B421     		movs	r1, #180
 114 0018 B420     		movs	r0, #180
 115 001a FFF7FEFF 		bl	EZI2C_EzI2CSetBuffer1
 116              	.LVL13:
 117              	.L5:
  41:main.c        ****                          (uint8 *)&CapSense_dsRam);
  42:main.c        ****     
  43:main.c        ****     /* Place your initialization/startup code here (e.g. MyInst_Start()) */
  44:main.c        **** 
  45:main.c        ****     for(;;)
  46:main.c        ****     {
  47:main.c        ****         /* Do this only when a scan is done */
  48:main.c        ****         if(CapSense_NOT_BUSY == CapSense_IsBusy())
 118              		.loc 1 48 0
 119 001e FFF7FEFF 		bl	CapSense_IsBusy
 120              	.LVL14:
 121 0022 0028     		cmp	r0, #0
ARM GAS  C:\Users\LUCASC~1\AppData\Local\Temp\ccu8MW0Y.s 			page 4


 122 0024 FBD1     		bne	.L5
  49:main.c        ****         {
  50:main.c        ****               /* Process all widgets */
  51:main.c        ****               CapSense_ProcessAllWidgets();
 123              		.loc 1 51 0
 124 0026 FFF7FEFF 		bl	CapSense_ProcessAllWidgets
 125              	.LVL15:
  52:main.c        ****               /* Include Tuner */ 
  53:main.c        ****               CapSense_RunTuner(); 
 126              		.loc 1 53 0
 127 002a FFF7FEFF 		bl	CapSense_RunTuner
 128              	.LVL16:
  54:main.c        ****               /* Scan result verification */
  55:main.c        ****               if (CapSense_IsAnyWidgetActive())
 129              		.loc 1 55 0
 130 002e FFF7FEFF 		bl	CapSense_IsAnyWidgetActive
 131              	.LVL17:
 132 0032 0028     		cmp	r0, #0
 133 0034 07D0     		beq	.L6
  56:main.c        ****               {
  57:main.c        ****                 if(CapSense_IsWidgetActive(CapSense_LEFT_WDGT_ID))
 134              		.loc 1 57 0
 135 0036 0020     		movs	r0, #0
 136 0038 FFF7FEFF 		bl	CapSense_IsWidgetActive
 137              	.LVL18:
 138 003c 0028     		cmp	r0, #0
 139 003e 02D0     		beq	.L6
  58:main.c        ****                 {
  59:main.c        ****                     printf("Left is touch!\r\n");
 140              		.loc 1 59 0
 141 0040 0348     		ldr	r0, .L8+4
 142 0042 FFF7FEFF 		bl	puts
 143              	.LVL19:
 144              	.L6:
  60:main.c        ****                 }
  61:main.c        ****               }
  62:main.c        ****               /* Start next scan */
  63:main.c        ****               CapSense_ScanAllWidgets();
 145              		.loc 1 63 0
 146 0046 FFF7FEFF 		bl	CapSense_ScanAllWidgets
 147              	.LVL20:
 148 004a E8E7     		b	.L5
 149              	.L9:
 150              		.align	2
 151              	.L8:
 152 004c 00000000 		.word	CapSense_dsRam
 153 0050 00000000 		.word	.LC1
 154              		.cfi_endproc
 155              	.LFE36:
 156              		.size	main, .-main
 157              		.section	.rodata.str1.4,"aMS",%progbits,1
 158              		.align	2
 159              	.LC1:
 160 0000 4C656674 		.ascii	"Left is touch!\015\000"
 160      20697320 
 160      746F7563 
 160      68210D00 
ARM GAS  C:\Users\LUCASC~1\AppData\Local\Temp\ccu8MW0Y.s 			page 5


 161              		.text
 162              	.Letext0:
 163              		.file 2 "Generated_Source\\PSoC4/cytypes.h"
 164              		.file 3 "Generated_Source\\PSoC4/CapSense_Configuration.h"
 165              		.file 4 "Generated_Source\\PSoC4/CapSense_Structure.h"
 166              		.file 5 "Generated_Source\\PSoC4/UART.h"
 167              		.file 6 "Generated_Source\\PSoC4/CapSense_Control.h"
 168              		.file 7 "Generated_Source\\PSoC4/CapSense_Sensing.h"
 169              		.file 8 "Generated_Source\\PSoC4/EZI2C.h"
 170              		.file 9 "Generated_Source\\PSoC4/EZI2C_EZI2C.h"
 171              		.file 10 "Generated_Source\\PSoC4/CapSense_Tuner.h"
 172              		.file 11 "<built-in>"
 173              		.section	.debug_info,"",%progbits
 174              	.Ldebug_info0:
 175 0000 82050000 		.4byte	0x582
 176 0004 0400     		.2byte	0x4
 177 0006 00000000 		.4byte	.Ldebug_abbrev0
 178 000a 04       		.byte	0x4
 179 000b 01       		.uleb128 0x1
 180 000c C3030000 		.4byte	.LASF74
 181 0010 0C       		.byte	0xc
 182 0011 7D030000 		.4byte	.LASF75
 183 0015 87010000 		.4byte	.LASF76
 184 0019 00000000 		.4byte	.Ldebug_ranges0+0
 185 001d 00000000 		.4byte	0
 186 0021 00000000 		.4byte	.Ldebug_line0
 187 0025 02       		.uleb128 0x2
 188 0026 01       		.byte	0x1
 189 0027 06       		.byte	0x6
 190 0028 28020000 		.4byte	.LASF0
 191 002c 02       		.uleb128 0x2
 192 002d 01       		.byte	0x1
 193 002e 08       		.byte	0x8
 194 002f C0010000 		.4byte	.LASF1
 195 0033 02       		.uleb128 0x2
 196 0034 02       		.byte	0x2
 197 0035 05       		.byte	0x5
 198 0036 47000000 		.4byte	.LASF2
 199 003a 02       		.uleb128 0x2
 200 003b 02       		.byte	0x2
 201 003c 07       		.byte	0x7
 202 003d 21030000 		.4byte	.LASF3
 203 0041 02       		.uleb128 0x2
 204 0042 04       		.byte	0x4
 205 0043 05       		.byte	0x5
 206 0044 50010000 		.4byte	.LASF4
 207 0048 02       		.uleb128 0x2
 208 0049 04       		.byte	0x4
 209 004a 07       		.byte	0x7
 210 004b 84030000 		.4byte	.LASF5
 211 004f 02       		.uleb128 0x2
 212 0050 08       		.byte	0x8
 213 0051 05       		.byte	0x5
 214 0052 A0000000 		.4byte	.LASF6
 215 0056 02       		.uleb128 0x2
 216 0057 08       		.byte	0x8
 217 0058 07       		.byte	0x7
ARM GAS  C:\Users\LUCASC~1\AppData\Local\Temp\ccu8MW0Y.s 			page 6


 218 0059 51020000 		.4byte	.LASF7
 219 005d 03       		.uleb128 0x3
 220 005e 04       		.byte	0x4
 221 005f 05       		.byte	0x5
 222 0060 696E7400 		.ascii	"int\000"
 223 0064 02       		.uleb128 0x2
 224 0065 04       		.byte	0x4
 225 0066 07       		.byte	0x7
 226 0067 77020000 		.4byte	.LASF8
 227 006b 04       		.uleb128 0x4
 228 006c 0C010000 		.4byte	.LASF9
 229 0070 02       		.byte	0x2
 230 0071 E401     		.2byte	0x1e4
 231 0073 2C000000 		.4byte	0x2c
 232 0077 04       		.uleb128 0x4
 233 0078 D8000000 		.4byte	.LASF10
 234 007c 02       		.byte	0x2
 235 007d E501     		.2byte	0x1e5
 236 007f 3A000000 		.4byte	0x3a
 237 0083 04       		.uleb128 0x4
 238 0084 76030000 		.4byte	.LASF11
 239 0088 02       		.byte	0x2
 240 0089 E601     		.2byte	0x1e6
 241 008b 48000000 		.4byte	0x48
 242 008f 02       		.uleb128 0x2
 243 0090 04       		.byte	0x4
 244 0091 04       		.byte	0x4
 245 0092 19010000 		.4byte	.LASF12
 246 0096 02       		.uleb128 0x2
 247 0097 08       		.byte	0x8
 248 0098 04       		.byte	0x4
 249 0099 96030000 		.4byte	.LASF13
 250 009d 02       		.uleb128 0x2
 251 009e 01       		.byte	0x1
 252 009f 08       		.byte	0x8
 253 00a0 4B010000 		.4byte	.LASF14
 254 00a4 05       		.uleb128 0x5
 255 00a5 83000000 		.4byte	0x83
 256 00a9 04       		.uleb128 0x4
 257 00aa 10020000 		.4byte	.LASF15
 258 00ae 03       		.byte	0x3
 259 00af 0D01     		.2byte	0x10d
 260 00b1 77000000 		.4byte	0x77
 261 00b5 04       		.uleb128 0x4
 262 00b6 C4020000 		.4byte	.LASF16
 263 00ba 03       		.byte	0x3
 264 00bb 1101     		.2byte	0x111
 265 00bd 6B000000 		.4byte	0x6b
 266 00c1 02       		.uleb128 0x2
 267 00c2 08       		.byte	0x8
 268 00c3 04       		.byte	0x4
 269 00c4 E2010000 		.4byte	.LASF17
 270 00c8 02       		.uleb128 0x2
 271 00c9 04       		.byte	0x4
 272 00ca 07       		.byte	0x7
 273 00cb 7A000000 		.4byte	.LASF18
 274 00cf 06       		.uleb128 0x6
ARM GAS  C:\Users\LUCASC~1\AppData\Local\Temp\ccu8MW0Y.s 			page 7


 275 00d0 04       		.byte	0x4
 276 00d1 9D000000 		.4byte	0x9d
 277 00d5 07       		.uleb128 0x7
 278 00d6 6B000000 		.4byte	0x6b
 279 00da E5000000 		.4byte	0xe5
 280 00de 08       		.uleb128 0x8
 281 00df C8000000 		.4byte	0xc8
 282 00e3 00       		.byte	0
 283 00e4 00       		.byte	0
 284 00e5 09       		.uleb128 0x9
 285 00e6 12       		.byte	0x12
 286 00e7 04       		.byte	0x4
 287 00e8 D9       		.byte	0xd9
 288 00e9 84010000 		.4byte	0x184
 289 00ed 0A       		.uleb128 0xa
 290 00ee 16030000 		.4byte	.LASF19
 291 00f2 04       		.byte	0x4
 292 00f3 DE       		.byte	0xde
 293 00f4 77000000 		.4byte	0x77
 294 00f8 00       		.byte	0
 295 00f9 0A       		.uleb128 0xa
 296 00fa 59010000 		.4byte	.LASF20
 297 00fe 04       		.byte	0x4
 298 00ff E3       		.byte	0xe3
 299 0100 A9000000 		.4byte	0xa9
 300 0104 02       		.byte	0x2
 301 0105 0A       		.uleb128 0xa
 302 0106 C7000000 		.4byte	.LASF21
 303 010a 04       		.byte	0x4
 304 010b E8       		.byte	0xe8
 305 010c 6B000000 		.4byte	0x6b
 306 0110 04       		.byte	0x4
 307 0111 0A       		.uleb128 0xa
 308 0112 52030000 		.4byte	.LASF22
 309 0116 04       		.byte	0x4
 310 0117 ED       		.byte	0xed
 311 0118 6B000000 		.4byte	0x6b
 312 011c 05       		.byte	0x5
 313 011d 0A       		.uleb128 0xa
 314 011e CE010000 		.4byte	.LASF23
 315 0122 04       		.byte	0x4
 316 0123 F3       		.byte	0xf3
 317 0124 6B000000 		.4byte	0x6b
 318 0128 06       		.byte	0x6
 319 0129 0A       		.uleb128 0xa
 320 012a 6F000000 		.4byte	.LASF24
 321 012e 04       		.byte	0x4
 322 012f F9       		.byte	0xf9
 323 0130 6B000000 		.4byte	0x6b
 324 0134 07       		.byte	0x7
 325 0135 0B       		.uleb128 0xb
 326 0136 05020000 		.4byte	.LASF25
 327 013a 04       		.byte	0x4
 328 013b 0001     		.2byte	0x100
 329 013d B5000000 		.4byte	0xb5
 330 0141 08       		.byte	0x8
 331 0142 0B       		.uleb128 0xb
ARM GAS  C:\Users\LUCASC~1\AppData\Local\Temp\ccu8MW0Y.s 			page 8


 332 0143 3F000000 		.4byte	.LASF26
 333 0147 04       		.byte	0x4
 334 0148 0701     		.2byte	0x107
 335 014a D5000000 		.4byte	0xd5
 336 014e 09       		.byte	0x9
 337 014f 0B       		.uleb128 0xb
 338 0150 12010000 		.4byte	.LASF27
 339 0154 04       		.byte	0x4
 340 0155 0F01     		.2byte	0x10f
 341 0157 77000000 		.4byte	0x77
 342 015b 0A       		.byte	0xa
 343 015c 0B       		.uleb128 0xb
 344 015d B5000000 		.4byte	.LASF28
 345 0161 04       		.byte	0x4
 346 0162 1401     		.2byte	0x114
 347 0164 6B000000 		.4byte	0x6b
 348 0168 0C       		.byte	0xc
 349 0169 0B       		.uleb128 0xb
 350 016a 51040000 		.4byte	.LASF29
 351 016e 04       		.byte	0x4
 352 016f 1A01     		.2byte	0x11a
 353 0171 77000000 		.4byte	0x77
 354 0175 0E       		.byte	0xe
 355 0176 0B       		.uleb128 0xb
 356 0177 6F030000 		.4byte	.LASF30
 357 017b 04       		.byte	0x4
 358 017c 1F01     		.2byte	0x11f
 359 017e 77000000 		.4byte	0x77
 360 0182 10       		.byte	0x10
 361 0183 00       		.byte	0
 362 0184 04       		.uleb128 0x4
 363 0185 51000000 		.4byte	.LASF31
 364 0189 04       		.byte	0x4
 365 018a 2001     		.2byte	0x120
 366 018c E5000000 		.4byte	0xe5
 367 0190 0C       		.uleb128 0xc
 368 0191 5A       		.byte	0x5a
 369 0192 04       		.byte	0x4
 370 0193 2601     		.2byte	0x126
 371 0195 DA010000 		.4byte	0x1da
 372 0199 0B       		.uleb128 0xb
 373 019a 11030000 		.4byte	.LASF32
 374 019e 04       		.byte	0x4
 375 019f 2B01     		.2byte	0x12b
 376 01a1 84010000 		.4byte	0x184
 377 01a5 00       		.byte	0
 378 01a6 0B       		.uleb128 0xb
 379 01a7 2D000000 		.4byte	.LASF33
 380 01ab 04       		.byte	0x4
 381 01ac 3001     		.2byte	0x130
 382 01ae 84010000 		.4byte	0x184
 383 01b2 12       		.byte	0x12
 384 01b3 0D       		.uleb128 0xd
 385 01b4 757000   		.ascii	"up\000"
 386 01b7 04       		.byte	0x4
 387 01b8 3501     		.2byte	0x135
 388 01ba 84010000 		.4byte	0x184
ARM GAS  C:\Users\LUCASC~1\AppData\Local\Temp\ccu8MW0Y.s 			page 9


 389 01be 24       		.byte	0x24
 390 01bf 0B       		.uleb128 0xb
 391 01c0 86040000 		.4byte	.LASF34
 392 01c4 04       		.byte	0x4
 393 01c5 3A01     		.2byte	0x13a
 394 01c7 84010000 		.4byte	0x184
 395 01cb 36       		.byte	0x36
 396 01cc 0B       		.uleb128 0xb
 397 01cd 33000000 		.4byte	.LASF35
 398 01d1 04       		.byte	0x4
 399 01d2 3F01     		.2byte	0x13f
 400 01d4 84010000 		.4byte	0x184
 401 01d8 48       		.byte	0x48
 402 01d9 00       		.byte	0
 403 01da 04       		.uleb128 0x4
 404 01db 1F010000 		.4byte	.LASF36
 405 01df 04       		.byte	0x4
 406 01e0 4001     		.2byte	0x140
 407 01e2 90010000 		.4byte	0x190
 408 01e6 0C       		.uleb128 0xc
 409 01e7 0A       		.byte	0xa
 410 01e8 04       		.byte	0x4
 411 01e9 4601     		.2byte	0x146
 412 01eb 3E020000 		.4byte	0x23e
 413 01ef 0D       		.uleb128 0xd
 414 01f0 72617700 		.ascii	"raw\000"
 415 01f4 04       		.byte	0x4
 416 01f5 4B01     		.2byte	0x14b
 417 01f7 3E020000 		.4byte	0x23e
 418 01fb 00       		.byte	0
 419 01fc 0B       		.uleb128 0xb
 420 01fd 28000000 		.4byte	.LASF37
 421 0201 04       		.byte	0x4
 422 0202 5001     		.2byte	0x150
 423 0204 3E020000 		.4byte	0x23e
 424 0208 02       		.byte	0x2
 425 0209 0B       		.uleb128 0xb
 426 020a 9D030000 		.4byte	.LASF38
 427 020e 04       		.byte	0x4
 428 020f 5601     		.2byte	0x156
 429 0211 D5000000 		.4byte	0xd5
 430 0215 04       		.byte	0x4
 431 0216 0B       		.uleb128 0xb
 432 0217 3A000000 		.4byte	.LASF39
 433 021b 04       		.byte	0x4
 434 021c 5B01     		.2byte	0x15b
 435 021e A9000000 		.4byte	0xa9
 436 0222 06       		.byte	0x6
 437 0223 0B       		.uleb128 0xb
 438 0224 A5030000 		.4byte	.LASF40
 439 0228 04       		.byte	0x4
 440 0229 6001     		.2byte	0x160
 441 022b 4E020000 		.4byte	0x24e
 442 022f 08       		.byte	0x8
 443 0230 0B       		.uleb128 0xb
 444 0231 8C000000 		.4byte	.LASF41
 445 0235 04       		.byte	0x4
ARM GAS  C:\Users\LUCASC~1\AppData\Local\Temp\ccu8MW0Y.s 			page 10


 446 0236 6501     		.2byte	0x165
 447 0238 D5000000 		.4byte	0xd5
 448 023c 09       		.byte	0x9
 449 023d 00       		.byte	0
 450 023e 07       		.uleb128 0x7
 451 023f 77000000 		.4byte	0x77
 452 0243 4E020000 		.4byte	0x24e
 453 0247 08       		.uleb128 0x8
 454 0248 C8000000 		.4byte	0xc8
 455 024c 00       		.byte	0
 456 024d 00       		.byte	0
 457 024e 07       		.uleb128 0x7
 458 024f B5000000 		.4byte	0xb5
 459 0253 5E020000 		.4byte	0x25e
 460 0257 08       		.uleb128 0x8
 461 0258 C8000000 		.4byte	0xc8
 462 025c 00       		.byte	0
 463 025d 00       		.byte	0
 464 025e 04       		.uleb128 0x4
 465 025f AC020000 		.4byte	.LASF42
 466 0263 04       		.byte	0x4
 467 0264 6601     		.2byte	0x166
 468 0266 E6010000 		.4byte	0x1e6
 469 026a 0C       		.uleb128 0xc
 470 026b 32       		.byte	0x32
 471 026c 04       		.byte	0x4
 472 026d 6C01     		.2byte	0x16c
 473 026f B4020000 		.4byte	0x2b4
 474 0273 0B       		.uleb128 0xb
 475 0274 11030000 		.4byte	.LASF32
 476 0278 04       		.byte	0x4
 477 0279 7101     		.2byte	0x171
 478 027b B4020000 		.4byte	0x2b4
 479 027f 00       		.byte	0
 480 0280 0B       		.uleb128 0xb
 481 0281 2D000000 		.4byte	.LASF33
 482 0285 04       		.byte	0x4
 483 0286 7601     		.2byte	0x176
 484 0288 B4020000 		.4byte	0x2b4
 485 028c 0A       		.byte	0xa
 486 028d 0D       		.uleb128 0xd
 487 028e 757000   		.ascii	"up\000"
 488 0291 04       		.byte	0x4
 489 0292 7B01     		.2byte	0x17b
 490 0294 B4020000 		.4byte	0x2b4
 491 0298 14       		.byte	0x14
 492 0299 0B       		.uleb128 0xb
 493 029a 86040000 		.4byte	.LASF34
 494 029e 04       		.byte	0x4
 495 029f 8001     		.2byte	0x180
 496 02a1 B4020000 		.4byte	0x2b4
 497 02a5 1E       		.byte	0x1e
 498 02a6 0B       		.uleb128 0xb
 499 02a7 33000000 		.4byte	.LASF35
 500 02ab 04       		.byte	0x4
 501 02ac 8501     		.2byte	0x185
 502 02ae B4020000 		.4byte	0x2b4
ARM GAS  C:\Users\LUCASC~1\AppData\Local\Temp\ccu8MW0Y.s 			page 11


 503 02b2 28       		.byte	0x28
 504 02b3 00       		.byte	0
 505 02b4 07       		.uleb128 0x7
 506 02b5 5E020000 		.4byte	0x25e
 507 02b9 C4020000 		.4byte	0x2c4
 508 02bd 08       		.uleb128 0x8
 509 02be C8000000 		.4byte	0xc8
 510 02c2 00       		.byte	0
 511 02c3 00       		.byte	0
 512 02c4 04       		.uleb128 0x4
 513 02c5 34020000 		.4byte	.LASF43
 514 02c9 04       		.byte	0x4
 515 02ca 8601     		.2byte	0x186
 516 02cc 6A020000 		.4byte	0x26a
 517 02d0 0C       		.uleb128 0xc
 518 02d1 B4       		.byte	0xb4
 519 02d2 04       		.byte	0x4
 520 02d3 8C01     		.2byte	0x18c
 521 02d5 B7030000 		.4byte	0x3b7
 522 02d9 0B       		.uleb128 0xb
 523 02da 83000000 		.4byte	.LASF44
 524 02de 04       		.byte	0x4
 525 02df 9301     		.2byte	0x193
 526 02e1 77000000 		.4byte	0x77
 527 02e5 00       		.byte	0
 528 02e6 0B       		.uleb128 0xb
 529 02e7 CF000000 		.4byte	.LASF45
 530 02eb 04       		.byte	0x4
 531 02ec 9801     		.2byte	0x198
 532 02ee 77000000 		.4byte	0x77
 533 02f2 02       		.byte	0x2
 534 02f3 0B       		.uleb128 0xb
 535 02f4 E6020000 		.4byte	.LASF46
 536 02f8 04       		.byte	0x4
 537 02f9 9D01     		.2byte	0x19d
 538 02fb 77000000 		.4byte	0x77
 539 02ff 04       		.byte	0x4
 540 0300 0B       		.uleb128 0xb
 541 0301 D9010000 		.4byte	.LASF47
 542 0305 04       		.byte	0x4
 543 0306 A301     		.2byte	0x1a3
 544 0308 77000000 		.4byte	0x77
 545 030c 06       		.byte	0x6
 546 030d 0B       		.uleb128 0xb
 547 030e 46030000 		.4byte	.LASF48
 548 0312 04       		.byte	0x4
 549 0313 A801     		.2byte	0x1a8
 550 0315 77000000 		.4byte	0x77
 551 0319 08       		.byte	0x8
 552 031a 0B       		.uleb128 0xb
 553 031b DF020000 		.4byte	.LASF49
 554 031f 04       		.byte	0x4
 555 0320 AD01     		.2byte	0x1ad
 556 0322 A4000000 		.4byte	0xa4
 557 0326 0C       		.byte	0xc
 558 0327 0B       		.uleb128 0xb
 559 0328 89020000 		.4byte	.LASF50
ARM GAS  C:\Users\LUCASC~1\AppData\Local\Temp\ccu8MW0Y.s 			page 12


 560 032c 04       		.byte	0x4
 561 032d B301     		.2byte	0x1b3
 562 032f B7030000 		.4byte	0x3b7
 563 0333 10       		.byte	0x10
 564 0334 0B       		.uleb128 0xb
 565 0335 FA010000 		.4byte	.LASF51
 566 0339 04       		.byte	0x4
 567 033a BA01     		.2byte	0x1ba
 568 033c B7030000 		.4byte	0x3b7
 569 0340 14       		.byte	0x14
 570 0341 0B       		.uleb128 0xb
 571 0342 8B040000 		.4byte	.LASF52
 572 0346 04       		.byte	0x4
 573 0347 CA01     		.2byte	0x1ca
 574 0349 C7030000 		.4byte	0x3c7
 575 034d 18       		.byte	0x18
 576 034e 0B       		.uleb128 0xb
 577 034f 95000000 		.4byte	.LASF53
 578 0353 04       		.byte	0x4
 579 0354 D001     		.2byte	0x1d0
 580 0356 77000000 		.4byte	0x77
 581 035a 1E       		.byte	0x1e
 582 035b 0B       		.uleb128 0xb
 583 035c 3C030000 		.4byte	.LASF54
 584 0360 04       		.byte	0x4
 585 0361 D501     		.2byte	0x1d5
 586 0363 6B000000 		.4byte	0x6b
 587 0367 20       		.byte	0x20
 588 0368 0B       		.uleb128 0xb
 589 0369 00000000 		.4byte	.LASF55
 590 036d 04       		.byte	0x4
 591 036e DA01     		.2byte	0x1da
 592 0370 DA010000 		.4byte	0x1da
 593 0374 22       		.byte	0x22
 594 0375 0B       		.uleb128 0xb
 595 0376 34030000 		.4byte	.LASF56
 596 037a 04       		.byte	0x4
 597 037b DF01     		.2byte	0x1df
 598 037d C4020000 		.4byte	0x2c4
 599 0381 7C       		.byte	0x7c
 600 0382 0B       		.uleb128 0xb
 601 0383 5B040000 		.4byte	.LASF57
 602 0387 04       		.byte	0x4
 603 0388 E401     		.2byte	0x1e4
 604 038a 6B000000 		.4byte	0x6b
 605 038e AE       		.byte	0xae
 606 038f 0B       		.uleb128 0xb
 607 0390 3B010000 		.4byte	.LASF58
 608 0394 04       		.byte	0x4
 609 0395 E901     		.2byte	0x1e9
 610 0397 6B000000 		.4byte	0x6b
 611 039b AF       		.byte	0xaf
 612 039c 0B       		.uleb128 0xb
 613 039d EE020000 		.4byte	.LASF59
 614 03a1 04       		.byte	0x4
 615 03a2 EE01     		.2byte	0x1ee
 616 03a4 77000000 		.4byte	0x77
ARM GAS  C:\Users\LUCASC~1\AppData\Local\Temp\ccu8MW0Y.s 			page 13


 617 03a8 B0       		.byte	0xb0
 618 03a9 0B       		.uleb128 0xb
 619 03aa 09000000 		.4byte	.LASF60
 620 03ae 04       		.byte	0x4
 621 03af F301     		.2byte	0x1f3
 622 03b1 3E020000 		.4byte	0x23e
 623 03b5 B2       		.byte	0xb2
 624 03b6 00       		.byte	0
 625 03b7 07       		.uleb128 0x7
 626 03b8 83000000 		.4byte	0x83
 627 03bc C7030000 		.4byte	0x3c7
 628 03c0 08       		.uleb128 0x8
 629 03c1 C8000000 		.4byte	0xc8
 630 03c5 00       		.byte	0
 631 03c6 00       		.byte	0
 632 03c7 07       		.uleb128 0x7
 633 03c8 6B000000 		.4byte	0x6b
 634 03cc D7030000 		.4byte	0x3d7
 635 03d0 08       		.uleb128 0x8
 636 03d1 C8000000 		.4byte	0xc8
 637 03d5 04       		.byte	0x4
 638 03d6 00       		.byte	0
 639 03d7 04       		.uleb128 0x4
 640 03d8 5B030000 		.4byte	.LASF61
 641 03dc 04       		.byte	0x4
 642 03dd F401     		.2byte	0x1f4
 643 03df D0020000 		.4byte	0x2d0
 644 03e3 0E       		.uleb128 0xe
 645 03e4 AE000000 		.4byte	.LASF77
 646 03e8 01       		.byte	0x1
 647 03e9 10       		.byte	0x10
 648 03ea 5D000000 		.4byte	0x5d
 649 03ee 00000000 		.4byte	.LFB35
 650 03f2 1C000000 		.4byte	.LFE35-.LFB35
 651 03f6 01       		.uleb128 0x1
 652 03f7 9C       		.byte	0x9c
 653 03f8 40040000 		.4byte	0x440
 654 03fc 0F       		.uleb128 0xf
 655 03fd C2000000 		.4byte	.LASF62
 656 0401 01       		.byte	0x1
 657 0402 10       		.byte	0x10
 658 0403 5D000000 		.4byte	0x5d
 659 0407 00000000 		.4byte	.LLST0
 660 040b 10       		.uleb128 0x10
 661 040c 70747200 		.ascii	"ptr\000"
 662 0410 01       		.byte	0x1
 663 0411 10       		.byte	0x10
 664 0412 CF000000 		.4byte	0xcf
 665 0416 21000000 		.4byte	.LLST1
 666 041a 10       		.uleb128 0x10
 667 041b 6C656E00 		.ascii	"len\000"
 668 041f 01       		.byte	0x1
 669 0420 10       		.byte	0x10
 670 0421 5D000000 		.4byte	0x5d
 671 0425 4A000000 		.4byte	.LLST2
 672 0429 11       		.uleb128 0x11
 673 042a 6900     		.ascii	"i\000"
ARM GAS  C:\Users\LUCASC~1\AppData\Local\Temp\ccu8MW0Y.s 			page 14


 674 042c 01       		.byte	0x1
 675 042d 12       		.byte	0x12
 676 042e 5D000000 		.4byte	0x5d
 677 0432 73000000 		.4byte	.LLST3
 678 0436 12       		.uleb128 0x12
 679 0437 10000000 		.4byte	.LVL4
 680 043b FB040000 		.4byte	0x4fb
 681 043f 00       		.byte	0
 682 0440 13       		.uleb128 0x13
 683 0441 01030000 		.4byte	.LASF78
 684 0445 01       		.byte	0x1
 685 0446 1B       		.byte	0x1b
 686 0447 5D000000 		.4byte	0x5d
 687 044b 00000000 		.4byte	.LFB36
 688 044f 54000000 		.4byte	.LFE36-.LFB36
 689 0453 01       		.uleb128 0x1
 690 0454 9C       		.byte	0x9c
 691 0455 EF040000 		.4byte	0x4ef
 692 0459 12       		.uleb128 0x12
 693 045a 08000000 		.4byte	.LVL9
 694 045e 06050000 		.4byte	0x506
 695 0462 12       		.uleb128 0x12
 696 0463 0C000000 		.4byte	.LVL10
 697 0467 11050000 		.4byte	0x511
 698 046b 12       		.uleb128 0x12
 699 046c 10000000 		.4byte	.LVL11
 700 0470 1C050000 		.4byte	0x51c
 701 0474 12       		.uleb128 0x12
 702 0475 14000000 		.4byte	.LVL12
 703 0479 27050000 		.4byte	0x527
 704 047d 14       		.uleb128 0x14
 705 047e 1E000000 		.4byte	.LVL13
 706 0482 32050000 		.4byte	0x532
 707 0486 97040000 		.4byte	0x497
 708 048a 15       		.uleb128 0x15
 709 048b 01       		.uleb128 0x1
 710 048c 50       		.byte	0x50
 711 048d 02       		.uleb128 0x2
 712 048e 08       		.byte	0x8
 713 048f B4       		.byte	0xb4
 714 0490 15       		.uleb128 0x15
 715 0491 01       		.uleb128 0x1
 716 0492 51       		.byte	0x51
 717 0493 02       		.uleb128 0x2
 718 0494 08       		.byte	0x8
 719 0495 B4       		.byte	0xb4
 720 0496 00       		.byte	0
 721 0497 12       		.uleb128 0x12
 722 0498 22000000 		.4byte	.LVL14
 723 049c 3D050000 		.4byte	0x53d
 724 04a0 12       		.uleb128 0x12
 725 04a1 2A000000 		.4byte	.LVL15
 726 04a5 48050000 		.4byte	0x548
 727 04a9 12       		.uleb128 0x12
 728 04aa 2E000000 		.4byte	.LVL16
 729 04ae 53050000 		.4byte	0x553
 730 04b2 12       		.uleb128 0x12
ARM GAS  C:\Users\LUCASC~1\AppData\Local\Temp\ccu8MW0Y.s 			page 15


 731 04b3 32000000 		.4byte	.LVL17
 732 04b7 5E050000 		.4byte	0x55e
 733 04bb 14       		.uleb128 0x14
 734 04bc 3C000000 		.4byte	.LVL18
 735 04c0 6A050000 		.4byte	0x56a
 736 04c4 CE040000 		.4byte	0x4ce
 737 04c8 15       		.uleb128 0x15
 738 04c9 01       		.uleb128 0x1
 739 04ca 50       		.byte	0x50
 740 04cb 01       		.uleb128 0x1
 741 04cc 30       		.byte	0x30
 742 04cd 00       		.byte	0
 743 04ce 14       		.uleb128 0x14
 744 04cf 46000000 		.4byte	.LVL19
 745 04d3 76050000 		.4byte	0x576
 746 04d7 E5040000 		.4byte	0x4e5
 747 04db 15       		.uleb128 0x15
 748 04dc 01       		.uleb128 0x1
 749 04dd 50       		.byte	0x50
 750 04de 05       		.uleb128 0x5
 751 04df 03       		.byte	0x3
 752 04e0 00000000 		.4byte	.LC1
 753 04e4 00       		.byte	0
 754 04e5 12       		.uleb128 0x12
 755 04e6 4A000000 		.4byte	.LVL20
 756 04ea 11050000 		.4byte	0x511
 757 04ee 00       		.byte	0
 758 04ef 16       		.uleb128 0x16
 759 04f0 78010000 		.4byte	.LASF79
 760 04f4 04       		.byte	0x4
 761 04f5 4404     		.2byte	0x444
 762 04f7 D7030000 		.4byte	0x3d7
 763 04fb 17       		.uleb128 0x17
 764 04fc AD040000 		.4byte	.LASF63
 765 0500 AD040000 		.4byte	.LASF63
 766 0504 05       		.byte	0x5
 767 0505 8A       		.byte	0x8a
 768 0506 17       		.uleb128 0x17
 769 0507 68020000 		.4byte	.LASF64
 770 050b 68020000 		.4byte	.LASF64
 771 050f 06       		.byte	0x6
 772 0510 3B       		.byte	0x3b
 773 0511 17       		.uleb128 0x17
 774 0512 94020000 		.4byte	.LASF65
 775 0516 94020000 		.4byte	.LASF65
 776 051a 07       		.byte	0x7
 777 051b 4B       		.byte	0x4b
 778 051c 17       		.uleb128 0x17
 779 051d 06030000 		.4byte	.LASF66
 780 0521 06030000 		.4byte	.LASF66
 781 0525 05       		.byte	0x5
 782 0526 54       		.byte	0x54
 783 0527 17       		.uleb128 0x17
 784 0528 EE010000 		.4byte	.LASF67
 785 052c EE010000 		.4byte	.LASF67
 786 0530 08       		.byte	0x8
 787 0531 72       		.byte	0x72
ARM GAS  C:\Users\LUCASC~1\AppData\Local\Temp\ccu8MW0Y.s 			page 16


 788 0532 17       		.uleb128 0x17
 789 0533 62010000 		.4byte	.LASF68
 790 0537 62010000 		.4byte	.LASF68
 791 053b 09       		.byte	0x9
 792 053c A2       		.byte	0xa2
 793 053d 17       		.uleb128 0x17
 794 053e B3030000 		.4byte	.LASF69
 795 0542 B3030000 		.4byte	.LASF69
 796 0546 07       		.byte	0x7
 797 0547 4C       		.byte	0x4c
 798 0548 17       		.uleb128 0x17
 799 0549 6B040000 		.4byte	.LASF70
 800 054d 6B040000 		.4byte	.LASF70
 801 0551 06       		.byte	0x6
 802 0552 3F       		.byte	0x3f
 803 0553 17       		.uleb128 0x17
 804 0554 FA000000 		.4byte	.LASF71
 805 0558 FA000000 		.4byte	.LASF71
 806 055c 0A       		.byte	0xa
 807 055d 49       		.byte	0x49
 808 055e 18       		.uleb128 0x18
 809 055f DF000000 		.4byte	.LASF72
 810 0563 DF000000 		.4byte	.LASF72
 811 0567 04       		.byte	0x4
 812 0568 5D04     		.2byte	0x45d
 813 056a 18       		.uleb128 0x18
 814 056b 95040000 		.4byte	.LASF73
 815 056f 95040000 		.4byte	.LASF73
 816 0573 04       		.byte	0x4
 817 0574 5E04     		.2byte	0x45e
 818 0576 19       		.uleb128 0x19
 819 0577 84020000 		.4byte	.LASF80
 820 057b 19000000 		.4byte	.LASF81
 821 057f 0B       		.byte	0xb
 822 0580 00       		.byte	0
 823 0581 84020000 		.4byte	.LASF80
 824 0585 00       		.byte	0
 825              		.section	.debug_abbrev,"",%progbits
 826              	.Ldebug_abbrev0:
 827 0000 01       		.uleb128 0x1
 828 0001 11       		.uleb128 0x11
 829 0002 01       		.byte	0x1
 830 0003 25       		.uleb128 0x25
 831 0004 0E       		.uleb128 0xe
 832 0005 13       		.uleb128 0x13
 833 0006 0B       		.uleb128 0xb
 834 0007 03       		.uleb128 0x3
 835 0008 0E       		.uleb128 0xe
 836 0009 1B       		.uleb128 0x1b
 837 000a 0E       		.uleb128 0xe
 838 000b 55       		.uleb128 0x55
 839 000c 17       		.uleb128 0x17
 840 000d 11       		.uleb128 0x11
 841 000e 01       		.uleb128 0x1
 842 000f 10       		.uleb128 0x10
 843 0010 17       		.uleb128 0x17
 844 0011 00       		.byte	0
ARM GAS  C:\Users\LUCASC~1\AppData\Local\Temp\ccu8MW0Y.s 			page 17


 845 0012 00       		.byte	0
 846 0013 02       		.uleb128 0x2
 847 0014 24       		.uleb128 0x24
 848 0015 00       		.byte	0
 849 0016 0B       		.uleb128 0xb
 850 0017 0B       		.uleb128 0xb
 851 0018 3E       		.uleb128 0x3e
 852 0019 0B       		.uleb128 0xb
 853 001a 03       		.uleb128 0x3
 854 001b 0E       		.uleb128 0xe
 855 001c 00       		.byte	0
 856 001d 00       		.byte	0
 857 001e 03       		.uleb128 0x3
 858 001f 24       		.uleb128 0x24
 859 0020 00       		.byte	0
 860 0021 0B       		.uleb128 0xb
 861 0022 0B       		.uleb128 0xb
 862 0023 3E       		.uleb128 0x3e
 863 0024 0B       		.uleb128 0xb
 864 0025 03       		.uleb128 0x3
 865 0026 08       		.uleb128 0x8
 866 0027 00       		.byte	0
 867 0028 00       		.byte	0
 868 0029 04       		.uleb128 0x4
 869 002a 16       		.uleb128 0x16
 870 002b 00       		.byte	0
 871 002c 03       		.uleb128 0x3
 872 002d 0E       		.uleb128 0xe
 873 002e 3A       		.uleb128 0x3a
 874 002f 0B       		.uleb128 0xb
 875 0030 3B       		.uleb128 0x3b
 876 0031 05       		.uleb128 0x5
 877 0032 49       		.uleb128 0x49
 878 0033 13       		.uleb128 0x13
 879 0034 00       		.byte	0
 880 0035 00       		.byte	0
 881 0036 05       		.uleb128 0x5
 882 0037 35       		.uleb128 0x35
 883 0038 00       		.byte	0
 884 0039 49       		.uleb128 0x49
 885 003a 13       		.uleb128 0x13
 886 003b 00       		.byte	0
 887 003c 00       		.byte	0
 888 003d 06       		.uleb128 0x6
 889 003e 0F       		.uleb128 0xf
 890 003f 00       		.byte	0
 891 0040 0B       		.uleb128 0xb
 892 0041 0B       		.uleb128 0xb
 893 0042 49       		.uleb128 0x49
 894 0043 13       		.uleb128 0x13
 895 0044 00       		.byte	0
 896 0045 00       		.byte	0
 897 0046 07       		.uleb128 0x7
 898 0047 01       		.uleb128 0x1
 899 0048 01       		.byte	0x1
 900 0049 49       		.uleb128 0x49
 901 004a 13       		.uleb128 0x13
ARM GAS  C:\Users\LUCASC~1\AppData\Local\Temp\ccu8MW0Y.s 			page 18


 902 004b 01       		.uleb128 0x1
 903 004c 13       		.uleb128 0x13
 904 004d 00       		.byte	0
 905 004e 00       		.byte	0
 906 004f 08       		.uleb128 0x8
 907 0050 21       		.uleb128 0x21
 908 0051 00       		.byte	0
 909 0052 49       		.uleb128 0x49
 910 0053 13       		.uleb128 0x13
 911 0054 2F       		.uleb128 0x2f
 912 0055 0B       		.uleb128 0xb
 913 0056 00       		.byte	0
 914 0057 00       		.byte	0
 915 0058 09       		.uleb128 0x9
 916 0059 13       		.uleb128 0x13
 917 005a 01       		.byte	0x1
 918 005b 0B       		.uleb128 0xb
 919 005c 0B       		.uleb128 0xb
 920 005d 3A       		.uleb128 0x3a
 921 005e 0B       		.uleb128 0xb
 922 005f 3B       		.uleb128 0x3b
 923 0060 0B       		.uleb128 0xb
 924 0061 01       		.uleb128 0x1
 925 0062 13       		.uleb128 0x13
 926 0063 00       		.byte	0
 927 0064 00       		.byte	0
 928 0065 0A       		.uleb128 0xa
 929 0066 0D       		.uleb128 0xd
 930 0067 00       		.byte	0
 931 0068 03       		.uleb128 0x3
 932 0069 0E       		.uleb128 0xe
 933 006a 3A       		.uleb128 0x3a
 934 006b 0B       		.uleb128 0xb
 935 006c 3B       		.uleb128 0x3b
 936 006d 0B       		.uleb128 0xb
 937 006e 49       		.uleb128 0x49
 938 006f 13       		.uleb128 0x13
 939 0070 38       		.uleb128 0x38
 940 0071 0B       		.uleb128 0xb
 941 0072 00       		.byte	0
 942 0073 00       		.byte	0
 943 0074 0B       		.uleb128 0xb
 944 0075 0D       		.uleb128 0xd
 945 0076 00       		.byte	0
 946 0077 03       		.uleb128 0x3
 947 0078 0E       		.uleb128 0xe
 948 0079 3A       		.uleb128 0x3a
 949 007a 0B       		.uleb128 0xb
 950 007b 3B       		.uleb128 0x3b
 951 007c 05       		.uleb128 0x5
 952 007d 49       		.uleb128 0x49
 953 007e 13       		.uleb128 0x13
 954 007f 38       		.uleb128 0x38
 955 0080 0B       		.uleb128 0xb
 956 0081 00       		.byte	0
 957 0082 00       		.byte	0
 958 0083 0C       		.uleb128 0xc
ARM GAS  C:\Users\LUCASC~1\AppData\Local\Temp\ccu8MW0Y.s 			page 19


 959 0084 13       		.uleb128 0x13
 960 0085 01       		.byte	0x1
 961 0086 0B       		.uleb128 0xb
 962 0087 0B       		.uleb128 0xb
 963 0088 3A       		.uleb128 0x3a
 964 0089 0B       		.uleb128 0xb
 965 008a 3B       		.uleb128 0x3b
 966 008b 05       		.uleb128 0x5
 967 008c 01       		.uleb128 0x1
 968 008d 13       		.uleb128 0x13
 969 008e 00       		.byte	0
 970 008f 00       		.byte	0
 971 0090 0D       		.uleb128 0xd
 972 0091 0D       		.uleb128 0xd
 973 0092 00       		.byte	0
 974 0093 03       		.uleb128 0x3
 975 0094 08       		.uleb128 0x8
 976 0095 3A       		.uleb128 0x3a
 977 0096 0B       		.uleb128 0xb
 978 0097 3B       		.uleb128 0x3b
 979 0098 05       		.uleb128 0x5
 980 0099 49       		.uleb128 0x49
 981 009a 13       		.uleb128 0x13
 982 009b 38       		.uleb128 0x38
 983 009c 0B       		.uleb128 0xb
 984 009d 00       		.byte	0
 985 009e 00       		.byte	0
 986 009f 0E       		.uleb128 0xe
 987 00a0 2E       		.uleb128 0x2e
 988 00a1 01       		.byte	0x1
 989 00a2 3F       		.uleb128 0x3f
 990 00a3 19       		.uleb128 0x19
 991 00a4 03       		.uleb128 0x3
 992 00a5 0E       		.uleb128 0xe
 993 00a6 3A       		.uleb128 0x3a
 994 00a7 0B       		.uleb128 0xb
 995 00a8 3B       		.uleb128 0x3b
 996 00a9 0B       		.uleb128 0xb
 997 00aa 27       		.uleb128 0x27
 998 00ab 19       		.uleb128 0x19
 999 00ac 49       		.uleb128 0x49
 1000 00ad 13       		.uleb128 0x13
 1001 00ae 11       		.uleb128 0x11
 1002 00af 01       		.uleb128 0x1
 1003 00b0 12       		.uleb128 0x12
 1004 00b1 06       		.uleb128 0x6
 1005 00b2 40       		.uleb128 0x40
 1006 00b3 18       		.uleb128 0x18
 1007 00b4 9742     		.uleb128 0x2117
 1008 00b6 19       		.uleb128 0x19
 1009 00b7 01       		.uleb128 0x1
 1010 00b8 13       		.uleb128 0x13
 1011 00b9 00       		.byte	0
 1012 00ba 00       		.byte	0
 1013 00bb 0F       		.uleb128 0xf
 1014 00bc 05       		.uleb128 0x5
 1015 00bd 00       		.byte	0
ARM GAS  C:\Users\LUCASC~1\AppData\Local\Temp\ccu8MW0Y.s 			page 20


 1016 00be 03       		.uleb128 0x3
 1017 00bf 0E       		.uleb128 0xe
 1018 00c0 3A       		.uleb128 0x3a
 1019 00c1 0B       		.uleb128 0xb
 1020 00c2 3B       		.uleb128 0x3b
 1021 00c3 0B       		.uleb128 0xb
 1022 00c4 49       		.uleb128 0x49
 1023 00c5 13       		.uleb128 0x13
 1024 00c6 02       		.uleb128 0x2
 1025 00c7 17       		.uleb128 0x17
 1026 00c8 00       		.byte	0
 1027 00c9 00       		.byte	0
 1028 00ca 10       		.uleb128 0x10
 1029 00cb 05       		.uleb128 0x5
 1030 00cc 00       		.byte	0
 1031 00cd 03       		.uleb128 0x3
 1032 00ce 08       		.uleb128 0x8
 1033 00cf 3A       		.uleb128 0x3a
 1034 00d0 0B       		.uleb128 0xb
 1035 00d1 3B       		.uleb128 0x3b
 1036 00d2 0B       		.uleb128 0xb
 1037 00d3 49       		.uleb128 0x49
 1038 00d4 13       		.uleb128 0x13
 1039 00d5 02       		.uleb128 0x2
 1040 00d6 17       		.uleb128 0x17
 1041 00d7 00       		.byte	0
 1042 00d8 00       		.byte	0
 1043 00d9 11       		.uleb128 0x11
 1044 00da 34       		.uleb128 0x34
 1045 00db 00       		.byte	0
 1046 00dc 03       		.uleb128 0x3
 1047 00dd 08       		.uleb128 0x8
 1048 00de 3A       		.uleb128 0x3a
 1049 00df 0B       		.uleb128 0xb
 1050 00e0 3B       		.uleb128 0x3b
 1051 00e1 0B       		.uleb128 0xb
 1052 00e2 49       		.uleb128 0x49
 1053 00e3 13       		.uleb128 0x13
 1054 00e4 02       		.uleb128 0x2
 1055 00e5 17       		.uleb128 0x17
 1056 00e6 00       		.byte	0
 1057 00e7 00       		.byte	0
 1058 00e8 12       		.uleb128 0x12
 1059 00e9 898201   		.uleb128 0x4109
 1060 00ec 00       		.byte	0
 1061 00ed 11       		.uleb128 0x11
 1062 00ee 01       		.uleb128 0x1
 1063 00ef 31       		.uleb128 0x31
 1064 00f0 13       		.uleb128 0x13
 1065 00f1 00       		.byte	0
 1066 00f2 00       		.byte	0
 1067 00f3 13       		.uleb128 0x13
 1068 00f4 2E       		.uleb128 0x2e
 1069 00f5 01       		.byte	0x1
 1070 00f6 3F       		.uleb128 0x3f
 1071 00f7 19       		.uleb128 0x19
 1072 00f8 03       		.uleb128 0x3
ARM GAS  C:\Users\LUCASC~1\AppData\Local\Temp\ccu8MW0Y.s 			page 21


 1073 00f9 0E       		.uleb128 0xe
 1074 00fa 3A       		.uleb128 0x3a
 1075 00fb 0B       		.uleb128 0xb
 1076 00fc 3B       		.uleb128 0x3b
 1077 00fd 0B       		.uleb128 0xb
 1078 00fe 27       		.uleb128 0x27
 1079 00ff 19       		.uleb128 0x19
 1080 0100 49       		.uleb128 0x49
 1081 0101 13       		.uleb128 0x13
 1082 0102 8701     		.uleb128 0x87
 1083 0104 19       		.uleb128 0x19
 1084 0105 11       		.uleb128 0x11
 1085 0106 01       		.uleb128 0x1
 1086 0107 12       		.uleb128 0x12
 1087 0108 06       		.uleb128 0x6
 1088 0109 40       		.uleb128 0x40
 1089 010a 18       		.uleb128 0x18
 1090 010b 9742     		.uleb128 0x2117
 1091 010d 19       		.uleb128 0x19
 1092 010e 01       		.uleb128 0x1
 1093 010f 13       		.uleb128 0x13
 1094 0110 00       		.byte	0
 1095 0111 00       		.byte	0
 1096 0112 14       		.uleb128 0x14
 1097 0113 898201   		.uleb128 0x4109
 1098 0116 01       		.byte	0x1
 1099 0117 11       		.uleb128 0x11
 1100 0118 01       		.uleb128 0x1
 1101 0119 31       		.uleb128 0x31
 1102 011a 13       		.uleb128 0x13
 1103 011b 01       		.uleb128 0x1
 1104 011c 13       		.uleb128 0x13
 1105 011d 00       		.byte	0
 1106 011e 00       		.byte	0
 1107 011f 15       		.uleb128 0x15
 1108 0120 8A8201   		.uleb128 0x410a
 1109 0123 00       		.byte	0
 1110 0124 02       		.uleb128 0x2
 1111 0125 18       		.uleb128 0x18
 1112 0126 9142     		.uleb128 0x2111
 1113 0128 18       		.uleb128 0x18
 1114 0129 00       		.byte	0
 1115 012a 00       		.byte	0
 1116 012b 16       		.uleb128 0x16
 1117 012c 34       		.uleb128 0x34
 1118 012d 00       		.byte	0
 1119 012e 03       		.uleb128 0x3
 1120 012f 0E       		.uleb128 0xe
 1121 0130 3A       		.uleb128 0x3a
 1122 0131 0B       		.uleb128 0xb
 1123 0132 3B       		.uleb128 0x3b
 1124 0133 05       		.uleb128 0x5
 1125 0134 49       		.uleb128 0x49
 1126 0135 13       		.uleb128 0x13
 1127 0136 3F       		.uleb128 0x3f
 1128 0137 19       		.uleb128 0x19
 1129 0138 3C       		.uleb128 0x3c
ARM GAS  C:\Users\LUCASC~1\AppData\Local\Temp\ccu8MW0Y.s 			page 22


 1130 0139 19       		.uleb128 0x19
 1131 013a 00       		.byte	0
 1132 013b 00       		.byte	0
 1133 013c 17       		.uleb128 0x17
 1134 013d 2E       		.uleb128 0x2e
 1135 013e 00       		.byte	0
 1136 013f 3F       		.uleb128 0x3f
 1137 0140 19       		.uleb128 0x19
 1138 0141 3C       		.uleb128 0x3c
 1139 0142 19       		.uleb128 0x19
 1140 0143 6E       		.uleb128 0x6e
 1141 0144 0E       		.uleb128 0xe
 1142 0145 03       		.uleb128 0x3
 1143 0146 0E       		.uleb128 0xe
 1144 0147 3A       		.uleb128 0x3a
 1145 0148 0B       		.uleb128 0xb
 1146 0149 3B       		.uleb128 0x3b
 1147 014a 0B       		.uleb128 0xb
 1148 014b 00       		.byte	0
 1149 014c 00       		.byte	0
 1150 014d 18       		.uleb128 0x18
 1151 014e 2E       		.uleb128 0x2e
 1152 014f 00       		.byte	0
 1153 0150 3F       		.uleb128 0x3f
 1154 0151 19       		.uleb128 0x19
 1155 0152 3C       		.uleb128 0x3c
 1156 0153 19       		.uleb128 0x19
 1157 0154 6E       		.uleb128 0x6e
 1158 0155 0E       		.uleb128 0xe
 1159 0156 03       		.uleb128 0x3
 1160 0157 0E       		.uleb128 0xe
 1161 0158 3A       		.uleb128 0x3a
 1162 0159 0B       		.uleb128 0xb
 1163 015a 3B       		.uleb128 0x3b
 1164 015b 05       		.uleb128 0x5
 1165 015c 00       		.byte	0
 1166 015d 00       		.byte	0
 1167 015e 19       		.uleb128 0x19
 1168 015f 2E       		.uleb128 0x2e
 1169 0160 00       		.byte	0
 1170 0161 3F       		.uleb128 0x3f
 1171 0162 19       		.uleb128 0x19
 1172 0163 3C       		.uleb128 0x3c
 1173 0164 19       		.uleb128 0x19
 1174 0165 6E       		.uleb128 0x6e
 1175 0166 0E       		.uleb128 0xe
 1176 0167 03       		.uleb128 0x3
 1177 0168 0E       		.uleb128 0xe
 1178 0169 3A       		.uleb128 0x3a
 1179 016a 0B       		.uleb128 0xb
 1180 016b 3B       		.uleb128 0x3b
 1181 016c 0B       		.uleb128 0xb
 1182 016d 6E       		.uleb128 0x6e
 1183 016e 0E       		.uleb128 0xe
 1184 016f 00       		.byte	0
 1185 0170 00       		.byte	0
 1186 0171 00       		.byte	0
ARM GAS  C:\Users\LUCASC~1\AppData\Local\Temp\ccu8MW0Y.s 			page 23


 1187              		.section	.debug_loc,"",%progbits
 1188              	.Ldebug_loc0:
 1189              	.LLST0:
 1190 0000 00000000 		.4byte	.LVL0
 1191 0004 08000000 		.4byte	.LVL2
 1192 0008 0100     		.2byte	0x1
 1193 000a 50       		.byte	0x50
 1194 000b 08000000 		.4byte	.LVL2
 1195 000f 1C000000 		.4byte	.LFE35
 1196 0013 0400     		.2byte	0x4
 1197 0015 F3       		.byte	0xf3
 1198 0016 01       		.uleb128 0x1
 1199 0017 50       		.byte	0x50
 1200 0018 9F       		.byte	0x9f
 1201 0019 00000000 		.4byte	0
 1202 001d 00000000 		.4byte	0
 1203              	.LLST1:
 1204 0021 00000000 		.4byte	.LVL0
 1205 0025 0A000000 		.4byte	.LVL3
 1206 0029 0100     		.2byte	0x1
 1207 002b 51       		.byte	0x51
 1208 002c 0A000000 		.4byte	.LVL3
 1209 0030 14000000 		.4byte	.LVL6
 1210 0034 0100     		.2byte	0x1
 1211 0036 55       		.byte	0x55
 1212 0037 14000000 		.4byte	.LVL6
 1213 003b 1C000000 		.4byte	.LFE35
 1214 003f 0100     		.2byte	0x1
 1215 0041 51       		.byte	0x51
 1216 0042 00000000 		.4byte	0
 1217 0046 00000000 		.4byte	0
 1218              	.LLST2:
 1219 004a 00000000 		.4byte	.LVL0
 1220 004e 08000000 		.4byte	.LVL2
 1221 0052 0100     		.2byte	0x1
 1222 0054 52       		.byte	0x52
 1223 0055 08000000 		.4byte	.LVL2
 1224 0059 1A000000 		.4byte	.LVL8
 1225 005d 0100     		.2byte	0x1
 1226 005f 56       		.byte	0x56
 1227 0060 1A000000 		.4byte	.LVL8
 1228 0064 1C000000 		.4byte	.LFE35
 1229 0068 0100     		.2byte	0x1
 1230 006a 50       		.byte	0x50
 1231 006b 00000000 		.4byte	0
 1232 006f 00000000 		.4byte	0
 1233              	.LLST3:
 1234 0073 04000000 		.4byte	.LVL1
 1235 0077 08000000 		.4byte	.LVL2
 1236 007b 0200     		.2byte	0x2
 1237 007d 30       		.byte	0x30
 1238 007e 9F       		.byte	0x9f
 1239 007f 08000000 		.4byte	.LVL2
 1240 0083 1A000000 		.4byte	.LVL7
 1241 0087 0100     		.2byte	0x1
 1242 0089 54       		.byte	0x54
 1243 008a 00000000 		.4byte	0
ARM GAS  C:\Users\LUCASC~1\AppData\Local\Temp\ccu8MW0Y.s 			page 24


 1244 008e 00000000 		.4byte	0
 1245              		.section	.debug_aranges,"",%progbits
 1246 0000 24000000 		.4byte	0x24
 1247 0004 0200     		.2byte	0x2
 1248 0006 00000000 		.4byte	.Ldebug_info0
 1249 000a 04       		.byte	0x4
 1250 000b 00       		.byte	0
 1251 000c 0000     		.2byte	0
 1252 000e 0000     		.2byte	0
 1253 0010 00000000 		.4byte	.LFB35
 1254 0014 1C000000 		.4byte	.LFE35-.LFB35
 1255 0018 00000000 		.4byte	.LFB36
 1256 001c 54000000 		.4byte	.LFE36-.LFB36
 1257 0020 00000000 		.4byte	0
 1258 0024 00000000 		.4byte	0
 1259              		.section	.debug_ranges,"",%progbits
 1260              	.Ldebug_ranges0:
 1261 0000 00000000 		.4byte	.LFB35
 1262 0004 1C000000 		.4byte	.LFE35
 1263 0008 00000000 		.4byte	.LFB36
 1264 000c 54000000 		.4byte	.LFE36
 1265 0010 00000000 		.4byte	0
 1266 0014 00000000 		.4byte	0
 1267              		.section	.debug_line,"",%progbits
 1268              	.Ldebug_line0:
 1269 0000 30010000 		.section	.debug_str,"MS",%progbits,1
 1269      0200E900 
 1269      00000201 
 1269      FB0E0D00 
 1269      01010101 
 1270              	.LASF55:
 1271 0000 77646774 		.ascii	"wdgtList\000"
 1271      4C697374 
 1271      00
 1272              	.LASF60:
 1273 0009 736E7254 		.ascii	"snrTestRawCount\000"
 1273      65737452 
 1273      6177436F 
 1273      756E7400 
 1274              	.LASF81:
 1275 0019 5F5F6275 		.ascii	"__builtin_puts\000"
 1275      696C7469 
 1275      6E5F7075 
 1275      747300
 1276              	.LASF37:
 1277 0028 62736C6E 		.ascii	"bsln\000"
 1277      00
 1278              	.LASF33:
 1279 002d 72696768 		.ascii	"right\000"
 1279      7400
 1280              	.LASF35:
 1281 0033 63656E74 		.ascii	"center\000"
 1281      657200
 1282              	.LASF39:
 1283 003a 64696666 		.ascii	"diff\000"
 1283      00
 1284              	.LASF26:
ARM GAS  C:\Users\LUCASC~1\AppData\Local\Temp\ccu8MW0Y.s 			page 25


 1285 003f 69646163 		.ascii	"idacMod\000"
 1285      4D6F6400 
 1286              	.LASF2:
 1287 0047 73686F72 		.ascii	"short int\000"
 1287      7420696E 
 1287      7400
 1288              	.LASF31:
 1289 0051 43617053 		.ascii	"CapSense_RAM_WD_BUTTON_STRUCT\000"
 1289      656E7365 
 1289      5F52414D 
 1289      5F57445F 
 1289      42555454 
 1290              	.LASF24:
 1291 006f 6F6E4465 		.ascii	"onDebounce\000"
 1291      626F756E 
 1291      636500
 1292              	.LASF18:
 1293 007a 73697A65 		.ascii	"sizetype\000"
 1293      74797065 
 1293      00
 1294              	.LASF44:
 1295 0083 636F6E66 		.ascii	"configId\000"
 1295      69674964 
 1295      00
 1296              	.LASF41:
 1297 008c 69646163 		.ascii	"idacComp\000"
 1297      436F6D70 
 1297      00
 1298              	.LASF53:
 1299 0095 63736430 		.ascii	"csd0Config\000"
 1299      436F6E66 
 1299      696700
 1300              	.LASF6:
 1301 00a0 6C6F6E67 		.ascii	"long long int\000"
 1301      206C6F6E 
 1301      6720696E 
 1301      7400
 1302              	.LASF77:
 1303 00ae 5F777269 		.ascii	"_write\000"
 1303      746500
 1304              	.LASF28:
 1305 00b5 736E7343 		.ascii	"snsClkSource\000"
 1305      6C6B536F 
 1305      75726365 
 1305      00
 1306              	.LASF62:
 1307 00c2 66696C65 		.ascii	"file\000"
 1307      00
 1308              	.LASF21:
 1309 00c7 6E6F6973 		.ascii	"noiseTh\000"
 1309      65546800 
 1310              	.LASF45:
 1311 00cf 64657669 		.ascii	"deviceId\000"
 1311      63654964 
 1311      00
 1312              	.LASF10:
 1313 00d8 75696E74 		.ascii	"uint16\000"
ARM GAS  C:\Users\LUCASC~1\AppData\Local\Temp\ccu8MW0Y.s 			page 26


 1313      313600
 1314              	.LASF72:
 1315 00df 43617053 		.ascii	"CapSense_IsAnyWidgetActive\000"
 1315      656E7365 
 1315      5F497341 
 1315      6E795769 
 1315      64676574 
 1316              	.LASF71:
 1317 00fa 43617053 		.ascii	"CapSense_RunTuner\000"
 1317      656E7365 
 1317      5F52756E 
 1317      54756E65 
 1317      7200
 1318              	.LASF9:
 1319 010c 75696E74 		.ascii	"uint8\000"
 1319      3800
 1320              	.LASF27:
 1321 0112 736E7343 		.ascii	"snsClk\000"
 1321      6C6B00
 1322              	.LASF12:
 1323 0119 666C6F61 		.ascii	"float\000"
 1323      7400
 1324              	.LASF36:
 1325 011f 43617053 		.ascii	"CapSense_RAM_WD_LIST_STRUCT\000"
 1325      656E7365 
 1325      5F52414D 
 1325      5F57445F 
 1325      4C495354 
 1326              	.LASF58:
 1327 013b 736E7254 		.ascii	"snrTestSensorId\000"
 1327      65737453 
 1327      656E736F 
 1327      72496400 
 1328              	.LASF14:
 1329 014b 63686172 		.ascii	"char\000"
 1329      00
 1330              	.LASF4:
 1331 0150 6C6F6E67 		.ascii	"long int\000"
 1331      20696E74 
 1331      00
 1332              	.LASF20:
 1333 0159 66696E67 		.ascii	"fingerTh\000"
 1333      65725468 
 1333      00
 1334              	.LASF68:
 1335 0162 455A4932 		.ascii	"EZI2C_EzI2CSetBuffer1\000"
 1335      435F457A 
 1335      49324353 
 1335      65744275 
 1335      66666572 
 1336              	.LASF79:
 1337 0178 43617053 		.ascii	"CapSense_dsRam\000"
 1337      656E7365 
 1337      5F647352 
 1337      616D00
 1338              	.LASF76:
 1339 0187 443A5C6A 		.ascii	"D:\\job\\MCU\\Others\\PSoC_train\\Workspace02\\Cap_"
ARM GAS  C:\Users\LUCASC~1\AppData\Local\Temp\ccu8MW0Y.s 			page 27


 1339      6F625C4D 
 1339      43555C4F 
 1339      74686572 
 1339      735C5053 
 1340 01b4 53656E73 		.ascii	"Sense.cydsn\000"
 1340      652E6379 
 1340      64736E00 
 1341              	.LASF1:
 1342 01c0 756E7369 		.ascii	"unsigned char\000"
 1342      676E6564 
 1342      20636861 
 1342      7200
 1343              	.LASF23:
 1344 01ce 68797374 		.ascii	"hysteresis\000"
 1344      65726573 
 1344      697300
 1345              	.LASF47:
 1346 01d9 74756E65 		.ascii	"tunerCmd\000"
 1346      72436D64 
 1346      00
 1347              	.LASF17:
 1348 01e2 6C6F6E67 		.ascii	"long double\000"
 1348      20646F75 
 1348      626C6500 
 1349              	.LASF67:
 1350 01ee 455A4932 		.ascii	"EZI2C_Start\000"
 1350      435F5374 
 1350      61727400 
 1351              	.LASF51:
 1352 01fa 77646774 		.ascii	"wdgtStatus\000"
 1352      53746174 
 1352      757300
 1353              	.LASF25:
 1354 0205 6C6F7742 		.ascii	"lowBslnRst\000"
 1354      736C6E52 
 1354      737400
 1355              	.LASF15:
 1356 0210 43617053 		.ascii	"CapSense_THRESHOLD_TYPE\000"
 1356      656E7365 
 1356      5F544852 
 1356      4553484F 
 1356      4C445F54 
 1357              	.LASF0:
 1358 0228 7369676E 		.ascii	"signed char\000"
 1358      65642063 
 1358      68617200 
 1359              	.LASF43:
 1360 0234 43617053 		.ascii	"CapSense_RAM_SNS_LIST_STRUCT\000"
 1360      656E7365 
 1360      5F52414D 
 1360      5F534E53 
 1360      5F4C4953 
 1361              	.LASF7:
 1362 0251 6C6F6E67 		.ascii	"long long unsigned int\000"
 1362      206C6F6E 
 1362      6720756E 
 1362      7369676E 
ARM GAS  C:\Users\LUCASC~1\AppData\Local\Temp\ccu8MW0Y.s 			page 28


 1362      65642069 
 1363              	.LASF64:
 1364 0268 43617053 		.ascii	"CapSense_Start\000"
 1364      656E7365 
 1364      5F537461 
 1364      727400
 1365              	.LASF8:
 1366 0277 756E7369 		.ascii	"unsigned int\000"
 1366      676E6564 
 1366      20696E74 
 1366      00
 1367              	.LASF80:
 1368 0284 70757473 		.ascii	"puts\000"
 1368      00
 1369              	.LASF50:
 1370 0289 77646774 		.ascii	"wdgtEnable\000"
 1370      456E6162 
 1370      6C6500
 1371              	.LASF65:
 1372 0294 43617053 		.ascii	"CapSense_ScanAllWidgets\000"
 1372      656E7365 
 1372      5F536361 
 1372      6E416C6C 
 1372      57696467 
 1373              	.LASF42:
 1374 02ac 43617053 		.ascii	"CapSense_RAM_SNS_STRUCT\000"
 1374      656E7365 
 1374      5F52414D 
 1374      5F534E53 
 1374      5F535452 
 1375              	.LASF16:
 1376 02c4 43617053 		.ascii	"CapSense_LOW_BSLN_RST_TYPE\000"
 1376      656E7365 
 1376      5F4C4F57 
 1376      5F42534C 
 1376      4E5F5253 
 1377              	.LASF49:
 1378 02df 73746174 		.ascii	"status\000"
 1378      757300
 1379              	.LASF46:
 1380 02e6 6877436C 		.ascii	"hwClock\000"
 1380      6F636B00 
 1381              	.LASF59:
 1382 02ee 736E7254 		.ascii	"snrTestScanCounter\000"
 1382      65737453 
 1382      63616E43 
 1382      6F756E74 
 1382      657200
 1383              	.LASF78:
 1384 0301 6D61696E 		.ascii	"main\000"
 1384      00
 1385              	.LASF66:
 1386 0306 55415254 		.ascii	"UART_Start\000"
 1386      5F537461 
 1386      727400
 1387              	.LASF32:
 1388 0311 6C656674 		.ascii	"left\000"
ARM GAS  C:\Users\LUCASC~1\AppData\Local\Temp\ccu8MW0Y.s 			page 29


 1388      00
 1389              	.LASF19:
 1390 0316 7265736F 		.ascii	"resolution\000"
 1390      6C757469 
 1390      6F6E00
 1391              	.LASF3:
 1392 0321 73686F72 		.ascii	"short unsigned int\000"
 1392      7420756E 
 1392      7369676E 
 1392      65642069 
 1392      6E7400
 1393              	.LASF56:
 1394 0334 736E734C 		.ascii	"snsList\000"
 1394      69737400 
 1395              	.LASF54:
 1396 033c 6D6F6443 		.ascii	"modCsdClk\000"
 1396      7364436C 
 1396      6B00
 1397              	.LASF48:
 1398 0346 7363616E 		.ascii	"scanCounter\000"
 1398      436F756E 
 1398      74657200 
 1399              	.LASF22:
 1400 0352 6E4E6F69 		.ascii	"nNoiseTh\000"
 1400      73655468 
 1400      00
 1401              	.LASF61:
 1402 035b 43617053 		.ascii	"CapSense_RAM_STRUCT\000"
 1402      656E7365 
 1402      5F52414D 
 1402      5F535452 
 1402      55435400 
 1403              	.LASF30:
 1404 036f 73696750 		.ascii	"sigPFC\000"
 1404      464300
 1405              	.LASF11:
 1406 0376 75696E74 		.ascii	"uint32\000"
 1406      333200
 1407              	.LASF75:
 1408 037d 6D61696E 		.ascii	"main.c\000"
 1408      2E6300
 1409              	.LASF5:
 1410 0384 6C6F6E67 		.ascii	"long unsigned int\000"
 1410      20756E73 
 1410      69676E65 
 1410      6420696E 
 1410      7400
 1411              	.LASF13:
 1412 0396 646F7562 		.ascii	"double\000"
 1412      6C6500
 1413              	.LASF38:
 1414 039d 62736C6E 		.ascii	"bslnExt\000"
 1414      45787400 
 1415              	.LASF40:
 1416 03a5 6E656742 		.ascii	"negBslnRstCnt\000"
 1416      736C6E52 
 1416      7374436E 
ARM GAS  C:\Users\LUCASC~1\AppData\Local\Temp\ccu8MW0Y.s 			page 30


 1416      7400
 1417              	.LASF69:
 1418 03b3 43617053 		.ascii	"CapSense_IsBusy\000"
 1418      656E7365 
 1418      5F497342 
 1418      75737900 
 1419              	.LASF74:
 1420 03c3 474E5520 		.ascii	"GNU C11 5.4.1 20160609 (release) [ARM/embedded-5-br"
 1420      43313120 
 1420      352E342E 
 1420      31203230 
 1420      31363036 
 1421 03f6 616E6368 		.ascii	"anch revision 237715] -mcpu=cortex-m0 -mthumb -g -O"
 1421      20726576 
 1421      6973696F 
 1421      6E203233 
 1421      37373135 
 1422 0429 67202D66 		.ascii	"g -ffunction-sections -ffat-lto-objects\000"
 1422      66756E63 
 1422      74696F6E 
 1422      2D736563 
 1422      74696F6E 
 1423              	.LASF29:
 1424 0451 66696E67 		.ascii	"fingerCap\000"
 1424      65724361 
 1424      7000
 1425              	.LASF57:
 1426 045b 736E7254 		.ascii	"snrTestWidgetId\000"
 1426      65737457 
 1426      69646765 
 1426      74496400 
 1427              	.LASF70:
 1428 046b 43617053 		.ascii	"CapSense_ProcessAllWidgets\000"
 1428      656E7365 
 1428      5F50726F 
 1428      63657373 
 1428      416C6C57 
 1429              	.LASF34:
 1430 0486 646F776E 		.ascii	"down\000"
 1430      00
 1431              	.LASF52:
 1432 048b 736E7353 		.ascii	"snsStatus\000"
 1432      74617475 
 1432      7300
 1433              	.LASF73:
 1434 0495 43617053 		.ascii	"CapSense_IsWidgetActive\000"
 1434      656E7365 
 1434      5F497357 
 1434      69646765 
 1434      74416374 
 1435              	.LASF63:
 1436 04ad 55415254 		.ascii	"UART_PutChar\000"
 1436      5F507574 
 1436      43686172 
 1436      00
 1437              		.ident	"GCC: (GNU Tools for ARM Embedded Processors) 5.4.1 20160609 (release) [ARM/embedded-5-bran
